10 7 283 424 324 973 32 209 156 723 582
10 58 520 35 441 97 67 585 205 246 262
10 88 1 254 83 565 341 407 599 425 659
9 92 160 849 571 377 271 846 300 268
10 100 500 53 667 462 912 558 685 752 782
10 166 247 842 8 330 712 914 690 80 904
10 182 352 0 666 755 720 607 451 547 248
10 190 55 336 69 89 647 705 174 575 16
10 197 118 392 68 109 395 312 6 618 99
10 233 321 597 43 819 587 275 708 674 263
10 265 226 14 769 235 124 141 567 742 279
10 295 26 172 291 740 825 757 225 876 217
10 316 64 42 70 44 836 936 121 350 230
10 334 4 196 984 635 219 400 662 150 971
9 343 264 75 483 131 430 228 258 573
10 375 259 200 257 446 549 788 967 78 495
10 415 138 382 632 628 381 472 739 490 544
10 416 794 179 623 514 592 20 290 684 459
10 420 601 648 579 554 326 461 994 203 427
10 431 313 432 208 311 435 168 687 688 325
10 499 272 966 232 526 231 926 157 900 379
10 513 511 617 891 169 835 342 507 976 202
9 570 449 59 661 94 731 96 707 764
10 584 491 201 331 329 391 791 151 199 281
10 620 51 240 655 37 126 465 464 414 939
10 637 475 972 958 974 988 619 841 978 355
10 664 61 656 542 517 848 741 981 847 929
10 730 136 45 123 724 906 756 736 865 934
10 784 154 212 135 422 360 706 426 726 866
10 796 494 574 344 506 668 287 181 778 779
10 800 557 683 143 314 421 503 317 318 19
9 820 473 983 373 304 305 306 357 732
10 854 239 18 49 546 750 236 237 999 773
9 862 171 878 445 282 185 72 877 204
10 930 562 277 508 550 880 256 107 108 165
10 940 787 482 610 895 883 946 871 928 170
10 956 672 733 323 447 829 986 874 606 989
10 961 851 468 189 122 768 2 536 28 408
10 990 261 633 253 167 15 3 872 413 187
10 997 480 117 902 594 901 249 907 924 134
10 21 152 62 931 896 195 857 105 458 715
10 23 213 589 935 551 657 477 434 959 489
10 40 224 65 463 572 595 188 365 738 474
10 60 612 145 238 944 673 608 528 278 484
10 81 34 932 827 817 207 132 144 227 276
10 95 716 102 777 737 285 539 629 627 591
10 113 215 332 403 760 898 33 129 338 686
10 119 71 569 681 301 744 952 77 47 908
10 127 241 368 921 596 923 87 541 216 679
10 140 266 942 471 922 775 586 885 698 772
10 178 10 998 85 310 101 602 616 378 697
9 220 576 369 873 993 401 389 759 194
10 243 718 485 624 294 31 222 818 17 839
10 298 751 455 840 533 192 945 161 50 529
10 302 376 22 274 39 893 828 600 481 677
10 315 255 280 771 709 651 644 380 762 210
9 349 703 56 626 524 98 293 861 211
10 363 534 149 689 676 581 252 996 858 501
10 393 397 821 552 868 675 492 897 29 91
10 394 353 384 803 364 437 366 867 386 754
8 440 390 371 766 509 193 36 917
8 453 753 518 358 76 916 985 359
10 460 438 267 713 804 954 886 478 345 850
10 466 765 148 423 638 545 180 198 251 563
10 479 90 566 383 789 84 832 115 951 774
8 488 948 625 308 856 112 645 955
10 519 583 163 786 559 299 927 269 286 641
9 530 470 339 543 372 428 457 158 362
9 535 797 522 609 244 245 406 346 578
10 553 476 523 603 505 650 621 242 79 909
8 568 11 27 356 615 412 613 125
9 577 532 699 46 82 303 678 719 9
10 590 521 442 183 340 493 761 863 734 410
10 593 721 387 139 855 725 402 110 496 727
10 598 728 815 409 604 333 486 448 805 404
9 630 327 824 793 309 418 537 957 66
9 649 631 870 853 845 843 953 963 159
9 653 454 13 982 444 502 980 120 910
10 663 920 962 385 411 965 826 933 525 605
9 670 780 767 104 830 852 903 947 328
10 680 527 634 969 433 540 890 660 722 798
10 691 792 396 273 970 915 116 374 692 133
10 696 564 658 111 260 335 975 173 388 288
9 700 807 783 833 814 361 977 987 191
9 710 642 25 813 284 810 52 467 30
10 714 665 964 875 968 560 636 808 186 114
10 770 747 745 879 937 443 146 763 809 322
8 776 694 164 206 296 74 229 399
9 790 729 869 320 925 785 57 250 905
10 802 991 512 234 221 515 838 682 911 398
10 816 693 701 695 289 995 938 469 516 882
10 822 702 652 436 654 439 640 5 588 555
9 837 811 949 960 86 639 450 370 147
10 859 801 711 153 419 510 498 184 548 351
7 864 941 38 54 137 73 887
9 881 992 919 429 214 106 337 223 795
8 889 24 834 405 176 63 781 348
9 913 888 103 831 758 884 417 743 175
8 943 12 41 806 735 580 128 270
9 979 717 899 892 614 452 93 48 671
