8 7 283 107 976 202 337 223 133
8 58 520 35 441 97 988 619 860
8 88 1 254 83 565 341 407 489
9 92 160 849 434 959 217 857 105 427
8 100 500 6 618 99 47 908 773
8 166 117 96 707 764 159 529 582
8 182 247 418 492 249 835 347 50
8 190 55 11 103 89 647 501 978
8 197 118 392 68 109 378 697 905
8 233 131 42 70 377 929 547 799
9 265 226 14 13 222 818 17 839 591
8 295 26 172 552 868 763 809 144
8 316 64 45 123 724 456 188 365
8 334 623 465 464 414 939 686 386
8 343 264 53 667 462 912 558 685
8 375 183 340 185 106 690 80 904
8 415 138 41 606 989 975 173 388
8 416 767 128 344 506 668 996 727
8 420 601 648 536 28 194 258 573
8 431 313 147 287 181 404 735 934
8 499 794 382 632 350 230 481 677
8 513 511 617 891 165 333 477 847
8 570 449 59 661 430 228 263 151
8 572 321 597 43 819 587 275 708
8 584 259 200 257 211 911 749 947
8 620 51 240 655 533 192 945 161
8 637 272 179 732 66 367 611 338
8 664 4 196 744 882 563 281 458
8 730 61 467 676 581 31 850 575
8 784 491 201 706 426 726 866 736
8 796 494 574 423 638 76 193 865
8 800 300 268 245 406 346 199 288
7 820 473 983 98 218 622 897
7 854 154 212 861 604 880 743
7 862 136 94 471 52 487 516
8 930 562 244 457 57 207 132 671
7 940 557 336 69 271 829 812
8 956 672 733 788 967 78 495 555
9 961 851 468 189 122 355 871 928 781
9 990 239 18 49 546 750 236 237 999
7 997 480 412 301 544 602 548
8 21 46 509 32 63 150 971 674
8 23 213 656 689 845 108 705 174
8 40 30 67 585 205 246 262 754
8 56 171 293 135 214 493 380 877
8 60 429 384 560 636 808 186 114
8 81 34 370 651 306 858 832 474
7 95 716 65 786 524 252 448
8 113 612 145 167 970 673 77 16
8 119 71 569 250 768 2 359 408
8 127 241 683 834 405 435 351 662
8 140 143 314 421 112 87 417 191
8 178 10 998 85 276 678 719 9
8 220 210 372 325 322 36 917 227
7 243 718 24 305 309 502 328
7 298 266 432 208 311 778 924
8 302 152 62 537 531 5 588 981
8 315 215 332 403 760 898 876 722
7 349 445 137 643 761 731 451
8 363 787 399 3 872 608 528 278
8 393 224 675 342 507 805 938 909
7 394 255 779 253 838 825 469
7 440 261 633 331 169 907 580
8 446 120 354 304 855 725 402 738
8 453 753 428 158 345 242 79 752
8 460 312 124 141 567 180 198 525
8 466 463 538 504 586 885 698 723
8 479 90 566 84 329 391 791 578
8 488 948 308 595 168 93 48 134
8 519 296 82 916 985 101 772 170
8 530 353 422 20 33 605 472 739
8 535 583 0 666 755 720 607 894
8 553 424 324 27 356 615 910 692
8 568 576 369 852 162 762 410 348
8 577 376 22 274 39 893 828 600
7 590 373 177 29 91 379 841
8 593 390 75 299 927 269 286 641
8 598 549 757 225 290 121 478 362
8 630 292 277 508 550 503 157 950
8 649 327 270 38 54 545 742 279
8 653 385 411 599 425 659 795 484
7 663 797 282 19 357 900 874
8 670 454 625 922 775 613 826 556
8 680 352 102 777 413 187 629 627
7 691 721 840 37 126 15 645
7 696 438 291 740 682 863 734
8 700 397 12 317 318 360 986 903
7 710 476 846 73 887 644 450
8 714 470 339 543 115 951 774 496
8 770 624 294 284 810 125 957 782
7 776 475 972 958 974 980 933
7 790 521 442 256 856 74 687
8 802 626 163 669 646 248 955 715
8 816 534 44 836 936 684 459 616
8 822 542 517 848 741 155 497 175
7 837 532 699 206 688 398 884
7 859 564 395 571 963 229 307
8 864 642 25 813 541 216 679 490
8 881 728 323 498 184 251 129 798
8 889 693 267 713 72 219 204 110
