50 31 4311 84 3052 2540 2665 1915 720 290 4233 320 2934 2251 4325 2387 16 3048 3871 3028 476 2599 4896 2639 3173 1677 3532 1782 4244 1815 1900 3037 726 3724 4327 2789 619 1176 3343 2853 2926 1813 3201 1465 3287 3829 4656 4023 2885 2837 3733
51 89 1 2613 3059 1917 3870 67 1237 4889 2362 4483 4878 1081 4084 344 1635 4798 1596 1961 876 4720 1657 2288 4489 1198 1502 3171 4147 3545 2487 4409 4451 2525 2765 1508 3876 2094 4063 4362 3728 2723 1058 4947 2782 1301 3778 2930 3863 4462 4974 3944
51 148 1824 214 4418 584 3348 1461 2181 616 2055 1312 315 4588 2441 4860 1206 2258 4652 1839 1097 1789 3232 2299 268 138 599 267 1835 4407 4231 2290 4719 2178 4861 4715 747 4060 4335 2158 4806 3836 4465 1274 501 1904 4196 4829 4394 3584 4369 3031
52 191 108 2302 2907 232 3858 1007 2503 2005 2202 1266 2685 4181 1281 1330 2164 951 2499 1505 2835 939 2897 2898 3318 3172 2187 1399 2155 1957 2914 27 3744 604 2787 4689 3288 2678 4087 4208 1222 4708 1026 4564 2575 2732 3485 4912 3280 2970 3968 974 4142
49 199 1143 253 258 339 2433 1930 1371 88 391 750 1215 1216 2654 2643 2860 4199 1948 3140 46 1427 4755 3381 3261 3085 3465 1020 2300 4918 3751 4805 2809 3592 1294 1074 3060 3331 3134 3630 4979 2421 2849 3576 2764 3453 4884 3330 4777 3462
47 334 125 565 4412 2219 302 2847 904 1554 1826 3484 3991 1825 3611 2888 4176 3872 1503 608 1663 3632 1954 2075 3198 2215 4943 3582 2529 2017 4096 4706 1631 4545 321 4354 3748 1636 1638 4255 2788 2795 1174 858 224 3698 1165 2891
51 355 351 2628 768 591 1949 1186 4908 18 3529 2640 97 2677 1960 2160 4591 61 4115 4710 2887 3258 4336 920 3572 107 1089 517 2912 3725 3629 1798 169 3230 3138 530 1163 2257 3889 4293 3678 2453 4187 243 1046 428 4939 197 2901 2393 926 3570
48 400 1844 1988 813 916 365 1838 2250 1275 3242 412 1660 715 3770 4031 303 4312 3912 1366 2674 3305 997 1568 2557 4500 909 4985 1591 1543 2694 1874 3265 2973 1438 4766 3905 753 4643 1893 4546 2437 2200 4393 1875 2718 4604 4949 4193
48 414 388 1410 95 413 3644 129 2608 4360 2494 1339 49 1295 1296 547 236 761 3034 3507 2566 2443 225 4692 3237 1449 3125 3680 3734 1520 4683 3150 3046 4783 4491 3902 4640 4280 3877 4342 2928 718 1083 4057 3571 623 3915 4700 4191
51 423 401 1203 2751 1318 4290 1787 551 740 3655 1542 399 1611 2551 708 2120 4012 1005 257 3313 2627 369 3393 395 836 4384 40 772 4543 2691 468 337 3943 4252 3349 3392 1724 845 2133 1480 4702 2756 1306 1990 3850 4713 625 2263 1747 3284 3253
51 444 1383 675 1093 38 462 1116 2614 4521 3189 1381 1300 52 1734 685 4778 3752 4186 1328 165 1135 844 1247 4895 553 4851 3982 3080 1614 2399 4929 2167 3471 1853 1484 1994 4994 259 1639 2232 4270 1228 2920 1984 2582 4514 2578 3795 1946 2115 2729
52 450 938 2318 632 855 1354 1701 1822 3088 1349 2313 1207 840 1343 3479 590 2968 4577 4559 4091 2922 3567 2420 3508 470 3708 1702 1140 2609 3361 4540 1169 1213 4714 227 4767 4682 1283 4495 3030 316 4733 4415 2224 1756 4016 4056 2800 2521 1182 2823 4880
51 509 153 3909 2647 2037 4033 3500 3681 990 3015 988 1033 3011 1149 812 2689 743 307 4103 4473 2736 2195 3101 3892 2857 847 2092 1418 3578 4585 828 3459 2955 839 3676 2192 842 4170 2373 776 4437 2805 1649 1156 264 2403 4628 1832 954 3081 1580
49 600 357 2937 1420 1604 767 1188 1342 1355 3504 2026 161 2292 1684 866 426 2317 2544 1738 479 178 1812 4120 4368 1170 2731 3888 3066 949 3328 2488 3801 780 3082 3633 2336 4180 1717 2717 3841 1817 805 2173 970 1070 3503 4102 1103 4791
49 624 205 756 207 1263 1430 4273 2410 3605 986 1350 1067 2984 2577 4698 1920 4105 4438 2620 3806 1428 1861 4738 2273 4200 3476 1931 2079 1733 4425 439 1385 318 3618 1879 3424 790 4900 4363 3428 3436 1583 3873 4024 4794 3079 4077 4956 4782
52 684 261 1767 4957 1475 3758 3350 2527 2137 2711 1540 3554 3956 3143 762 2136 3565 3796 1679 3856 3686 1289 1257 3528 4353 2361 3286 2381 4919 4164 3933 2827 2924 1600 1995 3720 1232 1603 1362 864 3501 2481 3329 4981 287 2029 4494 4507 2308 3534 1066 1057
51 745 1183 752 2086 1595 473 389 1696 4004 2254 1118 2752 3200 1836 3710 4650 754 3926 3999 200 1110 1393 1608 4940 785 3610 36 2715 4034 749 2277 3717 3621 454 2799 3377 1304 3664 4461 4549 3750 2692 2238 1647 2469 2861 4470 2854 2478 4365 3196
52 775 609 3599 4097 4920 1250 3656 1205 2463 4263 2616 2991 711 1877 3133 2680 250 1226 4322 4660 1589 4967 2104 4286 286 1210 244 2304 4245 3432 2983 4073 1547 2780 2600 903 1065 834 2728 490 3205 1246 4815 4382 642 2943 2633 4520 2246 2247 3374 3418
49 779 1630 2012 1479 2555 1129 4422 2332 924 2662 3887 486 660 1586 3787 3551 857 4721 3868 15 4236 297 374 3972 2339 430 76 2242 2948 4541 759 947 815 2766 4086 4442 4453 3301 19 1980 2826 4426 3338 4307 952 394 3894 3458 728
50 849 801 802 1435 2739 2902 559 3110 1557 1346 3302 1290 3332 1258 110 194 1907 3396 2255 2670 3226 1615 804 158 4420 3709 352 4319 4129 1030 3290 1400 4845 1282 1654 4774 3601 3799 3494 3438 1719 1566 860 4780 3111 4984 4014 2145 3577 4726
50 861 305 1076 1037 1334 3738 4358 2762 730 2203 396 859 539 237 1807 25 1916 1810 2343 965 3141 2100 3505 3641 4020 3102 2814 2815 4268 4888 288 4537 4674 1112 535 2721 2357 298 1987 3197 75 3823 3148 2579 2819 1806 4945 979 3439 3213
50 934 1506 1332 435 579 3147 792 654 2690 1937 3371 2960 3293 587 2855 4339 4927 1448 1740 5 4946 79 4977 3231 786 325 2264 1513 300 3272 1775 1776 829 1585 3950 229 3590 3732 482 3673 2392 3025 3835 4343 4054 3497 2947 4144 3415 1235
50 1050 443 2749 1791 1760 2585 1359 2923 670 3886 2774 4253 278 170 367 1016 1345 1883 2740 3186 3593 3422 3179 467 823 3759 1928 2597 1303 3854 1115 2044 1834 1242 2838 2913 4685 3452 2371 3557 4387 4877 3817 3399 4447 3819 4960 4978 2843 3816
51 1209 1278 2451 2625 1048 3 573 206 1496 2760 4088 4071 652 2569 806 1180 2753 874 2021 2576 80 2450 4850 1698 3124 3391 4011 3412 141 1460 4333 2467 3940 4165 2698 1084 2622 3885 2059 4587 4729 296 2776 3449 3215 4385 4510 2375 1593 4816 4174
49 1236 1501 706 3688 2283 4703 3921 3164 144 2491 2134 1189 581 2537 2538 3620 636 1443 3388 635 4207 2342 299 431 901 2713 1762 1923 4785 2797 4459 3568 3672 2057 2098 2267 2660 3979 879 1670 3735 3928 2865 4619 4582 1943 4029 2604 1199
49 1261 118 2688 176 1910 1442 1793 983 3036 1814 1121 725 2952 1469 3309 2061 3625 3310 1360 340 254 774 4300 4100 2193 1624 1597 4221 230 666 2961 3753 2681 4009 3279 968 3994 4381 4697 410 4330 4211 4117 3757 2377 4951 184 4770 4332
50 1356 598 1892 3695 1403 3183 28 87 3670 2398 1781 582 945 69 709 1331 3336 2065 798 4901 4175 285 4400 2468 3366 4948 2347 2389 2686 1856 2904 2726 691 882 4302 4143 4258 1526 2892 4261 4262 4374 3367 3932 4323 3218 4272 2844 3498 2419
51 1375 851 4082 3569 3523 1866 113 2909 2053 2072 4235 1510 4428 662 1890 4498 2034 2390 1968 4848 4869 2449 755 96 895 896 897 898 1092 1982 1983 3953 628 3792 3308 1086 1992 575 1160 4130 3327 2515 2097 2524 1431 1985 3119 1816 3443 699 710
50 1376 1779 487 2431 521 1640 406 1576 2699 960 1656 4007 488 890 3208 694 4690 4017 2265 4195 91 4836 807 3742 1229 132 2741 1979 554 4022 2709 721 233 1473 2658 4403 4913 3067 907 1665 3988 2459 4904 2489 2344 2634 2794 3542 4288 2905
50 1450 848 1458 867 2186 682 3086 1873 1529 811 831 319 2110 1409 2839 1605 472 1711 1972 1971 393 2975 1212 3535 1865 2657 3920 1153 115 4247 4217 3699 354 4923 3716 4617 496 382 3839 1108 1193 3324 1223 2842 515 3461 3116 4528 3315 2916
49 1500 2032 238 1805 863 3764 405 26 274 2141 4503 1829 458 4318 371 1003 1976 3834 404 2121 3874 4405 1579 707 2226 446 4796 2706 4986 4123 2271 1539 977 3939 4052 4966 3136 2962 3114 4508 2519 4629 3882 4043 3623 3354 3712 98 2228
52 1588 1052 2297 221 1310 3131 1091 262 2170 3170 905 2964 2720 1742 3433 552 672 637 2655 3089 649 2610 4739 833 1699 1514 3860 514 2144 4047 2279 3176 4083 739 4104 4264 4326 2548 3355 4638 3649 266 2305 3174 2118 757 4357 4687 4337 3159 4177 1642
52 1602 397 34 3914 73 77 2918 1691 800 1239 293 3685 1036 3906 3090 1498 2813 263 32 647 500 4735 574 717 494 2896 862 2386 177 2992 2112 499 1481 3615 1001 2177 2447 2771 4613 4320 2331 1991 935 2183 4740 3893 4000 3167 4737 4759 364 3407
51 1619 1651 4705 1730 1264 3092 1531 1818 507 1432 2465 4764 3298 967 987 90 181 2778 220 1819 1706 1478 3083 4752 4989 3306 1424 657 4183 2593 3221 1723 3930 2528 1659 3959 4188 2638 4243 4535 4076 1872 719 3951 4315 4736 2129 1370 3522 4858 3812
48 1650 795 1886 1534 2149 309 4229 3341 878 63 2742 2743 93 3645 4139 4645 4595 4283 2413 417 1569 55 2198 589 1395 3180 958 889 886 695 442 4220 3182 3667 2793 2895 3989 2179 1718 4589 4762 3634 4227 4673 3207 4562 4212 4228
51 1715 2248 1144 4891 2504 1846 1063 4408 455 922 1848 4808 436 1101 373 1722 1444 3157 1880 4607 3477 2356 3472 4634 143 1451 228 1993 1109 4215 561 1627 21 3869 2989 485 3209 2446 1276 2105 3096 2725 2091 2346 972 2338 192 1044 4050 2490 1021
50 1750 959 3378 48 4569 595 2508 3941 4493 3614 1703 2997 281 2076 4665 3146 3702 441 4390 1365 3862 4328 3805 4162 2473 549 2320 3385 4140 3828 4903 411 3512 3948 1009 1353 4466 2326 1113 3596 995 2093 1878 4379 65 3320 4032 534 1885 1467
51 1894 1114 0 2786 50 104 4001 2559 4863 4223 22 1616 1218 3711 796 3706 3238 4711 4284 4433 3004 3561 2645 2695 4396 673 4931 887 102 2480 3475 4538 4793 3904 3616 3727 3257 606 2832 3931 548 4125 4141 4598 4789 4492 1578 2083 2013 4010 1851
50 1909 2131 1549 2460 1864 788 1969 4127 1378 3058 2708 3020 555 4982 3062 651 336 1518 3222 4741 4219 2351 4027 1023 3375 3654 610 2581 2543 2223 3163 1034 2175 2188 4830 3312 2216 437 570 3456 4648 4479 3652 4388 3691 2879 2259 3482 4439 4642
48 1921 1102 242 3229 3468 803 1455 2016 2359 592 1394 1439 2456 4069 1162 3032 1440 765 1958 869 2967 3983 4171 1978 3117 1515 3798 2830 3299 249 4776 1942 1763 536 540 3510 1055 2296 4933 2817 2080 510 2779 3580 1080 2464 4068 4184
48 1962 2552 1391 1415 2994 1550 2550 787 3996 741 1241 1082 4260 3073 2957 3104 4116 544 2624 3609 3457 1685 4005 4392 2153 1563 4499 3056 3335 3227 4443 3296 3466 2278 2333 1523 1675 4622 2119 2882 2509 1527 3506 4693 4842 4338 4079 4817
50 2060 1179 3526 2738 3617 2505 1177 2174 2705 777 2156 4561 3064 1707 4958 1006 1870 3156 78 359 3840 1967 4758 4691 3094 2435 2184 4902 2586 3206 3444 3158 3658 4855 2707 1392 4761 4254 4573 4750 1277 4811 2270 1871 3647 2773 291 1347 3890 4866
50 2099 1259 2502 295 326 1029 2408 2483 3622 3603 693 2661 1536 2448 519 3382 674 667 1687 2458 3414 3548 3789 166 1859 3162 1737 3662 2253 3963 4482 1633 3980 4992 3097 62 247 3521 4344 24 2116 2391 1190 4950 4593 4894 1538 4897 3895 3076
50 2152 497 212 669 2040 1748 837 53 1827 908 683 1903 4137 2231 2656 1485 478 1673 407 2755 1612 313 3773 3608 3852 676 3861 3718 3591 1643 3945 1522 2353 2027 3574 1172 1869 2039 3038 1955 2109 4942 3447 1244 3251 4883 3509 1710 3837 4351
49 2168 1164 82 2096 3489 4631 366 1127 505 875 71 2482 3517 618 2078 2836 2615 2316 186 322 1401 4803 2090 4089 1340 3039 2498 4113 2322 271 4456 375 1828 4555 1778 2666 1792 2589 4185 3252 4399 4085 1157 4367 2767 2630 1692 4210 4930
50 2282 870 799 147 644 3416 3211 392 1477 1308 1111 1617 4324 4899 213 4066 317 3559 1161 386 2650 17 3129 1808 2020 3047 2414 1546 818 175 1525 1644 3859 1720 3493 4444 653 3008 4651 4932 3628 2526 2602 4475 1599 1483 3946 4987 3918 4348
50 2309 1551 2595 2127 182 2028 301 4299 524 911 4611 1039 3144 2607 2440 3360 4099 4600 4110 3612 1821 2002 234 1436 973 1951 105 1785 4206 603 4964 3514 3137 4667 2266 4279 2900 1098 4775 4718 2631 2971 556 665 420 492 4513 1090 3969 4828
50 2396 1671 2565 1509 1598 1379 2244 335 1658 1028 2052 4583 3214 1204 1963 2287 260 4658 643 4065 2818 4411 557 2165 324 794 687 2438 3540 4975 4556 2154 3289 2856 4983 1256 567 4331 2500 3919 2434 2908 3437 3440 4486 2869 4132 4688 3311 4259
49 2470 511 4821 4795 918 2933 4779 4131 1325 4172 81 2981 3071 1577 3339 2272 3694 2507 4463 3813 912 4395 3619 2702 1463 1788 3340 4134 363 4898 3594 1372 2201 3779 4742 3910 1208 4468 4045 2341 3777 3445 4138 4271 3899 3848 2985 2763 2064
51 2875 3282 403 1068 4391 2163 306 2644 451 872 763 4972 1919 985 1621 3539 2976 3481 2996 3687 4676 1494 4133 1765 1802 2876 3413 4329 117 2798 3875 723 2770 2821 3690 1137 1253 2321 3478 86 1060 2486 1772 92 2240 4971 1558 3995 3389 2334 1197
48 2886 1297 4276 2220 506 349 477 891 930 2376 2069 4995 3203 1507 2023 1896 531 1965 134 1761 783 2584 330 2038 1022 4345 4346 2939 162 1652 279 2117 2516 1014 1519 35 4534 4429 2850 493 2243 1977 4203 537 3541 1620 3934 3851
49 2893 2274 1286 226 2719 270 466 434 4431 4430 3130 14 356 4249 3911 4046 483 4378 621 4416 292 215 1935 1721 198 1382 345 3703 4341 778 4731 976 2791 502 588 112 1429 4126 3791 4636 2466 4423 4424 3362 4222 3054 4471 4166 2594
49 2910 1214 4059 1491 422 2700 714 160 727 1790 2411 1613 4484 1138 1200 3001 4093 4421 3072 1713 4922 2397 155 814 1100 4790 4954 4753 4602 4799 3455 2025 3704 2949 3992 2883 3804 3292 4548 4251 4965 1293 4668 1292 2570 4659 3684 4301 4234
50 2932 2455 1272 615 203 1757 2374 4111 3271 4472 1309 3260 126 4998 2070 3404 9 3250 1341 491 1716 2617 4771 1087 1085 1122 1746 1559 1407 4072 2998 2990 4041 2848 1396 4109 3936 4427 2230 1925 2169 2074 3496 1709 2157 3357 1759 1013 2671 4436
49 2950 2522 3543 328 4655 489 760 3319 2606 2454 1141 2045 3380 44 1195 1338 2022 116 2812 659 3177 900 884 4568 4213 123 3217 4963 3891 1794 3307 168 1094 3538 3598 4209 3269 2383 2636 4539 1674 3581 2714 1565 3772 4814 3957 481 1524
50 3070 2199 4118 3922 327 661 2958 338 843 3788 2139 4621 3949 2573 928 602 4062 3234 1653 4189 223 3317 3384 648 971 1248 698 1146 4237 380 3697 936 2572 3430 3431 1932 4781 2063 1926 2675 4925 3365 2289 2790 4663 1735 4474 4870 3774 4265
49 3084 751 810 3768 3864 3880 2256 989 3998 681 614 452 1888 47 3120 2744 408 3783 4042 3660 641 3473 1096 601 4664 4373 4905 1390 2252 1799 2870 3291 3351 2218 29 2212 1732 3516 4480 4699 3160 1530 1453 3722 3246 3558 4580 4812 4644
49 3100 2792 163 239 2324 1271 465 2084 1132 961 231 1333 4359 1158 4626 769 1231 1895 498 429 2214 3161 445 196 558 4743 523 4879 2935 2409 378 3359 2452 448 931 1899 99 3527 3970 1694 4094 1725 3347 3139 2370 4552 3975 2323 2367
49 3184 1700 1689 283 1402 2517 4287 3078 583 427 3442 3731 4835 1726 4454 2873 2176 3274 784 4128 2518 3907 3973 2067 1770 2956 135 1322 3775 1752 4136 1106 2520 3830 4976 713 3626 4696 4914 633 245 1131 3881 4101 1147 3026 4389 4760 3410
50 3191 2574 594 3051 2611 1809 2495 566 3818 2988 1234 219 2102 994 2329 3736 4727 2733 3696 3012 1315 183 821 4417 3474 697 480 2171 2535 919 770 3364 2748 2977 3042 121 1882 4205 1751 3376 3947 4590 3344 3935 4554 4267 1860 4831 2648 3990
50 3263 2583 2623 4194 475 925 1251 372 4148 1830 3429 563 3216 4606 2303 3588 2280 2724 2151 2571 2781 4924 1049 3149 3273 1741 4467 3192 2871 4449 4997 1840 2889 4926 2536 4321 4757 4819 4827 917 3065 3135 3900 4852 1555 3122 4961 4551 3334 4633
50 3295 2185 613 3075 2348 4048 45 246 1472 1136 1914 816 3057 962 1625 2862 202 23 4349 2406 1335 2425 1645 1803 2673 1002 4527 383 1373 3961 154 2327 3427 999 996 4013 3564 2261 3423 525 4533 4769 3825 2330 4355 1783 3363 4201 3017 188
48 3525 1268 528 142 4485 550 702 1705 248 1606 1447 3842 1406 1369 362 13 1368 686 59 449 2442 4090 3014 3400 626 817 791 853 518 4098 4469 4953 1953 3233 2384 2142 4297 2049 3929 3041 3925 4511 1224 2531 3997 3549 1850 4277
49 3550 1801 2150 4506 1072 331 1073 538 2089 3563 4190 2368 956 1999 596 921 2148 4768 4398 3741 2651 2868 343 1225 4519 1672 680 2802 3426 639 2596 593 838 2603 631 2385 4445 3636 4615 2822 3536 4095 4152 4553 2530 617 3511 4847 4788
51 3586 2015 3240 1411 1533 1187 4055 2884 4092 2062 1601 131 1764 819 57 342 2824 2601 70 734 1462 1745 3262 41 885 2088 569 2087 1252 2775 3520 4035 1249 3115 4051 1918 167 1167 1387 2285 1075 4797 2268 2208 3978 3627 1632 914 4890 1159 4841
51 3600 4536 1233 1459 3091 251 2427 3867 1655 1471 180 1570 4269 1690 2475 1468 1254 2580 2757 2444 612 2036 663 664 1042 1693 2424 3713 4872 733 1054 3402 6 4672 764 1876 793 4620 3573 1445 1047 1384 3802 2545 2750 3665 3923 2306 4026 3003 2249
52 3650 2301 572 1279 1499 4448 1398 1847 3790 1981 1780 2553 4509 459 1038 2598 1175 3766 2612 3653 3460 4108 4039 1367 2422 1015 2010 4938 2325 3123 4292 4135 3844 3585 4151 3855 4868 4594 1998 2833 2539 1139 2135 4603 688 3981 4630 368 1769 3006 4497 4928
50 3784 1934 2239 841 3109 4853 1952 3737 1201 72 4746 1011 2716 1490 1004 978 1686 1683 820 4281 3369 852 503 4044 1255 516 145 146 2485 1634 2172 1434 3409 64 2355 4296 4156 1425 1196 4802 1412 4813 1417 1134 3683 4800 4707 893 3986 533
50 3826 2432 3188 3254 2951 2563 2126 3049 1544 2683 2684 1105 1497 597 2041 4250 341 4661 1495 432 4669 2161 2364 471 982 3108 871 1889 4516 3395 1729 3901 3194 495 1758 4435 1323 4825 1944 2439 3965 4857 3277 1437 1682 2180 873 4114 3624 4725
51 3827 2816 1590 2554 1504 1753 2047 3021 460 3595 4906 463 1486 3300 3145 4240 4934 2363 4361 4823 2423 3259 3055 3560 3358 4632 4937 2635 1130 944 1031 2234 1191 2831 2605 3815 758 3193 4887 1774 1833 4996 4773 3112 3602 3518 1973 4885 3499 1388 2841
49 3832 1964 1337 2547 4030 3023 1018 2046 1243 311 3987 2641 3448 4578 280 1564 2352 2043 1416 4316 797 474 1545 2938 2946 1078 2664 3469 3661 3297 3142 4909 3962 4911 622 1594 4488 4112 4308 4834 3761 3406 1562 2919 4749 2001 4999 1316 2429
50 3833 1351 1582 1062 1095 586 1423 1357 700 2825 4973 1269 1000 655 2880 1574 2050 825 789 4037 3421 950 3093 3659 4146 1487 3985 2546 4792 1945 3755 56 2245 2810 4304 2506 4119 4490 1324 2899 2101 4662 1521 4441 4892 433 2472 3579 2235 2395
49 4015 2081 1680 4941 773 2697 3166 10 4018 1728 3739 1107 3239 1695 2358 204 312 3917 941 3394 151 940 282 1166 4970 4204 993 4722 1319 3838 1592 3168 1117 2071 2457 2000 975 2319 1404 658 2311 2388 4496 173 4558 2407 3002 3937 3255
50 4019 4025 809 310 1287 966 2007 3674 1270 2349 276 484 1528 1516 856 172 2894 3721 1768 4404 3552 4856 1441 1307 4317 3781 3063 2209 2867 3470 3613 571 3562 3730 4158 2018 54 4614 3643 4168 4695 562 2682 3243 4524 899 1727 2345 4907 2568
52 4021 3316 3446 1040 4865 332 2649 2735 3387 4523 957 568 3883 910 4179 2851 1273 3642 850 457 4008 255 3276 3747 3547 2106 627 1336 4282 4446 3807 3648 3248 877 3390 2703 3352 4058 2954 3964 3454 469 4859 3637 3202 3411 376 4246 1419 119 4457 1238
51 4075 2541 3128 2863 4224 1905 808 3178 1587 111 2054 4397 348 1119 1364 4406 1898 1230 1868 2484 2416 3483 2925 1975 4347 4627 3723 1849 1069 1901 216 2652 3754 4625 4657 2936 4305 1361 2380 4616 4036 277 1012 2986 4372 3846 3879 4751 1240 3898 3849
49 4150 4061 948 2931 3531 1927 3675 4225 1561 1088 85 381 2533 4839 4959 4371 1041 1811 2365 3121 398 4871 2123 1623 3266 4572 3126 1820 109 868 933 171 2811 2237 2124 4647 1668 4310 2496 3323 4238 314 1464 3398 3434 4784 1148 4476 4161
49 4178 2701 304 3353 4599 150 4266 361 360 577 3087 4340 4843 2840 11 2461 3575 4649 3831 3187 1045 4241 438 4002 766 1646 2772 2669 3491 3631 3984 4763 4145 3657 3824 3638 4192 4154 1314 4605 3043 4565 3809 4684 1688 3106 1573 2009 3151
50 4198 2051 744 3303 222 1941 358 1956 2944 1126 114 529 1051 1145 453 2114 1152 2963 1676 4936 4916 2019 1008 2428 42 3190 1933 2562 385 4432 701 3705 508 137 1043 1795 1426 1299 732 4370 3268 3502 1843 4747 1433 512 2560 3635 2372 4028
52 4218 3671 3204 1950 3326 1389 3408 1929 679 4309 1032 4216 4502 712 3803 1537 736 704 2108 822 289 2693 4756 217 1618 201 2182 447 3908 955 2704 1104 2564 731 2945 2722 3417 3765 2696 3679 4846 3693 4107 2877 4377 3053 4294 3492 4563 4529 3241 4637
51 4232 2801 1454 894 390 1059 3663 677 942 39 576 3451 1609 963 4980 136 152 1288 3606 4006 1571 1773 3555 2125 2241 269 2493 4844 629 3897 1912 3256 2366 1755 323 854 1556 4679 4214 4717 1629 3942 2941 1754 2872 4732 329 1053 4955 1970 2591
51 4375 3913 159 58 742 140 1841 1245 4586 3035 2590 1622 522 1227 888 1797 4163 1854 2783 4440 526 1626 1329 2159 2417 1610 1488 3103 3743 3155 1661 1265 827 20 3707 1786 3878 3195 1667 1575 4567 2561 4748 3814 2227 2003 2646 2095 3966 3383 1777
52 4550 4278 1211 3490 1397 60 3107 2619 4298 690 3958 1313 402 1940 4157 2276 2048 4610 2784 1669 2667 190 2033 2549 969 3077 937 130 1061 2730 3786 1548 2166 124 4531 2852 1202 2191 4256 3976 272 3865 4609 120 1842 2404 2761 4173 2980 4402 4694 4386
49 4592 3847 564 782 3749 2462 2310 3771 611 1133 3513 128 1178 1035 1010 193 2859 2497 2147 2626 2146 2592 4969 1936 1221 4618 929 2829 832 3553 543 210 3435 2128 425 2337 1220 51 2621 195 2418 2298 1377 2222 379 3013 984 3896 4962
49 4709 3033 353 208 1457 1154 3583 4160 1858 2058 240 2864 2335 2828 2966 2940 748 2734 1535 3668 4867 333 1380 3153 2974 2807 504 3537 4064 1891 1466 101 3495 4624 927 4366 4910 2542 4274 4078 4623 4080 4081 1470 4501 4477 3903 4383 3607
49 4787 2221 2523 409 4487 1852 1966 4526 2637 2295 2712 1374 2659 2845 3820 3018 3480 4646 3745 3154 2746 1532 923 377 4197 634 2758 2679 1697 1662 4807 2194 1489 4584 3464 1511 2929 4744 2477 1348 3884 4313 4712 2143 4873 1422 4881 3639 3488
51 4876 2915 1414 3333 1572 1939 2205 1648 2111 3556 2927 1155 3960 3370 30 3762 4576 4512 1120 2987 1099 2130 705 2769 418 943 464 4681 4460 4596 4049 1079 3379 2293 421 3373 4678 1284 645 4597 4810 3794 3797 4410 156 946 4639 1997 541 2834 2878
52 4893 2668 415 3651 1352 3009 2350 235 2759 826 2085 1311 1285 2262 4504 2014 1712 3487 3000 4291 3843 2307 308 883 3776 4608 1476 4804 4505 3666 94 4601 1077 4837 668 4680 4921 2942 2995 4239 585 1823 2676 1845 4153 2314 4917 3270 640 532 1739 2113
48 4915 4452 2 771 4 1492 3304 4653 2785 3199 252 3007 1678 2587 174 3927 2588 2225 3967 3646 4579 4849 4772 1344 2768 1989 4285 2233 1666 1784 2881 1913 3225 1151 3682 1413 3027 3247 735 3219 4122 2993 3729 2030 2806 1947 1837 3853
48 4935 3701 1386 37 980 981 1194 440 1124 185 68 1766 1857 4481 3220 2379 122 256 3714 2066 2312 3719 275 2207 3325 2269 3993 671 179 2911 1800 2511 2514 2035 3322 2727 3264 4248 4570 1796 2004 3763 2687 2906 4557 953 4038 4517
50 4944 4581 1714 4230 4413 2737 1168 2008 2354 3519 2402 1125 1267 3314 1897 3278 2197 1446 1025 1749 3267 2982 1704 1456 3677 605 2534 678 2445 2284 3760 4886 3811 2073 2340 370 932 3249 4070 4352 3524 892 3640 4003 1628 3397 2430 3726 2189 4809
49 4988 3169 2890 2803 2804 2213 746 3074 83 1607 1996 689 4242 1863 2672 4295 4991 2513 4666 164 846 2206 4765 3845 3700 4864 3127 1421 3045 4121 3236 4414 1887 3974 915 2236 3486 3342 4716 3954 3467 4515 4574 4832 127 4724 4314 3669 4745
49 4993 2903 729 1855 2663 2866 2229 578 4822 189 2275 781 7 2068 1017 1581 824 3185 880 3224 1171 1867 4728 3283 2501 3285 1908 3785 1743 3181 4458 3212 1405 1217 1974 3050 139 1305 1552 4149 906 3098 3099 3463 1482 2011 3857 2479 2510
51 656 2747 4968 881 66 1358 4990 1071 835 3105 1192 3368 149 2291 3069 3010 1452 4040 2082 692 2629 3604 2211 3692 2006 2378 1280 3971 294 4419 4670 4124 1541 2415 3345 3005 384 2190 3441 2999 1493 1056 4182 387 1938 3952 4824 3767 1708 4306 2978
49 1064 3321 157 33 2294 4364 419 1831 2077 865 991 3228 4882 722 43 1363 1019 1262 1024 4826 1771 1321 1184 3210 4334 4257 1150 3938 2328 4542 2369 1637 241 738 703 2401 3533 4854 2474 545 2808 4464 4734 1327 3040 4525 3235 4874 3118
51 2024 2710 1924 2953 12 902 1553 3405 737 2754 1986 724 2965 1173 2556 284 4704 3165 1911 4434 3029 1881 2532 2796 580 3113 74 638 2286 4838 4560 4571 2122 3955 2042 1142 3782 2281 2512 2217 2858 4547 3245 4801 2405 1123 1567 4654 3566 4159 4675
49 3546 3977 2103 3916 1744 4380 1317 3095 4455 1641 4686 2360 2107 998 1291 2394 1884 3740 2436 2196 4356 1512 3419 3808 1902 4575 4155 1731 2260 992 3068 4532 4875 1959 3450 3401 3275 2140 106 3866 3372 4106 187 100 4833 4530 2846 3587 2492
49 3597 3403 1681 830 424 2382 1302 2642 1664 607 2567 3024 3281 650 2056 346 4635 3337 4450 3019 3244 3810 2031 4303 4202 2471 3746 2618 4952 4074 1181 2400 4840 3821 4566 1906 1517 416 3769 3793 3689 4730 4478 3044 4289 964 4167 3780 4818
49 3800 4641 1804 273 913 3924 513 520 2476 4067 1185 560 3175 1560 4862 2162 1862 1219 716 2315 4350 2632 1027 3016 4544 2745 1326 2426 4275 461 4677 4612 2921 3715 3061 3346 2820 4226 2132 3022 3530 2917 4518 4522 4723 3822 4701 211 4671
51 4820 1260 3515 3589 630 456 347 8 1298 2210 4053 696 133 2969 4401 3425 620 3356 527 1320 1474 3152 2777 218 3420 350 103 3132 265 3294 542 646 2959 3544 546 4786 2558 1736 1128 3386 209 1922 4169 2653 2972 3756 2874 2204 1584 1408 4376
