8 53 352 593 816 431 325 224 248
8 119 14 741 88 528 295 987 978
8 140 1 161 802 546 89 95 992
7 144 789 42 78 390 222 450
8 158 566 684 265 10 133 278 84
8 210 71 186 217 493 771 881 673
8 250 13 962 765 520 910 40 132
8 335 145 12 104 933 293 391 944
7 368 171 16 167 961 136 858
9 404 323 587 110 231 69 253 300 690
8 407 444 612 446 459 50 534 682
8 419 837 894 916 467 975 246 57
8 422 897 299 273 304 46 123 700
8 448 259 408 623 943 614 535 360
8 451 694 769 155 823 783 799 750
8 473 331 121 549 206 538 28 156
8 526 349 596 956 398 113 779 909
7 542 571 945 264 170 683 942
8 585 61 199 139 316 679 589 198
8 600 229 768 843 330 778 74 874
7 630 497 112 356 314 727 18
8 642 15 561 359 663 492 0 471
7 662 3 32 772 545 157 646
7 672 129 392 395 555 298 498
8 680 281 569 38 567 82 723 576
8 704 47 76 245 703 677 494 529
8 705 178 27 409 544 863 718 687
8 770 203 188 307 364 239 366 691
8 773 92 341 748 251 637 746 839
8 774 79 164 83 416 738 626 481
8 794 279 855 665 998 411 52 610
8 882 564 172 414 336 485 752 902
8 896 260 8 579 559 30 647 532
8 913 183 441 495 256 862 179 924
8 917 601 634 230 328 39 629 664
8 951 321 502 728 457 715 23 238
8 952 213 94 41 96 509 225 707
8 959 134 5 182 116 693 988 659
8 993 490 86 107 383 43 287 640
8 26 261 72 957 405 315 339 618
7 37 301 787 208 355 358 986
8 58 143 114 160 142 211 125 45
7 65 491 243 354 393 994 935
8 66 135 201 306 745 766 215 523
8 70 268 220 353 621 377 686 808
8 126 241 982 106 701 305 836 291
7 130 205 33 671 658 297 726
8 154 764 234 785 510 474 488 93
8 176 255 141 289 519 285 209 821
10 187 702 35 235 236 237 732 604 950 421
8 191 577 185 763 21 594 966 31
8 200 242 362 59 149 622 627 338
8 218 805 516 177 271 898 747 254
7 270 51 108 29 128 927 603
8 302 247 496 376 739 118 989 928
8 303 904 737 122 24 6 706 98
8 310 791 817 736 592 649 290 75
7 367 857 226 313 844 895 348
7 384 557 308 87 370 464 846
7 385 329 159 174 480 430 232
7 425 56 55 109 111 676 525
7 428 639 470 344 755 831 507
8 433 389 221 624 616 252 365 797
8 434 351 340 845 540 381 887 9
8 437 266 454 85 402 809 137 970
7 447 721 760 517 418 674 68
8 460 64 7 115 284 653 49 786
7 468 536 169 319 619 754 584
7 478 558 327 833 148 531 720
8 530 386 190 103 452 871 420 163
7 537 876 212 180 288 611 947
7 539 277 605 334 725 666 651
8 582 801 711 379 941 838 698 699
8 590 257 80 573 995 688 343 445
8 602 506 184 489 759 825 753 948
8 609 563 326 124 317 318 963 635
8 628 591 223 500 477 716 735 815
8 644 455 375 374 586 11 784 984
8 645 324 309 613 282 548 472 905
8 657 678 655 147 461 880 504 860
8 660 476 97 249 322 822 453 806
8 670 919 697 34 426 886 150 696
8 730 572 332 827 641 19 482 192
8 777 90 744 429 48 826 953 181
8 782 588 412 36 131 120 342 734
7 790 269 345 294 196 417 906
7 810 554 2 873 939 283 795
7 818 292 724 971 442 486 717
8 820 333 547 193 286 146 357 521
8 828 456 669 565 710 127 263 296
8 854 631 487 890 781 337 233 101
8 864 832 503 100 227 117 484 22
8 914 712 983 859 272 834 436 865
8 930 401 524 850 780 361 458 597
8 931 501 399 410 396 99 879 583
8 938 633 275 479 997 435 689 166
8 940 197 550 807 819 4 73 388
7 949 562 581 829 866 883 929
8 954 901 512 731 668 63 400 189
8 960 636 311 173 625 907 608 508
