49 31 351 2628 768 1499 1770 1116 489 2620 584 3361 821 4417 2412 805 3366 4948 313 1643 3945 4540 3076 248 1169 1277 864 3377 1304 4866 769 3381 1870 1904 3384 3854 2472 3579 776 2855 2371 3557 758 3193 2098 2772 1288 1026 3738 4358
49 89 1 2595 3052 2085 854 149 1452 4204 4356 1474 182 3870 1267 1175 1249 406 576 2076 3769 1927 3300 1358 4774 3601 1726 2702 1463 60 651 2670 1728 1898 203 1757 4055 1533 1187 803 1814 2417 1428 4139 3207 2360 4263 4577 1494 417
50 148 125 921 1753 3530 2917 431 3713 4113 2322 271 2934 2251 4325 2387 16 1987 3197 75 2204 162 2980 2372 2373 2579 2375 699 2600 903 196 880 3224 1171 4818 4718 1425 1196 4582 3990 2138 955 2844 1181 2400 2273 2253 1016 2695 3450 2907
49 191 108 3866 3408 1929 3372 1204 4087 4208 4160 1654 4395 3619 3153 1809 4553 4730 3897 3462 3922 1707 893 2835 477 1524 4938 2936 3483 1402 180 3229 2688 176 2996 3046 2123 2437 3481 1093 4364 2527 2137 2711 4216 409 2064 4455 3009 949
50 199 1143 1095 586 2054 3801 291 2057 4365 56 3986 603 1446 1025 4614 641 4616 4036 2053 1011 4782 4580 3942 654 4624 3517 618 1855 4127 4629 892 1438 4766 989 4634 143 1451 228 1993 4298 2705 77 753 4643 1784 2881 3648 4984 2030 3552
50 334 357 4211 1144 2248 511 4935 4536 2040 1748 4088 4467 3448 4172 81 1712 3487 748 613 1696 4176 2382 1302 4215 3041 540 3412 107 2144 4534 4429 2304 245 2744 4983 404 1937 3182 991 4388 3691 2762 1958 2942 3673 2392 3025 906 3098 3099
50 355 1179 1192 252 4154 3605 3606 1350 3669 1573 2768 1685 2933 207 2624 208 2699 1589 3868 3438 2911 1800 2170 117 2798 3875 2217 570 1687 3879 3456 4002 3482 875 1457 4031 3290 1400 4845 1389 1390 1391 4627 3723 1394 45 4048 1075 2523 598
50 400 388 487 2867 1254 1103 1570 3319 3271 1259 4335 473 389 2278 1341 491 1716 4317 4443 4319 2985 3027 3247 3961 298 3048 4326 4327 2789 619 1024 1321 1184 3210 4334 4257 4336 4307 952 394 4784 737 3581 2038 1022 4345 4346 2939 710 2367
50 414 401 2009 4135 1167 3902 4640 631 2385 21 3160 1217 2342 299 4518 3111 3848 1158 2174 3818 924 1621 4212 1623 3743 3771 611 2836 4760 4129 3242 3563 754 3656 4134 363 3663 3135 4138 3012 87 3670 4316 797 2877 4377 3053 1273 721 1569
50 423 1779 1029 4453 4314 4155 1203 4578 280 360 3068 1549 3274 784 20 1333 4878 4167 3780 338 4170 2524 1163 2257 3690 1137 4436 1239 4066 4179 4180 4637 4880 429 936 717 4186 2083 494 4803 2090 847 2092 4739 2094 2095 3966 2097 3415 2500
49 444 1383 4086 3086 3304 4653 1940 2297 841 3109 3110 1013 110 3064 4990 2588 2225 4777 3790 1838 2250 1073 4926 2536 4321 4829 2506 4877 862 4879 2935 4881 3639 558 560 4885 552 1231 3137 4889 50 4842 4352 292 215 1935 1721 198 1382
49 450 2032 4463 1860 2082 1607 3741 391 1883 462 1752 2724 3328 2488 2471 1416 1417 3534 3908 1943 4758 4691 3598 3568 3672 3963 4482 1633 879 1670 691 882 3389 1657 3952 886 695 4563 889 4824 4892 3505 3641 2640 895 896 897 898 3570
50 509 261 1875 1700 3457 1989 2058 3754 235 2759 2931 2870 2026 2407 4105 1907 2735 1703 4236 2507 4118 4485 422 2905 3662 2729 57 1511 3527 789 499 1481 2549 1853 1484 2214 3436 3437 2679 3439 3440 2972 3308 3443 3363 1284 4265 296 2776 3449
49 600 397 2239 104 2482 1285 2061 3625 3310 1360 340 2001 820 2229 2296 4933 239 4046 483 4378 621 4416 2047 466 1535 332 4865 3007 1678 2587 106 232 135 4286 4914 2636 4188 2638 3678 2453 4187 243 1046 428 237 1807 3141 2100 4348
50 624 801 802 4438 2764 2687 3717 3453 1988 809 2300 4918 2712 2713 3562 187 100 761 4182 1269 746 3939 3364 114 1274 2987 319 2110 819 1161 2227 4552 325 4612 2921 1820 2986 2228 4475 4830 3312 2216 2305 4084 1596 3336 2329 2020 3548 4067
50 684 1114 1689 2325 3793 2510 93 2619 1109 2642 2802 3426 639 2596 593 2615 2316 186 322 2655 3089 3975 3774 2323 2767 1160 4130 3327 2515 2526 4621 3547 2106 1673 3716 4022 2364 972 2338 192 4841 2489 3968 974 2344 2700 1798 2362 4223 22
50 745 1183 415 2185 1604 3622 2866 2737 3660 674 3420 3087 4340 1848 2880 1574 2008 193 3385 3132 438 672 637 4962 4727 3225 3627 4413 4260 547 690 356 157 33 1327 3040 36 3655 4573 4750 40 772 3642 850 457 393 2975 1212 3535 1740
48 775 959 3460 4875 3914 1755 3256 3844 1741 3259 3055 1745 459 3078 2868 3640 166 734 1462 3476 2102 4566 4397 3924 1528 1516 4226 901 1374 4229 741 2817 599 128 1136 3592 766 3965 4857 3277 719 4201 1792 530 3320 3386 3093 1739
49 779 851 2012 2339 430 855 887 857 2295 1968 3332 1310 2002 4696 4572 3126 2896 3817 2561 2736 3125 3680 3011 1149 2348 9 3250 1298 2210 4622 2119 2882 1891 2153 1042 4710 2537 2538 3620 636 4989 3306 1424 1819 1706 657 4203 4367 3782
50 849 1506 1332 4693 1241 29 2212 1732 189 2914 1010 2320 3828 3173 3819 4960 1778 1017 1581 1019 1262 765 1575 1737 3807 1632 2694 427 2644 451 4619 4802 257 3313 2627 4339 4927 4141 4598 4789 4492 165 1135 844 1247 4895 553 4159 4543 3030
50 861 1501 2871 2828 1037 2833 2794 2157 111 1679 2539 2161 2162 2963 866 2399 4929 2167 1856 4400 3928 780 4272 2173 1283 4495 2691 2177 2317 3082 2265 2181 935 2183 316 1995 418 943 2198 907 1665 1606 1447 2904 92 1140 2196 694 4690 2037
50 934 2131 1325 2751 1318 4290 912 4707 1913 3884 1012 4685 3161 445 2487 4409 3949 1467 3418 3944 4639 1997 4156 3423 3424 790 4900 4363 3428 2572 3430 3431 1742 3433 4049 3659 4146 1487 4107 3345 3005 1208 1522 4248 4661 1495 3507 1497 1362 1404
50 1050 443 773 2792 4004 4005 4392 1466 281 2667 708 2120 4012 1005 439 798 4746 863 3279 3877 4123 2271 3034 1323 1719 865 3667 2793 2895 3989 709 1331 4394 3618 3825 1335 2425 1645 1803 3865 4609 1242 2838 2913 2063 2128 1002 4411 1348 3629
50 1209 1651 403 2651 513 1655 1656 2634 3451 1609 1610 1658 2427 3239 4351 831 3116 1877 3118 1409 2964 4125 4217 3699 407 2878 4756 2029 4720 442 4220 3080 1614 426 3067 4323 4017 3395 1729 4953 3652 4964 3514 659 1396 3806 579 3147 1561 3149
50 1236 1551 4867 333 2697 1615 2884 957 2043 2230 1925 3566 4133 3615 341 4570 3508 3167 2848 3883 711 218 806 1180 2779 1677 4447 4277 1080 2603 4280 968 3994 1100 4790 467 3558 3759 70 1373 3676 2192 842 843 2343 965 3234 1653 3859 23
48 1261 1268 528 1556 953 1317 1355 4408 455 2310 3155 1661 3061 531 1664 607 2567 1813 4471 4115 3869 2989 485 2333 1523 1675 4053 3454 3969 98 134 1761 783 2584 1405 1530 3246 788 1864 961 231 2770 344 4848 346 1071 2359 4861
49 1356 1671 4906 4504 95 1034 2175 3846 3709 352 3711 3681 964 2781 2155 1928 2601 3715 1265 827 4723 3822 4152 2495 4060 2994 1550 2550 3341 3830 4432 2658 550 702 1705 640 1319 3838 1592 3840 3841 3842 1406 1369 3839 1108 201 3735 2468
49 1375 1351 2652 938 2318 1119 1041 4770 4439 1713 2421 1127 1544 763 2648 1233 948 1311 4070 1077 2376 3113 74 4600 4110 4101 1225 4519 1672 680 1965 290 4233 320 1176 3343 2853 1597 4239 3365 4837 668 1054 4244 4245 47 4458 3212 1453
50 1376 2274 1337 3023 1067 2749 4273 1206 3072 3096 2725 3245 2062 190 2033 1765 1802 2876 1448 4132 4688 2560 1513 300 3272 1775 1776 628 3792 1694 4744 2639 973 4383 4644 1785 1786 3577 3102 800 1568 2557 4420 3267 4360 2494 2745 1797 2245 4093
50 1450 848 1804 1537 1056 4040 2945 4874 2940 3609 1386 113 3163 211 4949 1082 4281 4522 1974 1515 3798 3729 3201 4313 3649 1725 1519 4477 43 3138 2605 4402 1652 279 2117 2721 2497 2337 4238 2452 448 4647 3665 3923 1303 1743 516 1747 3427 2761
50 1500 3913 353 2209 3704 4860 1520 2747 2948 205 4148 295 564 3333 1572 302 4131 1714 4655 1710 2484 4698 1407 1576 4605 2352 3494 1787 551 740 219 1931 3190 1933 2562 183 4468 2308 1134 2775 3520 4035 392 28 4840 3821 652 1186 3789 3814
50 1588 1052 3845 4986 236 1230 3368 1683 3073 3528 4373 4664 4353 3686 3085 3465 632 1690 2475 1468 3470 2151 1766 2010 2072 1686 1032 3671 1630 1429 617 73 777 2156 3626 234 1436 4903 405 26 4302 3097 274 225 4692 2025 770 3887 306 1397
49 1602 497 744 1250 2606 3813 4253 1594 4488 1517 416 3766 2662 4136 673 4588 2906 250 914 890 4312 1641 4686 2988 3762 3543 2577 2416 3587 3340 572 4832 127 559 4853 3266 4799 877 743 1045 4425 2334 168 1094 3538 1096 2111 3114 1099
50 1619 2552 1469 3309 2262 463 1486 1226 4322 2958 1465 2832 4712 4713 3851 3452 369 119 3159 4177 4419 937 130 1061 4457 4725 3488 288 4728 3635 625 2263 3202 3411 500 4735 574 3596 995 2093 2602 1662 728 4743 1625 3661 472 4747 1433 2720
49 1650 1964 2350 3033 3342 3214 4106 2280 4418 4109 1170 486 660 2962 3060 4919 2287 3174 420 492 4882 1980 1835 3749 1444 3157 1880 1627 4505 3666 4706 1631 1089 4601 3513 230 2887 703 2401 3346 2820 856 172 2894 3721 1340 2897 2898 3318
49 1715 1102 2332 1640 4980 4102 303 3208 2045 3740 2566 4898 1280 3441 495 1091 78 359 3168 1117 2071 2457 3608 3852 4670 449 2442 4090 1639 2232 4270 1228 2960 3767 259 3180 2406 4062 4189 223 1113 3392 1724 845 3213 146 2874 3823 3148
50 1750 1214 3611 2888 799 1730 1669 3895 1293 4431 830 2148 3804 2613 3059 1063 361 1564 2213 3238 1759 2519 1069 2623 4194 2625 2005 544 1243 629 630 2078 3466 2324 1271 4445 3636 1850 1821 3131 888 3948 549 3643 3644 3425 922 4843 2840 129
49 1894 2301 4931 1354 1791 966 4406 2637 4721 269 2268 309 2659 596 565 4390 1270 4701 2777 1006 1601 871 872 1818 3473 4440 526 2419 4142 1198 1502 137 532 533 534 535 2516 1014 859 539 4858 541 2409 543 2044 1834 120 1842 1235
50 1909 4278 3569 3523 1866 840 1343 1371 3444 3158 2028 301 4299 3063 2226 3491 3074 1154 4465 3069 2614 1110 4937 2121 4459 2632 1027 1859 4247 433 525 1711 2179 25 3834 1185 4828 946 1065 834 1932 4781 1649 3697 962 2824 3413 4329 3394 1301
50 1921 2081 2433 590 2968 155 4242 3576 3326 2629 3604 2799 683 179 3194 4164 1105 3217 3047 2414 1546 3172 2568 4533 4024 2306 4026 3624 4028 4510 2819 602 2330 698 1146 4237 380 1718 4589 4762 4091 3783 4042 4043 3516 2021 2576 3459 4094 2264
49 1962 3282 153 1430 1701 1822 3334 1731 1286 3351 4771 3303 3330 3422 3179 747 2070 1367 4922 3442 1121 4072 3900 4852 66 328 4230 3354 1129 1504 270 3075 1133 3612 638 2286 3497 2947 4144 1899 873 4073 3008 4651 1422 2189 2834 2013 3280
49 2060 2051 2014 1380 4267 985 339 1680 1278 3275 2140 174 1410 3314 3315 2188 853 1419 3393 395 836 4384 1193 3324 1223 1764 3031 1300 52 908 3501 2481 3471 969 686 2113 4987 1922 4169 2869 3311 2929 733 2069 4995 3203 1735 4474 3835
50 2099 2455 2547 4030 4454 3805 4512 2998 2990 4041 1542 399 3565 4006 1423 2684 1919 4558 4806 2469 2861 732 4667 2473 4435 3664 701 3705 4199 2582 1401 386 2650 1816 4114 2485 1634 2172 1434 1507 2859 2357 2545 2750 1668 4310 2496 3323 1220 51
49 2152 870 2176 436 1101 578 1722 4231 2290 3356 715 4561 3867 4908 18 4757 4196 4677 4618 2237 4560 4571 2122 3955 2042 1142 4672 764 1876 793 1460 4333 2467 1815 634 4585 828 687 2438 3540 4975 3542 2879 2259 2970 3742 4689 3861 3718
49 2168 2801 4772 2565 3204 142 669 3122 609 410 1458 867 3244 3810 2031 1805 3899 103 4140 2023 1896 3533 4854 2474 4982 595 3765 2696 3679 3474 4971 1558 13 1368 2035 3322 2727 2660 2039 3264 2041 1903 478 627 1336 4887 4778 2197 49
50 2282 1801 2307 308 1435 4291 3843 4788 1040 3916 2563 1811 2365 2997 3882 1168 3016 2763 3573 229 3904 3388 3022 1704 4300 4100 4638 396 4210 649 4149 2621 4476 4978 6 1514 3860 3037 4054 314 1464 1174 2369 1637 3258 3510 580 2926 3024 3281
47 2309 1934 1924 2953 4546 4499 2052 4583 2703 2461 1264 1320 1512 3419 3808 1902 71 519 520 1754 4112 1518 2760 925 3589 2007 350 3978 4426 1763 1911 4434 2017 4096 133 413 4168 3298 967 562 1131 2299 4850 1698 3124 3391 4011
49 2396 2710 3130 3186 4449 2255 3143 1015 2258 1087 4464 1826 1830 2585 883 1941 3146 1529 811 2383 3054 3362 3230 1363 824 181 2955 786 1384 829 378 3359 1900 4663 3409 929 1659 832 3231 839 266 3269 4528 1566 3734 1420 184 4039 349
50 2470 1297 502 1342 3020 3905 1472 1178 2900 542 383 4567 1795 1885 4687 4246 518 1644 3918 3919 3920 1153 115 3162 585 1130 944 1426 1599 1727 923 3931 2404 1480 4702 645 4597 4810 1191 4773 3112 3602 3518 263 32 647 3873 2558 1736 209
49 2875 4625 2845 335 1118 3446 3506 837 101 185 68 63 4058 4812 3580 2049 4956 1339 1326 3369 852 503 4044 1255 4873 3347 3139 1682 1157 4264 3871 3028 3953 5 2235 3951 979 996 587 4815 4382 642 2943 2633 4520 2246 2247 3374 3812
48 2886 2199 2 771 4979 348 3706 3331 2505 14 3958 1313 1492 1873 1316 1531 2004 3837 4342 2889 1905 1365 4381 4697 1824 1868 4380 4684 2612 1164 82 1414 84 424 3872 1503 3688 2283 3032 141 3338 920 3572 3398 3083 4752 3698 1165
49 2893 4472 4532 2847 904 3694 1744 2966 505 622 161 3262 136 2809 3265 1505 4370 3268 3502 3270 685 1774 1833 4996 255 3276 3747 4451 3421 950 1128 4008 1783 3215 4385 4386 3253 4315 1865 2657 3195 1667 3402 2837 469 2203 4185 3252 4399
47 2910 2903 2377 48 2555 4700 2456 1083 3296 122 2499 951 1534 2149 1147 3026 4389 4068 4069 1162 4703 4607 3477 2356 3472 2918 475 1577 2928 4804 774 1456 2608 2982 4856 1693 1151 2424 3929 561 3921 94 517 96 97 2677 2512
49 2932 2522 4240 4934 1309 3260 3056 1378 3058 555 545 372 756 3240 3974 915 2902 1048 3 919 3613 343 3623 2084 1132 2426 1049 1088 85 4556 1923 4785 3278 1560 1845 3545 2573 1238 2191 4256 4357 4153 1043 1035 1090 1445 1047 4838 4197
49 2950 2574 3927 2349 1471 655 510 3881 4483 4359 976 4361 2786 4863 4338 4225 792 4719 4768 286 1210 4699 1441 1307 4366 4910 2542 681 4544 3013 2289 4545 321 4354 3748 1636 1837 4826 1771 1148 4456 375 1828 4555 3829 4656 4023 2370 2003
49 3070 2816 1590 2554 3144 1839 1097 1039 4422 242 1912 4430 1598 664 1563 2708 3095 4228 2254 3984 118 3045 4414 2186 2530 150 4599 4636 679 3515 3151 682 3504 4657 2422 83 4972 3933 689 583 3049 3702 693 2661 3964 696 2340 3249 2218
48 3084 2015 813 3820 1510 3152 2954 4808 4608 1476 4095 2791 1901 563 2096 3192 4610 4868 4594 1237 727 522 917 2564 1970 3367 1906 3560 3358 4632 1393 41 4916 2019 131 589 1395 3014 3400 3241 1324 2546 4792 1945 1946 1984 1948 633
50 3100 4487 1852 1966 3511 2981 1950 3689 2150 1681 4724 2206 3588 1863 3237 2439 1646 1485 4137 4279 2354 3519 2402 3645 1874 1914 4295 4324 1315 1199 1626 2006 3692 2394 1884 3380 44 1796 3932 1889 4737 3177 3787 3551 1322 4478 4057 3390 2431 4287
50 3184 3051 3467 1920 3996 435 749 2277 454 3777 3445 385 4976 713 714 370 2822 3536 718 1915 720 2208 722 723 3722 4343 726 3724 2548 3355 730 4859 3493 4444 575 735 2279 3176 4083 739 4104 2610 2626 2146 2592 4969 1936 2142 4297 838
50 3191 3316 2752 3200 3396 3646 3554 826 2570 2937 4038 2665 823 2733 3770 4403 993 3898 2326 4809 1642 1971 1972 1973 1994 4994 1976 546 4786 2728 188 1092 1982 1983 154 2327 1408 2594 2756 1306 1990 3850 1992 3959 3463 1482 2011 2656 2381 1000
50 3263 2583 992 2361 4421 2517 2476 4738 1338 2022 670 1996 4646 4564 4800 102 2480 4547 262 2511 4613 3971 294 2978 928 1806 4376 1584 4694 999 971 1248 4355 3283 2501 3285 2856 408 46 3289 1908 124 3786 4098 3294 2839 1605 3297 1979 554
50 3295 2915 4285 4753 4602 4099 3896 2646 899 109 868 933 171 2811 833 4085 2418 2298 1674 2754 4341 3050 1986 724 2788 2795 2967 3983 4171 1978 3894 1638 666 1150 3938 2328 4542 345 3703 139 1305 1552 195 2180 1872 145 2395 1084 2622 3815
48 3525 4025 4779 1007 1398 1847 3166 2707 3761 2105 1038 2598 4557 538 947 815 67 1998 1952 3737 1617 72 2916 1882 4498 76 2242 159 1999 594 1023 4998 4393 3684 795 2256 3335 2826 169 4222 277 1427 4894 2169 4755 3492 2270 4899
50 3550 2432 4902 4224 4151 3855 1276 796 2774 3187 307 4103 623 2784 2195 4668 3638 4192 3668 2785 1260 4116 1887 1411 3302 3675 860 446 4515 2957 4117 4659 1959 913 1364 3585 983 1613 2738 2200 1527 3254 2951 4864 3127 1421 3468 1272 615 2692
47 3586 34 1939 963 1861 4209 437 2858 2643 2860 4163 1854 2783 1166 2846 2513 4666 164 3575 4649 1107 194 2873 2363 3404 19 3228 4513 3707 4206 1953 3233 2384 1221 1951 105 2599 2345 4907 342 204 4089 1893 1177 1635 4798 891
49 3600 4941 1403 4645 2508 3941 3500 3857 1746 1559 4565 3809 1562 1062 3291 258 677 2443 2769 2447 2771 4675 2773 2240 2027 4462 4974 1079 3379 1548 4947 2782 1578 2112 4037 1328 151 2755 1612 2347 3985 2899 2101 582 945 2533 2797 3874 4405
47 3650 3169 2890 2803 2804 4162 3115 3015 2808 1780 2553 3999 206 1496 3614 273 1125 441 1334 2671 4200 960 2674 1831 2949 2380 2678 1227 2680 2581 2682 3496 2154 4077 2543 1768 812 2689 2690 3728 3469 3788 1431 1985 1115 548 3970
48 3784 2221 4652 1439 2464 2220 506 53 3509 2266 2231 4676 4559 2115 2125 289 2693 3407 4846 2992 791 1299 910 317 3485 4912 4010 3382 3529 4020 3399 3532 1782 2193 1624 4680 4047 284 4704 241 874 4480 244 2850 2891 2830 3299 249
50 3826 4452 1392 4761 4254 3218 2544 4143 4258 1526 2892 4261 4262 4374 1195 501 3156 3108 3993 671 3170 3171 4147 1483 3946 3175 3752 4349 2525 2765 1508 3181 557 2165 90 3185 4807 2194 1489 2959 3544 4593 4883 1827 1734 1182 2478 1808 3736 1112
50 3827 4581 126 3375 3654 2534 3524 707 3831 3836 4708 1611 3512 3248 1009 1353 4275 3555 3410 3371 2920 3634 3261 2923 1895 2787 178 4368 4959 3610 251 4428 662 1890 4202 1126 3183 2107 998 1291 1120 3133 4398 2018 54 4897 4631 366 2849 1346
49 3832 3416 3071 4051 254 465 1691 4003 1628 3164 144 2491 2134 1189 3925 3682 1413 3458 4501 2778 220 1478 3434 858 224 1443 1565 1942 4814 738 3853 1947 2961 3772 2556 4870 537 3541 1440 987 2821 3878 2234 3794 3903 4896 3797 1720 2589
48 3833 4061 3236 4121 2272 214 1207 1491 4271 327 661 2922 3567 4590 1215 1216 3745 1218 3178 521 4823 2423 4523 1222 3417 2672 1159 2429 1751 1648 601 4905 88 2435 2586 336 4835 3799 568 4332 3006 4050 807 1871 4268 2597 4950 818
48 4015 2541 1415 347 331 1072 1030 2812 3561 1289 3401 4574 1257 1251 2366 4276 4289 1918 167 2685 2302 2466 4423 4424 2132 4517 3997 3549 481 4615 4404 2796 1055 536 581 4255 2965 1173 4620 2531 2312 1969 3537 524 1789 3232 3760 2223
50 4019 4526 4671 2103 2668 752 2086 916 365 4763 3956 3206 2956 3775 804 2292 1684 1676 4936 885 2088 1521 4441 1955 175 1525 958 4529 626 817 3293 4013 4379 65 2908 1583 376 1878 3564 4032 2831 3637 4173 926 1086 2143 653 1547 2780 3284
47 4021 3847 216 2976 12 2617 927 4128 2518 3907 2036 663 226 1536 2448 2757 4466 1256 646 4584 4387 4119 4469 3795 3755 1600 1372 2201 3779 2420 4029 1930 3479 1586 158 4500 909 4985 1591 1543 3406 4783 1595 1275 2493 620 1660
48 4075 3321 4330 3757 3036 1455 2016 835 4309 4059 4235 4481 3220 2379 3677 605 4635 3337 4193 1211 2590 4705 488 2654 3475 3140 2716 2810 4241 4751 1240 2717 470 1155 1357 3886 278 170 884 3890 3101 3892 3414 4722 425 2147 2790 514
48 4150 4957 1475 8 3209 484 2909 3764 411 2551 2091 2346 3720 1232 2319 4320 597 2436 1312 315 1622 4716 4576 2397 3856 1379 2244 1981 4181 1281 1330 2164 4749 2284 614 452 1888 3432 2983 3553 1692 2630 3940 4165 4243 4535 4076 1699
46 4178 2701 2952 163 419 2580 4508 11 147 644 894 390 1059 123 2927 3708 2000 975 1603 954 3081 2321 3478 1580 1253 3979 3980 4992 1738 1991 616 2055 4952 4074 3988 1329 2159 3731 2463 1477 1308 3901 1749 2458 1145 2065
49 4198 3353 2408 304 305 810 1344 3909 2647 2079 1733 4963 2571 2814 2815 260 2261 2818 4888 17 3129 716 2823 515 4304 1385 2709 2514 3077 247 3521 4344 24 3584 4369 4628 3499 62 4489 4490 3196 3574 697 4494 2865 4496 1493 2604 1349
50 4218 4541 759 2089 3751 4805 1794 3307 2664 1961 940 4811 1412 4813 2398 2946 2521 3038 3317 4819 3733 1098 1709 1587 1773 4825 3982 4827 432 4669 731 3960 3370 30 1234 2715 2368 1758 1449 846 1366 276 592 782 4407 2462 3712 2969 4401 990
45 4232 3651 1076 4796 222 3489 58 2067 3531 3000 2739 712 3803 3107 2219 3617 434 2233 1666 939 246 3998 4274 4078 4623 4080 4081 1470 3219 4122 2993 2753 3934 61 4166 493 2243 1977 4183 2593 3221 1723 3930 2528 2829
49 4375 4548 3150 2205 2130 705 2141 1057 4630 368 1060 227 4767 2686 3329 1381 1066 1832 2331 4754 1070 3503 1608 4940 2341 2731 3888 4269 4092 4283 2413 1545 1812 458 4318 1001 468 337 3943 4252 3349 3464 324 794 268 138 3397 2430 3726
50 4550 4683 3002 4530 2535 573 3376 4633 3594 3498 2405 2241 4967 2883 1857 1767 2483 767 1188 4214 4717 1629 4958 2635 1926 3455 529 4642 2428 42 942 39 3387 3273 402 3954 1836 3043 1279 4126 1840 2410 787 2374 1844 4734 1846 2276 2048 1849
49 4592 3199 1688 2706 1554 4884 1085 1122 3858 1917 3018 3480 3066 1200 1106 2520 878 3891 152 2669 571 4890 3647 1152 1829 4851 1944 3092 4801 2683 4831 977 4833 4834 2390 412 2941 3222 2335 4604 3674 808 4679 4844 311 4502 4847 3987 4849
50 4709 3701 4251 3490 2454 1788 692 1956 2944 2459 4516 3633 2336 4662 1213 4714 2486 1473 3042 121 2732 4415 2224 1756 4016 1194 440 173 1571 329 4158 1141 4733 4901 4175 285 4981 287 217 2087 132 4033 2872 4732 3357 1858 1886 3915 2607 112
49 4787 4442 221 1258 1897 4839 2741 3142 4909 3962 4911 2575 4913 1172 1869 86 1717 2358 4446 312 4626 2675 4925 4924 2498 4872 1418 3578 2758 4930 3017 4932 3628 4729 3003 2249 1593 3522 4939 197 2901 2393 4161 4259 4945 4946 79 4977 476
49 4876 3653 4157 4 1033 3044 588 2440 3360 4001 2719 4412 4396 4509 822 1123 1008 4007 3094 1068 3700 297 4997 2734 3339 1018 2236 4448 3128 2863 1582 2178 2127 3967 4765 3378 2864 3539 4817 3926 2441 2077 997 994 1051 2857 1399 2746 1532
49 4893 3977 2202 1266 988 310 4586 4284 3556 3348 1461 4195 4682 3893 4000 1967 4904 213 293 3685 1036 3906 2293 421 3373 4678 99 3756 3885 202 1031 2434 4437 2805 2862 2059 4587 1202 2391 1190 2109 4942 3447 1244 3288 507 814 1138 1892
47 4915 4795 1352 2827 2924 1538 3992 2104 667 4660 1345 3750 3145 3211 4665 3286 2267 3251 265 4282 2074 3243 2477 1957 2275 781 7 2068 2666 2885 2281 650 2056 4886 3811 2073 275 2207 3325 941 3559 2187 523 2386 177 3693 2389
49 4944 38 2451 4079 1387 2285 4920 742 1359 3235 4742 362 3995 364 3947 900 367 1139 2135 4603 371 1003 1708 3090 1498 2813 1156 264 2403 4617 496 382 3910 384 2190 1197 387 1938 2288 676 3849 2490 4955 3344 3935 4554 1287 1760 4108
50 4988 3695 4234 2649 2611 2974 4606 1479 4569 3062 4525 2616 2991 4250 688 3981 3591 3773 1702 4740 970 1781 2851 3816 69 354 876 282 978 37 980 981 982 3461 956 2136 986 3796 3710 4650 725 253 3305 3039 2444 2445 2446 256 3714 2066
49 4993 4641 3123 4292 3739 4562 4145 1949 358 4568 4213 2609 4791 453 2114 318 2116 665 2118 757 3976 272 3802 377 2124 931 2673 2852 4736 2129 1370 4816 4174 2133 490 3205 1246 4769 1879 2139 4337 4794 3079 3120 4014 2145 210 3435 2843
49 656 3403 3292 1459 3091 760 1028 4249 3758 3350 2260 460 4219 3763 3621 2034 3226 4027 3768 3864 1825 3526 4484 610 3917 2269 4470 2854 3778 2930 3863 479 1044 4497 4503 1862 2315 4350 816 3057 1916 1810 3889 4293 64 2355 4296 3383 1777
50 1064 4961 4551 3088 1205 2351 323 675 1910 1442 1793 2411 918 751 1488 3103 1557 2645 116 527 3696 4595 4071 1294 1074 4433 4759 2415 1078 1021 2591 4928 1252 3683 750 3936 4371 15 3121 398 2740 3352 2742 2743 2126 3730 4227 4673 2748 4205
49 2024 3991 1540 4579 2641 3776 2460 3719 373 4822 635 4207 2806 3957 902 1553 3405 1620 3117 778 4731 4869 2449 755 2912 3725 930 3727 3257 606 3287 35 3732 482 2995 4221 80 2450 1960 2160 4591 3165 4191 4776 3753 2681 4009 4288 3495
48 3546 4891 2252 2046 3486 3255 456 3911 2540 678 612 3973 591 4954 4965 4966 2618 3746 3136 4970 700 2825 4973 508 905 4527 4410 156 2730 4531 512 4486 2653 1697 1867 4537 4538 4539 1377 2222 379 4524 4063 4362 1201 2977 4461 4549
47 3597 4111 240 283 2925 1975 4347 2294 326 1314 10 4018 4968 881 4052 1282 4711 3035 3912 577 4473 4748 1081 4184 2314 4917 4479 1823 2676 4862 1769 233 1817 2182 447 1388 569 1618 2841 2842 1229 4745 4923 3785 648 2971 556
47 3800 0 3630 374 3972 2303 4391 2163 3189 2492 785 4427 2704 1104 3065 3010 3687 2569 3632 1954 2075 3198 2215 4943 4511 1224 3582 2529 3029 1881 2532 267 3227 911 4611 3781 4999 1290 3824 1292 566 3301 1295 1296 1579 2973 27
49 4820 212 4190 1124 461 3744 604 498 59 4124 1541 4045 3004 1695 1851 2108 2238 736 704 2353 471 4056 2800 474 4120 2938 3223 2979 4507 480 2171 200 1361 4493 1790 3862 4328 140 1841 1245 1454 2718 3593 4741 3595 3484 1509 4266 3599
49 4821 238 4303 4991 4305 4521 3583 4308 1555 4506 2158 1020 1263 2984 2313 3937 3631 729 4064 2663 3603 4780 4764 4674 3607 1567 4654 1053 55 464 4681 4460 4596 4294 4648 1843 567 4331 1585 3950 330 2714 3616 984 4695 4793 3590 4921 869
