9 53 352 634 476 258 24 507 902 997
10 119 14 741 88 173 625 616 252 365 797
9 140 1 161 438 89 95 693 988 163
9 144 789 903 560 934 564 398 107 55
10 158 51 186 884 804 685 233 75 874 101
10 210 71 121 692 867 807 819 4 73 529
9 250 145 596 956 868 116 815 860 492
10 335 171 345 894 304 305 306 745 766 989
9 368 259 346 852 214 469 916 82 390
10 404 323 587 216 172 683 486 506 184 489
10 407 444 612 446 695 570 394 553 647 532
10 419 837 512 217 493 363 881 957 699 622
10 422 897 768 979 607 892 912 541 464 629
10 448 349 945 167 961 33 516 177 271 898
10 451 702 362 60 35 235 236 237 209 821
10 473 331 487 549 206 538 62 715 28 156
9 526 571 432 350 403 136 311 528 778
10 542 47 76 613 44 41 96 509 978 484
9 585 61 199 139 841 413 946 189 127
10 600 229 299 273 792 265 920 77 482 192
9 630 497 112 356 174 480 436 18 431
10 642 178 340 183 829 866 21 823 783 799
8 662 260 223 500 855 146 865 795
8 672 129 973 17 298 309 808 290
8 680 281 877 54 470 901 687 688
10 704 134 5 694 429 117 131 57 111 649
10 705 261 97 289 519 285 732 604 950 421
10 770 203 188 307 364 239 366 691 597 508
9 773 92 341 230 328 834 467 975 391
9 774 79 164 83 729 595 941 48 593
9 794 279 152 91 393 994 844 108 29
9 882 601 598 463 169 557 669 725 308
10 896 329 713 665 744 769 442 637 746 546
9 917 876 212 180 288 755 485 377 686
10 951 321 502 728 457 824 908 849 23 238
10 952 213 708 697 34 426 886 0 120 150
10 959 292 724 843 943 619 754 726 859 251
10 993 490 891 160 142 211 125 861 481 635
10 37 301 985 220 714 395 353 330 315 159
10 58 925 369 971 757 848 937 906 717 846
10 65 491 923 439 418 313 531 283 544 863
9 66 268 921 409 319 185 706 128 87
9 70 554 26 581 15 561 359 663 461
10 126 242 332 827 641 19 534 806 388 627
10 130 631 932 105 552 615 78 703 677 944
10 154 764 681 606 294 196 459 707 357 653
10 176 466 847 518 244 245 527 899 45 248
8 187 857 522 475 80 684 408 40
10 191 577 652 138 654 415 835 599 992 659
10 200 257 574 543 749 605 334 325 337 471
10 218 919 194 207 787 614 100 822 453 610
10 302 536 378 372 267 240 589 405 883 929
10 303 904 275 410 396 850 780 361 458 296
9 310 791 817 736 592 676 38 567 263
9 367 501 803 379 555 996 205 358 243
9 384 56 983 193 286 8 579 738 626
10 385 386 190 103 452 871 420 750 550 360
10 425 64 7 793 440 115 498 525 569 232
9 428 639 195 566 737 122 170 255 779
10 433 563 840 443 383 114 179 924 316 679
9 434 562 324 427 551 6 74 291 963
10 437 266 667 397 226 106 701 46 123 909
10 447 721 760 517 272 39 646 939 85 339
10 460 90 175 241 982 674 68 523 547 535
10 468 588 709 247 496 375 374 586 11 784
9 478 648 270 936 772 545 113 947 343
9 530 455 462 558 43 287 417 477 716
10 537 751 900 623 533 756 222 411 52 342
10 539 277 135 872 761 869 965 753 890 781
9 582 801 711 851 656 933 293 157 109
9 590 499 788 228 513 370 668 9 948
9 602 800 326 347 762 505 322 225 50
9 609 591 643 151 974 10 133 278 84
10 628 712 274 280 632 785 510 474 488 93
9 644 572 743 758 234 20 168 578 690
10 645 514 568 373 650 389 986 348 118 215
9 657 742 968 165 776 423 320 718 224
7 660 269 888 202 449 63 905
10 670 511 875 922 2 805 671 658 802 355
9 730 333 870 72 727 124 317 318 22
10 777 401 976 955 94 249 204 696 338 682
7 782 812 483 617 102 231 400
10 790 633 733 153 911 424 86 673 445 472
9 810 856 580 32 456 998 565 710 98
8 818 814 556 387 540 381 227 479
9 820 636 842 312 262 796 221 147 640
7 828 12 219 110 69 253 300
10 854 832 503 833 148 880 504 984 858 651
9 864 918 3 402 809 137 254 664 132
10 914 915 380 977 327 763 735 700 928 839
7 930 767 962 143 36 887 181
9 931 719 351 27 104 284 838 698 198
9 938 885 392 197 775 765 414 584 935
8 940 740 813 412 25 964 723 576
8 949 893 13 913 825 826 155 354
9 954 16 382 958 67 879 583 734 786
9 960 969 722 853 524 99 416 559 30
9 967 878 59 759 927 816 895 454 953
7 980 141 264 182 297 666 831
9 999 42 81 371 515 246 282 548 747
