10 7 283 807 485 834 405 435 188 365 817
10 58 520 35 441 97 746 130 736 679 947
10 88 1 254 83 256 503 157 838 825 826
9 92 160 849 107 976 202 364 437 366
9 100 500 6 618 99 47 908 773 737
9 166 117 96 707 764 159 529 337 722
9 182 247 418 371 661 430 228 263 578
10 190 55 11 103 603 505 650 621 977 381
10 197 118 392 68 109 232 526 231 906 756
9 233 131 42 70 966 121 478 174 490
9 265 226 14 13 222 818 17 839 782
10 295 26 172 512 234 221 515 911 749 827
10 316 64 45 123 724 456 168 320 925 628
10 334 623 465 464 414 939 86 153 450 932
10 343 264 53 667 462 912 558 685 752 133
10 375 183 340 149 689 845 805 938 433 611
10 415 138 41 606 989 975 173 388 867 886
10 416 767 128 344 249 835 537 531 540 914
9 420 601 648 536 28 194 258 573 781
10 431 313 147 287 181 164 206 688 762 920
9 499 794 382 632 350 230 481 677 946
10 513 511 617 891 165 115 949 960 904 965
10 570 449 59 631 125 607 451 547 919 992
10 572 321 597 43 819 587 275 708 674 759
10 584 259 200 257 538 504 586 957 847 929
9 620 51 240 655 533 192 945 161 50
10 637 272 179 729 112 87 510 447 551 506
10 664 4 196 744 882 563 281 582 981 935
9 730 61 467 676 581 31 850 575 16
9 784 491 201 706 426 726 866 110 496
10 796 494 574 423 638 76 193 804 877 474
9 800 300 268 245 406 346 199 288 362
10 820 473 983 732 66 367 5 588 654 439
10 854 154 212 861 211 238 944 915 116 660
10 862 136 94 471 922 139 387 745 879 937
10 930 562 244 457 57 207 132 144 227 934
10 940 557 336 69 89 647 705 926 417 743
9 956 672 733 788 967 78 495 857 715
9 961 851 468 189 122 355 871 928 170
9 990 239 18 49 546 750 236 237 999
10 997 480 412 301 984 635 662 400 954 686
9 21 46 509 32 63 150 971 310 303
10 23 213 656 527 634 858 789 307 766 104
10 40 30 67 585 205 246 262 461 994 203
10 56 171 293 135 214 493 595 351 459 830
9 60 429 384 560 636 808 186 114 539
10 81 34 370 651 148 824 793 644 823 979
9 95 716 65 751 809 359 408 723 386
10 113 612 145 98 878 380 379 863 645 955
9 119 71 569 250 579 554 326 754 427
10 127 241 683 765 942 829 986 874 884 769
10 140 143 314 421 856 74 448 704 142 952
9 178 10 998 85 276 678 719 9 285
9 220 210 372 325 322 260 335 105 458
10 243 718 24 786 524 252 297 218 622 687
9 298 266 432 208 306 383 885 698 738
10 302 152 62 492 8 330 328 525 279 803
9 315 215 332 403 760 898 806 368 921
10 349 445 137 643 669 646 248 668 731 902
9 363 787 399 3 872 608 528 278 692
10 393 224 675 342 507 108 832 235 963 734
9 394 255 779 253 167 970 673 77 223
10 440 261 633 331 169 404 273 15 610 895
10 446 120 354 304 703 943 991 701 936 962
9 453 753 428 158 345 242 79 909 890
10 460 312 124 141 567 180 198 216 865 993
10 466 463 913 780 821 552 868 755 720 657
9 479 90 566 84 329 391 791 151 772
10 488 948 308 396 176 209 156 596 901 897
10 519 296 82 916 985 101 602 548 873 905
9 530 353 422 20 33 605 472 739 987
10 535 583 0 666 783 833 814 361 982 469
10 553 424 324 27 356 652 436 555 640 489
10 568 576 369 852 162 518 358 556 594 146
9 577 376 22 274 39 893 828 600 348
10 590 373 177 29 91 378 697 768 2 402
9 593 390 75 299 927 269 286 641 191
9 598 549 757 225 290 93 48 671 727
10 630 292 277 508 550 880 918 711 774 544
9 649 327 270 38 54 522 609 545 742
9 653 385 411 599 425 659 795 484 374
10 663 797 282 19 357 792 761 482 229 613
9 670 454 625 815 409 604 869 684 785
9 680 352 102 777 413 187 629 627 591
10 691 721 840 37 126 185 106 690 80 903
10 696 438 291 740 682 900 398 876 483 541
10 700 397 12 317 318 360 410 319 973 401
10 710 476 846 73 887 311 333 477 811 951
10 714 470 339 543 842 501 592 514 725 614
10 770 624 294 284 810 52 487 843 953 980
10 776 475 972 958 974 959 217 798 923 681
10 790 521 442 665 964 523 831 341 407 712
10 802 626 163 305 309 289 995 571 988 933
10 816 534 44 836 377 271 565 444 419 758
10 822 542 517 848 741 155 497 347 860 195
10 837 532 699 888 694 778 280 771 709 747
10 859 564 395 434 695 502 870 702 615 853
9 864 642 25 658 111 36 917 883 389
10 881 728 323 498 184 251 129 338 616 619
10 889 693 267 713 72 219 204 452 735 580
