36 31 4311 84 3052 2540 2665 1915 720 290 4233 320 2934 2251 4325 2387 16 3048 3871 3028 476 2599 4896 2639 973 181 2955 839 3676 2192 842 2003 4474 4870 1819 4076 4201
38 89 1 2613 3059 1917 3870 67 1237 4889 2362 1295 1296 547 3743 3964 3454 469 4293 64 2355 4296 4156 1425 1196 4802 1946 1567 1135 844 3943 4252 3349 3392 1724 845 2133 1842 2235
28 148 1824 214 4418 584 3348 1461 2181 616 2055 1312 315 4698 2484 2416 3483 2612 2685 3046 3730 4158 2025 3683 4619 4582 1252 3297 3311
33 191 108 2302 2907 232 3858 2530 150 4599 1959 3450 1020 1243 2356 3472 4766 1069 1527 1759 2519 3994 4473 4748 3814 3496 1923 4785 1979 554 4022 3849 3053 2869
36 199 1143 253 258 339 4834 2956 135 527 1320 1474 4058 3917 941 711 1877 3133 2680 2581 2543 2223 4110 4886 638 2286 4838 4238 2452 1434 3409 929 1659 3959 266 4773 197
32 334 125 565 4412 2219 302 4131 4455 1641 4686 924 2662 2724 2151 1766 3967 4997 4064 3537 4844 1042 1693 275 4615 738 703 2401 4014 4357 3545 541 4729
37 355 351 2628 768 591 1949 1186 4908 18 3529 2640 97 2677 1960 2160 4591 61 4115 4710 2887 580 3113 74 3629 3879 3456 4648 4479 1823 2676 818 2083 3518 3535 1865 2657 1593
30 400 1844 1988 207 1263 1822 3334 1731 596 1901 3244 4730 2123 1579 1666 343 133 2969 4401 3425 3781 4856 1441 249 1947 1174 4011 3541 4165 2901
36 414 388 1410 95 413 3644 129 2608 4360 2494 1339 49 4869 2449 895 896 897 898 1092 1982 1983 154 2327 3427 999 996 4013 3564 4658 643 4065 2631 2971 556 4369 3320
32 423 401 1203 2751 1318 4290 1787 551 740 3655 1542 399 3565 4006 1571 3238 4711 651 2670 3939 4554 1930 173 1199 2419 4142 4490 1324 2899 2101 3557 296
36 444 1383 675 1093 4364 419 1831 2077 865 991 3228 4882 722 43 1363 1019 1262 1024 4826 1771 1321 1184 3210 4334 4257 1150 3938 2328 4542 2369 1637 482 3673 3497 873 2756
36 450 938 2318 632 855 4039 484 2909 2053 2072 4018 3480 4269 4092 4071 652 2569 806 2744 408 3783 3298 967 987 90 3185 880 3224 2425 1645 1803 3865 2838 2913 3435 4187
33 509 153 3909 2647 2037 4033 3500 3681 990 402 4576 3710 4650 754 1564 2397 4577 1053 55 2198 907 1665 3988 4397 1096 3935 2844 4248 4661 3395 4923 4818 2874
34 600 357 2937 1420 1604 3622 3603 693 2661 1536 2448 519 4067 1185 560 3175 1560 4862 1592 3168 1117 1487 3985 2546 4792 1945 3755 3461 1494 1769 233 2087 3618 1065
37 624 205 756 365 1595 473 2994 1550 2550 787 4105 1107 3239 1695 2358 204 312 2480 2121 3874 4780 4764 4674 1948 633 4539 1142 1022 4345 4346 2939 710 2367 3119 3876 4114 3003
32 684 261 1767 2483 767 1188 3536 1993 1109 4215 561 4607 3477 4266 1840 2889 2493 620 610 3942 2559 3571 1632 2898 3318 4628 3499 3389 2334 982 3386 3253
31 745 1183 752 2086 916 1830 4108 1407 1576 2699 960 2674 2463 3094 4922 3207 2936 3010 4716 4833 3340 2562 1223 1300 1970 2865 4494 3990 1558 3767 3579
35 775 609 3599 4097 4920 3956 3143 762 2136 1611 2551 2091 2224 1277 864 2341 2731 3888 4605 3043 2949 4937 3728 3989 2179 4598 4789 2112 499 1481 2549 721 4637 3093 3213
33 779 1630 2012 1479 2555 1129 4422 1613 4484 1138 1200 3999 1890 4498 76 2242 1814 2417 2692 2748 2171 3417 2977 4461 4432 4831 4029 4981 1108 2841 3196 3322 4315
33 849 801 802 1435 2739 2902 559 3110 1557 1346 1728 4181 1281 1330 2164 2777 218 164 846 4381 2153 215 2826 1151 2424 3929 4122 3032 3398 3391 4203 4535 4520
34 861 305 1076 1037 1334 3738 4358 2762 730 2203 396 859 539 237 1807 25 1916 1810 2343 965 3141 2100 3505 3641 4020 3102 1827 4295 3278 4755 3280 3447 4492 728
35 934 1506 1332 435 579 3147 792 654 2690 1937 3371 2960 3293 587 2855 4339 4927 1448 1740 5 4946 79 4977 3231 786 325 2264 3635 625 2263 3202 1202 2191 2187 4348
37 1050 443 2749 1791 1760 2585 1359 2923 670 3886 161 2292 1684 866 426 2317 4316 797 474 1545 1812 4120 2938 3223 2979 4507 282 41 4916 2019 1984 1508 516 145 146 2485 1634
35 1209 1278 2451 2625 1048 3 919 1686 1658 2742 2743 741 1905 1270 2941 3222 4741 617 167 292 1307 4366 1090 1445 1047 1384 628 3792 3308 1086 1992 575 2698 1437 4858
36 1236 1501 706 3688 2283 4703 3921 4505 517 825 789 4037 3421 950 223 3317 3384 648 971 1248 698 1146 4237 380 1718 2063 2128 425 2147 2790 514 4545 3581 2392 3953 4259
29 1261 118 2688 176 1910 1442 1793 983 918 4763 947 815 3686 3085 3465 3226 2864 3352 1322 3011 2333 1523 838 1942 1763 3246 4362 1649 642
34 1356 598 1892 3768 3864 1825 149 2291 3069 3183 2107 998 1291 2394 1884 3380 44 1796 1906 884 3890 4801 3932 1889 4737 3377 1903 4883 4199 1112 535 2721 3025 3008
35 1375 851 4082 1966 3511 1712 3487 748 2734 1535 2005 4117 629 3897 3462 1249 4493 3868 1364 2233 4679 1675 4622 2119 536 1440 3835 2850 1305 1552 195 2180 1872 719 3951
35 1376 1779 487 2431 521 2360 28 87 3670 2398 1781 582 945 69 709 1331 3336 2065 716 2315 4350 2632 1027 1859 4537 4538 4793 4456 375 1828 4555 35 3732 1706 4023
38 1450 848 1458 867 2186 682 3504 2026 2774 3064 1707 4958 1006 1870 3156 78 359 3840 943 464 4681 4460 4596 4049 2214 3436 1583 3873 2558 1736 1128 393 2975 1212 1922 4169 2653 1408
33 1500 2032 238 1805 863 3764 405 26 274 225 4692 3237 1449 3575 4649 4236 4864 3731 1518 4283 3261 329 4227 4549 3344 1938 3952 4824 4892 4141 2602 4815 4939
38 1588 1052 2297 221 1310 3131 1091 262 2170 3170 905 2964 2720 1742 3433 552 3381 2413 417 1569 589 1395 3180 958 889 886 695 442 4220 4268 3079 4458 4331 3940 4073 1547 2780 645
33 1602 397 34 3914 73 77 2918 2084 1132 961 231 1333 951 3915 2607 1292 4393 2928 4804 1225 4519 1672 680 1965 2993 2830 3299 4255 139 2891 4222 2013 2097
34 1619 1651 4705 1730 1264 3092 1531 1818 507 2458 3414 4973 1269 1000 180 1390 3151 4134 363 3190 1931 2196 4733 4901 876 4720 2270 1871 3182 3399 2145 4063 3577 4810
37 1650 795 1886 1534 2149 309 4229 3341 878 63 4428 662 2783 4440 1495 432 704 2041 1304 1323 4825 1944 2269 4470 1657 2288 4489 3294 4527 2638 2622 1014 2516 1668 4310 2496 4647
33 1715 2248 1144 3916 1744 4380 4684 1873 1529 811 831 319 2110 1409 2839 1035 2426 4275 3495 4624 3636 2207 3325 4528 2073 3691 3811 4388 1405 2512 2357 2143 4265
34 1750 959 3378 48 4569 595 3208 694 4690 4017 2265 4195 91 4836 807 3742 1229 132 4959 4035 3769 3830 4205 1882 1094 3538 1347 2273 3492 257 3313 2627 2371 995
35 1894 1114 0 2786 50 860 446 2966 986 3796 1423 2684 1105 1215 1216 2654 3475 3140 46 1427 2197 3225 901 3648 4984 2030 4166 1148 1176 3343 2853 906 3098 2545 4587
35 1909 2131 1549 2460 1864 788 1969 4127 3335 1158 4626 769 1231 1895 672 637 2655 3089 649 2610 2626 2146 2592 3463 324 794 687 2438 3540 2682 2227 379 2837 534 2633
35 1921 1102 242 3229 3468 803 804 2420 3508 1967 4758 4691 4263 3179 467 3558 3759 1928 2597 1303 1743 3181 557 2165 2821 3878 3195 6 1514 3860 3037 4054 314 1464 1990
30 1962 2552 1391 4627 3554 826 2570 106 2957 2587 174 3984 1838 2250 4478 3734 3339 2437 4423 4424 2132 4517 3997 3934 241 3772 4620 3853 3698 3850
34 2060 1179 3526 2738 3617 2505 1177 2174 2705 777 2156 4561 194 1907 1836 2352 568 3883 3394 151 2755 1612 2347 2389 772 4543 2691 468 3979 879 1670 935 2877 3596
34 2099 1259 2502 295 2254 1032 2870 949 4509 459 1393 1608 4940 2693 4756 217 1618 201 2182 447 3908 955 4573 4750 40 3030 316 1181 2400 3968 974 4955 4887 1431
35 2152 497 212 669 2040 1748 837 53 800 994 2329 3736 4727 2733 3696 3765 1751 3479 601 4905 4072 1120 2987 3626 3875 3797 1720 2589 619 3355 3287 3099 3277 1084 2395
35 2168 1164 82 2096 3489 4631 366 1127 505 875 909 1463 488 890 3012 1315 183 1522 2353 697 480 2672 1734 1182 2478 1385 2364 972 1244 3288 4953 2843 4394 4593 3637
32 2282 870 799 147 644 2137 2711 1063 410 4027 1023 4998 4060 4659 4636 3103 4405 4192 4214 4717 1629 1784 1081 4084 2259 3789 4288 3901 4425 4294 4743 2943
36 2309 1551 2595 2127 182 2028 301 4299 524 911 4611 1789 3232 2299 4850 1698 3124 3083 4752 4989 3306 1424 657 4183 2593 3221 1723 1624 1597 4239 1131 2222 1433 1783 3363 926
32 2396 1671 2565 1509 1598 1379 2244 1981 1780 2553 3001 4093 276 2588 2225 2010 4938 2435 1366 4774 3601 4852 2211 3692 2696 3679 4107 1078 168 1729 1739 2247
37 2470 511 2294 326 1314 71 250 1290 3332 747 2070 4361 4823 2423 888 1797 2245 4202 2006 2378 1772 2726 691 882 4302 3097 62 676 3861 3718 4880 429 124 3786 946 2472 2249
37 2875 3282 403 1068 4391 2163 306 2644 451 872 763 2604 1349 2313 3937 4806 3438 2857 847 2090 1399 2746 1532 923 377 4197 634 2758 2679 1697 1662 4807 2194 1489 533 3205 428
31 2886 1297 4276 2220 506 349 477 891 930 2376 2069 4995 3203 1507 2023 1896 3533 4843 2840 3354 3712 19 1980 3822 4445 4297 668 1054 2714 1165 3449
31 2893 2274 1286 226 2719 270 466 434 4431 4430 3063 1275 3242 2712 1374 112 4046 483 4378 4842 4352 4404 3552 4854 2474 4129 3760 4837 3748 4367 979
31 2910 1214 4059 1491 422 2700 714 160 727 1790 2411 1488 679 1868 2740 3481 3595 278 914 4845 4673 4669 731 2564 387 1134 4840 2489 382 2959 4161
33 2932 2455 1272 615 203 1757 2374 3754 4347 1846 3040 36 2715 2368 2757 2444 2445 2284 781 7 2068 2666 1792 2257 3690 1137 4436 2388 4323 2904 92 285 4778
36 2950 2522 3543 328 4655 489 2620 3806 3305 997 1145 453 2114 1152 1829 458 4318 371 1003 1976 3834 404 2635 1130 944 1031 2234 1191 2831 2605 3815 758 3193 4256 4475 776
37 3070 2199 4118 3922 327 661 2958 338 843 3788 2139 4621 3949 2573 928 602 4062 3234 1653 4189 209 3697 936 2572 3430 3431 1932 4781 3661 523 4879 2935 2409 2500 3970 1422 3437
34 3084 751 810 3484 361 3211 392 1477 1308 1111 381 2533 2797 956 1999 3790 4328 3121 3273 4123 1026 4897 3856 4914 2636 4188 4410 4531 512 2172 3215 4385 4386 3148
33 3100 2792 163 239 2324 1271 3164 144 2491 2134 1189 581 2537 2538 3620 636 1443 3388 3022 1704 1456 3466 134 1761 783 2584 330 2038 1876 793 2926 733 1747
31 3184 1700 1689 283 1402 2517 4287 3078 583 427 3442 1121 725 3656 81 127 3954 1647 1710 2271 1539 2658 4866 4751 1240 2717 1388 569 3067 1301 834
35 3191 2574 594 3200 1622 522 1227 2076 4665 2760 4088 2062 1601 131 1764 819 57 342 2824 3413 4329 117 2798 234 1436 4903 1687 3542 277 4983 4894 4722 1319 4987 3812
35 3263 2583 2623 4194 475 925 1251 372 4148 3127 1421 3045 4414 2064 3684 1898 761 3034 3507 1497 1362 1404 247 3521 4344 259 1639 2232 4270 969 686 2113 4885 1879 376
36 3295 2185 613 3075 2348 4048 45 246 3998 681 614 452 1888 47 3120 1180 2753 874 2021 2576 80 2450 268 138 599 2770 1786 3889 4612 2921 70 1373 735 3829 2117 3522
33 3525 1268 528 142 4485 550 702 1705 248 1606 1447 3842 1406 1369 526 1626 1329 2159 4052 1282 2178 2973 27 3725 4924 1524 2881 606 3950 3359 3782 3678 4382
34 3550 1801 2150 4506 1072 331 1073 538 280 360 577 3087 2708 3095 4228 184 4832 3470 3613 3645 2872 4732 2810 4304 2793 2895 3469 4589 4762 3544 1113 3464 1816 3323
35 3586 2015 3240 1411 1533 1187 4055 3302 3300 2577 2735 3387 4523 2034 2390 1857 2996 3687 2656 2381 2473 549 3643 4168 4042 4043 4643 3707 1482 478 1673 3716 1578 3112 3440
36 3600 4536 1233 1459 3091 251 2427 3867 1239 293 3685 1036 3906 3090 1498 2813 263 32 647 500 4735 574 717 494 4803 2092 1418 3578 4585 828 3459 4094 4383 2345 2908 2393
32 3650 2301 572 1279 1499 4448 544 1018 1327 2276 4604 4152 3593 2335 4817 4765 4657 2422 1963 2999 1493 4433 1396 3821 3482 4496 3839 287 1228 4377 1878 1046
35 3784 1934 2239 841 3109 4853 1952 3737 1201 72 4746 1011 2716 1490 1004 978 770 3364 200 1361 4139 3135 4138 1274 1600 1995 1738 479 1044 192 4689 3241 4841 1845 3383
34 3826 2432 3188 3254 2951 2563 2126 3049 1544 2683 1357 1996 3009 3926 1106 2475 1468 1726 2466 3301 4223 1566 350 3978 4426 1460 4333 2467 1815 1900 4663 1735 1692 4173
31 3827 2816 1590 2554 1504 2148 4768 4398 3933 689 2897 3551 1591 1543 3406 4783 2507 4515 3837 22 4009 3948 1719 2011 2970 2344 3838 4159 4928 2727 243
35 3832 1964 1337 1841 1245 4586 3035 2590 4588 2441 3314 3315 2188 817 791 853 518 4098 1198 1502 3171 4090 3014 3400 626 4830 3312 2216 2305 1904 1843 567 245 4747 4597
33 3833 1351 1582 1062 3291 3351 2218 618 1313 1577 2410 2226 571 1762 1336 4282 4446 1462 2695 4342 4629 4982 1758 4435 3664 3367 4332 3006 4050 2490 2842 1862 4337
33 4015 2081 1680 3810 2031 673 3887 486 660 1586 3787 3891 152 1288 15 3585 3862 4212 256 3714 2066 2312 2542 4910 4760 98 2531 1530 4644 4185 4656 4651 2594
35 4019 4025 809 310 1287 966 2007 3674 808 3178 1587 1773 3555 2125 289 2775 3520 4371 2469 116 3290 1400 1798 2879 1596 2506 4877 862 2386 177 3693 2138 4971 1238 3570
32 4021 3316 3446 1040 4865 332 1809 2495 566 3818 2988 1234 30 3762 2785 3007 2702 4985 3563 3587 977 4031 659 3501 2481 3471 1853 1484 3659 4146 2093 1777
33 4075 2541 3128 2863 4697 3350 2527 4788 4553 4116 1887 3974 915 4847 3723 1849 1623 3266 1635 4798 344 4799 3455 52 3358 4632 2772 1159 2429 4745 4175 1246 3284
35 4150 4061 948 2931 3531 1927 3675 4225 1561 1088 85 1617 4324 4899 213 4066 317 3559 1161 3162 1737 3662 2253 3963 4482 1633 3980 4992 1208 4468 2308 2190 1001 1991 4950
36 4178 2701 304 4408 455 922 1848 4808 3274 784 20 267 1835 4407 2075 3198 2215 4943 3582 2529 2017 4096 4706 1631 2144 4047 2279 3176 4083 739 4104 4264 3252 4399 1699 1284
35 4198 2051 744 3303 222 1941 358 1956 2944 1126 114 529 1051 1568 2557 367 1016 1589 1754 4112 1222 3494 1141 1372 2201 3779 4759 2415 3345 3005 13 1368 2035 2805 3665
33 4218 3671 3204 1950 3326 1389 88 113 3163 964 2781 2050 96 755 2912 4089 1340 3039 2498 2745 1049 3149 4459 3473 1933 4952 4074 3841 1817 3735 2468 1197 2834
34 4232 2801 1454 2718 2048 1394 1075 4176 3872 1503 1444 3157 1880 1627 94 3666 774 4300 4100 1958 869 2967 3983 4171 1978 3894 1638 666 2961 1055 3903 1002 3602 3823
33 4375 3913 159 58 742 140 2768 1685 2933 563 311 3987 4849 4734 1678 3668 2873 2919 3125 4226 1677 3532 1782 2193 3930 2528 2829 832 3553 543 210 4153 4769
33 4550 4278 1211 3490 1397 60 3107 2619 4298 690 3958 2078 3677 1429 4126 297 3700 4999 170 3560 908 3177 3114 4500 1893 570 4775 4718 4794 4411 2453 558 3923
35 4592 3847 564 782 3749 2462 2310 3771 611 1133 3513 128 1136 3592 1294 1074 158 4420 3824 2817 2080 2882 3549 2446 3397 2430 3726 1585 2859 2497 2337 1220 51 2370 2246
31 4709 3033 353 208 1457 1154 3583 4160 1858 2363 3404 9 3250 1298 2210 4053 696 2340 3249 3517 1891 1954 2603 4280 1438 4511 1636 3338 3219 4739 548
35 4787 2221 2523 409 4216 4502 712 2637 2295 412 1660 4286 286 1210 244 2304 4969 1936 1221 1951 105 1785 4206 1953 4964 3514 3137 3667 2098 2169 3965 3794 4857 4243 4144
35 4876 2915 1414 3333 1572 2200 605 3220 2379 2836 2615 2316 186 322 1401 386 2650 17 3129 1808 2020 3548 3382 1605 472 1711 4186 1328 165 4563 2338 4497 4503 3574 3825
33 4893 2668 415 894 390 1059 3663 677 942 39 576 1099 1648 2111 750 3936 3610 2849 398 1428 2380 2678 3598 877 4975 4556 2154 3289 2856 4077 1348 4828 1235
34 4915 4452 2 771 4 1492 1621 3539 2256 989 4634 143 1451 228 4933 1100 4790 892 4274 4078 4623 4080 4081 1470 2942 2995 4221 230 3703 3510 4680 4921 2630 3966
32 4935 3701 1386 37 980 981 1194 440 3370 219 2102 2428 42 2443 2769 418 470 1155 3960 2018 54 1749 3267 2982 1080 4307 952 394 141 321 4354 2947
36 4944 4581 1714 4230 4413 2737 1168 2008 2354 3519 2402 1125 1267 4557 4926 2536 169 3230 3138 530 1163 3493 4444 653 448 931 1899 99 2929 4744 3212 4244 4245 3432 2983 2750
36 4988 3169 2890 2803 2804 2213 746 3074 83 4972 700 2825 2660 337 1247 4895 553 4851 3982 3080 1614 2240 2027 294 2978 2930 24 3584 2391 1190 2109 4942 640 532 3859 2972
33 4993 2903 729 1855 2663 2866 2229 1911 4434 3029 1881 2532 2796 3258 4336 920 3572 107 1089 4601 3612 1821 814 4749 4101 3516 4480 4544 3013 3402 1667 3590 3443
38 656 2747 4968 881 66 1358 4990 1071 4565 2694 1874 1914 816 3057 962 1625 2862 202 23 4349 2406 1335 1171 1867 4728 3283 2501 3285 1908 3785 3854 1115 2044 1834 1242 4609 120 4945
34 1064 3321 157 33 2236 1770 1116 2614 1110 1038 2598 1175 1496 3146 3702 441 621 4416 2047 1149 932 968 4260 753 2384 2142 4277 1837 3616 4524 2095 3415 2059 3374
34 2024 2710 1924 2953 12 902 1553 3405 737 2754 1986 724 2965 1173 2556 284 4704 3165 4191 4776 3753 2681 3680 1935 1721 198 1382 345 4784 493 2243 1977 537 1306
35 3546 3977 2103 235 2759 2067 2016 2359 592 4610 2784 2195 3101 3892 1045 4241 438 4002 766 3410 4091 4782 2820 3227 481 1850 4695 562 3365 2289 1377 4978 2094 2189 2776
31 3597 3403 1681 830 424 2382 1302 2642 1664 607 2567 3024 3281 650 2056 346 1367 3912 4861 1365 4057 3390 3357 4848 3346 3233 1453 984 1820 2986 1985
35 3800 4641 1804 273 913 3924 1528 1516 856 172 2894 3721 1768 812 2689 743 2911 910 4179 2851 1273 3642 850 457 4008 255 3276 3747 3547 2106 627 3652 2228 4907 3439
34 4820 1260 3515 3589 630 456 389 1696 1311 356 4481 4635 3337 4193 2586 336 4835 3799 701 3705 508 137 1043 3269 4912 1253 2039 3264 3910 384 1140 2183 4032 2761
