10 53 352 634 3 402 809 137 254 664 132
10 119 14 741 88 173 625 616 252 365 797
10 140 1 161 438 524 99 920 4 73 529
10 144 789 42 549 206 538 62 715 28 156
10 158 51 186 382 262 796 100 227 48 593
10 210 71 16 264 533 996 205 358 243 354
10 250 145 12 13 913 15 561 359 663 461
10 335 171 121 692 867 807 819 77 482 192
10 368 259 141 884 804 685 233 75 874 101
10 404 323 587 216 17 545 113 408 255 308
10 407 444 612 446 695 570 394 553 647 532
9 419 837 903 560 934 564 334 201 484
10 422 897 768 979 607 892 912 541 464 629
10 448 349 596 956 868 825 826 485 377 622
10 451 702 362 59 403 435 689 107 108 29
10 473 331 345 894 304 305 306 745 766 989
10 526 571 945 167 961 33 516 177 271 898
10 542 47 76 217 493 363 881 957 699 686
10 585 61 346 852 214 469 916 405 883 929
10 600 229 299 273 792 265 10 133 278 84
10 630 497 112 356 174 480 436 947 795 40
10 642 178 340 183 197 595 611 74 291 944
10 662 260 223 500 72 727 124 317 318 963
10 672 129 973 60 35 235 236 237 209 821
10 680 281 877 276 344 678 655 624 907 608
10 704 134 5 694 429 117 131 57 111 649
10 705 261 97 289 519 285 732 604 950 421
10 770 203 188 307 364 239 366 691 597 508
10 773 92 341 230 328 834 430 621 752 49
10 774 79 164 83 729 684 735 693 988 163
10 794 279 152 91 393 994 844 155 858 651
10 882 601 598 463 169 557 669 725 479 997
10 896 329 487 81 44 41 96 509 225 50
10 917 876 199 139 841 413 20 168 578 690
10 951 321 502 728 457 824 908 849 23 238
10 952 213 708 697 34 426 886 0 120 150
10 959 292 724 843 855 805 671 658 802 546
10 993 490 891 160 142 211 125 861 481 635
10 37 301 985 220 714 395 941 838 975 391
10 58 925 369 971 193 286 146 865 55 109
10 65 491 923 439 418 313 531 726 859 251
10 66 268 921 409 319 619 754 309 808 290
10 70 554 26 581 829 866 36 325 337 471
10 126 242 332 827 641 19 534 806 388 627
10 130 631 932 105 552 615 78 703 677 390
10 154 764 512 613 371 515 246 282 548 472
10 176 466 432 350 226 674 68 523 547 535
10 187 857 522 475 258 927 816 895 454 431
10 191 577 652 138 654 415 835 599 992 659
9 200 257 574 543 749 605 63 400 224
10 218 919 194 207 787 775 765 520 910 399
10 302 536 212 180 288 755 8 579 738 626
10 303 904 275 410 396 850 780 361 458 296
10 310 791 817 736 172 683 486 506 184 489
10 367 501 803 379 555 298 353 330 778 779
10 384 56 983 748 675 376 739 450 603 720
10 385 386 190 103 452 871 420 750 550 360
10 425 64 7 793 440 115 284 221 147 492
10 428 639 195 566 737 89 95 815 860 640
10 433 563 840 443 383 43 287 417 477 716
10 434 562 324 427 551 6 706 297 666 831
10 437 266 667 397 759 182 116 700 928 839
10 447 721 760 517 272 39 646 939 569 232
10 460 90 175 241 982 106 701 567 82 494
10 468 588 709 247 496 470 901 687 688 343
10 478 648 270 936 143 756 222 411 52 342
10 530 455 378 372 267 240 589 467 584 935
10 537 751 900 623 943 614 442 637 746 355
10 539 277 135 872 761 869 965 753 890 781
10 582 801 711 851 656 933 293 157 18 863
10 590 499 788 228 513 370 668 189 127 263
10 602 800 326 347 762 505 322 822 453 610
10 609 591 643 151 974 880 504 984 978 731
10 628 712 274 280 632 25 964 723 576 98
10 644 572 743 758 234 785 510 474 488 93
10 645 514 568 373 650 389 986 348 118 215
10 657 742 968 165 776 423 320 718 128 87
9 660 269 713 845 294 196 459 707 357
10 670 511 875 922 2 136 311 528 315 159
10 730 333 870 476 80 185 170 414 836 771
10 777 401 976 955 757 848 937 906 717 846
10 782 812 462 665 744 769 498 525 85 339
10 790 633 733 153 911 424 86 673 445 198
10 810 856 580 32 772 862 179 924 316 679
9 818 814 483 617 54 998 565 970 166
10 820 636 842 312 958 67 879 583 734 786
10 828 719 351 27 104 114 830 416 559 30
10 854 832 503 833 148 122 24 507 902 208
10 864 918 847 606 314 162 575 441 495 256
10 914 915 380 977 327 763 21 823 783 799
10 930 767 962 558 456 375 374 586 11 784
9 931 878 556 387 540 381 398 887 9
10 938 885 392 926 620 149 295 987 873 942
10 940 740 813 412 102 110 231 69 253 300
10 949 893 681 518 244 245 527 899 45 248
10 954 811 798 406 202 449 946 710 905 181
10 960 969 722 853 94 249 204 696 338 682
9 967 991 638 661 573 995 336 283 544
10 980 981 972 889 465 594 966 31 618 521
10 999 990 888 219 592 676 38 46 123 909
