10 53 352 593 800 840 495 256 862 179 920
10 119 14 741 88 528 102 430 123 700 992
10 140 1 161 802 427 551 507 902 733 463
10 144 789 42 78 390 692 198 67 879 583
9 158 566 684 265 10 133 278 84 839
10 210 71 186 217 493 771 881 162 575 981
10 250 13 962 648 2 873 939 535 870 620
10 335 145 12 816 431 325 607 892 912 541
10 368 171 16 167 961 439 418 966 31 937
10 404 323 587 110 231 69 253 300 861 685
9 407 444 612 446 459 50 534 806 77
10 419 837 894 916 467 975 81 44 830 729
10 422 897 299 273 304 46 834 436 74 254
10 448 259 408 925 170 683 486 856 580 996
10 451 694 769 155 923 350 403 440 900 845
10 473 331 121 549 206 538 28 156 132 944
10 526 349 596 956 398 113 378 656 629 291
10 542 571 945 264 355 878 346 852 689 391
9 585 61 199 139 316 679 589 413 20
10 600 229 768 843 943 614 283 544 722 865
10 630 497 112 356 294 196 315 450 736 872
9 642 15 561 359 663 492 0 52 570
10 662 3 32 466 432 863 698 472 946 189
10 672 129 392 921 603 214 469 484 371 515
10 680 281 569 38 567 82 723 576 98 849
9 704 47 76 245 703 677 494 529 640
10 705 178 27 104 933 293 157 18 546 935
9 770 203 188 307 364 239 366 691 508
10 773 92 341 499 788 228 411 57 381 887
9 774 79 164 83 416 738 626 481 635
10 794 279 855 511 574 543 17 194 875 922
10 882 564 172 414 60 522 475 759 182 116
9 896 260 8 579 559 30 647 532 867
10 913 183 740 813 594 674 68 523 831 909
10 917 601 634 665 175 825 339 358 838 584
10 951 321 502 728 457 715 23 238 948 166
10 952 213 94 41 96 509 225 707 99 754
10 959 134 5 719 751 793 136 643 151 465
10 993 490 86 107 276 87 370 668 63 400
10 26 261 72 957 405 153 699 686 808 471
10 37 301 787 208 369 560 934 814 556 673
9 58 143 114 160 142 211 125 45 248
9 65 491 243 354 393 994 799 618 521
10 66 135 201 306 661 595 555 298 941 866
10 70 268 220 353 330 778 379 397 858 651
9 126 241 982 106 701 305 836 363 622
10 130 205 33 671 658 979 105 676 841 970
9 154 764 234 785 510 474 488 93 338
8 176 255 141 289 519 285 209 821
10 187 702 35 235 236 237 732 604 950 421
10 191 577 185 763 21 709 915 380 714 395
10 200 242 362 59 149 295 987 435 720 606
10 218 805 516 177 271 898 747 224 824 908
9 270 51 108 29 128 344 755 653 49
10 302 247 496 376 372 267 240 610 739 753
9 303 904 737 122 24 6 485 377 695
10 310 791 817 409 319 619 531 726 859 40
10 367 857 226 313 844 895 942 687 796 757
10 384 557 308 811 798 520 745 766 215 652
10 385 329 159 174 480 216 681 25 964 527
9 425 56 55 109 111 318 963 716 312
10 428 639 470 918 756 222 727 347 762 505
9 433 389 221 624 616 252 365 797 599
10 434 351 340 514 568 373 650 955 708 758
10 437 266 454 85 402 809 137 761 869 965
10 447 721 760 772 383 43 287 54 998 513
9 460 64 7 115 284 823 783 752 138
10 468 536 169 765 406 202 449 905 181 22
10 478 558 327 833 148 89 95 693 988 163
10 530 386 190 103 452 871 420 750 842 906
10 537 876 212 180 288 441 443 545 246 445
10 539 277 605 334 725 479 997 611 947 717
9 582 801 711 195 742 348 118 989 907
10 590 257 80 573 995 688 343 396 883 929
10 602 506 184 489 207 230 328 357 675 713
10 609 563 326 124 317 552 233 75 244 884
10 628 591 223 500 477 382 262 336 706 297
10 644 455 375 374 586 11 784 984 978 718
10 645 324 309 613 282 548 911 424 746 666
9 657 678 655 147 461 880 504 958 682
9 660 476 97 249 322 822 453 204 928
9 670 919 697 34 426 886 150 696 627
9 730 572 332 827 641 19 482 192 734
10 777 90 744 429 48 826 498 525 953 891
9 782 588 412 36 131 120 342 860 853
10 790 269 345 903 438 258 623 533 598 360
10 810 554 967 767 980 812 483 617 417 621
10 818 292 724 971 442 637 274 280 632 423
10 820 333 547 193 286 146 39 646 893 749
9 828 456 669 565 710 127 263 296 786
9 854 631 487 890 781 337 874 168 690
9 864 832 503 100 227 117 792 735 815
10 914 712 983 517 251 991 638 910 803 776
9 930 401 524 850 780 361 458 597 924
10 931 501 399 410 387 868 748 272 232 968
8 938 633 275 152 91 608 394 553
9 940 197 550 807 819 4 73 388 320
10 949 562 581 829 743 462 969 851 518 615
9 954 901 512 731 592 649 290 101 578
9 960 636 311 173 625 654 415 835 659
