33 280 771 361 6209 8686 9534 3778 7476 6814 3902 3272 521 9596 1218 2588 2256 6568 5428 3284 6647 1760 1881 6256 7623 2721 6249 634 5570 2050 8481 5343 6769 7455
37 337 1112 8971 7217 6169 379 53 4119 3089 4788 1283 2555 1931 7688 233 3414 2810 9075 3046 6760 5714 8208 2994 372 6032 6835 4447 1689 5129 8769 3200 2966 4578 844 2497 1344 956
37 462 5213 1777 4758 1923 4886 4529 7223 4145 3892 254 3742 3985 1618 9828 1469 2210 7029 6994 2688 1893 6700 4535 6250 8080 562 2330 787 6897 5574 7194 9632 3987 4 223 9729 6597
35 561 5106 466 8300 5011 7050 3581 3657 58 7904 4072 8186 6474 9260 7737 540 5975 6538 4206 3175 6124 319 8848 8539 3699 7101 5976 3435 4034 7645 7352 6049 9342 5960 9181
37 628 730 7395 2957 2530 256 405 1404 8819 4097 1780 498 7145 3253 7487 5143 8069 3530 4371 1503 5541 6306 3103 7928 617 7458 3000 3808 4592 4923 7396 8325 8443 6915 9285 2221 9296
39 635 2751 1802 1598 2125 6831 4108 192 6011 3629 5107 2378 3580 6916 7185 2059 6695 2674 8243 9582 5121 618 1942 2332 9752 6975 7552 6852 8310 9545 306 6136 4717 3085 3533 6231 3150 5404 7054
32 750 8434 4723 2673 4455 2585 6048 1634 4457 1904 3990 1174 128 3901 8020 2875 6304 4014 5948 2865 970 5522 9338 6854 7229 8428 3087 9742 3052 3155 5961 8118
33 858 601 8741 871 19 918 79 5386 6635 2697 4430 287 8256 1771 7540 2831 7445 4928 463 7969 5276 6342 6468 6527 685 2433 9757 1753 4302 8897 9027 900 5604
31 873 4919 5649 6498 7192 4177 5335 9289 5364 894 6116 4365 6434 8265 717 9082 4466 8470 9493 7850 9030 1551 6783 9981 5536 3805 4931 7648 1352 3178 4445
33 964 3746 7305 941 2366 7077 3693 1007 3002 7004 1864 3024 7067 6038 4491 9971 857 3823 8518 7785 4709 4610 159 2816 6881 4390 8610 5763 8044 3855 8566 468 4694
31 1000 163 1738 716 7315 5966 3508 8958 5413 8359 7311 330 2526 9844 28 6964 7747 6622 9037 9983 2365 8324 8230 5292 4826 300 2493 1211 8853 7493 4423
35 1016 6080 1285 8951 2211 100 8116 9790 8133 3365 318 441 1681 7080 3862 1600 4438 9244 8188 5432 8046 5546 5547 7781 7687 9513 2518 6337 376 9309 3230 5217 4764 8129 7189
36 1111 123 4915 7383 5555 4011 3079 576 6301 4113 9940 938 4932 8687 4023 5173 8282 821 838 172 6106 2412 2565 9837 835 4661 8249 862 1439 1291 7391 6255 4319 1861 5799 7472
33 1150 5139 4844 4855 4633 4872 8366 5490 3310 3156 6506 7654 955 9112 7952 6153 2869 5945 4979 5729 2148 1513 2084 6664 558 1940 4878 2609 3568 7628 9502 8168 4487
39 1196 406 909 7044 8520 121 3555 4104 7020 8914 3033 1015 8179 2635 2948 7671 5544 8019 711 9739 2361 9741 4914 461 9022 1605 3832 9445 4536 4374 7740 8922 892 7730 5754 1438 8781 912 4548
35 1258 7433 6841 1498 3984 6668 4384 2285 1337 6707 4682 2935 9288 1525 8051 7235 2550 5578 1522 3802 8459 9121 8348 5730 2802 8330 8439 2297 9304 1577 6539 1722 8679 9876 5387
33 1350 7272 1546 6299 5584 3584 6868 5983 145 3076 3850 5306 9811 2944 636 3289 142 3045 42 3028 726 7133 2357 4154 5556 1493 3538 8570 5925 1622 530 7490 5970
38 1393 5446 7030 7408 3152 2303 5047 3009 6940 962 9968 8718 5356 8001 884 736 4288 5040 5155 7896 1220 7039 8452 8162 7447 4463 7633 9935 2514 6292 3550 9440 3093 1767 5781 2775 6212 3565
32 1428 9131 4067 2969 4268 4184 6669 913 6817 924 7772 1170 7456 4591 3116 991 3668 9787 5161 7444 348 3621 56 9889 5033 3513 8146 7881 497 9159 2902 5277
36 1464 8055 7140 535 9019 543 4597 2511 1382 6565 6164 2209 686 5811 3470 2533 5420 4871 748 832 1129 9354 7297 2833 5324 8591 3137 3620 8631 5639 9171 6046 7413 5181 8329 1227
38 1543 4976 4848 3789 4534 539 2707 6129 6072 4418 7275 4420 1421 7679 9648 2021 4929 1564 3014 2577 4484 5408 6973 3904 2251 7962 8731 6241 5792 3292 3732 7683 9625 6253 2489 2737 5884 8369
38 1650 1351 985 3061 3373 1212 7745 6977 2229 659 848 5334 4169 1619 9467 8911 1937 5017 2130 7267 3940 4521 1079 5843 4552 9314 6627 9476 9477 6321 1710 5313 8398 9510 7837 6578 4422 7387
34 1690 7010 9660 4095 534 708 4278 5368 3463 2155 8078 9626 1239 7567 1349 4885 7412 9254 6646 9530 9961 3928 7061 219 4315 8585 9615 9756 3098 926 6757 4938 8637 6368
35 1783 400 3115 1392 9486 551 1103 9819 584 6063 93 4221 3903 8628 2367 9585 2203 5272 920 2093 4343 4601 799 4973 1491 2102 8907 2523 8438 9562 3810 8269 1441 3733 5903
37 1803 1065 7603 1854 1972 4412 2742 4208 423 5651 6588 2364 9963 9419 1297 1180 2277 290 4045 9591 6122 8153 4920 5060 5598 7562 7549 3330 1731 203 6189 7868 2194 8342 8343 8225 9347
38 1877 9097 1346 2010 3858 1318 2030 4262 8513 3771 5551 1419 6237 7378 3593 8847 5103 1375 1290 6442 3326 6460 8941 2323 2288 2336 483 5607 5049 5481 5044 4475 6004 7992 2685 2997 1547 6399
31 1900 3241 1669 4731 4121 4195 1122 4671 4132 2676 8817 7172 745 7625 2411 8790 4657 2743 3396 9621 7496 6204 4830 7839 8197 4715 9863 8382 87 7449 2886
30 1902 9674 8454 4525 6226 5348 2222 4619 3930 7127 2170 5366 4454 4183 5950 8312 507 6922 8436 4495 5099 2699 5462 8403 6120 7074 9197 5067 7492 3658
31 1928 9974 6594 9710 4809 1556 7532 6407 6613 7934 5989 197 9548 2701 594 9223 2786 5300 3025 948 4293 797 4065 2225 9416 3735 6488 8355 2992 739 6654
38 1944 6671 3695 1810 8161 6532 4449 934 8104 8106 4225 4330 2390 8023 3682 6685 8973 2463 7670 3223 4128 8530 1874 4428 5147 731 5091 6687 4576 6999 5081 8260 8859 3102 5839 8283 8838 5439
33 2066 5727 277 1578 3504 1894 4832 7065 3583 30 9608 302 2857 7884 5225 6016 8899 4357 4040 4467 2727 1616 357 6262 8603 8087 6976 3349 9107 7518 1406 6089 1705
37 2132 3345 4879 9997 4018 83 4740 5516 6623 3153 1255 9013 2216 5414 383 1554 4084 6499 8551 9655 7154 564 7885 2541 3067 4569 4553 3375 4044 4103 1332 2092 2037 8246 7320 2003 6202
37 2152 971 1102 3755 2510 156 5205 288 4810 7565 4029 338 4624 6545 2716 4196 9572 2065 5937 3919 6899 65 3323 5752 883 5336 1245 1915 1202 1248 6152 1922 4505 3443 7238 5823 4683
33 2200 813 2718 1518 8544 408 9927 2180 7968 8083 7333 8259 7689 3590 1890 9292 9806 3838 7529 8460 3421 9640 4178 4027 4840 7652 3320 8780 6315 9666 5501 5785 4689
30 2239 3173 9668 5250 3826 816 6606 6167 3244 3431 7169 134 7182 8547 1486 4800 8680 675 8086 2738 2739 7328 2879 2726 9172 6383 908 8695 6604 7566
35 2300 1436 2022 639 6492 3023 4219 5352 5379 4136 9835 8894 3113 9566 612 3409 6963 5483 1425 3371 186 9846 5159 2174 2548 4752 8890 7246 9277 7149 4856 2515 6629 2149 5048
37 2320 4251 688 6009 1449 351 1626 5177 495 1638 7876 2146 9590 2318 3081 8892 5557 3627 2138 9161 5719 320 1199 3525 6679 9170 4658 4912 4629 6857 2086 6470 9850 8698 1263 7627 7920
32 2500 2426 384 7527 304 7342 7944 3060 3106 8650 3715 4988 6659 2770 9166 4649 8935 9529 6232 2344 7063 3886 5429 9307 5518 5653 4824 6265 7072 9838 5422 4953
38 2513 506 3633 9517 5029 5349 9018 7288 9286 1330 6582 9541 4199 2334 8493 1766 8569 6481 6042 9979 8623 3863 4933 4216 7702 9995 5247 143 5552 5384 957 4594 4432 2418 3075 8035 200 8321
36 2687 5482 11 2683 1361 8659 4554 2171 244 9849 2766 6992 7365 3484 5407 3574 8648 961 8142 1397 2516 8206 162 267 5172 3962 2448 9209 5782 3978 4327 3300 8000 3249 6639 1527
37 2745 1919 4957 9052 276 1679 3184 4224 4313 2999 6417 6643 7546 9716 7094 8910 4517 4037 3051 4975 8067 4687 2614 7596 7832 1557 1224 3867 2700 6199 4088 7783 7138 4089 8849 7607 2754
39 2873 1817 2964 740 1417 6053 2671 615 1570 1615 763 4611 4348 8765 6866 5148 7768 8120 1587 8307 9954 2583 7542 6649 6819 5806 7416 7805 6225 2564 1898 2917 2644 1093 5846 2099 7017 8825 6398
36 3054 7738 5026 875 2608 1286 3767 1334 5016 8906 6982 1101 4623 4974 9101 4965 3779 5069 734 4663 3057 2850 9814 8468 9830 4977 7208 8729 8788 9201 8655 8205 2018 3404 167 3527
36 3088 3849 4784 2872 368 4263 7693 476 1195 1001 9381 8798 8779 8664 5423 240 5783 76 2694 6558 7187 3813 2098 5370 8281 4642 9896 9183 3215 6441 1862 6680 490 8115 3358 3449
35 3139 4637 1507 1846 332 6676 8440 161 572 5110 7513 9634 1121 2639 5972 7717 4214 2071 5642 9389 5101 2207 6797 1597 697 8494 301 7816 9919 8587 492 742 9142 9951 5590
34 3144 2930 4866 7231 2908 3119 4692 5301 7171 4916 2932 7974 7851 1512 7443 6587 2524 3694 6361 3688 3038 2280 7353 9414 6025 1936 508 7581 4227 8204 4129 6469 4846 1830
34 3146 5918 7508 2763 1884 144 9116 9225 8571 9294 967 2324 2933 8441 1962 3968 8174 5581 7011 1366 889 9914 6806 9359 2542 4897 4189 3758 9398 9272 8787 6934 9435 9387
31 3334 3112 725 774 9009 2434 8173 4477 3228 2217 7427 7197 1899 9412 9220 9753 1686 4321 7771 2306 629 2913 7097 3428 8688 9810 9469 6995 7040 7143 700
38 3392 1044 5126 1254 7257 616 9040 346 4737 4437 2262 5199 4351 1024 5743 8032 8298 2218 2168 9815 7233 8959 5735 7005 1127 5790 322 6092 3999 8699 3217 3370 5124 542 6338 6096 545 4898
35 3450 2955 3490 2764 8411 1396 5912 4464 316 2263 2159 656 670 4486 4342 3975 7434 9991 325 5855 1446 5878 7435 8236 9345 9646 2123 9208 7157 6484 4680 1341 653 8427 426
38 3477 7647 5678 3171 6423 8727 8006 1838 591 188 2484 9042 6236 7528 2186 8756 9840 8985 2853 6404 741 751 9888 4301 155 4836 6130 437 2807 5157 6002 66 2789 249 8159 6823 5031 5283
34 3552 807 882 1583 6486 9437 7410 5288 3814 7770 6039 1658 4047 5916 927 654 5180 7764 7003 5923 7866 903 7066 7174 6843 4527 2610 1943 35 3403 2760 4441 2898 9344
37 3585 8480 1995 3738 6360 5460 6061 6289 1762 5167 1672 7269 649 5170 4465 630 2809 169 3203 2429 7818 7577 6736 8375 237 2995 6340 6040 5073 1032 907 3237 5344 6143 3506 7451 7990
36 3600 6425 3612 9427 2965 3416 3140 457 757 9641 9607 2611 817 5111 1384 2268 9966 6245 3419 9683 8490 6085 6792 8431 621 6795 3807 43 3785 2114 8128 3400 7576 8599 6409 8341
39 3639 7301 975 6086 7180 4186 9581 8478 7958 9847 1723 1097 671 7519 1433 1971 1172 6567 3042 5451 3554 3332 7613 6935 6366 3539 4446 4139 3271 6641 4305 3981 5454 4175 9692 1160 2791 2792 2846
35 3701 6801 9822 8837 3996 6079 6275 377 8418 5731 8347 8169 2967 7826 602 7165 1267 5762 5456 4356 6221 3839 2746 9189 1479 9368 1036 2936 7680 3207 8792 9178 7725 9203 171
36 3776 2998 154 8384 4148 4078 6912 7959 939 7357 8207 3846 5676 175 9519 2943 8967 893 1410 2462 3509 313 8965 1647 7125 2354 3296 4392 5694 7046 1461 7639 9839 8549 6998 7298
37 4050 7704 1956 84 2400 1117 4439 6936 6663 9119 9691 4461 9495 7115 3974 2100 6008 37 9465 7882 829 308 8716 2924 8565 1729 9907 8337 4821 6348 2765 7621 9673 63 5840 4378 5708
38 4142 4794 5402 7355 2638 3947 445 402 5358 6475 2696 6062 8163 9218 2023 8166 4703 8181 8879 9132 8122 5347 6045 8034 7254 6529 4769 5869 759 6191 9065 2911 3432 7209 4612 1746 815 8351
33 4150 9661 7204 9958 6660 6353 8559 1878 8855 9904 8089 5113 7417 6413 8661 7136 4205 8728 5808 4880 6837 3659 6220 3129 3034 8469 9540 5309 8241 8177 8774 8746 8017
32 4400 5851 8526 4197 25 8099 4489 6139 1006 5744 2504 6978 2838 6845 620 7354 7844 6489 3880 4616 5186 478 6925 2060 2668 8421 7405 8944 4545 5238 5745 3649
37 4429 4096 3833 1241 9035 611 2813 4796 3458 2179 1617 9836 5880 1126 7886 7215 2389 5813 5991 9796 9730 9731 4721 1238 120 826 164 3751 4131 4584 6502 8391 246 6192 8475 5529 8514
35 4436 5538 5388 3529 4518 1896 7123 6491 8350 5982 1595 7539 6415 9276 6088 9882 8367 291 7606 1158 6665 2753 5239 7244 4256 9429 2142 8761 5631 8415 3202 8732 3781 4049 7148
34 4500 5431 833 3819 5897 7910 780 3605 6632 3965 589 3451 6166 1450 9719 3898 477 15 2201 333 728 4651 1345 9336 2383 4884 29 5899 3039 5985 6217 995 6273 4666
35 4589 7234 64 5741 7206 1447 2619 8594 8783 3213 2616 1891 9474 1191 3279 4265 4622 2449 9926 7663 6791 196 1951 7655 369 452 3340 905 7258 4812 4192 5438 5504 7824 5154
35 4686 50 3609 6043 529 3698 1242 2466 9779 3669 1727 2881 5787 4111 8389 1371 5466 6157 4798 8644 4107 1312 8232 9396 3145 8895 7993 6097 411 6785 6917 5796 937 1668 8556
37 4732 7147 9707 158 5433 1804 9282 6194 5567 6355 8318 1198 1440 118 5562 7024 1025 117 6073 285 8231 6247 1853 1821 6464 746 1763 676 3291 2545 5092 2547 7686 2549 2313 528 841
31 4854 8751 8363 8947 2950 4259 6328 6433 407 2178 6740 998 5321 1173 6840 7263 178 9024 4064 5249 9221 5128 1756 8713 9622 4970 5709 3303 2054 8612 9624
37 4943 5930 3829 2337 1374 7794 588 4048 4770 9595 4233 1260 1711 5624 4100 1717 5615 7377 6793 2669 98 9718 5594 9653 5672 8245 2503 7144 1472 9378 3820 6480 2540 847 1012 9497 2097
32 4964 2376 3007 7754 3745 409 6449 5644 1340 9376 9182 8684 6885 5382 9191 9295 4212 3592 2559 6789 7963 2427 8234 8084 1213 3160 5820 8510 8883 4754 5312 7515
37 5046 4296 2883 9669 3866 1960 3205 6083 868 1575 5484 72 592 6317 4531 4349 3274 3275 3989 8322 8639 1455 3787 6780 8668 1041 124 8349 5416 3333 1264 8739 2576 5001 5210 4282 9644
33 5125 3031 5084 3269 3578 2618 7668 8657 3882 1751 2372 7534 7569 6493 3645 4851 7778 6683 1182 4247 9373 3845 8311 9016 6590 9057 1087 7788 7036 8638 4488 8753 3946
37 5389 2167 6248 2094 5133 4503 3110 4172 2740 7644 1385 8423 4704 8748 3502 674 3837 4899 4024 4294 5955 3883 2790 4335 2291 9980 4112 7494 2061 4799 5362 732 4748 672 6798 4182 6343
35 5473 7001 707 3929 2073 3567 8874 5756 769 6335 9671 8811 424 4298 310 7890 8516 9014 3126 4646 2413 8590 5287 3824 7343 8722 4226 2799 7897 4264 8582 6987 8380 6151 2042
35 5511 2552 6336 5942 48 1938 6357 7150 9543 7827 2070 439 3238 4110 7895 7632 2445 8988 7247 5436 6070 4735 9091 4394 9443 2984 9025 2265 1892 3445 627 3246 1080 3048 6117
35 5571 8136 2238 4907 5856 5043 389 3709 6907 974 1273 2647 5850 7073 2828 3720 5569 596 1628 1567 8135 2620 5670 7755 8670 2374 8949 415 7863 9873 6730 373 6391 1988 6667
38 5606 5219 2937 5112 9993 5739 1228 9372 9709 749 9098 6534 6316 8420 6185 1897 1235 3630 5879 1427 9736 5692 1475 2384 3979 454 2762 6288 3983 1402 8641 2896 5397 831 8316 5798 3718 9379
35 5646 7243 5261 5061 1053 6955 6057 2698 7796 193 392 3980 3622 2703 1913 9346 7007 6219 4599 3288 5935 8461 5200 8242 2495 4155 347 5963 9936 3176 1505 6890 9105 4179 2849
33 5688 2855 5914 1171 680 5265 5553 4910 8764 430 7510 5833 9383 3481 9226 6047 8904 4913 8602 8662 5933 2032 1934 8521 86 7684 4066 4279 397 2840 4116 2959 105
35 6132 2319 2539 2115 1709 6354 3969 1310 2108 3531 4401 8502 8933 9092 8693 839 9334 714 3197 7924 4652 6087 9080 4956 7232 7106 7432 6738 6937 3763 2988 7701 1100 5632 371
32 6318 236 8799 9490 4450 4843 4831 9550 9425 2907 2453 6892 5718 5233 7948 152 1695 867 8482 2934 8028 3444 1314 4198 1939 8762 609 2720 3123 6100 538 7557
38 6320 5700 2724 1432 431 1027 2986 4874 6729 3231 4339 9041 6127 1770 4431 6607 3437 4990 4539 2571 3933 6725 4326 2299 5398 6380 2058 7222 999 440 5179 3413 375 7849 2939 1188 4389 1205
32 6490 2490 6633 9770 3210 5285 8182 3917 9374 4187 1494 3252 3125 7898 2648 9258 6571 8408 6948 7032 3169 2702 8578 8473 3480 1834 4091 299 3809 6677 7440 549
37 6583 4768 4421 3860 4158 8305 2158 4847 5680 3913 9910 3118 7160 6965 7743 4013 9236 996 9038 8074 1089 1203 3724 6960 7547 6412 5243 2788 7939 6772 5979 7477 7742 9547 261 4581 9117
39 6755 7051 4550 2351 7340 6418 8584 6874 8424 992 1458 420 1933 394 6168 7361 1568 3062 9776 8807 4347 1719 2444 9735 5573 8353 3956 3762 401 1303 6648 5777 4631 9056 3083 3064 6137 1094 5293
31 6900 9643 4556 3948 6426 6111 6421 3522 5197 2151 9848 3066 4362 2270 4166 9265 7744 7979 9594 1130 6528 9658 4070 6114 7636 4547 7883 1932 4590 7593 2121
38 7186 166 417 9324 4170 1005 3700 3706 7595 5774 4691 1673 4499 9738 9913 3689 2206 5579 7559 4507 8635 474 4742 2072 3319 566 4729 760 2594 1481 6719 6222 2560 6574 3287 4774 2568 1743
34 7195 6098 4255 8476 272 4690 4381 7573 387 1073 6113 3537 5845 8845 8766 7757 9826 3382 3560 3196 7009 4574 3229 5580 3344 1752 1070 1580 7345 9405 7802 6902 6904 7998
32 7250 4051 7646 9959 7076 1050 6023 6824 5235 8697 410 5479 9331 1741 503 6431 4472 6103 978 3875 3130 9029 683 6551 9350 2393 2938 710 7070 5383 1540 1549
39 7350 4297 6808 2672 2163 2795 3219 1917 5523 5216 5393 8775 8543 2613 8144 3369 8063 4031 8653 2757 4859 2946 830 1240 3161 6878 8388 9804 7712 7831 1730 4509 3696 7753 7512 1735 5514 7536 6347
31 7351 8743 4402 4936 4075 355 3390 2187 1594 9212 1768 4559 1276 5286 8088 7132 5771 4246 5435 3686 4073 3488 2741 8091 5204 4001 1591 1561 7749 4791 6830
36 7399 7421 2566 9352 2805 1508 6309 806 8597 9597 5890 9734 2627 4802 4605 2175 5102 5038 6742 7774 3991 7572 1378 7319 1550 9033 1565 149 8410 3411 5150 2395 1296 9944 2686 4223
33 7450 1394 720 6820 282 915 6731 3548 960 662 8053 1193 692 4893 4300 6887 3817 2401 606 2441 6911 6178 8474 5685 8229 303 5513 4749 3918 2136 3387 5767 9192
38 7500 7797 9885 8036 1954 3666 9315 1293 2522 3796 2912 1691 5592 9004 1627 3651 8943 8884 7349 6524 7 3618 352 1250 1685 75 2120 6552 8970 8277 2693 8291 3647 4533 5549 8606 2820 5096
30 7586 3546 1124 2927 6163 6267 4993 6939 4650 3195 1818 9099 7708 4563 9430 1155 2498 9323 5305 9895 6640 2723 5613 2232 9232 5515 4350 7323 3945 1467
37 7610 5872 1081 8534 4241 2859 6482 6406 7049 3683 4998 5612 8021 2245 4083 798 412 5793 2244 3971 6064 4442 2926 1855 4106 1860 5214 6828 6690 2975 5920 6697 7550 7299 1576 8945 3131
35 7612 3351 7900 4307 4165 7499 947 5605 4942 8908 5202 4978 9973 4837 2502 2247 5527 5603 7453 2135 4508 270 6401 5303 6483 7392 8626 4660 2755 1339 936 8496 7038 8352 4222
34 7650 5701 9535 7983 2193 1422 8733 4306 3822 642 3848 6611 2477 7110 3988 5036 8778 9599 2423 997 6450 4842 2139 5965 9726 3642 6471 7454 6894 140 2368 9853 1048 2605
38 7674 3141 6411 3018 8738 1327 7420 1219 3247 3311 3672 8802 3541 6689 5530 5123 722 5560 2224 2131 7718 1957 7292 3973 5830 5675 7367 6678 2134 102 5176 6243 9148 7068 7843 1514 6861 3436
33 7706 7511 704 9247 7750 6145 6429 665 4280 1008 7571 2949 1367 800 6821 7170 4761 9702 899 2563 1869 5637 1141 1947 70 5810 97 2269 9377 1292 8646 2666 8878
38 7736 251 8150 1927 139 6254 1156 9841 4526 7429 4316 7141 6099 6161 4779 4203 5881 743 6822 3923 6376 1262 5588 226 2492 1230 7376 9636 6172 9531 1702 9933 3575 6706 2145 1477 6530 5788
35 7763 4055 5910 7933 3348 5459 9783 7411 5626 1623 5332 3166 3943 8183 3702 1047 4818 57 4006 6069 599 222 6537 9143 765 3027 9283 6556 3939 8486 1363 902 9343 8740 9862
39 7795 1975 6010 7584 500 6625 2692 4579 1909 331 7833 7976 8267 8394 3812 9184 8919 7218 4852 8332 4741 1876 1387 1287 4501 2048 7057 2584 9456 3678 2587 8157 493 7901 8901 281 2439 4869 7727
31 7989 3608 2628 1064 5 5512 2362 8433 6642 4080 6171 7466 7520 1599 922 7503 1192 8533 6966 9008 8025 713 9619 9724 3740 7615 5489 9767 9330 3737 1929
38 7999 1885 4628 9461 9164 5599 8678 3951 631 5625 994 5865 788 9842 2521 954 5229 9498 9499 1983 4146 9224 2684 9020 5088 2457 6827 8615 2016 9446 8244 916 4061 842 3096 6313 585 3606
37 8037 2501 4021 385 5957 1409 2536 4151 2235 5447 2379 5203 6259 2446 9975 4398 4130 8758 3378 2843 5039 793 4510 5720 5853 4544 7390 6782 344 5385 8839 2494 1176 5095 2326 9129 6946
33 8108 5115 6549 4822 258 8979 7213 2191 1641 1253 8652 7230 7597 5208 3540 1183 5152 9780 6024 488 6896 7505 1656 8887 5251 3357 9877 1986 428 9901 1465 8012 1694
38 8165 7339 794 7255 1998 9085 5065 2972 4743 5327 3198 7775 3227 1534 9808 2582 1244 9704 6882 5485 3078 5669 9700 8605 8233 2230 7719 3556 3108 2914 6141 7585 7253 6104 2405 3394 7394 5160
37 8286 6877 7821 1754 8509 6851 3648 7239 2343 7104 8860 2226 810 8925 853 3959 1381 7276 8575 1976 2778 9241 2455 5311 45 8532 8016 8609 293 7293 4693 133 5425 6767 6448 3154 9893
29 8345 5707 9210 8627 6584 6601 6084 944 4030 4240 216 9177 2894 239 3193 7249 7266 7287 8254 5072 2931 8563 2347 4921 1572 8338 9755 8744 9488
34 8426 4017 5415 2874 1684 3386 3613 1011 1429 4254 5525 5864 4537 792 3127 3307 9956 2505 6918 7116 9778 2309 1786 2402 21 6326 9031 5034 5812 9576 2532 5528 9791 4775
30 8528 5330 3095 1362 1128 4961 4567 451 2451 3905 1961 4785 1725 2301 772 1736 5686 7987 7092 8170 3770 9604 1840 3598 7019 9865 7465 8266 2981 5457
34 8541 168 3474 5093 2006 6200 5120 1816 1680 5765 8663 9397 9207 3636 7949 9327 7326 7331 647 5469 8404 2537 6496 4648 283 678 9308 8928 9577 5487 5076 1423 1794 9234
38 8554 2732 8151 1091 9747 413 781 5198 5187 4722 7978 8827 4736 1023 9558 5665 4261 7676 3634 4827 8777 51 4038 9317 8303 8396 9006 9941 9138 5894 9394 257 4876 7224 3731 906 7847 6198
32 8726 3589 4167 4706 1825 7960 1357 9003 111 2116 6414 3422 5499 1675 6645 8268 8100 3616 3408 3151 6989 8147 3588 6722 1659 3783 9551 5873 2747 4114 4039 910
32 8810 1026 2027 1142 3128 1872 8095 5559 3547 8711 1035 7362 7078 6479 2954 2353 9818 4927 758 9894 391 8295 8131 260 8458 9524 2919 2420 6986 1295 3165 7530
32 8972 2877 1266 7358 335 5931 3236 3677 4497 1376 8820 8771 3374 3049 4440 9978 6870 323 4469 4334 1323 1056 3806 990 6059 2811 6435 8656 3441 3726 8102 1871
33 9000 9103 3611 2304 8735 3021 9028 2090 6721 1473 4149 3586 8333 6535 7537 559 1161 6630 4322 3285 2842 5656 8654 4615 4883 6238 2562 866 221 6467 6888 5037 7295
33 9058 4015 5055 7936 1259 943 1408 8620 4245 5852 6818 1733 4816 2242 2438 3635 4303 6727 9229 9684 550 4994 1484 1833 942 5627 2535 2597 4708 9305 1870 4035 8703
28 9095 5951 6673 5156 7179 7102 5995 9536 9557 3132 5889 9631 1967 2963 6507 8077 107 9021 9300 5746 3719 7616 2471 527 3730 2208 3844 6140
31 9253 2140 6652 14 5424 6050 9788 3924 6029 7608 1348 3868 2777 9843 514 7857 9382 8503 6372 1299 8598 2292 2651 6240 3044 7240 4894 8975 9473 1748 231
35 9406 3597 3851 846 1670 4375 5114 2164 3912 8574 8573 8976 6825 7086 7027 9487 7922 9606 2580 2923 6692 9992 7225 9905 4358 486 2391 5990 8336 5142 5645 4275 2734 4541 5119
36 9448 3501 7705 3157 1497 8456 9571 5057 4385 4845 5759 3041 113 2621 4201 206 7977 5361 9578 4677 1401 3879 5602 2890 9165 2363 3036 3037 7321 9884 7620 9256 874 6520 7488 9771
32 9500 574 3212 6300 773 1925 5232 6842 6768 3534 3535 5666 3691 2785 8047 8178 1715 9618 622 4674 1784 356 4582 7079 8977 480 7806 1903 4959 8767 9900 4395
38 9867 1289 2663 1970 9068 6644 2459 5870 364 4310 5130 4875 3478 2473 9852 9654 4133 9451 555 2261 2829 4745 863 9690 2381 9567 5997 5998 8092 9887 5369 9898 8622 1288 2800 3235 1585 1272
33 9874 4755 8274 3713 2182 1873 8139 554 449 6427 5188 4490 1506 8675 2266 9937 1601 2841 8885 8070 2507 1920 4960 40 9204 6711 1368 7347 253 5328 1948 7161 8194
30 9879 7731 3853 7474 7986 7167 7660 4077 4841 2307 6065 8940 1137 6344 2422 6263 9106 2601 2916 9556 6575 183 9588 2867 8613 4780 3591 7640 3667 7899
28 9931 6001 8027 1249 2905 6281 2679 2335 2289 225 7207 515 3393 2199 8912 1758 8795 5503 2990 5218 3907 9050 4789 8430 1074 9805 2202 8791
37 9955 9423 5600 2612 9059 1779 1316 2196 2880 5770 932 8689 4230 1234 5342 6184 9934 6570 7888 7470 17 2396 4364 130 7312 1682 4747 696 9401 8589 2360 5027 7957 7310 7937 2154 9642
37 31 3521 5399 1159 6670 5104 7587 3716 8175 9967 2342 5478 7212 230 2126 2267 9801 4232 3712 9180 6156 443 3910 7947 4274 557 548 5350 1147 9733 1149 2654 5353 1225 5795 7935 3577
32 32 7334 7314 6107 522 4143 1613 1443 9554 9584 5902 509 6705 1698 5650 3447 4711 8364 38 6014 4608 9328 190 8542 9670 8127 3412 5901 3750 1693 187 5041
33 150 9185 1963 9118 4115 3604 8328 1835 1648 9923 9366 9676 7069 4817 1573 9708 8393 7142 6542 9795 1865 9264 8931 4833 8138 8797 8271 3124 3780 3298 3998 9290 8422
36 386 0 176 5927 3641 7812 1135 1057 7703 1413 8172 5819 7091 9436 9781 5476 4323 702 5258 3878 1226 7929 6956 5734 8996 7800 9007 5149 4617 644 2432 2296 9262 581 2276 8645
30 646 5401 5256 1168 5409 6603 354 2636 8900 9039 9278 5132 2653 3069 157 6577 7950 3739 9126 69 9638 3343 2985 5140 2899 2589 3167 4451 8562 8193
35 1069 8401 7495 94 2512 7563 7769 2856 1726 2045 5772 1148 2752 2 4786 1541 6154 4733 52 6044 2670 2425 6179 6207 872 8395 1582 923 1437 7695 4850 8946 5540 4397 7081
32 1400 9601 3857 1888 89 969 8132 2397 7325 1133 9062 929 5240 2345 6230 9339 4734 9617 701 2063 626 2476 5417 2241 8801 2622 8429 1984 2728 9693 1596 211
34 1485 3461 2862 3430 4016 1177 6849 6458 4870 3485 9501 5169 9291 1488 4185 1395 9193 2496 4325 388 5374 5275 106 5658 560 3185 7098 9546 6788 536 9199 1105 9228 6943
31 1820 4005 1331 180 7507 2989 3053 917 7176 5480 1495 3595 7121 2735 5643 3315 1471 7162 6371 6858 2887 3384 4980 2851 4353 6544 7041 5922 5690 2962 729
33 1950 9222 1261 4200 811 3887 4234 766 593 8 1233 1407 2978 4228 5766 4285 6875 6735 2068 232 9231 9950 586 6379 7359 7374 7053 6739 4896 3994 3626 3563 8789
33 2088 414 1390 6389 563 8952 9287 2781 4540 2709 7761 3204 7845 3571 7282 4983 9125 3834 6034 4173 7332 921 1405 5264 9084 8195 2329 4117 2952 1120 101 1098 4989
37 2350 4699 8990 3652 8997 6187 779 8715 3318 2019 4003 1511 2156 3035 2744 6997 4202 71 7554 9351 7335 9988 9989 6206 1280 1313 2900 5363 5279 23 6382 9570 4502 802 8340 9481 3264
32 2861 6595 1 1602 1737 949 8297 5786 6686 5919 5045 1076 8553 1772 81 6967 1721 8823 5006 8056 5895 4532 2220 7629 7630 2340 7710 3788 9299 9496 170 5295
34 2918 6844 1800 3847 4587 987 7842 7438 6453 2176 6476 4324 851 7107 7726 8081 9271 6754 2314 7591 5896 4985 8881 2470 3827 5775 6487 5738 5145 4388 475 6229 7649 5842
38 3043 8314 7381 3257 6715 7799 4028 8692 5163 6033 4643 4782 7988 9809 5075 336 3008 849 7793 3072 2941 643 5296 3610 5371 8203 6160 8090 2035 3276 2863 4719 6454 6889 9173 3640 3439 3871
34 3050 1444 5677 1356 819 3364 2947 6752 4888 7728 1523 1265 4419 5373 8110 3281 6744 5118 1325 5085 6352 8835 6873 4924 88 7760 9740 9712 7601 3664 9175 8124 5127 5195
38 3325 5019 5472 582 1294 9424 6626 7828 1665 345 5804 977 4284 234 7874 3899 4253 2682 1270 399 9765 1607 7103 6816 1946 4393 4909 1535 5201 5116 8608 5162 7403 7200 7583 8752 7854 3063
33 3500 5117 3405 5687 1683 9399 803 5817 2968 9785 9722 8875 8397 2767 9046 1275 6913 7346 8499 6517 6314 3218 6796 2888 5647 9245 2358 986 4359 5630 1588 4054 6142
30 3992 2172 2348 8272 4753 2080 8446 6005 9391 6331 2769 3542 5376 6547 6778 7891 9341 6761 4434 9833 4063 1593 3876 9371 8818 8844 7096 885 2733 8495
37 4235 469 7111 1379 5231 9169 9711 7084 7058 9866 5908 5949 1083 4041 3282 7294 8052 7105 126 8450 6983 6094 8292 2573 7921 7779 2773 4524 7879 1004 5768 5141 8278 55 9358 9302 9200
37 4352 2077 8453 9906 2708 5062 1031 7543 4124 4675 7196 5874 2712 9945 9015 279 727 9447 2356 3801 9763 3090 940 8815 7697 129 4483 5010 5635 2595 1918 8405 1515 958 1510 8464 422
32 4568 888 7139 5893 3399 5860 1059 1358 1418 1529 3109 699 6923 2868 7418 6910 7002 273 7669 7252 5959 3723 6743 8457 6653 8270 44 9137 8038 8643 7481 1169
38 4668 7526 8508 790 5984 6979 8362 645 4972 8954 5862 8377 1114 519 9813 4549 6944 3673 9483 1696 6298 3877 119 3510 7467 3363 4750 1153 7690 2852 5973 13 8649 5726 8834 5410 5838 3346
38 4688 8851 2640 3821 1431 6746 4744 7226 1935 3163 4530 4331 2823 657 7228 6572 9687 4940 4340 3491 5577 4410 7741 6196 2283 1104 9114 4903 8891 3728 4772 4317 744 2525 4588 8302 8309 4572
36 4720 6125 2940 1072 669 4122 1448 8948 854 6459 4945 5182 6614 4366 9096 2157 6599 1115 4099 7773 5801 1823 3308 3258 5941 2278 442 5696 5222 3768 4697 6927 4056 6981 1875 4498
34 5042 8141 1978 3259 1029 9297 5209 9727 4759 2169 6853 3091 4007 3214 8917 3032 5999 3803 5617 5618 6681 435 6651 1759 8588 7590 4138 1197 4370 3182 8368 7012 4665 5971
29 5050 5000 6294 5079 248 4829 9055 125 3921 1017 9332 1571 247 981 8054 3872 7327 6914 4635 6101 1324 7804 8041 2388 5051 8550 6777 9949 4941
32 5400 2053 6090 804 2591 2287 4621 9715 5003 9453 2129 2650 5178 9390 1901 4868 5521 640 447 4513 8937 2780 4725 1642 9122 7329 5450 8371 8632 3224 7696 218
34 5587 2506 7662 1058 2456 5582 1306 598 2416 18 5883 7789 6616 2973 4834 3338 9792 3177 3254 7452 2185 1028 7786 2478 3417 6351 2901 5253 1043 8956 7471 9526 6018 367
34 5595 3117 2845 5858 2001 1343 5028 6942 510 8651 1326 3487 3614 887 4948 7203 4379 6974 9527 5737 1403 9362 4710 8691 382 9472 3082 6807 3836 795 7437 7048 8545 3757
35 5728 9916 3316 7521 7478 664 1386 4036 7792 9762 5175 5710 2483 6067 3221 5418 8323 6637 6702 6363 8407 7522 8399 565 7699 9829 1445 8685 4939 8581 5761 6762 8491 5174 2641
41 6134 6108 768 8723 3523 321 4417 721 3816 4105 7236 5192 5532 9269 5614 1071 7344 78 2078 3121 7446 6397 8527 6905 9205 4409 3734 1492 7631 2316 9240 7643 7083 403 298 6657 9087 5290 4911 3211 5568
36 6350 5882 5183 2678 199 1307 8986 4033 8211 5815 4304 3424 26 1930 5025 1164 266 1959 4243 5725 1625 5434 9492 852 7618 3690 1992 9311 8248 5329 8361 604 7008 3294 1373 4059
32 6358 5351 7062 9206 1945 448 2625 3314 3368 1528 8098 1652 600 7758 4644 3528 9985 6188 6901 513 8800 8772 2064 1832 1068 5760 7814 9061 3744 8455 7980 7673
33 6650 6051 5063 307 1649 5357 5372 5381 4887 5059 1964 2317 6422 7967 1782 4627 4713 5018 3654 2249 425 7681 3775 870 2529 8981 633 3462 9395 9069 9878 2293 2096
35 6764 6972 36 467 1797 4213 5885 4377 2127 9508 7303 610 973 1863 3402 9987 7722 3617 3493 5661 724 2150 1895 6720 9034 778 3711 5545 7026 9444 6208 776 5097 9325 9823
35 6832 416 8974 3603 4922 358 2603 4473 3835 471 9802 632 3944 2103 1912 8331 1662 1414 8018 5307 9048 6871 3572 1204 1084 198 8942 1333 2593 3599 8383 328 4176 3967 1051
38 6872 3256 595 7464 1979 4448 2248 3494 3972 2689 1687 6270 6271 2260 1038 6195 432 6684 4180 6504 1132 6269 339 6235 5876 7617 6159 3792 2294 7734 7439 5137 4383 8237 4814 3367 3841 7424
30 7129 3900 6201 2977 6898 8614 217 9489 1082 1826 679 9023 3717 458 8463 2440 5835 6345 3925 6848 7889 4946 1162 7698 3467 1003 5537 5797 7964 4248
34 7135 6586 3885 7373 4954 5080 7088 4157 5246 2630 3209 3941 4685 455 4425 9310 1824 5077 4336 8829 5144 1342 9695 1018 4905 8112 7878 8075 8676 5359 4790 738 8963 3208
35 7400 4662 637 7164 8073 2005 7436 4951 5934 4506 2031 8983 7034 5507 8690 516 9459 6638 3955 2586 4543 1460 5310 8224 6277 7498 6030 9766 464 2447 6790 9167 2437 8736 9484
39 7544 1926 3147 8219 3628 6776 4479 1914 6170 5548 7790 9799 5325 5326 3143 3637 4811 6365 3703 8862 5939 5165 3479 1985 9728 9005 91 2387 6284 9090 1545 235 9825 4354 5628 5365 3099 3225 2824
35 7813 4102 855 1827 2454 4763 22 7856 9067 4895 7013 8319 7371 6741 1516 1308 4237 690 6182 2637 1061 7302 4728 9454 2107 5465 5089 4480 92 5936 7100 6580 7006 4004 3440
35 8125 4101 525 6218 1636 7622 1321 446 2942 9375 5316 8796 8913 9248 7356 1701 4367 3452 7393 5024 1456 8504 5508 2219 1476 6013 1796 5986 5818 4807 8929 578 7634 2375 9480
33 8164 4751 3544 663 243 6339 8042 785 3953 684 9569 6037 4634 6723 8045 6436 9705 7598 1629 9972 7735 4756 1268 6495 6895 5248 6903 5854 5262 8593 39 8607 4823
31 8600 8301 6703 104 4585 1539 1430 1278 4849 9036 9744 2848 3304 3766 6612 5620 7191 3498 5322 4937 472 4085 3576 8134 5621 7599 3949 2331 8704 4094 1300
31 8905 5185 5928 4771 2028 8524 1859 9800 2667 9592 5702 1020 5904 9438 2892 9512 8155 6610 869 4999 3466 8432 489 9141 8558 404 7277 6330 1232 6190 3388
35 9370 1454 5252 4570 6041 6883 3418 2928 2661 6068 931 9920 1353 4337 2205 2184 5392 4372 8932 8596 8061 1360 96 4795 8258 6908 1134 4191 5992 8671 7858 9574 2111 4511 9215
33 9491 1483 419 3030 6334 4783 5755 3471 3391 6211 6957 3448 9140 8477 6322 8757 2479 340 8011 3104 5697 7364 5196 5794 7579 9737 8097 9475 9060 5533 7372 4598 6675
39 9982 2929 103 3003 6856 6658 7163 3321 3406 6621 2055 6696 2508 349 2264 2305 1021 3094 2122 2581 2596 7691 7281 20 3012 147 3952 8240 8750 5736 4805 6144 1208 2234 8852 8040 6969 9263 4462
38 3587 2704 3874 3059 4571 494 4435 3114 8681 6850 1146 1697 132 5849 786 6443 9151 7932 4193 3186 3631 9678 5907 1999 9686 7330 7893 2895 3870 9932 6390 2970 5282 3179 2787 1054 8059 436
35 228 7237 6959 2876 6416 5191 2371 1451 1152 6811 1906 3995 9045 3174 7056 4925 6784 262 7982 7184 7214 8489 1086 9413 8030 9233 4344 3710 511 9858 1793 7168 5458 54 1364
31 698 5517 185 4032 5135 4308 1739 5314 6280 4803 2826 9326 2254 8126 1749 2339 5866 294 7836 3727 5623 8235 1398 9553 4012 5474 6444 5403 6710 4415 3395
32 1143 4068 6592 2257 5443 8374 7491 229 5486 968 8512 1883 2373 5495 7578 8812 8962 3469 4345 1055 3889 7262 7502 1624 8580 8109 3643 6988 4667 9093 9998 5071
35 1808 8013 3100 4681 8978 4010 8525 6438 242 7861 5367 8003 5689 3122 7517 3006 9542 7867 6346 7820 27 556 5109 1077 1533 9380 2804 6252 4917 9261 7985 2774 3725 9820 8467
36 2519 2233 2056 5426 8253 4109 1247 7777 6058 9623 6562 3607 9361 5695 4636 782 2592 2598 4360 6112 7341 2162 444 2600 3265 8669 481 1359 2424 8634 8228 2631 6865 4026 3084 9450
35 2951 2825 6810 2322 6128 7875 4181 1489 3681 3011 6691 3516 3830 5535 928 3722 201 5565 7131 8660 49 9441 3483 6296 7385 8567 4387 7388 7574 189 5784 8583 2987 1745 1369
36 3305 8734 652 5831 7159 9250 818 1222 587 4266 537 7457 1664 6290 2885 9917 5828 532 366 860 8868 7251 1399 3180 6970 3270 9032 8719 8934 4908 4318 3482 6749 2279 2768 2095
34 3433 8261 2189 9100 752 4860 2431 4220 289 4411 5268 3010 9580 2822 3993 1320 2106 4793 1916 8870 6589 5189 4141 524 2731 9259 1645 3164 8840 5693 9656 6991 3869 2645
39 4416 2945 5662 6932 3133 8485 4159 7271 7248 5021 3268 2067 5566 1678 1210 6596 8666 9111 1435 6266 4156 6666 2133 6733 9890 3674 7902 7651 5390 7642 3222 9939 7657 8880 5212 946 6688 4603 1795
36 5087 9428 3055 317 8515 1843 2991 1045 8251 789 4008 2527 3379 984 2832 1442 6374 4813 2404 1799 8658 2572 1579 2590 3906 8540 8185 8529 856 2012 5449 8215 3532 2399 3380 6708
35 5717 4062 2758 1811 1630 470 677 9124 1844 1764 2049 6636 9367 541 47 4086 2971 7242 843 8846 712 2223 733 6541 4252 6921 7095 3665 9313 6242 5682 7018 4672 5844 7732
32 5900 1538 3888 2040 6509 2274 2295 2074 570 6028 9010 8425 7430 2983 284 4332 4190 1246 4679 6126 2075 7028 9257 3916 8506 485 3748 1175 2491 2000 6781 4815
37 5981 5543 8507 613 930 2993 5493 4962 7752 3676 5331 212 213 3764 215 518 5826 3601 7787 9460 544 2325 5534 7219 3026 8465 4655 796 208 2243 7426 8995 4329 8784 5488 5134 2486
34 6295 3773 2538 7166 9657 1090 99 8828 1415 2921 523 5323 9409 1123 9831 6884 2534 4168 1994 3864 4135 1574 5440 1663 427 5943 3080 3784 6394 7558 3897 4242 3937 6244
34 7245 4835 8313 1887 4618 5271 5616 1700 3747 5954 7570 3459 9133 5875 5445 5053 1256 7870 5593 3295 4982 8448 7941 4174 9340 8968 1184 580 7852 5888 8592 450 9977 3442
38 7713 8201 195 3507 3242 3861 8770 8409 1078 1562 2394 1231 7398 4269 9110 3840 5917 8576 4640 9104 8672 41 2046 6173 9586 4239 7846 5629 1301 3322 4244 8484 2029 9127 137 6213 5988 7486
37 7751 864 8517 3397 2808 9348 7146 1552 9320 482 4828 6909 4009 8196 4934 1355 315 911 24 9598 4991 9188 3410 2925 5255 7414 6329 1426 1635 8121 4369 2137 238 2976 7363 6581 5138
33 7972 8387 1798 138 8370 1215 9872 5190 5980 3927 8024 2725 666 3005 8488 3517 5660 3791 2237 5764 5887 3976 5054 6732 7307 9083 9943 9078 1377 4647 2750 4042 6880
32 8200 8304 6031 7762 3859 1807 6158 9322 4272 8618 7370 5868 5634 9154 3251 4638 7290 3172 3894 1391 8531 7348 2878 5940 2722 8898 1478 1187 9532 1740 8737 5698
31 8315 3934 1848 6439 2286 3582 597 3068 7946 5273 7501 4496 6285 4257 8816 6367 7118 3794 9854 5809 2858 9174 9928 5463 9392 4825 8392 6026 5601 8794 7120
