48 280 251 5733 9507 9892 5444 8400 22 1998 6280 1463 5944 1307 8986 8072 4966 4967 6996 5654 1555 4971 5719 3419 5824 3743 2133 9696 4676 1753 2471 1355 1664 441 1484 5933 5417 2738 2739 818 2741 2742 4208 1844 3053 6163 1177 1848 8990
48 337 236 7700 5707 2443 1941 6503 5657 8094 3913 6924 9600 1170 3885 2322 8534 8267 6415 4866 6275 1137 6344 541 2079 9300 4948 4166 3574 6623 3345 680 6005 4015 7102 8367 2209 206 7326 6374 4928 463 7969 3516 8684 5559 4200 3819 6912
47 462 1289 1380 3353 4716 3815 3356 3920 6227 6747 5055 1811 9996 8334 985 5718 2795 3219 6974 8574 5469 2139 9973 1873 2708 5062 188 5579 3903 1564 9873 8336 5145 3034 6469 2518 4216 8676 6927 9700 5793 2244 7618 8753 8784 5488 3235
50 561 1483 3115 9063 7259 7064 4405 5190 7128 2004 6036 4901 3893 6113 9603 1552 9883 5802 5526 8004 4614 6121 1879 6963 631 5625 994 9881 9775 7379 6255 4319 6908 8895 1647 7385 8567 4387 7388 7576 1291 7391 9473 6629 3998 8695 7396 8325 8443 6915
49 628 730 7395 833 811 6090 4197 1716 1489 7117 3158 5263 144 3448 2588 5445 1017 1562 6168 5184 7020 8914 3033 3525 9396 452 7087 1982 890 6020 4896 5217 6189 2809 5985 6780 8668 6467 8671 5990 2127 5992 4977 2774 3712 8080 5997 5998 8092
49 635 469 1802 3468 7382 3799 1336 4778 836 3059 8618 2772 3507 5100 1448 7473 5616 5617 5618 3702 7108 7431 5622 1725 5624 4100 9653 1522 2921 4539 719 5631 7956 1186 4176 5635 293 3750 3048 7293 4584 4131 4693 8639 4850 1702 4697 5359 7057
47 750 1351 8275 1518 2691 3866 1490 4773 268 2860 3573 5393 7970 819 3865 3236 7994 8499 6517 4932 9868 9689 9537 8079 9890 2570 8344 8402 7651 5390 7642 3222 3883 6089 2437 5963 3145 4960 40 9914 9936 2943 1100 8679 1260 1134 8797
45 858 50 6102 1354 522 5921 4270 4889 2649 8209 3056 8211 4002 4046 8214 47 600 3569 8757 3571 3572 2150 1895 6577 7950 1064 5678 3252 3580 1382 3582 9534 4342 1916 7434 5811 3589 6449 1686 7750 7978 1865 294 4983 5113
48 873 574 5640 4309 1304 5297 3234 2915 5364 894 7147 4662 9146 659 848 1967 1076 9182 5414 4706 7764 9264 4323 4324 721 3505 7208 4687 8631 4931 874 995 2914 6141 3967 3380 422 9192 7298 4941 6880 9347 8118 4775 1795 426 3264 9215
49 964 406 909 0 2862 3425 3641 4887 5059 6765 8066 2557 7845 2039 5461 1216 6804 7997 1864 5801 7676 3634 4827 1853 2402 9763 7116 9778 2309 1786 9577 8322 7100 5384 957 3155 4488 9574 9203 5501 9791 187 5181 581 8549 9729 3626 9801 4232
48 1000 813 7204 6879 1285 2017 3829 6714 6309 5831 8783 3267 3487 3614 7197 6637 1218 8454 3508 5188 8512 797 9991 5300 3025 7095 3027 3028 6918 3801 5577 1943 8349 5416 8550 3036 3037 3038 7005 4590 2666 1127 885 7437 490 2356 3949 7041
46 1016 3112 1738 7907 6863 4555 762 7190 4558 8889 4760 3013 9541 4199 5317 7480 12 42 46 6408 5470 3985 1469 9539 396 6286 4651 9007 4715 2334 6907 6161 9542 586 587 765 733 6541 3368 4897 9670 3528 6170 6547 4796 3458
47 1111 400 2539 5234 1243 6012 9589 7016 3638 5756 2764 1925 4399 6224 8005 1020 5166 3847 5603 509 4029 1385 8423 9833 3006 9050 1158 1976 7559 4506 98 8133 1567 8135 6638 6029 8138 8425 9621 5361 3068 800 7836 3727 3590 6691 243
46 1150 771 8226 9816 6054 6319 6056 6057 6260 6360 864 5112 1152 6955 3789 4634 5202 1935 2599 6825 7086 650 2537 3289 7535 2925 6941 5664 7475 3518 7858 2631 6208 776 7952 485 1869 5637 1141 3550 9440 2122 2898 1794 1875 8157
46 1196 2376 122 9880 9303 2087 227 7748 881 4020 8010 5949 1083 4041 3747 8908 8216 8150 665 507 2527 924 1683 7797 927 928 6073 5180 4325 6171 3686 8770 5931 1593 3251 4638 3703 6188 786 6443 3740 795 796 4083 798 799
46 1258 2053 2152 1817 1704 8471 3001 5244 7678 1009 7485 5938 7692 9725 9521 4349 4724 8043 1643 4767 3261 6442 80 1624 2575 5289 6807 3699 7101 5976 4973 1491 2102 6689 1959 9159 1080 7690 6687 7596 7832 1557 1224 8815 7697 1645
48 1350 1026 9268 6419 3341 6809 9324 4170 6508 5995 3464 8633 7206 2636 79 3008 849 6476 911 1997 1416 8171 6165 6160 381 7869 8996 6588 2816 9003 1799 2931 8563 4033 4012 4467 9172 1759 5148 8439 2297 9445 4536 2291 8129 4814 3367 3841
50 1393 3608 7085 8300 4090 2204 7767 6670 9094 8293 6303 3352 9074 7961 3347 8445 8896 3383 4984 5681 3536 5122 8292 2573 1791 7685 9360 2577 8568 2579 4388 9808 2582 8691 2584 1685 6032 6835 4447 1689 5129 8769 261 1693 8475 5528 6143 3506 3237 92
46 1428 5700 5909 2606 4562 2400 4904 7438 7058 8444 7060 9747 6731 8305 9242 1602 4316 7123 9133 5063 3060 358 1330 5110 9308 9453 9392 8025 2502 3693 7331 7851 2116 5357 7192 8312 6584 3806 991 8311 8224 1727 4356 996 2731 9259
44 1464 168 9002 4456 3499 1005 5898 6457 6187 8033 8210 2662 3814 1772 6868 716 882 1256 7230 7597 1536 9494 8357 7364 45 7929 6956 9151 7932 3418 8355 1404 8846 712 2123 9208 1582 9567 562 5344 627 5147 5123 3787
46 1543 3351 4255 6216 5906 2805 2806 5308 3984 1819 8854 8078 7059 3769 496 6500 68 8263 7541 4609 3073 6700 4535 8112 9005 2389 7505 24 853 3959 2941 3962 6394 7558 8716 439 5794 7235 2059 1015 8613 6884 2534 4168 1994 8817
49 1650 2751 1867 9280 5509 1179 7318 2711 5108 4164 8253 6591 2248 8003 2653 4115 3604 8597 5984 3119 6542 9795 3122 5759 1937 5017 6822 8842 6937 1077 2355 6428 4451 5253 7458 3539 4446 3000 3808 4592 4923 5865 1505 464 2447 8596 8061 9033 8599
47 1690 2140 794 9072 7137 3687 1449 7677 7721 2672 4613 6116 163 5634 8952 9882 9265 258 8979 3621 1779 677 2270 3126 6635 9339 3032 310 5653 5819 5755 5426 5435 4377 508 5612 6696 7096 2610 142 3045 3137 2565 2743 3396 7789 7867
47 1783 1044 4402 8577 7738 3095 2632 4407 317 9623 6562 5372 5786 6601 5045 3666 4993 707 9974 9068 8374 3673 3238 9788 8675 3677 6587 9641 94 5950 5868 6433 3848 6611 6686 4220 4313 6594 9437 3605 593 9345 69 9638 683 6551 1199
50 1803 2490 2302 4730 8036 4801 7140 6831 4108 4109 7971 2611 5058 8093 8099 8997 7436 2617 3366 5069 734 792 3127 2505 1237 7181 8466 4144 4483 5010 9912 5081 8260 8859 3200 4719 6454 1740 9666 6788 536 7648 4441 2000 8035 5095 7980 5097 9853 8115
45 1877 2998 5721 8479 5227 1022 408 8594 7159 9250 4551 962 7915 8306 8522 3816 1991 73 2197 7954 3922 6845 3823 913 6226 3076 7160 7359 6230 8100 6232 8602 192 686 176 2073 5191 6721 1473 3114 8650 5276 5197 5198 5199
48 1900 3117 4504 1584 8721 1107 1537 4892 7296 7659 2428 374 531 9786 3024 7203 4489 2345 9019 6079 9021 2697 8509 9024 7180 3876 1072 6778 9185 7325 9391 1215 3633 1241 9035 9036 5605 1430 6740 2362 3282 6669 7327 3995 9045 346 4437 4185
46 1902 601 3741 603 8786 8213 9962 5638 4118 1737 5316 11 14 1780 4711 8364 3993 178 7565 3720 1323 1056 5099 8576 1368 2938 3598 4939 8581 8582 8583 908 5383 7701 4812 7258 6504 1132 6269 8592 5438 1445 8685 671 7519 6772
50 1928 4096 3490 4877 4714 6283 8856 5834 314 3243 1195 4493 7043 7504 3914 6282 8420 9111 9503 4494 6699 6316 7279 56 3924 5196 5474 4434 3288 4543 649 4394 609 4300 4256 4298 4644 5959 3723 3709 4390 8461 5200 8242 6894 1333 5770 6897 2852 7788
47 1944 1394 720 6820 3964 8793 7906 950 7908 7909 9135 2881 7463 7913 3263 1688 7916 3671 297 7919 7276 2778 7000 3310 2614 7925 7926 5311 1024 5386 8051 2289 4809 6965 4135 203 7392 8489 1086 6159 3792 5943 3794 9475 5888 6791 196
45 2066 2501 3389 3018 9352 7130 6886 6595 2189 8446 5265 8055 2125 669 4263 7241 9195 2828 2782 3707 7443 6038 448 9417 5175 2767 7652 5178 9390 1827 6491 4195 1155 4167 161 470 190 6665 3049 99 4495 3770 1173 9738 4499
48 2132 2077 1548 9128 6437 2904 2153 8749 8158 5789 8160 8161 1319 8163 9218 26 7406 546 569 8994 722 6210 4366 8848 726 7360 6146 3014 1644 6464 3188 9444 2018 3631 9678 5907 738 739 1441 6229 493 7901 744 2525 4588 8302 3358 6654
46 2200 2552 9789 6838 5704 3793 8735 4375 4449 110 4093 5519 113 6794 9549 8798 9508 315 2419 4345 5078 6197 7482 8876 3878 8542 7796 9034 7080 6404 8883 4764 39 4545 3784 2448 4752 8890 7246 2515 9835 8894 3113 6173 96 6710
49 2239 3900 5928 6472 8187 3860 9169 9727 1103 9819 2385 1769 9612 8730 7682 3005 2198 8915 6713 7273 5332 6028 7125 2354 7625 9726 1695 7699 9829 1942 1402 8641 2896 5397 831 6762 4279 9838 7640 7168 788 9842 2521 1339 936 8496 7038 3869 17
47 2300 4297 1973 7658 2163 5609 6671 7084 5358 6993 5360 287 5437 5561 6949 5268 3010 19 4554 9271 2963 8796 4585 3393 3583 6856 28 1228 30 8095 8186 6892 1494 8727 1422 1709 6851 4233 41 7465 43 3785 9277 7149 4856 3167 5647
48 2320 4251 131 6704 3579 33 7724 292 8804 904 4260 7626 6605 5958 4105 6430 4266 2196 6392 1453 5391 5779 7278 7865 6369 933 4878 6431 9626 1239 5817 5239 5934 8429 5936 7502 3867 8959 5940 5941 8516 1784 1226 7074 9416 3735 8204 4129
48 2500 2426 3612 7338 5345 823 2183 9536 1298 3972 4560 2761 7693 8819 8 6236 1749 1025 388 244 9849 2766 8411 5772 233 4713 4627 9098 9687 5557 7881 3493 7154 7884 7885 6942 8610 626 1768 7890 2185 5809 5873 3207 1824 3897 2880 3164
44 2513 5117 250 1954 6933 7324 7257 5553 3521 8958 5219 5029 6478 4628 9461 3553 2353 9818 1757 3811 438 112 1002 498 3783 93 2031 442 8016 7157 2595 6757 4128 5639 6502 8391 7008 8787 872 8395 8396 5172 6348 5033
49 2687 4976 4848 8741 3896 4664 2626 6829 898 1181 7776 3935 8813 8814 9335 8537 4019 1322 1965 9886 8989 8822 2681 429 6961 6985 372 8836 8572 3596 8831 4369 2137 238 2976 8643 8455 5385 8839 2494 1176 2098 7607 167 6581 4511 8309 5960 8849
50 2745 4051 1039 3685 7848 1789 4273 7838 5105 7834 2369 9918 5153 1013 5421 7283 5712 5778 1519 1019 34 6305 245 1814 1270 399 9765 1607 7103 6816 1030 9939 7657 3432 7209 4612 9105 4179 8703 9980 4112 7494 5481 1043 8956 7165 5763 9656 3820 6480
49 2873 5431 2566 5715 7076 2488 3656 5500 3029 3570 2710 9568 4580 8386 3943 5691 7474 3722 6615 4837 6285 5476 8911 9799 5307 3002 1192 3700 4740 81 930 1630 4648 2 4875 7745 5104 7587 8018 4340 3491 9648 4343 4601 412 6777 9712 7601 3664
50 3054 7272 9630 5453 5550 2082 4645 6091 3854 5800 8538 9393 7860 5304 9984 1509 583 5467 9528 8964 5999 4321 9722 8862 5939 5165 3479 3895 9728 9796 9730 9731 4024 4294 3332 9735 9736 8593 4136 9739 2361 9741 3591 4111 8389 155 2540 4326 2299 1983
49 3088 4751 5803 3065 6536 1966 5539 6015 520 9807 7268 4863 3564 9614 5969 275 9515 5821 7830 9620 3797 8223 4146 9224 2684 9020 5088 4695 9629 9965 3986 4368 7911 7862 9635 2457 6827 8615 2016 5138 4815 9642 5604 8017 7387 9200 5590 8467 5785
45 3139 4637 5139 5475 5315 7762 648 108 3 5082 6149 8262 1778 825 8265 5321 1045 8536 8183 9467 7532 340 2075 8407 4259 6328 688 8480 7944 9082 270 6401 1506 9889 2186 4117 9854 9334 674 3837 1308 8941 5347 5089 4480
48 3144 6844 4452 5452 7415 2215 3004 6307 4439 4095 8026 2286 8526 8743 6194 4570 423 702 421 5497 7316 5223 1236 6899 65 3323 954 5229 2417 8290 9077 7291 4139 3271 6641 8410 5238 2750 6960 7547 6412 5243 3610 5371 9317 6895 5248 1203
48 3146 3256 3753 2008 5968 7918 7938 8955 9758 4684 9760 7037 5703 2341 5740 625 6000 8754 7988 7269 6947 3281 2366 7077 2667 2913 3384 1356 9030 4206 3175 4675 4070 3318 7735 3635 3812 3637 3081 5866 6589 3719 193 7028 7370 2907 197 3481
48 3334 5482 5291 3756 5722 5747 5564 1372 8552 2859 6728 3163 6246 2798 4464 4351 2157 4803 4468 4469 1293 2522 3796 8086 18 2292 3817 6887 2651 9307 1123 9083 9084 6527 2647 1556 5189 4141 8046 9241 5899 2529 9244 9245 2358 9429 2067 6277
48 3392 1885 7756 791 9485 148 6006 7151 4516 1508 7167 7660 2591 2307 6065 2187 590 2211 1459 4219 5352 6298 3229 119 862 5173 8282 5879 1427 821 838 829 8651 9359 2542 4734 9617 701 2063 8084 1213 9229 2971 6178 7412 331 8298 2218
47 3450 5872 6125 2940 1347 6734 1858 3071 7811 7461 2231 7065 58 3567 8874 9399 6840 6339 3988 7444 6922 1246 430 2235 3607 941 6911 4872 2412 3620 6370 5696 7026 8181 266 3230 4667 1068 7349 3057 2850 9814 5570 4980 2563 2508 240
49 3477 5185 9102 2903 3842 307 1156 9841 2040 4271 9237 7322 5016 806 2430 2533 563 9154 6048 3898 2621 4201 6622 2168 2625 3531 1204 5965 942 7522 5161 6438 9338 3502 1711 7144 1472 9378 5451 3554 5955 4305 3981 5454 4175 9692 1160 8159 6823
50 3552 5213 2161 7975 4844 2756 9287 7894 2011 3309 5597 2229 2845 2176 3314 3473 8498 8123 4865 4376 4074 8782 7667 775 6162 8014 3080 3299 1812 3710 4344 9901 7802 1533 578 6366 8562 5458 7161 2987 1540 5422 3064 6137 8352 1527 6343 1547 5119 1549
45 3585 7647 9479 4712 1040 5220 6826 4738 6375 9565 7211 165 4961 8111 5143 9466 8068 8069 3530 972 2847 8120 7425 666 8179 2867 2916 9556 2948 7671 7534 6304 8131 3210 5285 2723 5613 3824 7343 8722 7345 9405 7347 7232 7106
49 3600 5000 4902 4957 4565 8821 9948 3162 1281 6279 8624 7178 4862 8832 5299 9054 9504 1146 1349 7785 4261 3089 6858 748 4202 71 6083 7218 8977 4880 8230 8231 405 4353 4635 2648 9258 4888 3011 1259 943 2021 4893 4894 4895 7939 8944 6806 6866
49 3639 5538 4478 1785 6750 1788 8287 7042 9774 1592 8953 4955 1924 3662 9947 6308 7555 3512 8918 4453 4277 784 5583 1724 5377 8388 9804 7712 7831 1730 4509 3696 7753 7512 1735 5514 7536 6347 1272 4548 9117 7189 1743 5439 371 5096 4498 8321 6667
48 3701 7433 2272 5926 2717 3372 2181 2657 6800 3497 2177 9086 8156 8993 5890 3822 1617 7429 947 1059 4942 6660 1623 4065 5208 7003 9905 159 1629 3654 5101 2810 9075 1426 1635 2733 3809 2162 444 2305 1021 3094 2581 2596 7691 7281 20 3012
49 3776 5351 5252 7575 7931 9219 1014 8866 1845 8916 8058 345 311 3201 5302 8957 7768 7280 3802 1470 2571 3933 6725 1581 7045 1974 3350 4403 3101 1480 437 2807 5157 3121 7446 6397 8527 6905 9205 4409 3734 1492 7631 2316 9240 7643 7083 403 298
49 4050 7173 5026 8412 1154 982 9070 5585 9817 2257 2213 3884 1231 7398 679 3966 1962 3968 8174 5581 7011 8243 5956 6724 9581 4288 6727 1001 9757 3182 5149 4617 6733 2734 8897 6736 5922 6738 6739 5979 7477 892 120 4243 8638 2092 3084 8612 3658
48 4142 2172 2348 5492 7055 4055 1839 8505 8808 9871 1586 7411 2640 7410 3887 6475 5916 1583 5918 5919 803 9018 7821 5231 917 7176 6914 4466 2158 3157 8172 6681 7778 6683 3953 684 6436 8919 4610 5407 1595 8054 2010 5040 8236 4490 1398 2786
48 4150 7704 7052 9239 2906 2255 4290 9388 2258 2499 1972 8217 8346 1499 2295 1566 3369 1568 3062 602 8546 1908 1371 5466 6157 4798 8644 1752 1070 1580 4226 2799 7897 4264 6265 4914 1587 8307 6262 7070 1591 1561 7684 710 5672 8245 313 8258
50 4400 4062 2091 5388 9147 9011 5780 2956 5724 4797 5847 8007 1604 4011 2835 8826 6546 1119 7531 9230 9813 4549 5376 8047 3106 8681 6850 1872 1 9206 4974 7282 8870 9361 3534 3535 1733 4816 3538 8110 3540 3431 3542 6944 9847 9483 4392 9937 8598 2986
48 4429 5930 1452 467 156 1621 7715 2165 8860 8861 4140 4363 8864 2446 2630 3209 3941 777 4507 3377 822 6463 5837 5245 826 164 8921 907 830 8442 6494 1732 834 1200 8701 912 1051 8244 916 4061 842 3096 6313 585 4774 2568 3606 3287
47 4436 2732 3135 7198 7801 5378 1806 9115 409 410 6453 801 4482 8913 1570 4624 4546 7857 419 2319 9366 2337 5163 3738 7453 8904 6345 8885 4007 5578 2589 5264 369 2503 3340 510 588 3668 3616 6379 5443 335 9046 8628 2496 7466 7520
49 4500 5951 4361 3653 8877 3655 7799 4028 3680 3385 6353 8930 1762 5520 3022 516 517 3151 3471 2882 4978 4890 2990 183 2725 2726 2727 5764 5887 7471 5192 3176 189 5784 5761 4791 1588 7749 8603 5537 7019 9865 6785 3298 6917 5796 937 1668 5799
49 4589 8261 3857 4512 1889 3800 8806 2784 2386 7946 61 4944 6978 9113 9415 5946 6035 1185 820 9420 9447 9422 4484 5408 6973 3904 2251 7369 9492 9686 9431 5524 865 8340 9435 2154 3647 4533 5549 8606 2820 7455 956 7295 2886 9446 4572 841 9624
49 4686 4017 7139 3929 2794 8285 217 2409 184 8833 5732 5932 5339 9134 2671 2477 7050 7898 5769 4800 9753 3269 9223 9116 9225 9226 4526 8543 4448 2413 8590 8330 9233 511 4359 461 9060 3303 9016 6590 9057 1087 5973 13 8649 4103 1332 2399 2037
50 4732 4794 1836 1136 7782 8535 4781 3765 4600 2646 7942 7791 8149 2245 2364 9963 5226 2367 8586 1010 2370 9903 4920 5060 8867 4678 2776 4364 130 6745 6193 8060 1744 6184 9934 6570 7888 7470 6530 1477 2997 7732 1300 538 2962 7627 3855 8566 468 4223
47 4854 8201 3982 9677 1640 1346 7306 1692 2927 8083 7333 5897 7478 7675 7314 7315 5966 4021 5118 4072 2964 5942 7357 6372 9779 391 4682 977 1210 7046 5091 3123 321 1435 7695 1437 6266 1439 617 612 3409 6018 3844 1406 6935 1565 149
50 4943 6001 3100 3486 4839 4626 431 9713 6357 7150 9329 6261 1589 7855 3675 3183 8221 4284 1524 1687 6270 6271 9950 6616 6306 8390 116 3359 5891 7260 3495 8130 2275 8447 6333 3891 4386 2939 1188 4389 3436 4823 1946 4393 4909 1535 5201 5116 8608 5162
47 4964 7526 6876 1091 1841 9748 8272 4231 3321 3406 2310 2311 2312 5240 5680 7517 9518 2618 4779 1440 4922 2833 4473 3414 1597 4975 8067 8729 8788 5812 5051 3805 133 9132 6767 8737 1264 8739 8740 1105 8794 7481 8744 530 8746 349 1932
45 5046 7731 343 1837 3594 9783 4268 1388 2062 1063 9123 749 6385 4656 632 8501 4969 869 5871 5652 6813 1446 2474 2676 1366 889 9204 2449 9926 7663 1377 1793 8087 6711 5730 2802 8232 2476 1047 1717 5109 428 2142 751 9888
44 5125 5115 7662 7153 5591 9130 9773 6759 6836 7759 5164 4346 3625 451 3645 4120 7361 9864 5753 3220 5296 6388 1482 1775 2788 6259 4652 6087 9080 4956 1253 4401 986 3467 2899 990 736 3643 3494 6240 7896 3247 5813 3665
48 5389 9601 7308 4153 4596 2655 9 7231 2908 7368 5610 8039 1728 2920 7672 6672 4285 6875 6938 8967 893 1410 2922 8966 1663 427 6501 1857 2260 9078 478 4605 7771 2306 6154 6664 629 6676 3974 88 9377 2712 2900 8879 5425 8122 2323 5795
49 5473 5106 3587 2233 2160 5013 4137 6668 6485 4577 9153 3136 60 7113 4947 6228 4238 709 7118 7119 9694 5507 8690 3216 4382 2629 1197 8760 7432 7034 4970 7131 7132 4934 5028 2541 3067 318 8510 457 6041 6042 6008 6044 3435 4034 7645 7352 6049
50 5511 8451 9293 8453 5947 8837 5206 5207 8202 2461 9930 3881 360 1660 59 1329 6701 4444 2118 2236 9533 6514 6628 474 4742 4899 8927 6367 3250 9593 2885 8383 7367 6678 2134 5844 2136 3937 5312 2768 5387 4603 7530 8225 6706 2145 7312 1682 4747 696
48 5571 8136 2238 9559 2604 1750 5441 6891 7271 5563 3120 330 5366 4454 740 1417 6053 878 1420 9489 4157 5246 1424 4921 4099 3451 195 4591 9430 3069 1432 6761 3879 2620 9336 1363 4594 4432 802 4665 9342 9343 6520 7012 9951 4578 844 2497
49 5606 8141 1201 9703 7441 993 9706 7459 5748 4147 9279 8385 8167 4082 6174 2744 3143 9967 1396 9682 5765 1611 7554 4360 3760 3198 126 4743 1493 678 7212 5222 9197 9884 7620 9256 9887 5369 4089 7696 4059 2121 9893 3208 218 9181 9644 3946 3527
49 5646 5401 4520 7951 6498 4333 6748 5841 2664 9909 9834 9861 4992 4184 1367 6519 5870 1850 5237 5655 9870 1912 8331 8620 3688 2590 3906 415 2100 9979 8928 9981 9037 9983 3205 4358 9351 7335 9988 9989 6206 6692 9992 7814 2071 221 7581 4227 1940
50 5688 6108 433 9337 8222 6505 2871 1838 7716 4058 6510 259 8595 6513 8640 362 3307 9956 2242 4069 8910 4726 687 4073 7537 559 6406 7321 7513 9562 1180 743 4840 8409 201 5565 4472 1187 8887 1028 3862 9978 7606 1600 1964 9655 596 9810 9622 599
49 6132 5727 6652 8674 2013 6655 2101 3170 179 2006 2510 2511 2512 8799 4822 7182 9055 5132 9708 5862 8377 5623 9125 5057 7877 4086 8052 7105 2972 8450 6983 9681 475 8970 8277 2693 2261 2829 4745 863 9690 2381 8792 8405 645 5760 1023 6901 3422
47 6318 8387 6945 1603 9155 3199 7479 7213 9249 4538 8951 4008 3348 8544 6434 642 7772 8697 2930 1053 3773 1804 1324 9836 8178 9177 3629 918 285 6797 7679 21 9184 4758 1923 2851 8949 7196 5874 5734 8580 106 9702 8715 6881 903 5484
49 6320 9131 7022 3030 2889 4005 4283 7912 3511 2982 4412 7761 4384 2285 5194 8515 6058 9482 9487 6802 9751 491 8032 7543 4124 4985 7866 9166 9096 3169 4582 7354 5065 5810 5642 9389 9419 1834 9658 9590 9591 9781 9928 5975 9558 4257 7053 4438 9599
50 6490 8304 9190 3173 6287 2796 4010 7589 6077 6787 8683 2346 1062 9136 2675 9720 9869 6323 1614 3097 9566 9685 5215 6373 4583 6862 6400 812 6378 1223 3423 6381 6382 9570 4502 8605 8233 2230 7719 3556 3108 6391 5961 1585 2486 9450 7727 1227 6398 6399
45 6583 8238 1266 3306 3888 2227 2683 3058 5644 4755 4080 7661 3821 7689 1114 7540 9798 1318 6885 5446 368 9119 3193 6139 3480 9327 1715 7007 598 9441 1162 1401 1460 5310 3365 851 7644 2668 5303 2492 644 3160 5820 8303 9513
47 6755 166 7817 6586 4968 667 125 6209 1221 2317 7914 205 413 781 6166 6167 2619 7744 7979 4587 987 7728 5374 5275 1376 1450 4078 1379 7464 4913 3320 8935 9529 9787 4486 9474 582 1073 7698 1306 1191 4190 1758 9490 3996 7773 1316
49 6900 9674 4958 7711 8107 7707 9579 2538 9969 4289 5662 2115 8733 4540 6334 9607 764 2740 4542 8462 3469 5867 2842 3524 3328 2749 8891 3728 4772 2380 979 2382 6737 3978 4327 3300 2086 6470 4383 347 7710 6890 3411 5150 2395 1296 5782 4917 9261
49 7186 1444 350 4307 7164 9214 272 9186 6176 2043 7127 1691 8413 2779 2950 6492 4792 7073 312 7457 5991 1905 5338 9924 8203 5014 3543 7330 7893 2895 3870 9932 6390 2970 5282 3179 2787 1054 2789 249 2791 2792 6151 54 2221 367 4415 2981 5504
48 7195 3461 2002 9044 9478 1907 8850 9355 6205 6958 2797 9449 8980 9637 620 857 3221 8518 1945 7004 4149 5322 4937 5324 5325 5326 5327 7049 3683 8021 9061 8494 5363 322 6092 3999 8699 3217 3370 5124 542 6338 6096 545 2654 5353 1225 6934
46 7250 241 5007 1309 2485 8936 1563 3930 9688 7261 2327 6278 7264 4950 4891 9595 3648 7588 6310 4496 713 2650 8658 425 4709 5177 4310 1575 8663 4870 1680 3484 3485 9501 2701 323 5152 7311 5592 9288 5594 9350 4132 6679 5845 5599
45 7350 9097 9073 5320 2839 7355 2638 3947 7358 8289 1274 3628 7362 9471 579 4430 9442 4559 706 1825 4159 6916 6874 446 9052 5413 2178 2179 2180 7968 5233 2627 640 7770 5885 594 500 7833 3488 6568 6450 6645 6646 9530 199
48 7351 7001 8665 501 6387 5677 3364 2947 4286 7210 5510 1521 9207 3636 7949 7829 7456 4995 7418 9216 2469 2138 7822 4221 6855 8973 2463 4527 2562 6365 52 4615 4883 6326 9684 5685 5187 4722 6936 354 4296 3921 3399 5860 7904 3597 5856 5043
50 7399 7243 5261 6521 5135 4308 6906 5083 5576 8999 6003 3950 2089 8759 8843 7965 2349 3559 808 1190 182 6223 3421 9640 7974 647 7976 7427 5486 1571 7960 5205 404 2609 778 1036 9615 6837 4513 6169 6592 7546 6842 6843 1579 6329 3046 6760 5714 8208
49 7450 4102 8284 814 9860 2660 8296 1466 3602 8064 3148 2324 4381 264 9418 4470 2271 5379 5532 9269 5614 1071 3684 4522 3426 1075 8353 3956 3762 401 1303 6648 5777 4631 9056 3083 170 2375 8000 3249 6639 2917 2644 1093 1094 4953 8059 1694 1098
46 7500 1113 6693 5911 8667 6239 7506 7507 7508 2763 9761 5472 1035 7754 7109 1458 3766 3767 7499 2199 1321 1613 2431 4169 1619 6254 1090 887 8680 3153 6111 9872 5256 3257 8686 597 8688 6744 9906 3830 4293 5249 9221 4608 7861 1899
48 7586 3546 384 7527 4148 8555 8308 4460 7227 8559 824 8561 521 9017 8192 1594 9826 1646 6793 2669 8264 9968 9990 128 4927 8022 1003 7184 4782 2344 6444 2455 9025 2265 1892 8654 37 9465 7882 714 7009 4574 3877 7574 9846 5159 2174 6004
49 7610 888 9319 3853 7044 7511 8773 6585 3692 1163 6010 229 3105 1082 1790 8621 6016 8020 4013 6626 9953 2274 7056 9346 9671 1348 981 7622 158 9631 1451 1995 6033 6034 4009 8196 3023 1938 1939 8762 6596 4521 3994 9262 5540 3156 8382 8469 676
48 7612 7301 9464 4604 3578 7809 8006 7380 3522 8359 4659 6573 216 2212 6992 4916 2932 4918 2642 6997 6977 6723 654 8350 3116 7496 6204 6989 8229 7430 4104 4679 1405 1961 6471 8097 6707 745 8403 4385 3462 8954 9328 3581 8259 8823 5006 7287
48 7650 1651 7940 1842 1970 876 3455 1257 4413 2714 89 2049 3965 209 5241 1851 6181 5170 4465 630 8190 8114 6314 3092 6022 9157 2377 2623 7798 690 6182 6183 7585 7253 2360 5027 7957 7310 7937 8361 2760 2493 1211 8853 8646 3748 9112 299
48 7674 5543 6962 608 5430 2007 9356 4485 8548 837 7903 7075 9281 7664 7665 7666 9432 9922 2069 3331 8002 6619 4291 6258 4979 5945 3827 3129 3308 7680 4336 1055 3889 4811 3087 7781 7687 497 2966 5210 9693 4026 4275 5645 1874 3725 1984 4428
50 7706 7421 919 3407 9812 5355 5668 1033 658 9198 6579 6264 8362 2109 3181 8742 5859 9970 9650 8519 6078 1116 9227 8339 5962 5052 7921 7448 8185 8529 1391 8531 7348 2878 9165 2363 5076 5487 344 5489 7806 3944 2103 5493 8109 5495 7578 2702 8578 5499
46 7736 3142 3239 154 9523 4076 1880 9911 1409 3241 1411 7905 8976 6803 1395 7386 6123 8015 4633 7242 2314 1930 6122 8153 6325 7878 3617 5428 5429 1193 866 5912 634 2944 636 6496 2703 9780 6979 6988 3445 9695 1018 4905 4708 9305
48 7763 6424 652 9150 3704 3705 7284 7419 3708 7336 2909 9089 5744 2014 2015 7766 5828 532 127 2020 455 2240 7533 3908 2025 6913 8847 7174 2404 1670 5527 4879 6201 3379 5235 5983 2883 9669 3611 3021 9028 2090 785 9844 6051 5620 8648 4849
43 7795 9661 1955 103 2398 1502 1252 4996 554 316 754 8137 7873 3402 476 5319 3496 9605 4997 7786 3324 1774 3074 1776 237 2995 6340 6040 5073 4757 923 7194 9632 3892 254 3742 1870 3599 9917 3918 3246 2773 4524
46 7989 5330 5892 5224 6893 1761 8406 1713 7124 9709 1049 4127 5306 5633 7428 6631 1765 5967 9945 9015 7133 4940 2692 3592 922 7503 8328 1488 5980 3927 8116 3104 242 3622 7078 1659 9895 6640 3304 6642 6643 6644 2441 5808 3498 6023
48 7999 8301 479 8096 136 7943 4698 5663 8132 2397 1963 7570 1914 6535 7714 4746 67 62 4081 255 1238 7509 9353 715 5090 7302 4728 4729 4669 1747 760 4586 9187 8725 5673 8283 8838 8168 7394 3394 3102 9977 4576 6999 1515 3987 4 6889
47 8037 8401 6703 2870 9845 9633 2960 7300 939 225 1636 9383 4841 7595 7155 9139 3697 7561 8356 6763 7353 9414 6025 8812 2374 9806 3838 5331 3412 3768 5682 7036 6217 6580 7006 8102 1918 7879 5690 2593 8840 5693 5694 4370 1381 9398 6242
49 8108 5851 2718 5929 1856 6555 4571 533 846 6532 1523 1265 3192 6052 2403 1161 6630 4322 3285 7548 3260 3492 9663 1145 181 6926 5380 6543 1958 6930 1828 8320 7945 9665 3526 827 3225 4462 2824 9234 5195 1169 6943 5970 4423 6946 7120 2605 549
49 8165 3849 886 6299 5584 3584 6389 1212 7556 7126 9066 7484 4161 6682 1108 4492 9306 7844 3520 6531 7670 3223 4952 3168 5725 1625 5434 9832 8893 8720 6512 147 3952 8240 8750 5736 4805 6144 1208 2234 8852 8040 6969 9263 3131 3565 8791 9771 4898
48 8286 6877 8763 4784 3191 1546 2706 202 3159 6613 7248 3362 7835 3873 8991 9160 141 6456 840 4595 4857 2352 5477 5394 2078 2827 5994 2128 66 1898 828 2259 1980 4700 3016 1189 6657 9087 5290 4911 3211 5293 8341 5295 231 5160 7054 4222
45 8345 1151 880 1081 2143 9297 3679 6603 5626 9505 2769 9511 2658 4404 1868 7864 6753 9514 1164 1457 4152 7223 4145 5230 1131 9940 1771 4225 4330 4331 2823 2156 3035 8818 1287 2048 1290 9755 2280 5738 9395 8925 5547 6489 3880
48 8426 8851 1610 9668 4067 855 7637 9997 8579 1960 5641 1431 2993 4194 6561 1031 6867 2214 6869 9048 6871 4783 2038 6624 3391 6211 5661 7092 7393 6014 551 4421 6633 9770 1878 8393 1286 4450 4187 1390 1888 9535 7983 4860 7737 3803 3430 5459
45 8528 9428 4071 1777 7285 95 256 1034 1462 5211 8198 519 3401 100 8418 8487 3970 6954 8082 9043 9754 3226 3976 1475 2384 3979 454 2762 6288 3983 2332 2114 253 5328 7518 2919 9106 6468 1701 7812 570 3166 5771 6702 6363
46 8541 6972 4098 1798 8354 2105 1386 2290 761 9697 2912 879 8771 6909 2416 3174 2601 274 1415 8678 9954 2583 2980 4776 9652 2147 8982 4780 9524 9943 8234 5251 3357 9041 6127 1770 4431 7562 6351 2901 9526 3510 4795 8965 3509 4301
46 8554 6518 8707 25 5996 1057 9587 9267 1370 6203 9274 3213 3214 3831 394 2544 2169 2170 6507 7875 6128 4759 2175 3374 9332 4847 4461 6754 572 6582 550 931 2201 333 728 279 727 4959 8767 5601 4410 7741 6196 4826 300 6199
48 8726 7366 9252 595 4476 6805 6019 3472 6569 9750 7582 7635 4276 9081 9400 3227 6393 5852 6818 6685 6768 6821 2045 198 7528 3955 5373 4419 449 8661 5521 6011 2894 664 8912 8553 7288 2498 6632 6636 2753 1554 7294 7115 9354 7297 4741 7775
49 8810 682 1714 5236 8154 1338 1792 1343 4881 1530 1641 2996 9212 6859 2690 2226 5987 7289 1037 9323 9220 534 7002 4525 7408 6047 7977 3523 2388 9101 2094 6715 9517 2937 9062 5367 1913 4925 967 1294 2875 8657 4332 7332 8795 8978 4064 289 2351
45 8972 2877 4068 5146 5927 6847 1207 6526 173 3926 4414 8441 6545 8845 4134 3549 1052 9421 1178 737 7375 8938 8987 7134 4836 6130 8065 6852 8310 9545 306 6136 4717 7964 397 6140 6830 6142 5048 2042 5283 7424 3649 5154 1364
49 9000 7010 9902 7497 207 6155 4267 7082 3858 3859 2546 5169 4691 8738 6107 6598 980 9067 7917 5978 7739 5004 3717 6661 9721 278 2392 9064 2462 3330 1605 3832 9304 1577 6970 3270 9032 8719 8934 4908 4318 3482 5580 3344 3124 9107 758 9894 3349
47 9058 7237 1852 4727 473 2652 9298 3313 5659 1558 4810 767 4249 7107 1311 9427 7169 3537 9611 7172 342 5186 3916 1756 1764 984 8547 1058 4173 7839 3110 4172 4643 7405 6120 2985 5140 3840 5917 9104 8899 9424 3845 3846 5167 2393 1840
47 9095 9423 2284 9053 5318 945 6135 8139 5567 6355 2698 2910 9202 5356 4337 146 365 3804 9455 1703 2509 74 5705 4043 3588 6722 8456 2780 9527 8573 543 84 1669 8533 7886 7215 7702 1041 91 7623 6653 8881 5775 6647 97 3082 6544
48 9253 2855 3746 7305 5886 5905 1139 5649 4158 7765 3657 64 8520 5093 2141 6565 2530 1006 4962 5471 2083 9680 1066 8772 4731 9013 7910 780 6474 9734 7948 4183 8485 5480 1495 1675 2459 4189 6483 7757 9170 1326 2347 7850 4084 4793 3975 9716
47 9406 6950 353 5468 8601 5572 9657 121 3555 584 8472 9662 8419 5203 2624 6066 2661 6068 6069 6070 9246 320 1601 2808 7579 9737 7629 7630 6857 9645 8682 7634 9380 2804 6252 6994 7639 9839 6104 2405 9173 3910 5971 4282 9481 4395 7649
48 9448 416 1978 6718 6075 1029 8280 3503 145 5348 9561 2958 1277 214 5111 1384 2268 3619 9301 7924 3070 3627 2108 7793 5881 9371 1890 7365 2603 6352 8835 4038 8539 8438 1760 4537 2365 4991 4517 4037 3051 5853 4544 9767 2269 4547 4744 3424
47 9500 2167 8274 2874 9824 9238 2456 9158 2458 1677 2460 6402 4348 5589 2464 2465 6377 2467 5836 8227 152 9023 3882 3714 5056 5804 978 57 8931 3980 9295 4212 6072 6746 2887 9039 5061 7207 515 1340 3547 3529 4518 8424 6853 5883 5204
44 9867 7600 8027 1362 6405 8276 4550 6418 8584 7933 1896 2715 4030 4240 661 817 1655 6705 1698 5038 6742 7774 8279 6976 3907 763 8693 4031 1678 8188 5574 4685 2054 3674 7902 1079 1341 232 8687 3560 3196 3197 9877 8249
48 9874 9222 1261 3777 9118 3255 1887 3474 210 3772 2155 2228 4671 9664 7221 6910 717 9866 5908 3778 7476 1299 5225 3915 4735 1977 4569 4553 5924 1981 6302 9749 9401 8589 2276 7451 1988 2902 3154 3690 1992 7935 5552 4938 4790 1821 1763 1999
50 9879 1609 4556 5542 8384 6716 4771 4936 5442 6445 7337 1718 6420 6076 6523 3615 3266 3206 2408 4396 3420 4209 7568 82 2117 4433 4523 3427 4632 6462 4639 2487 2124 2107 5465 6045 8034 7254 9510 7837 6578 4422 8246 7320 2003 8369 6202 8789 7920 3449
47 9931 1538 8252 6138 5156 8255 9506 4163 6808 180 6473 4838 2250 9679 6493 2451 9108 6050 9743 5665 7681 3834 1273 7214 2423 172 376 3258 5018 5301 5720 4510 7171 6534 8493 308 1681 267 8486 8609 9093 2597 8375 1295 63 653 6998
47 9955 2704 453 3566 4338 1007 4935 3262 3843 9179 6726 2814 2815 5596 9051 2818 2819 9999 3194 2359 1412 4174 78 5776 2759 4125 7823 2817 2081 3327 4171 953 5832 3297 7784 9071 3936 5568 105 2641 7899 4487 2095 5842 2097 6708 1205
50 31 1706 3337 8363 3942 8497 4819 9563 7442 1217 6147 7841 8502 5298 3245 1433 6617 6694 4981 4299 1787 6771 3623 6773 568 4519 2790 4335 2061 4799 5362 732 4748 672 6798 3781 9944 1722 8319 9167 6790 1986 6792 8431 621 6795 3807 8128 3400 5787
49 32 7653 3147 7892 8049 5349 1813 9168 1632 2110 6301 3342 9384 4845 5314 8998 1297 8145 3453 1219 1220 7039 8452 8162 7447 4463 2383 4884 29 9837 1230 2747 1232 6185 1897 1235 3630 5573 7628 8626 4660 2755 5752 883 5336 1245 1915 1202 1951
46 150 7840 7602 2414 5 6 4077 8673 8517 9584 5902 7708 1008 1331 1883 2044 1993 8630 1590 7071 7193 6980 4355 1280 1313 290 3795 9079 2281 6292 9090 8124 5790 5279 746 6730 9540 5309 8241 8177 2326 9129 3178 200 7490 1929
48 386 2955 5136 3003 4426 1046 77 5333 529 9942 2978 4228 5766 9921 7524 4258 6968 5395 9321 7580 2468 2481 9752 6975 7552 4987 326 641 8143 8863 5412 8642 5494 7238 4054 6987 8316 1012 7824 6991 5398 6380 2058 7222 999 440 5179 3413
44 646 1501 3661 1251 3782 3278 4408 3446 5611 755 9076 2812 3515 1365 6291 4440 6332 2679 2047 703 622 4674 325 2781 3739 2434 6849 6458 2770 1572 2592 3861 539 3428 1078 1797 7162 5880 7097 364 503 53 7598 7599
45 1069 1926 1383 1975 9426 6779 725 2969 2056 1544 9859 5977 4443 1310 8191 8778 9312 7569 7889 7571 5582 7963 3343 5746 8126 8127 8397 6067 7374 1478 1337 1723 2879 3268 7498 186 339 6235 5876 7617 9413 867 5948 4737 2526
47 1400 3501 1042 1254 3504 9163 1142 5679 7342 4160 9958 4162 6164 3715 8984 9569 6037 6964 896 8470 6659 9397 8473 535 5305 4411 8207 6651 4824 2232 4107 1312 1934 8521 86 5697 9840 2811 1084 7792 9553 7794 997 9815 2420 6337 920
47 1485 8314 5848 1165 6898 6055 334 392 5464 8119 7013 7014 7015 3312 9439 5342 5791 9049 7021 2736 8449 2450 7025 114 4528 1335 7029 770 5176 6243 9148 2009 1317 8427 4666 4689 3577 6675 900 4541 1467 4581 7673 7081 7515 6117 102
45 1820 9916 2252 2253 7516 1671 2033 4699 8900 1159 4320 3335 8250 1085 5739 2536 4151 8820 6752 5858 2977 7982 1751 9194 5544 2076 2237 1616 357 5515 4350 7993 1378 450 411 3901 8672 432 6684 4180 8459 6030 9766 5630 7655
48 1950 4853 8101 8376 3754 3755 3761 5126 8434 4723 7510 8437 949 9822 6834 2585 1498 6625 7094 4786 1541 558 7922 4531 9283 8575 8478 8513 4681 6331 1700 2735 9843 6335 6336 4246 6237 4122 7069 4817 6342 3925 6848 4247 2999 8627 6612 379
50 2088 3558 309 1849 3695 1810 9929 4262 7958 976 6931 8611 1389 2891 6081 7422 8616 4820 6403 2421 6576 1612 694 2694 2680 8625 8923 9369 5193 7401 3333 902 8632 2418 3075 5370 8281 8637 9949 1871 3440 1830 5884 2313 528 8645 171 3757 5767 2396
48 2350 506 7111 6386 305 2406 3736 3660 5555 4210 9404 2373 4213 7183 4215 3272 4217 4218 487 7156 9672 6180 5827 4287 5598 2801 329 3417 7549 3295 4982 8448 7941 847 9340 8968 1184 580 4990 523 6097 870 4994 4417 9091 5588 162 4999
48 2861 4022 6452 2553 5699 1122 7313 816 8571 3390 8940 9580 1891 3091 9976 2967 7826 9776 8807 8063 839 1407 2974 4347 1719 2444 7467 3363 4750 1153 8704 9443 2984 2765 9231 3763 2988 1120 8766 4191 7491 3826 262 564 8195 2329 4198 9161
47 2918 6951 5070 8873 4804 8105 2144 3997 8219 111 5586 3041 6257 9714 9715 5003 9717 5849 2707 9008 5551 5982 7142 8827 4733 8457 72 592 6317 2890 3090 6506 7654 955 9330 9137 7329 2387 6284 6094 9142 87 8655 8205 3410 489 6538
42 3043 1532 2531 123 756 673 5335 735 1282 2793 1468 6093 8816 624 656 4371 1503 576 1126 5478 1121 1129 1130 6528 3478 2473 1175 2491 7048 926 2670 2425 2637 1061 7947 4274 557 548 5350 1147 9733 1149
44 3050 2825 6810 7373 4954 5080 5807 668 9012 6410 9769 7417 6413 6414 2273 6416 3031 998 2022 5643 6509 2440 5835 2965 219 1656 5878 8981 633 8983 6330 8985 2853 7452 8988 6599 1115 9557 2371 1894 9550 6218 2628 9618
46 3325 4768 5022 1167 2435 5005 5531 4858 6549 5433 1884 1658 7539 3463 3595 3465 2724 7110 8151 9723 3470 7067 6815 9705 4119 1421 2277 283 560 301 8570 7615 2391 230 3939 4789 7435 5155 3044 7240 8614 3642 7608 7804 7141 6099
48 3500 4673 3644 6799 6766 4241 1809 875 2608 9176 9691 4025 1754 5814 7356 4265 4622 2321 370 1496 4561 8902 9386 174 8824 9851 4873 5337 380 177 7199 3019 3339 9273 1487 7023 7525 4248 8491 1745 6604 2149 8556 5031 1922 2029 9127 137
46 3992 4101 525 7033 9993 9759 248 6248 6074 6497 324 4391 610 3240 5066 5723 708 4278 9059 1135 4833 2060 1826 4357 3791 2220 5323 9409 2241 1833 1320 1471 6289 288 6854 6435 7895 7632 2445 9459 7755 8670 7752 6247 2721 6249
49 4235 6007 8677 607 7217 3624 7973 9211 7819 3676 9120 212 213 3764 215 8327 3107 1990 4670 220 6384 8617 1250 224 1953 465 877 4696 7787 9460 5925 1622 8038 1545 235 9825 4354 5628 6828 6690 2975 5920 6697 7550 7299 1576 8945 5903 9488
45 4352 651 2663 3489 3020 9255 1927 8524 1569 2041 3195 4882 6084 5107 239 1721 1539 1919 9425 5381 5503 4334 1092 8041 9904 2379 4530 6238 1534 124 35 9201 3810 8269 75 6769 7440 8878 9228 8963 8545 1373 373 9358 23
46 4568 295 7887 9803 9538 1128 897 9575 9316 7112 512 695 1807 4623 7594 5375 9594 4761 6621 2055 1283 2555 1931 7688 1876 352 1110 5450 8371 1423 2992 4085 3576 208 4088 7783 7138 9898 8622 1288 2800 7683 9625 6253 2489 2737
49 4668 9217 4052 4053 7592 9149 5035 8717 3233 5399 3603 3652 1697 6150 8326 1419 8971 7378 3593 5002 9762 3514 6614 3079 7668 7328 8482 565 8028 3444 8030 1314 4874 884 6059 8653 3568 5440 2478 7371 6741 2330 787 932 8689 4230 4182 8736 6749
44 4688 5023 9156 614 2905 7489 6971 5008 5506 5079 5011 8483 3905 6214 5015 783 3951 5483 1425 3371 5913 398 2372 5287 9604 6784 3253 4040 8801 83 185 7891 6789 5128 9341 2064 1832 9551 2266 1525 4646 8256 4252 4649
45 4720 9643 5877 7880 2556 9899 8184 2957 974 5254 7216 2338 1904 3990 2394 5074 3969 5660 7487 2659 921 6126 4367 960 482 4828 5102 4830 4831 4832 8476 7900 1649 6129 8728 929 7170 1418 513 4362 589 1573 8318 5418 8394
47 5042 6109 9616 660 6364 2027 1112 2454 4060 9247 5805 1101 2483 6515 6516 3355 2146 605 4930 4630 6522 4663 7591 5896 5658 7219 9802 5621 480 1947 2283 1104 9114 4903 5001 2288 958 1510 8464 5529 2293 9325 2532 2296 5843 8946 4933
49 5050 1504 9745 623 4032 5280 5009 2188 6359 2287 5954 3061 385 6300 8417 8435 3066 5671 8370 4177 5271 5855 3072 15 9920 7758 4097 5424 226 7277 9975 4398 6250 9180 6156 443 3640 3439 5041 7990 5071 9823 729 7557 4694 6597 1705 7998 8607
47 5400 8903 3273 2024 1279 6770 4606 9196 845 7274 1634 263 5530 989 2104 2210 4459 269 1118 8557 7718 1315 5861 6550 7376 9636 6172 9531 8090 2035 140 9933 7018 3441 9309 2223 8098 1652 5651 7800 1345 5670 5602 9606 2580 7760 9740
45 5587 5701 390 1854 6712 7309 2989 3828 6833 969 3833 3055 4787 3015 5286 3017 7842 8886 495 9985 7777 4272 5548 3850 8235 2135 3872 7495 247 3681 3682 9972 1835 4563 6499 3128 273 7669 4855 4868 1906 9910 445 447 4121
43 5595 6801 1637 2415 7584 9855 9856 9857 8747 6354 992 613 4018 4597 7803 3457 4619 540 356 477 1125 9144 5676 8748 9966 7743 9582 1665 2616 8399 6814 5462 3296 8588 3730 1038 6195 6383 9232 9858 2046 1248 6152
48 5728 2051 8872 8724 7523 3476 2783 2057 6709 7122 1174 3669 7853 1801 1209 9768 3336 3248 1696 6758 341 363 9243 204 4126 1957 7292 3973 5830 4341 3958 4317 8901 281 2439 4869 5838 5839 5840 4378 2096 2645 4989 3346 5846 2099 7017 3731
49 6134 2551 4087 9407 2085 8009 6119 2026 8708 7460 2192 3454 8712 573 8714 5915 3315 2262 351 9193 4852 3149 5273 8623 3863 4425 9310 3277 856 8560 7985 5449 8215 3532 7633 9935 481 1359 2424 8634 8228 3291 3292 2576 3294 9175 2148 1513 8134
46 6350 7051 9109 9797 1171 9651 8939 1720 6294 2052 9040 789 6362 915 4915 5036 6940 5569 3771 4907 6423 6411 3948 6426 7166 2758 6429 7249 9676 9326 2254 4006 222 6537 9143 3724 7868 2194 8342 8343 223 3165 5675 3319 566 9454
43 6358 8220 9145 9897 7646 1138 5993 2028 1559 1560 8909 7220 9938 1392 5952 48 670 6263 2422 3902 7383 2857 9029 2427 7236 8933 9092 4611 685 2433 4457 8884 4929 2928 2438 4756 2278 643 2495 7621 9673 328 4242
50 6650 7614 1302 4625 7936 9433 6990 9457 9458 9213 7991 1531 9462 8664 3632 3938 3721 2633 9468 2036 9470 3326 6460 4237 9784 8926 9476 9477 6321 1710 5313 8398 6529 4769 5869 759 6191 9065 2911 8880 5212 946 6688 9484 910 815 9496 9497 9498 9499
49 6764 4641 693 1781 3934 4016 4986 5758 4471 9891 7564 6148 9410 9436 8857 4808 3311 9520 2578 7551 9152 8530 8365 3274 3275 3989 4427 2729 9793 8113 9552 3438 4949 9659 6558 7187 3813 7492 852 3971 6064 4442 2926 9862 4445 1855 4106 1860 5214
44 6832 7339 9001 1095 4204 7188 8723 3086 8273 3301 2410 4481 3077 914 2166 2479 5558 7104 5566 2472 6812 2159 7061 1782 2572 2504 7290 3172 5272 9313 5560 2368 7779 129 6448 7725 3726 5142 8829 5144 2432 2012 6903 1089
47 6872 6425 5667 935 456 571 4048 459 460 4593 424 1528 7177 1949 1766 8569 1606 5751 1500 6440 5750 8924 8288 8950 2126 2267 9509 2224 3276 6484 2429 6986 9069 9189 1479 9368 3711 5545 1275 8942 8943 7063 3886 3284 5039 793 9188
46 7129 7114 861 895 5340 1843 8042 7255 944 502 3586 2979 6600 5695 6609 4785 6451 1968 1969 1096 1971 4312 9683 4661 5692 5260 1731 5168 1985 7267 4912 4192 8490 6085 5456 8271 8488 3517 1979 4203 6743 5710 9141 5368 8323 663
49 7135 8751 2569 2803 4919 5893 9284 8706 7389 9554 611 8507 9372 4123 9592 5702 2390 2342 1626 7252 5737 3187 2639 5972 7717 4214 9555 2528 4655 8465 544 2325 2050 8481 9852 9654 4133 9451 555 8291 6273 4397 8329 2594 1481 6719 6222 2560 6574
44 7400 7234 774 9009 7705 9821 4000 6276 7709 6662 6110 6602 809 8358 768 8268 9785 5447 4063 4497 1442 1551 1403 9362 6783 6966 961 3125 132 4842 8404 9571 9099 4280 138 139 1276 5935 2182 2129 4036 9619 9724 6158
49 7544 6272 2866 3456 2607 1526 5269 7202 5259 9349 6674 8416 2961 3562 4701 5068 5267 3752 5257 4380 3818 3302 8189 5274 5228 194 1829 4557 8050 3460 5773 681 3650 2834 7403 7200 7583 8752 7854 2840 4116 2959 1369 7486 8422 2846 7472 9379 2849
46 7813 6098 9088 8029 567 6349 8414 8373 6131 3960 3961 338 9649 5650 3447 8117 393 2968 9126 9597 514 7573 387 8463 5218 2032 4946 458 2983 2933 2934 2935 9004 1627 3651 4110 8656 7818 7577 2728 3751 55 3224 9199 76 7449
46 8125 4373 4292 4406 3963 16 5857 7923 5863 355 662 8053 2023 8166 5419 7641 689 3786 8700 6618 5829 1234 8176 7656 9318 5098 7746 963 7984 7035 4754 4035 8415 3202 8732 4039 1746 2279 4042 3375 4044 5726 8834 5410 4598 4049
46 8164 7694 2602 1674 1328 1447 3244 575 2837 118 5562 2315 4736 2119 2318 5636 6153 2869 5729 6557 6112 7341 7996 2120 6552 1517 9047 2331 1455 3039 5077 5258 3338 4658 905 4629 2340 1465 7239 2343 9792 3177 3254 5513 5432 524
43 8600 6297 3398 2407 9463 1206 1140 4690 7966 4236 1639 6608 4885 1117 2868 2942 6267 9315 2872 5833 5512 6959 2876 5875 3713 4186 2411 2335 4851 5522 2550 1672 9809 8436 9596 790 8056 7959 8947 134 5133 348 6720
48 8905 8492 3790 1631 282 2821 4707 4620 6327 6311 3376 1742 1633 2634 7927 3354 901 6634 499 2173 4721 9875 6233 3672 8802 3541 3429 8378 7553 3977 9627 2482 6268 3404 6865 8368 5901 9878 2863 1004 5768 5141 8278 246 6192 9547 7413 3563
44 9370 988 4311 5741 504 505 9525 2643 5405 9790 5757 5742 591 2615 757 2524 3835 8257 934 8104 8106 1357 8841 9987 7032 2535 2720 3758 1511 5216 8440 4871 5085 843 6870 1268 6495 8635 1342 5656 9272 9742 1642 5423
45 9491 8745 5171 1866 616 3745 6017 4306 615 2554 5242 8604 8871 8765 1097 1805 6525 4770 175 9519 4654 2436 3361 2282 1267 5762 2208 3382 1172 6567 8044 7143 3387 3388 700 8514 5788 211 9480 5708 3395 8351 7148 6244 5277
47 9982 2945 3852 2929 4281 8048 6776 4479 8961 9026 3561 6215 8875 2113 153 1166 4079 2677 2567 9270 1734 169 3203 6290 6175 151 6177 6511 6179 6207 3575 1032 9027 5632 7372 7040 6607 3437 7852 9022 7323 4749 6013 1796 5986 5818 4807
48 228 7334 9402 9403 3774 6554 9777 2308 9408 1831 3957 3545 1088 3759 115 2112 286 2131 1516 1305 4211 7723 2973 2219 1476 2543 3290 7729 2888 8761 4155 2294 7734 7439 5137 9850 8698 4374 7740 8922 7742 4552 9314 6627 9876 4094 6100 4680
48 698 2328 2836 8888 9746 5749 7420 3749 7808 6105 7810 2475 3911 7638 4339 7815 8756 9699 5094 6346 7820 772 1736 5686 7987 724 8197 2001 7934 2106 2832 782 117 9140 3405 1124 9913 3689 2206 2484 3613 1011 3694 6361 4245 2249 8591 4972
47 1143 1987 7062 3190 9675 4867 4143 3548 1608 8152 7381 1168 7955 6663 5448 766 3386 9042 5436 6324 2301 4705 741 6548 860 8868 7251 1399 3180 6539 6902 6995 2757 4859 2946 4672 6190 366 5533 6735 2068 2072 3945 9820 3218 6796 4302
44 1808 8013 639 8705 2864 3931 6751 952 1027 4762 4763 2705 4765 4766 265 8828 1520 9628 9994 6245 4657 2689 4001 1920 3899 4253 2682 7928 7992 2685 2686 9502 2688 1893 1461 7730 5754 1438 8781 9344 9387 6198 6368 3871
45 2519 7090 8702 9701 3152 1327 8920 327 1598 9660 769 8811 5086 4802 1050 1726 8254 5072 5774 9291 1198 5463 8551 7567 6031 1673 1255 3544 9289 5334 5910 7185 260 7828 5121 618 7072 7542 6649 6819 5806 7416 7805 6225 2564
47 2951 951 553 8103 3007 8076 9411 5411 3856 9486 7560 6086 3009 5711 5505 1194 5281 8768 9385 6106 2892 160 9381 6114 8031 5964 4725 7262 8779 8780 1936 5923 5666 3691 2785 968 5075 4988 9493 6024 5535 1818 2612 8800 1529 3109 699
43 3305 4806 6952 6953 7099 5131 4474 1222 2442 1099 973 3204 6957 2256 6982 8948 4418 7275 4420 8332 1109 4254 5525 5864 1881 6256 9122 70 1148 2752 692 5536 8898 3231 2622 2507 3875 6422 7967 6556 5546 948 7856
46 3433 7256 6021 4653 3851 7609 494 4435 6559 6560 6145 9286 6563 6564 5064 6566 5396 657 4314 7093 7228 6572 8474 2559 9276 6088 5689 291 3912 9704 6882 8468 9830 9863 7501 4825 3416 2516 2263 5262 8975 8929 7613 7344 1948 4647
47 4416 4835 807 276 1956 5957 5151 4963 8199 938 3663 1474 8523 1708 959 4575 925 359 8647 3825 8777 51 7225 7226 8558 6571 8855 970 2991 4753 9412 2826 488 1599 4692 2831 7445 5292 5556 7747 4951 7244 2401 606 7247 4616 7703
48 5087 5713 871 6540 6396 8140 6698 2034 8372 4602 10 7462 6455 1067 7995 2748 7158 9964 7469 1712 90 5816 4718 1618 9828 552 753 5032 9333 1240 3161 6878 7483 4004 9302 1352 7593 7488 5698 2111 5037 1048 7493 2202 7363 4642 9896 9183
44 5717 6071 9522 8379 4618 3134 5406 6439 9915 5409 4234 3459 2856 6658 7163 3280 6811 2217 9014 854 1989 832 4178 4027 6921 9578 4677 9257 5850 435 284 2822 8074 810 8337 4821 3940 8666 835 7454 5403 6103 8295 4014
42 5900 414 6673 805 7317 1278 7179 4910 8764 6486 804 9548 9495 8775 1901 4304 471 472 7871 6524 1662 8937 9085 2936 7303 5815 6371 4788 4998 7529 8460 1387 4501 1244 2247 5479 9331 1741 3466 8432 9756 3098
47 5981 8629 6447 9946 7404 7340 638 7407 8297 7409 3360 718 8858 747 484 5974 8525 1615 5020 5021 4640 2699 5024 1456 8504 5508 4834 303 3839 2746 7233 2700 5034 2093 1408 8270 44 8338 940 731 4130 8758 3378 2843 2838 8392 537
44 6295 7397 418 8805 9251 402 9908 773 6061 1353 6063 3729 3415 1434 9667 4003 2480 9698 389 7346 9960 9718 527 2858 9174 8532 6481 6482 4529 1074 3052 6026 6487 6488 6873 4924 1292 4091 2470 7863 8907 9512 7876 4813
43 7245 466 5019 9710 2190 9711 1358 8619 5825 891 2452 1847 5743 1183 5232 1497 9971 3242 2598 6356 697 4864 7 3618 382 9472 8333 1638 8155 486 5485 3078 5255 4045 3185 7426 8995 4329 1596 3442 9311 8248 5329
46 7713 1065 723 1102 2730 7981 395 3698 1242 2466 4566 7205 3279 9164 7874 6717 9357 8865 8785 1542 6695 2674 3864 234 2716 4196 9572 2065 5937 3919 8237 1263 1550 1360 9586 4239 7846 5629 1301 3322 4244 8484 4505 3443 5797 4066
47 7751 4702 8709 3519 704 705 1699 3381 2191 1233 9320 5683 1553 7175 2333 8019 711 7201 27 556 5615 7377 7825 9543 7827 2070 2924 8565 1729 9907 9006 9941 9138 5894 9394 257 4876 7224 8825 7068 7843 1514 6861 906 7847 375 7849
43 7972 271 1271 7521 9782 2005 4579 1909 1910 3316 5294 8247 104 9927 4047 6967 2304 2030 2222 8206 2225 5103 1375 7816 7414 5534 2357 1414 6610 9585 2203 3894 9178 9805 9919 8587 492 742 7883 3659 6220 899 3186
46 8200 1454 526 6395 1507 3373 966 1429 7031 2019 9363 5619 9365 4503 9367 2954 7624 3397 2246 2561 9373 9374 9375 9376 4843 107 637 4165 1334 9382 8477 8734 5415 7266 2696 6062 7066 9811 9031 5735 1903 9995 5247 143 9998 6981
47 8315 277 1578 417 1846 332 779 1157 4886 8882 9634 619 8960 2517 4092 1911 9434 3954 8008 4207 5030 9732 2298 6656 7636 4154 7024 2339 8892 6883 2207 319 1823 4703 6315 9576 6888 5669 4056 3403 604 9171 6046 2336 483 5607 5049
44 8776 9764 7733 5012 655 850 1361 5600 1269 1443 2378 4829 9103 5914 1133 2453 6421 3171 1512 9719 3775 8652 7870 5593 2952 3780 9121 8348 3991 7572 1574 7590 4138 3103 4114 3788 5044 4475 2548 9209 6904 8012 101 8266
47 9610 577 752 2193 1822 8694 9609 1815 6533 5266 2695 6846 6860 3475 7930 1628 7545 8360 8718 5541 4023 4926 7319 5674 3042 6432 5427 8180 3557 5346 5822 8218 5575 7807 5221 4683 3667 5174 7566 436 8193 8194 3085 3533 6231 3150 5404
