50 280 771 361 6209 8686 9534 3778 7476 6814 3902 9238 4009 8126 1749 2339 5444 4249 3831 2166 814 5569 596 6947 7003 5923 5666 7689 3749 1322 1579 697 8989 8822 2681 5052 2403 8882 9873 6052 1791 7685 300 7360 35 9201 8655 4931 874 995 6308
49 337 1112 8971 7217 6169 379 9504 1917 9433 5216 2667 9592 5702 1020 9892 5009 1319 4733 52 6044 2670 2842 5656 8654 4615 4883 6837 8198 4515 1523 1265 4419 5743 6559 3017 9705 7949 9327 3834 2516 1084 809 2903 4205 7395 7007 8993 1246 8795
49 462 5213 1777 4758 1923 4886 4529 7223 4145 3892 254 3742 3985 1618 9828 1469 2210 7029 6994 2688 1893 6700 4535 6250 8080 562 2330 787 6897 2852 7788 8926 34 6305 9547 958 1510 8464 5529 2293 4004 9302 1352 7593 7488 5698 1288 8794 8495
49 561 5106 8776 4373 5786 3997 9583 952 1401 3879 6638 7216 2338 3880 4616 5186 478 4605 1388 5965 5711 3570 4233 1260 1725 2301 772 311 3201 3293 3047 8169 2967 7826 9776 8807 7915 9483 9990 6695 8856 7240 5653 9647 2655 1536 2622 3566 4833
49 628 730 988 4032 335 5931 3236 3677 4497 1376 4240 6047 7977 3086 567 6922 9412 4491 3041 113 2702 5017 8569 6481 9811 2944 4493 2441 9897 5733 5510 8216 1512 9719 3025 8007 6188 2064 5636 3538 1832 5310 8224 7853 6548 8679 4950 3895 4492
51 635 2751 1802 1598 9902 5947 9559 7765 547 3337 6478 5022 2957 6033 5111 1384 2268 9966 3968 8174 5581 7011 1366 889 9914 6806 1194 7082 2110 2278 2474 7616 8887 7822 2471 3931 4620 6855 4648 2207 9619 7860 8780 6794 5992 4952 7157 3277 9178 5193 2494
49 750 8434 4723 2673 4455 2585 6048 1634 4457 1904 2442 1126 9774 9076 2430 5591 95 1936 8005 5324 5307 9048 6871 6924 383 9836 5880 5769 4862 2225 869 4999 3072 2941 6093 5033 7374 4434 5020 3362 7835 2436 3361 450 203 1484 1833 4482 9225
50 858 601 8741 871 19 918 79 5386 6635 2697 4430 287 9050 7080 3862 1600 4438 9244 8188 5432 6392 7559 4507 8635 474 4396 2595 6165 1131 7514 3505 2240 7533 3908 2025 9465 2138 5520 4577 9404 2044 571 8311 1089 6903 2433 374 8392 1213 8953
49 873 4919 5649 6498 7192 4177 5335 9289 1090 99 3963 6848 4247 8312 1154 1715 9711 7084 5007 117 5667 8444 9602 8048 1139 7772 3679 3228 2217 7326 6374 4813 1166 4079 2677 7927 9907 9006 644 8337 7376 3445 627 5091 6314 8079 3312 9537 8383
50 964 3746 7305 941 2366 7077 3693 1007 3002 7004 1864 3024 5108 6838 1419 8677 5968 6720 3817 5094 2651 209 7063 3886 5429 5428 3284 6647 97 5810 208 2243 6442 784 246 6192 6618 4598 4049 3387 5767 6390 2970 5282 3179 2787 9296 8703 8129 4799
51 1000 163 1738 716 7315 5966 3508 1649 5357 4333 767 8931 881 8988 4058 2157 4351 1024 5373 8110 3281 9996 8334 5704 4162 6164 2209 3515 5518 4551 8561 4217 4218 487 7549 3330 4926 9378 363 2750 7868 1118 8557 5344 4277 1500 499 4376 8918 9502 1981
49 1016 6080 1285 8951 2211 100 8116 9790 8133 3365 318 441 1681 5319 8653 4932 8687 4023 5173 8282 821 4721 1238 120 826 164 82 8294 6186 429 6961 6985 7953 2195 1676 9767 9213 9988 9989 6206 6692 9992 3632 8382 6469 9863 7680 5820 8638
50 1111 123 4915 7383 5555 4011 3079 576 6301 4113 9940 938 3454 1424 7722 3617 4324 8716 1719 6605 5958 1991 3207 8792 129 4483 1874 1305 4211 1663 427 5943 3080 3299 1812 3167 751 8965 1647 7125 2354 8403 8708 7460 5220 8074 5854 6471 278 5630
49 1150 5139 4844 4855 4633 4872 8366 5490 3310 3156 6506 7654 955 9112 7952 6153 2869 5945 2349 3559 2493 1211 8853 8646 4088 5359 7057 4924 88 7760 9650 4726 4781 8432 605 5621 7965 7863 4038 2374 6783 2823 4082 6174 8031 5964 6303 7079 5658
50 1196 406 909 4520 3860 3398 2431 4730 5648 6770 1673 1255 9013 9402 8648 6967 5479 1825 7960 1357 8841 2404 3593 268 5103 1375 1765 7697 2773 4524 7879 8531 5014 9878 2863 2966 4578 3664 8572 3596 8831 1612 694 7449 1875 9900 5037 1048 7493 1441
49 1258 7433 6841 1498 3984 6668 4384 2285 1337 6707 4682 2935 9288 1525 8051 4704 8748 7107 7726 9607 3975 5535 7378 5166 8239 9293 1785 5447 5863 3643 5619 4443 3366 1910 1955 951 6840 6155 5921 2793 9007 456 9503 2529 8066 8147 2472 4626 4777
51 1350 7272 1546 6299 5455 7153 5993 7308 2178 9425 4292 4215 8273 3301 7724 292 6713 2393 1840 1792 8068 8069 8070 2507 1920 4960 3295 4982 8448 7941 4174 9340 8968 2447 6790 4258 9060 6189 2682 7928 617 3684 4522 3298 5504 3482 2392 5515 4660 2755 8065
50 1393 5446 7030 7408 3152 2303 5047 9946 1083 4041 8433 2024 1279 9035 553 4849 9036 9744 2848 3304 7055 6071 5929 4379 7461 9154 2488 197 9548 3464 654 8265 8379 2041 8728 4963 6833 6606 4606 9196 4469 507 1603 3174 4290 3824 5613 184 4824 7468
50 1428 9131 4067 3929 2073 1637 9252 4160 3142 1449 2181 9332 1571 3431 7169 134 1221 6446 3767 8520 4604 2643 4597 8688 5406 3629 6011 5699 5715 5749 1692 7675 9782 4902 2179 4047 7637 5739 2536 4151 8874 8220 7456 7773 2308 9408 7264 2765 7621 5924
50 1464 8055 7140 535 9019 543 3456 5286 1367 800 6821 1638 7876 2146 9590 2318 3081 8892 5557 3627 849 6568 702 5258 5834 4404 3496 1453 1491 2102 7814 2584 1359 2424 8634 75 2120 6552 8970 8277 2693 2261 8740 1145 8291 3647 4533 5549 4815 4581
51 1543 4976 4848 3789 4534 539 2707 6799 9221 3159 7091 9436 9781 5476 8911 9799 5325 9501 5169 9291 522 9249 6362 1056 4946 3966 1962 7743 9582 5121 618 1942 2332 9752 6975 7552 6852 8310 9545 306 6136 4717 3085 3533 6231 3150 5404 2840 4116 2959 1369
49 1650 1351 985 3061 3373 1212 7745 6977 2229 7058 982 6135 7362 7078 5755 3471 3391 6211 6957 3425 1380 9505 2769 5565 7059 6822 7267 3940 4302 9941 9138 5894 9394 257 4876 7224 3731 906 7847 8825 7068 7843 1514 6861 2099 1549 910 815 8607
51 1690 7010 9660 4095 534 1631 5862 8377 9962 1537 1049 4206 1193 692 4893 3545 1088 2720 2535 8303 9513 2518 6337 4366 9096 7419 4043 8461 1068 6122 9349 9144 9161 5802 5526 8004 4614 6121 1879 2981 6917 5796 937 1668 5799 5457 5745 4374 2359 1412 847
51 1783 400 3115 1392 9486 551 1103 9819 4104 7020 8914 8828 1520 3915 4735 9091 8943 8884 6496 636 3289 142 3045 42 3028 6918 7116 9778 233 5789 3011 6385 2816 1611 4358 8537 2309 3827 5775 6487 8204 4129 9266 1921 7008 7553 9998 7012 3224 87 8057
51 1803 1065 7603 1854 1972 4412 2742 121 3555 7908 5462 2057 3067 7924 4652 6087 9080 9301 3203 115 1905 2634 2567 2446 9975 9336 2383 4884 29 1993 4921 136 2155 6891 2705 7698 7839 9195 2561 6775 8662 5933 5264 369 2503 3792 6501 1561 7684 6265 3591
50 1877 9097 1346 2010 3858 1318 3646 5300 4203 5881 743 2892 4201 6457 8298 7112 3703 8862 5939 5165 3479 1985 9728 9005 8203 7348 5255 7414 5030 8691 382 9472 2183 9633 1966 9750 7504 3914 6282 9837 3568 9672 3226 9064 2922 8626 4350 2208 5809 1329
47 1900 3241 1669 4731 4121 1548 8209 7162 8158 4713 5018 1009 4627 3414 1462 966 3694 6361 3688 9075 3046 6760 7791 2514 6292 9090 1545 235 9825 4354 5628 6828 6690 2975 5920 6697 7550 7299 1576 8945 5903 6212 5365 3099 6943 1169 5195
50 1902 9674 8454 4525 6226 5348 2222 4619 3930 1135 1057 7703 1413 8172 5819 6766 8984 6436 2290 9392 7322 7604 7744 1937 6215 3561 9682 9354 5211 8886 106 647 2617 7758 4644 4674 1713 6015 9162 1659 7522 5697 8117 4012 3993 6591 9494 7939 775 7323
48 1928 9974 6594 8665 660 9437 7410 3887 5609 2051 8872 8724 9338 8747 7565 6176 7938 9826 3382 3560 3196 7009 360 4956 3475 6077 2246 990 991 3668 6232 7289 2741 5498 3680 2554 6702 6019 7969 8936 5780 9226 4613 6116 6945 8077 9260 9300
50 1944 6671 3695 1810 8161 6532 4449 934 8920 9849 5430 6110 7137 2795 3219 4871 5904 9438 1372 9141 488 6896 146 6154 6664 5611 6881 4466 9242 3406 2310 2311 4202 71 2249 9516 1940 61 8202 226 7392 6709 8347 5302 40 1757 3811 9721 5298 6022
51 2066 5727 277 1578 9001 3134 5280 449 6427 9925 6486 5318 6914 9193 9184 2158 4712 614 7327 1183 2766 6569 5539 1398 5435 2649 2786 7905 325 5855 1446 5878 7435 8630 9549 160 9757 8760 7014 890 6020 9689 204 4126 892 5997 5998 1363 902 1423 9137
49 2132 3345 4879 9997 4018 83 1640 9525 693 3481 1559 3110 4172 2740 7644 1385 4818 8917 5354 791 6431 165 897 4994 810 7480 7505 1656 7177 9385 8462 3377 5248 2629 4701 5403 633 3462 9264 4323 4252 9306 2936 6519 573 8714 5807 3216 2783
50 2152 971 1102 3755 2510 156 5205 288 6477 2411 8790 4657 2743 3396 9621 5361 9578 3408 3151 7761 3204 8078 517 3 1119 4825 3723 713 2273 7609 9028 5288 1755 2683 4906 8152 6731 3551 5339 1420 2409 2659 9337 9556 6575 5716 1677 2723 2076 9204
48 2200 813 2718 1518 8544 2163 5496 1321 446 2942 811 8702 9297 5209 9727 8707 4437 7016 6386 8711 9155 9631 5206 9220 2087 8393 4882 5663 3799 7516 4993 1228 859 505 9073 5320 2839 9109 6227 5833 9952 5551 3282 4890 4474 9973 2498 7190
48 2239 3173 7600 8978 4010 8525 6438 242 7861 8939 8533 6554 110 6698 851 3476 7454 6894 3923 6376 3889 559 7428 3333 1264 5377 7483 2829 3291 3292 3732 7683 9625 6253 2489 2497 1344 5134 6781 3737 5127 1767 5781 2775 9862 4445 8720 8963
49 2300 1436 2022 639 6492 3023 4219 5352 5379 4136 9835 8894 3113 9566 612 3409 6963 5483 1425 3371 186 9846 5159 7913 2548 4752 4654 3873 8991 9160 783 3780 438 1178 112 1002 3907 1162 8041 9126 6497 3702 8227 152 3356 8885 1281 9134 965
50 2320 4251 688 6007 611 2813 4796 3852 3558 4076 4778 4316 7141 4707 6276 1784 356 4582 6538 8919 7105 126 8450 6983 6094 8292 2573 7921 7779 6511 6183 3967 6578 4422 8248 5329 8361 604 9171 6046 6302 9749 3423 6381 6382 9570 4502 6680 475 9422
50 2500 2426 384 7527 304 8154 4065 9 5908 6405 4411 5268 3579 3385 7975 5475 6434 9848 3066 9891 4646 2413 8667 5411 4971 5974 5074 2865 2284 8543 7809 8571 6088 9708 8026 9971 5100 6931 8406 6571 9295 4212 6754 2314 2833 4019 7031 8998 6653 2298
50 2513 506 3633 9517 5029 5349 9018 7288 9286 1330 6582 9541 1014 4636 2176 3314 3368 1528 15 7638 3415 7864 6753 5922 6330 2811 1657 6722 8081 9271 9657 4250 6593 5008 9176 5586 8289 1274 2604 8285 4934 4881 4560 2388 3775 4295 5561 6949 6787 2142
49 2687 5482 11 7602 5877 4847 5680 5314 6280 4803 2826 9326 2254 5189 6510 259 9928 8235 2435 2045 5772 1148 4675 7196 5874 9637 8580 8109 7043 9724 463 1192 5898 2913 2618 5437 2241 8801 1405 5161 3920 7109 4714 590 4925 7185 5184 9284 4414
51 2745 1919 4957 9052 276 1679 2302 4220 289 4108 192 806 8597 662 8053 5299 201 4188 7546 8821 6636 8497 9106 661 1566 3369 1568 3062 602 7165 8966 9329 6261 1589 7855 4114 6890 3411 5150 4528 1335 4459 4708 9305 9069 3039 9921 7015 9051 3194 2685
50 2873 1817 2964 740 1417 6053 2671 615 1570 1615 763 4611 2647 5850 7073 9807 7268 5140 3840 6239 4566 274 6203 6036 5948 5835 9697 5911 7328 9942 7579 8833 5732 4679 6126 5503 1544 5691 2907 2204 3251 4638 3825 9031 9165 6730 4590 2666 6864 8767
51 3054 7738 5026 875 2608 1286 5131 887 4948 2772 4974 9101 4965 1095 4204 5592 9004 1723 1097 671 4134 3549 141 6456 840 3983 1402 8641 2896 5397 831 6762 4279 9838 2540 6480 7640 7168 8581 8582 7396 8325 8443 6915 8491 1745 6604 2149 8556 5031 9285
51 3088 3849 4784 2872 368 4263 7693 476 1195 8819 4097 1780 498 2761 2613 3621 6665 1573 8318 1198 4978 9255 7594 8980 5734 46 1185 8649 4103 1332 2092 2037 8246 7320 2003 8369 6202 8789 7920 7862 9635 4695 9629 9965 3986 1712 90 5816 4718 2408 3987
51 3139 4637 6950 2193 1422 8733 4306 3822 5542 2963 9671 2499 9250 818 6982 1101 4623 5135 9278 4090 927 7152 1418 447 4761 6621 2055 8021 2245 4555 4027 4840 3071 1819 2557 8778 9760 6106 2412 6311 3376 1742 1633 5338 9924 7702 5363 5279 23 7475 7401
50 3144 2930 4866 7231 2908 3119 4692 5301 7171 4916 2932 7974 7851 5856 5620 5803 2837 8333 9675 3890 9598 9984 8907 823 9449 8535 9732 583 9740 9712 6523 3615 8941 3155 4488 9574 2111 1105 2202 2898 7363 8545 1373 3404 6631 6223 7 687 5326 3536
51 3146 5918 7508 2763 1884 2415 1675 6645 579 4913 1628 1567 8135 2620 4398 4130 8758 3378 2843 333 728 279 727 9447 2356 3801 5577 4410 7741 6196 2283 1104 9114 4903 8891 3728 4433 4523 3427 4632 6462 4639 2487 2124 3640 3439 5041 7990 5071 9823 2645
48 3334 3112 725 2969 4268 1620 343 6885 1507 1846 2603 4473 3835 5105 7834 3843 9179 5812 8585 4330 2390 8023 4030 8083 7333 390 9158 4454 2004 3077 879 4413 2049 8771 6683 8477 6272 9140 9616 9669 9522 3909 2017 3069 7203 4460 8326 2990
50 3392 1044 5126 1254 7257 616 9040 3942 8144 2043 6705 8217 6349 8414 8373 6131 5836 340 8011 668 6521 9039 7943 5297 1473 4149 3001 7735 2168 9815 9275 5978 7431 5622 1134 7104 8860 2226 5987 9718 1655 2782 8096 206 9655 7154 9029 683 9737 7576
49 3450 2955 3490 2764 8411 1396 5912 4464 316 2263 2159 656 670 4486 7188 9390 5916 6612 2706 3060 6466 3459 6056 2756 6260 1144 1325 8823 8800 513 4839 6812 6332 2958 2983 4863 3564 9614 5969 1614 7201 6976 6527 7405 4779 6485 9810 57 6473
51 3477 7647 5678 3171 2272 53 4119 3089 4788 1283 2555 6105 7810 8548 7775 3227 1534 9808 2582 1244 2247 9691 4025 3448 5983 145 5366 992 7737 5847 3729 3169 2201 9113 2223 3804 9455 7541 4576 3870 7292 3973 5830 5675 7367 4042 3978 4327 3300 1296 7956
50 3552 807 882 1583 250 9710 4809 1556 7532 8251 789 4008 8354 7708 9147 9011 8054 7380 1617 5453 9506 9411 7261 3288 1311 3233 9156 1140 3010 4762 4060 2407 2160 7981 2542 7914 5075 336 5975 8552 6743 362 7535 7615 3087 7026 8181 5487 5076 4388
51 3585 8480 1995 3738 6360 5460 6061 6289 1762 5167 1672 7269 649 5170 4465 630 2809 169 4363 8864 9270 1734 4997 2219 1476 6013 1796 5986 1301 3322 4244 8484 2029 9127 137 326 641 8143 8863 5412 7238 4054 6987 8316 5337 380 177 7199 3019 3339 9273
50 3600 6425 3612 9427 2965 3416 3140 457 757 111 2116 6414 3624 7973 1034 8777 5304 8324 8106 4225 4353 3175 4343 4420 1421 7679 9648 3127 3307 9956 2505 1237 7181 8466 4144 1886 2576 3294 1517 8788 5976 8092 6630 4322 5901 8215 3532 1703 5750 3524
50 3639 7301 975 6086 7180 4186 9581 8478 5035 3872 2691 4910 6319 6555 9507 5085 6974 7412 5420 1146 3741 734 2215 8803 9704 3950 2089 8759 5341 425 4709 1521 5737 3187 4178 4746 2112 5172 3123 6435 8510 9016 7119 8861 4140 7617 6159 7087 4318 5395
48 3701 6801 651 3135 8346 4183 5950 4407 2711 9128 9218 2023 8166 4703 5530 7113 2815 5596 2194 8342 8343 1067 7995 2748 7158 9964 7469 4368 7911 3449 1747 760 2594 1481 6719 6222 2560 6574 3287 3871 3696 7753 7512 1735 5514 7536 6347 4395
49 3776 2998 154 8384 4148 4078 6912 7959 939 2664 9909 6681 6372 7506 2075 9688 3884 5417 183 9588 4367 6847 9530 6230 8100 3616 9312 7230 7597 7151 5249 6609 7739 3467 2899 5218 2032 3960 3961 5004 4168 1284 9357 5056 7682 8613 2867 8564 5956
50 4050 7704 1956 84 2400 1117 4439 6936 2794 6714 4328 1361 919 3451 6166 8738 5640 3058 7167 8684 122 9880 1334 5016 1813 797 2653 805 4118 2398 5177 691 8299 7659 2021 5536 8898 3783 5547 8996 762 2475 1865 1220 9905 159 21 6238 6356 3107
50 4142 4794 5402 7355 2638 8272 4753 2080 6856 6658 7163 5954 4512 3498 717 1347 6925 3240 9099 9149 5006 1818 4084 1764 8773 2253 6133 6433 407 9821 9471 5989 3656 6499 8633 9276 9723 3988 5036 9639 8683 6661 7572 3509 313 9304 1577 6539 6902 7710
51 4150 9661 7204 6037 563 8952 9287 2781 4540 1452 4072 8186 6892 6 6952 6072 4418 6158 9557 3132 5889 3283 8148 214 5254 2185 4542 524 3955 1463 198 7528 8538 9551 1478 7364 5196 5794 4120 8399 2460 8621 6717 8785 1542 972 2847 5537 7019 2481 2515
49 4400 5851 8526 1501 5382 6547 4739 5107 894 6424 5291 8913 9248 5234 4830 4716 2779 1277 2660 8335 8085 8267 8394 4124 2752 6997 5825 8937 2592 2598 6393 5101 7808 1931 7688 1876 9066 7270 3262 5292 5556 7218 8640 1275 6913 5499 3126 1181 4959
51 4429 4096 3833 1241 3468 2030 3053 917 7176 7489 2971 7242 26 1930 5025 1164 7286 2267 9801 4232 3562 9696 4676 1753 3758 1997 4069 2517 4651 1345 5670 5241 1851 8416 2961 3712 9180 6156 9932 5791 9049 2134 1186 1315 9439 8176 7656 9496 8290 4814 7984
49 4436 5538 5388 3529 4518 5340 1686 2013 9895 5024 5683 1601 4828 6909 3704 6800 6540 9135 8766 9565 7211 9978 6870 7241 9168 9346 6237 6312 5066 4684 9599 9245 2358 2541 7588 8084 6240 4093 8146 9670 3488 6476 8191 942 1256 3642 4897 7803 2139
50 4500 5431 833 6297 5897 7910 780 3605 913 6817 7801 7499 947 5491 7733 9145 5308 9702 899 2563 1869 5637 1141 1947 70 2784 2386 1001 9381 8798 7502 731 8112 9796 3354 4680 812 6177 8405 9272 4424 7858 7725 8205 6467 7641 1108 8924 3230 7036
49 4589 7234 466 8300 5011 4308 1739 3913 5480 1495 4476 4831 3199 5509 5058 2002 5364 6027 5070 9748 4843 1206 8170 7407 9391 6331 5617 5618 2039 5814 7444 1182 3452 9859 564 7184 685 2624 6066 2575 8355 7800 4564 3938 5940 4808 8928 9371 9870
50 4686 50 3609 6043 529 3698 1242 2466 9779 3669 1727 2881 5787 4111 8389 1371 5466 6157 6684 4180 6504 1132 6269 339 6235 5267 3671 8782 7667 624 3296 8588 7590 4138 8390 6454 3674 2104 6889 1341 6628 1984 4742 2173 6687 9875 2432 2296 7639 9839
51 4732 7147 9707 158 5433 1804 9282 6194 5567 7721 4763 22 7856 9067 7988 3020 1229 6422 7967 853 3959 1381 7276 8575 1976 2778 2109 4929 1564 3014 2577 9678 5907 1999 9686 7330 7893 2895 7509 9353 5785 4282 7649 281 2439 4869 5838 5839 5840 2768 5312
50 4854 8751 8363 8947 2950 4259 5315 4992 1933 1179 9319 8381 669 2696 6062 8163 291 7473 7804 7123 8796 7605 1653 5208 3540 5576 2052 3191 430 2235 6750 1788 3190 3065 1309 4610 533 7907 3654 4314 2269 8452 8162 5122 9142 5425 6767 8737 3492 9853
47 4943 5930 3829 2337 1374 7794 588 4048 8955 9758 4643 4782 4895 7013 8319 7371 6741 1516 1308 4237 690 6182 2637 1061 7302 4728 9454 2107 5465 5089 4480 7925 8840 5693 5694 4370 3160 9174 6624 2882 5463 5808 7497 3655 5180 7287 5316
49 4964 2376 3007 7754 3745 409 6449 5644 1532 3470 8049 7130 4053 9550 3947 445 5452 6893 868 3143 3637 6443 4786 1912 2642 2 3740 2148 1513 8134 4930 4630 6522 4663 7591 5896 4985 7866 6513 6326 7466 9981 4878 4267 8660 1085 7060 8138 7463
51 5046 4296 2883 4361 5378 515 2893 4169 1619 1276 2607 1040 6988 5652 8098 1652 1621 7715 6310 8039 1125 643 5296 3610 1624 67 68 6369 1775 1437 7695 6388 80 7954 4600 2363 3036 9330 2992 6329 7423 1666 1667 885 7437 224 5554 9555 301 7816 9919
49 5125 3031 5084 3269 3578 935 629 7716 761 3497 9904 8089 5113 7417 6413 848 6138 7114 7891 9341 6761 5757 9125 7709 2715 502 7265 5158 6082 5235 6102 3244 247 5448 9913 7142 6542 9795 6911 7284 4141 8046 8153 6325 7878 8075 2780 3974 6205
50 5389 2167 6248 2094 6715 7799 4028 8692 5163 2530 4944 9453 2129 2650 5178 4262 5585 1163 6447 7221 9529 9787 2101 8306 911 24 2357 2615 7285 7097 9258 5199 6815 6561 8881 3129 5039 793 2923 2473 9852 9654 4133 9451 4846 7618 8893 6654 2326 3093
51 5473 7001 707 4853 7563 7769 2856 1674 5188 4490 1506 8675 2266 9937 1553 7175 2198 8915 265 3033 3525 5719 320 1199 5015 9572 7626 1378 7319 1550 8223 8732 4039 1746 2279 653 6998 2450 8283 8838 8168 7394 3394 3102 8859 261 1693 8475 5528 5635 9784
50 5511 2552 6336 5942 48 1938 6357 7150 9543 7827 2070 439 3238 4110 7895 7632 2445 7882 829 8768 5873 7672 9593 3599 5973 13 5470 1004 5768 5141 2995 6340 6040 5073 1032 907 3237 7577 6736 9730 9731 9694 1949 1333 6242 8396 8486 497 1080 9977
49 5571 8136 2238 8837 3996 6079 6275 377 8418 5731 7122 173 4967 6383 8730 9194 7534 7569 9063 2999 9544 6503 3772 3595 675 6716 6472 2569 9745 895 6060 3828 8088 7132 5771 4246 7382 8673 1837 1488 4185 8906 7793 1809 9780 7850 6363 8407 8330
48 5606 5219 2937 5112 7817 6109 3184 4224 1750 5239 7244 1530 5303 2492 835 8490 484 8131 260 9953 4599 2327 5508 7786 7482 6185 1897 1235 3630 5879 1427 9736 8593 6968 6732 3864 9359 5505 179 8025 7386 7453 622 5959 4649 3480 3705 2854
49 5646 7243 5261 5061 1053 6955 6057 2698 7796 193 392 3980 8855 6686 5919 7052 3379 2714 5756 1866 7366 4801 6118 9759 8680 3153 4087 6452 6721 3234 2362 3779 5069 2626 6602 603 4194 5224 3004 3682 9972 7829 5358 9923 4181 8317 1486 8072 1773
50 5688 2855 3611 2304 3389 8132 2397 7065 682 5553 7102 5597 6723 929 6170 1914 5240 2345 7050 8976 6797 7961 9884 7620 9256 8469 676 4745 863 9690 2381 9567 4209 7568 8921 3626 3751 4131 4938 8839 3331 8002 6619 4291 299 3760 7903 7126 7599 8149
50 6132 2319 2539 2115 1709 6354 3969 1310 2108 3531 6055 8916 8058 9943 8234 5251 3357 1230 6197 3324 4242 838 172 7037 6375 6859 3651 5588 4338 9417 786 4811 6365 6958 2797 2214 283 7581 3735 6488 485 7096 2610 5064 8879 9805 1531 7225 2904 5289
49 6318 236 8799 9490 4450 5584 3584 5713 4452 402 1201 9703 7441 6685 8973 2463 1180 2277 290 4045 9591 8857 3381 3898 477 6813 7606 5871 6674 6181 4394 9443 2984 8221 6097 8421 9257 3483 6296 7307 8111 6884 2534 2467 4887 8930 3022 9345 7930
49 6320 5700 2724 1432 431 1027 2986 4874 6729 3231 4339 9041 6127 1770 4431 6607 3437 4990 4539 2571 3933 6725 4326 2299 5398 6380 2058 7222 999 440 5179 3413 375 7849 2939 1188 4389 3436 4823 1030 9939 7657 8880 5212 729 7557 4694 6597 4989
50 6490 2490 6633 9770 3210 5285 8182 3917 9374 9630 981 9523 1133 9062 1595 2125 6831 824 962 9968 8718 5356 8793 1560 8909 262 7982 6402 7214 2423 2034 8372 8123 4865 2054 4609 7278 9531 1702 3168 8787 9159 2749 2117 9509 4697 6420 9175 8500 1176
51 6583 4768 4421 295 2307 6693 6779 144 7370 5381 3489 1952 754 4321 9722 8875 8397 1063 9046 3035 2712 9945 9015 7133 4161 9363 5805 3466 1592 7484 2480 9698 4340 3491 9763 3090 940 8815 7448 8185 8671 5990 6246 2798 5633 4092 9122 7329 5489 9061 9681
50 6755 7051 4550 2351 7340 9239 7711 8107 9843 1632 3692 9817 5372 1215 9872 6115 7325 2522 3796 2912 8604 4580 8940 1137 2550 284 3717 458 8463 2440 9603 7611 6655 6214 252 4107 2695 6846 8546 8567 4387 1793 7280 8271 2333 2232 6929 2726 9172 1591
50 6900 9643 4556 3948 6426 6111 6421 3522 5197 2151 2556 4563 9430 4877 8156 1691 8413 9961 482 2738 1695 867 4546 7573 4332 7332 8503 435 4031 6483 7757 9564 7619 2520 6095 296 8082 9043 9526 1465 8489 7258 4812 5979 7477 7742 8946 8560 8190 5891
50 7186 166 417 9324 3661 1278 1584 8721 1107 5638 8247 2894 239 3193 8661 5263 6163 1177 1772 6389 1889 7811 4634 9026 1604 4210 5602 3935 8813 5938 6802 2721 1416 9398 5936 8263 6160 923 7194 9632 7645 7352 6049 9986 4152 286 6210 376 6025 6941
50 7195 6098 4255 8476 272 4690 4381 2821 6099 6161 4337 2205 2184 5392 4372 8932 8596 8061 1360 96 4795 8258 1688 1982 3752 5257 4380 3818 7627 7143 8566 468 5387 4603 4223 102 5176 6243 9148 2736 8449 4378 2096 5119 7017 6198 4689 3577 6675 900
51 7250 4051 7646 9959 7076 1050 6023 6824 2906 6874 5550 7429 836 5909 157 5650 3447 541 47 4086 7115 5393 4485 993 6307 5516 4281 4986 410 6453 782 3428 550 4472 6103 8295 9396 452 3340 6739 4192 8014 4287 9243 2236 9533 7985 2774 3725 1515 7260
50 7350 4297 6808 2672 1973 8359 7311 330 2526 5893 3399 1651 6712 2262 3896 600 2062 9219 3614 3761 1156 9841 4526 1554 7294 8052 7438 8900 4591 3116 4033 393 7564 6148 5436 6070 6274 4574 3229 5580 3344 1752 1070 1580 4226 2799 7897 7070 6786 5260
49 7351 8743 4402 4936 4075 355 3390 2187 1594 4770 1415 2921 523 5323 9409 1123 9831 5143 1207 6526 33 7950 9618 7210 5886 1704 1906 945 9070 8513 7479 5086 7183 8436 7092 4861 9957 699 1494 9651 7767 4320 9198 9442 2038 7929 5760 1572 9725
49 7399 7421 2566 9352 2805 1508 6309 2717 3842 3015 1526 6168 7361 234 7874 3899 4253 6567 3042 5451 3554 3332 7613 6935 6366 8562 5458 7161 2987 1012 7824 6991 732 4748 672 6798 3781 9944 1722 6550 2747 1232 8944 9936 8890 253 5328 1470 5876
49 7450 1394 720 6820 282 915 8659 4554 2171 244 327 9969 886 4650 3195 9911 1409 8451 4504 7117 9561 7877 3158 9600 4311 5741 6075 2216 5152 3850 5659 1099 9021 2177 8064 2974 4347 2924 8565 1729 9093 2597 9514 9298 6500 3137 9605 8114 7841
50 7500 7797 9885 7653 4016 1042 8252 4208 423 5651 4996 3709 6907 974 1273 4348 8765 6866 5148 7768 8120 1587 8307 9954 2583 7542 6649 6819 5806 7416 7805 6225 2564 1898 2917 2644 1093 5846 5274 5228 194 1829 1094 4953 8059 1694 3350 5394 5776 6234
51 7586 3546 1124 2927 2252 1458 420 2105 7418 5405 5194 9328 132 9042 6236 3957 4894 8419 7971 4063 5724 310 703 323 2082 6355 9214 5132 9991 9223 4166 9265 5811 7182 2836 8367 7782 2218 3342 8206 162 267 2419 9933 3575 6706 2145 6745 6193 1547 1467
48 7610 5872 1081 8534 4241 2859 6482 6406 7049 3683 4998 5612 6696 2508 349 2264 2305 1021 3094 2122 2581 2596 7691 7281 20 3012 147 3952 8240 8750 5736 4805 6144 1208 2234 8852 8040 6969 9263 3131 3565 8791 9771 4898 3225 4423 6946 2605
50 7612 3351 7900 4307 4165 3653 8877 207 593 8 1233 1407 2978 4228 5766 4285 6875 6735 2068 232 9231 6694 4981 4299 4383 2294 7734 7439 5137 9850 8698 1787 6771 8000 3249 6639 828 4557 8050 7403 7200 7583 8752 5575 7807 5221 4683 54 2221 8062
49 7650 5701 9535 7983 8547 258 8979 7213 2191 1641 1253 8652 338 3272 2982 9649 1243 9803 5895 5800 2186 8756 736 4288 5040 5155 3044 2609 778 1036 9615 8230 6536 8045 4164 6058 9623 7748 1456 7867 9542 8504 5740 7074 9416 6026 4969 8942 9868
51 7674 3141 6411 4478 7510 2527 6418 7592 4280 2033 4673 1697 9008 5146 9055 125 1941 9044 928 5445 1017 4516 8255 1896 9927 3252 2832 4888 7728 5374 9798 8254 8015 9279 8385 798 412 8995 4329 8784 5488 9794 8753 1596 3442 4397 8329 5590 3165 4341 4541
50 7706 7511 704 9247 7750 6145 6429 665 3486 2703 1913 8811 424 4298 4797 9482 93 4221 3903 8457 9003 9641 9910 2574 6744 1136 3286 5521 3548 514 7857 2796 970 7304 4057 4759 7309 9797 8437 3777 2830 7317 9734 7948 8296 8196 2985 5270 3926 8439
51 7736 251 8150 1927 139 6254 880 1168 1386 4036 7792 5531 8376 3739 5902 9948 3162 6344 2422 6263 3148 7056 3782 479 8094 9364 4006 6069 599 222 6537 9143 765 3027 9283 6556 9241 7545 6772 3919 8237 1263 5674 6428 4451 101 8266 3176 2468 9865 9405
50 7763 4055 5910 7933 3348 5459 9783 7411 5626 526 6415 6553 6829 9747 5133 6784 1845 312 6854 5991 9415 51 1509 1903 9995 5247 4573 8378 9468 2036 6268 373 9358 1924 4447 1689 5129 8769 3200 3359 8344 8402 959 5985 6780 8668 1990 6217 5664 135
51 7795 1975 6010 7584 500 6625 2692 4579 1909 1569 998 5605 241 4968 9866 6916 2255 1073 4046 9410 8127 2113 8293 472 4085 3576 2084 7275 9979 8623 5278 6327 1010 4920 5060 5598 7562 59 9167 8636 7872 3557 5346 5822 8218 6151 1748 5798 367 4415 4403
50 7989 3608 2628 1064 5 5512 9002 3859 1807 8786 8213 5623 5742 512 6224 3352 2652 9309 7919 9680 1109 1066 6600 8870 7002 2199 8446 6962 4289 8808 2008 9753 5500 6345 5932 2657 9485 4715 5317 3620 8631 5639 3977 465 877 5714 8643 4369 6777 5601
50 7999 1885 4628 9461 9164 5599 8678 3951 631 5625 994 5865 788 9842 2521 954 5229 9498 9499 1983 4146 9224 2684 9020 5088 2457 6827 8615 2016 9446 8244 916 4061 842 3096 6313 585 4774 2568 3606 8514 5788 211 5604 8017 7387 9200 4586 9187 8725
50 8037 2501 4021 385 5957 1960 3205 6083 6920 7136 350 7022 3030 6334 4783 6479 2954 3511 9110 4607 5953 3928 7061 2079 6562 3607 8961 7252 7714 1403 9362 4710 4083 8167 657 7228 6572 3446 5082 4137 5926 756 5276 4123 1551 1214 2580 8519 8494 7859
49 8108 5115 6549 4822 8873 3932 6839 2090 2553 1838 591 188 2484 4842 148 5866 7790 6906 5002 4391 7131 3542 6579 6264 2192 6796 4521 1079 5843 4552 9314 6627 2020 2072 3319 566 4729 4669 8118 4775 1795 426 3264 9215 4498 8321 6667 1272 7189
51 8165 7339 794 7255 1998 9085 5065 2972 4743 5327 3198 5130 4875 7556 1280 8460 3421 9640 4918 7819 1850 4980 2851 8949 4070 7503 2812 9014 6662 2007 9356 6371 6858 8843 4725 7262 531 8670 8539 3699 4767 5467 8676 2083 8729 3435 4034 5726 8834 5410 2686
48 8286 6877 7821 1754 8509 6851 3648 7239 2343 2676 8817 7172 745 7625 6113 3537 5845 2716 679 9023 387 2324 2933 2934 666 3005 4013 7966 4236 4787 8904 9251 640 3638 9399 803 6598 3029 8071 3571 7282 7836 7039 4547 1989 4558 5275 4154
49 8345 5707 9210 8238 8745 5171 9169 2143 8627 6584 6601 6084 648 594 6809 3485 9094 153 2546 2701 3911 9920 1353 8472 9595 7699 9829 1445 8685 5730 1060 3598 4939 8982 4780 9524 2710 9568 9388 9186 7220 9938 8992 4608 735 1282 3573 4513 5570
48 8426 4017 5415 2874 1684 7342 8577 6009 3239 7575 1138 6353 8559 1878 3622 4362 4543 1460 7233 8959 3721 5421 5384 957 4594 4432 2418 3075 8035 5095 1794 6581 4511 8309 5960 7696 4059 2121 9893 3208 218 9181 9644 3946 3527 5970 9234 549
50 8528 5330 3095 1362 1128 4961 4567 451 2451 3905 7589 6965 8690 1558 4810 8590 5287 8871 8195 8364 38 9679 6493 5917 8576 1368 8063 4593 7918 6221 3839 2746 9189 1479 3520 9197 3347 8445 8896 5450 8371 8632 802 8340 9435 865 9203 1724 8739 2399
49 8541 168 3474 5093 2006 6200 7880 109 1683 4806 2785 575 1720 4907 7324 5236 5996 5935 8214 9889 3588 2558 4867 1863 3402 9987 8236 9812 9202 9587 8022 1003 7885 3170 9824 3660 7523 9883 2919 6279 9235 9882 3793 9383 3018 5233 6119 5207 3192
51 8554 2732 8151 1091 8412 5721 25 8099 4489 6293 3118 7160 7359 1324 4471 4461 9495 1033 6573 69 9638 3343 7028 3386 6587 118 5562 7024 7932 4193 3261 7426 8605 8233 2230 7719 3556 3108 2914 6141 7585 7253 6104 2405 9173 187 3563 6455 223 3958 2884
50 8726 3589 4167 3790 7660 4077 4841 3687 1327 7420 1219 3247 3311 3672 8802 3541 6689 266 1959 4243 5725 1625 5434 9492 852 3971 6064 4442 2926 1855 4106 1860 5214 9488 2754 9129 3178 200 7490 1929 7481 8744 530 8746 7980 490 2528 5925 1622 3809
50 8810 1026 2027 1142 3128 1872 8095 5559 3547 6267 3317 8280 2085 5905 1967 501 8912 7064 638 8584 8386 3091 4007 3214 4785 6451 1968 1969 1096 6617 27 556 5109 1077 1533 9380 2804 6252 4917 9261 6514 2734 8523 1708 8897 245 1814 1472 7467 5782
51 8972 2877 1987 3280 1706 1059 1358 8308 8618 2606 7661 9280 509 4029 7870 8423 7235 2059 1015 8179 2635 2948 8441 5589 2464 9421 6030 9766 464 1184 580 275 9515 5821 7035 4754 770 4182 8736 6470 1202 1248 6152 1922 4505 3443 5797 4066 8583 908 7580
51 9000 9103 7173 2803 623 6565 7384 4765 4766 2938 6377 521 9596 1218 8101 7067 6038 4659 8832 4635 6101 6073 9361 4983 5306 6728 4390 9038 4711 9267 4966 2802 1934 9653 5672 7232 7106 7432 6738 6937 9246 1646 7825 5533 6904 8012 4545 39 3785 2114 8592
48 9058 4015 5055 7936 1259 943 1408 8620 4245 5852 6818 1733 4816 2242 2438 3635 3812 495 7170 8619 832 1129 1130 891 2452 7676 3634 4827 2810 2590 352 1110 3383 4984 5681 3265 8669 1943 8349 4670 2646 6076 7601 844 6391 2902 3235 1830
50 9095 5951 6673 5156 7179 3866 5151 5367 8003 5689 3122 1741 4868 8471 4773 8033 7443 6445 4940 9687 7337 1718 5967 933 3149 658 6178 9527 5469 8404 2537 2767 7652 2931 8563 1756 6646 7889 9463 264 5563 8797 357 6262 4264 2465 7343 8722 7345 7655
50 9253 2140 6652 14 5424 6050 9788 3924 6029 7608 9597 5890 9375 6005 6518 876 2175 3374 5747 8400 3995 4184 5376 8047 8178 9856 6257 1298 7531 701 2063 626 6679 9611 3120 2347 6024 6944 3673 4470 9869 6323 1406 9685 5215 6373 7634 1100 5827 1986
49 9406 3597 3851 846 1670 4375 5114 2164 3912 8574 8573 3581 1383 58 5906 8187 7951 769 6335 3393 6923 5294 944 4904 2485 1271 6608 3865 5495 7578 8812 8962 1262 8522 3070 7881 4020 8010 3602 1320 2169 1191 6468 1701 348 6577 7624 8276 3766
49 9448 3501 7705 3157 1497 8456 9571 5057 4385 4845 5759 4000 7517 3006 8140 2203 5272 920 4935 5471 7783 2631 9560 1953 9627 3217 3370 5124 6241 5792 2545 5092 2547 3733 7369 3154 3690 1992 9311 5961 1585 2486 9450 7727 1227 6398 6399 5277 9117
51 9500 574 3212 6300 773 1925 5232 1448 8948 854 6459 4945 5182 9777 190 8542 6589 1226 1468 6348 527 4312 9683 4661 5692 1475 2384 3979 454 2762 6288 4595 4857 2352 5477 4239 1540 5422 170 2375 9645 8682 5427 7740 8922 9673 328 297 5645 5010 7413
49 9867 1289 2663 1970 9068 6644 2459 5870 364 4310 1575 5484 72 592 6317 4531 4349 3274 3275 4724 6865 7100 4584 1018 4905 269 4453 4428 5147 5123 3787 989 7902 3994 9262 5540 6370 1606 5751 8498 396 6408 820 9420 6927 4056 3052 9742 8570
49 9874 4755 8274 3713 2182 1873 8139 554 2586 2270 9012 3613 1011 1429 4254 5525 7717 4214 2071 5642 9389 9419 1297 7670 3181 2119 3185 7098 9546 6788 536 7942 8481 3037 7871 3057 2850 4979 5729 6557 7075 1175 2491 5097 9663 8115 7138 5524 2154
48 9879 7731 3853 7474 7986 7892 2533 7089 6423 8727 8006 7306 1106 9403 3774 9684 6615 3232 6789 4342 9518 5242 7198 9088 3707 6150 2910 1355 315 6495 3469 5867 5001 4 7018 6233 5738 9395 4617 1197 3182 650 3335 7764 8558 1778 8160 7997
50 9931 6001 8027 1249 2905 6281 2679 2335 2289 225 7207 1336 4426 4702 2453 8297 7044 5023 3278 4408 8772 3592 2559 4153 5868 8958 9452 4197 8696 8830 3720 6014 8755 1499 7963 2427 986 718 4356 5627 5519 8229 870 4494 5259 3939 3172 5449 3420 8260
48 9955 9423 5600 2612 9059 1779 1316 2196 2880 5770 932 8689 4230 1234 5342 6184 9934 6570 7888 7470 17 2396 4364 130 7312 1682 4747 696 9401 8589 2360 5027 7957 7310 7937 9951 5778 1519 1019 9476 7837 3380 422 9192 7298 4941 6880 4548
50 31 3521 5399 1159 6670 5104 7587 3716 8175 9967 2342 5478 7212 9918 5153 230 2126 1740 2425 6179 6207 872 8395 4345 1055 3759 6756 2420 4227 3223 4128 8530 8365 3989 8322 8639 1455 4300 6887 9773 6759 6836 9739 2361 9741 4914 4807 7385 7425 1736
50 32 7334 7314 6107 3407 2753 1613 1443 9554 9584 608 5414 659 9915 7955 6663 708 4278 6948 7032 1728 2920 73 6444 6699 8493 1766 9786 3008 2658 314 3243 625 7668 8657 3882 459 9078 2879 1994 370 1496 7375 8938 8987 7134 1339 936 8496 4125
51 150 9185 1963 9118 4115 3604 8328 1835 1648 6475 4122 6842 6768 3534 3535 4147 4304 3727 6971 8199 7145 3253 8222 5038 6742 7774 747 9170 2047 5723 6727 9229 1304 8579 1039 285 7886 7215 2389 5813 5709 9646 4789 8981 6324 7630 6857 2086 6749 2174 5818
49 386 0 176 8036 1954 4098 1671 1849 1447 2619 667 9899 8184 3736 4624 6545 8845 7519 1433 1971 1172 4749 2543 3290 3918 92 2015 3246 6986 8242 2495 4155 347 6908 8895 7993 2669 5594 8521 86 9976 8458 7205 9373 9761 6364 5360 8137 9414
48 646 5401 5256 1266 7358 6139 1006 5744 2504 6978 2838 8779 8664 5423 240 5783 76 2694 6558 7187 3813 2098 5370 8281 4642 9896 9183 3215 6441 1862 2137 238 2976 6677 5343 4355 7665 7666 9432 9922 2069 7492 555 181 2737 1871 3440 6512
50 1069 8401 7495 94 2512 7700 1046 3372 5187 9908 4309 3590 1890 9292 9806 3838 7529 1313 2900 2280 7353 6546 365 4315 8428 2523 1190 3748 1932 1292 4091 2470 1786 2402 4360 6112 7341 2162 444 2600 6258 486 2391 1013 3403 2760 808 3836 5396 221
49 1400 9601 3857 1888 89 969 309 8424 346 4737 8505 3458 6021 2180 6886 1430 4479 5548 294 7979 5603 9191 2144 7313 2213 5099 1299 8598 2292 6346 7820 3189 1075 8353 3956 4583 4444 2118 2888 5647 1660 9994 6430 4891 6396 7202 5899 9307 1698
51 1485 3461 2862 3430 5892 8470 1440 2188 9608 302 2228 9339 3032 5999 3803 8512 7496 6651 1759 8957 1805 3802 8459 9121 8348 4640 9104 8899 4196 6085 6792 8431 621 6795 3807 398 737 4561 8902 9386 174 6255 4319 5284 7723 3730 2271 6758 2988 1120 6954
50 1820 4005 1331 180 7507 2989 4793 2611 817 1466 6283 2674 8243 2875 6304 4014 4901 3893 9726 2739 2479 1047 1717 5615 7377 6793 8502 8933 9092 8482 565 8028 3444 1314 4198 1028 3663 6733 9890 2570 2728 4772 4317 744 2525 4588 8302 3358 8878 9228
51 1950 9222 1261 4200 3819 7770 6039 1658 4653 5527 7539 5608 6637 960 1348 3868 8009 2627 4802 764 2771 5660 3791 2237 5764 5887 2897 3124 9107 5593 2952 9888 7388 6173 9586 9473 6629 3998 8695 1588 7749 8603 1377 4647 2065 5937 9772 4764 329 6701 5238
50 2088 414 6090 5492 6642 4080 6171 6437 7226 6006 1654 3502 674 3837 4899 4024 4294 5955 3883 2790 4335 2291 9980 4112 7494 2061 9765 1607 7103 6816 1946 4393 4909 1535 5201 5116 8608 5162 3460 5773 681 3650 2834 1054 3718 7823 2817 2081 3327 4171
47 2350 4699 8990 3652 8997 6187 779 8715 3318 2019 4003 1511 2156 8628 2367 9585 7896 2621 3765 3922 3258 7290 722 5560 2224 2131 7718 1957 443 3910 7947 4274 9804 6926 5380 6543 1958 6930 1828 8320 7945 9665 3526 827 4462 2824 7120
50 2861 6595 1 1602 1737 949 9822 8763 9133 1152 4022 9789 28 3814 4052 5191 2371 5334 1839 3315 1471 9030 9331 8935 8408 3472 6992 6966 5679 8483 9108 6000 8754 2344 9393 6401 7124 4727 8231 6247 1597 2050 8455 795 796 8501 4601 3810 8269 8228
49 2918 6844 1800 3847 4587 987 3499 6508 353 7402 5995 9536 4273 7838 9355 4991 9188 8067 4687 2614 7596 7832 1557 1224 5371 9317 6895 822 2265 1892 5497 1774 3074 1087 1870 1776 237 3495 8130 2275 8447 6333 3891 4386 946 6688 9484 8060 7530
51 3043 8314 7381 3257 5848 3826 816 3756 924 3921 8479 2026 1365 6291 324 1037 9323 3815 8713 9622 4970 9626 7931 9316 5237 480 7806 4656 632 3944 7554 9351 7335 7991 3795 9079 2281 3550 6576 434 9540 5309 8241 8177 8774 8208 1426 6403 7996 6769 7440
50 3050 1444 5677 1356 819 3364 4195 8076 7259 6747 3666 9315 1293 6287 9366 9676 7069 4817 3964 950 2385 3530 4371 1503 5541 6306 3103 1270 399 7830 9620 3797 8934 4908 3363 4750 1153 7690 8927 905 1086 9413 8030 6919 1052 710 2589 1961 9699 8761
51 3325 5019 5472 582 1294 9424 6626 7828 1665 345 5804 977 4284 1524 2996 4357 4040 4467 1696 6298 3877 119 3510 9735 3675 3183 6590 9057 4553 3375 4044 4719 5779 3073 151 6378 3750 3048 1223 5501 5181 581 8549 9729 9027 5632 7372 7040 5824 127 9876
49 3500 5117 3405 5687 1867 3821 1431 6746 4744 3424 8889 922 9512 8155 6610 6042 6008 37 3769 2814 4947 62 4081 255 7766 7729 8883 3743 9573 719 5631 8415 3202 6530 1477 2997 7732 9999 2818 2819 1300 538 2962 3302 8189 3841 3367 9497 8212
51 3992 2172 2348 1714 3504 1894 4832 2844 2328 6491 8350 8674 540 1935 3163 4530 4331 5345 6114 7636 755 508 678 9308 9717 5685 801 2379 5203 6259 8656 3441 3863 4933 4216 9528 8964 7095 3665 6120 1338 921 1459 6059 8357 8264 3329 4514 8804 711 7471
51 4235 469 7111 1379 5231 4158 8305 5005 9553 4677 6734 9716 7094 8910 4517 4037 3051 4975 3410 2925 2878 5735 7005 1127 5790 322 6092 3999 8699 2482 3662 9947 9431 4665 9325 8923 7551 9152 5416 8550 776 9360 4696 5067 2387 6284 8038 8124 6078 739 8809
49 4352 2077 8453 9906 2708 5062 1031 7543 850 418 1239 5817 2968 9785 3519 5190 3455 5102 6505 2141 9268 3800 5375 9594 7191 3583 30 7944 9082 6803 5442 7247 7917 997 6450 6410 491 8032 6867 2365 1834 9658 3355 4928 8474 7296 6563 6564 415
50 4568 888 7139 7090 642 4804 5722 2406 1716 1489 5043 389 7346 8499 6517 2757 4859 2946 830 1240 3161 2288 2336 483 5607 5049 3762 401 1303 6648 5777 4631 9056 3083 3064 6137 8352 1527 6343 3346 2259 1980 4700 3016 1189 9379 2849 2846 7472 953
49 4668 7526 8508 790 5984 6979 8362 645 4972 8954 3494 3972 2689 1687 6270 6271 2260 1038 6195 432 4798 8644 6984 8487 3970 2321 8488 2476 5558 4658 4912 4629 1236 6899 65 3323 5752 883 5336 1245 1915 9299 7916 5861 5068 3245 8876 6278 2858
49 4688 8851 2640 7887 216 7427 8783 3213 2616 1891 9474 1035 1122 4671 4132 3517 5461 1216 6804 7520 1599 4760 9400 1853 1821 6464 746 1763 6384 8617 1250 1685 6032 6835 9342 9343 5552 6580 7006 8113 9552 3438 4949 9659 4089 8849 2800 9832 2680
50 4720 6125 2940 1072 9102 77 1883 2373 3056 8211 5815 3106 8650 3715 4988 6659 2770 5175 5710 2483 6067 3221 5418 8323 7894 2011 3309 6359 9407 64 3434 6876 205 413 9677 2960 378 6811 3644 6129 825 6933 8417 5322 4880 8977 4937 8710 866 6873
50 5042 8141 1978 3259 1029 9701 3076 227 7357 8207 3846 5676 175 9519 2943 8967 893 1410 2462 1267 5762 5456 191 9950 586 3990 2544 9045 6853 5949 7404 4792 878 1370 1769 9612 9232 9901 7802 2282 1439 1291 7391 8824 9851 1098 1581 7045 5362 9157
49 5050 5000 6294 5079 248 4829 1504 8697 8492 4722 9053 914 394 1174 128 3901 8020 7987 2353 9818 4927 758 9894 391 978 3875 9230 3401 5661 724 1204 3569 8757 6074 1822 8694 9609 1815 6533 5266 1312 8232 1616 8858 8279 9628 7518 5654 1555
50 5400 2053 525 6218 1636 7622 2443 3848 8999 6669 3594 8284 453 9664 4064 8268 7560 3645 4851 7778 2170 1167 9177 2870 9845 5468 8601 273 748 2312 9985 9714 7263 3130 2841 305 4645 7368 5610 404 3854 4532 5977 8142 7227 9809 9467 8091 3104 7671
50 5587 2506 7662 1058 2456 5582 1306 598 2416 18 5883 7789 6616 2973 4834 3338 9792 3177 3254 7452 9459 9153 3136 6845 7582 9558 4199 2334 2599 3514 1823 3308 60 359 8647 8848 726 3949 7041 8375 1295 63 6678 7021 2009 1317 8427 4666 7673 5673
51 5595 3117 2845 5858 2001 1343 5028 6942 510 8651 1326 3487 8805 4734 9860 9274 3267 7890 8516 686 4231 9190 8903 4365 8553 3657 7397 1450 8555 1411 1726 3685 7459 6352 8835 7447 4463 7633 9935 3412 1457 3726 7071 9047 2035 3276 6484 6634 5245 9693 3543
50 5728 9916 3316 7521 7478 664 5409 6603 354 7840 6216 3567 271 4837 2502 1761 9123 2524 9098 6534 6316 8420 1711 5624 4100 9350 395 7909 9662 4382 1203 9903 2713 6228 2370 7815 1939 8762 5705 421 2509 74 7046 3328 5682 8278 55 8625 2532 9539
50 6134 6108 768 8723 3523 321 4417 721 3816 4105 7236 5192 5532 9269 5614 1071 7344 78 2078 3121 7446 6397 8527 6905 9205 4409 3734 1492 7631 2316 9240 7643 7083 403 298 6657 9087 5290 4911 3211 5293 8341 5295 231 5160 7054 4222 2641 7899 4487
49 6350 5882 5183 2678 199 1307 8986 2864 606 256 405 1404 519 9813 4549 6003 8749 7970 4002 5281 308 6404 741 3336 3248 4392 6826 2455 5311 45 8532 8016 8609 925 3894 1391 5690 777 8429 7865 7755 2722 9762 7681 8056 4286 1841 9382 4163
50 6358 5351 7062 9206 1945 448 2625 1222 587 4266 537 7457 1664 6290 2885 9917 5828 532 366 860 8868 7251 1399 3180 6970 3270 9032 8719 9033 1565 149 8410 3623 6400 2136 3937 2377 2623 7798 2380 979 2382 753 5032 9333 8442 6494 3084 8612 9791
49 6650 6051 5063 307 7085 6417 210 5657 49 2889 8629 9871 7771 2306 4270 4889 3686 7747 6622 9037 9983 5641 3691 4458 1170 1354 1269 2227 1639 5012 3516 6632 9861 6167 6774 3586 2979 5244 471 9802 7093 5748 6528 3478 8327 9562 9089 3670 2100
50 6764 6972 36 467 1797 4213 5885 4377 2127 9508 7303 610 973 4143 3111 3572 2150 6149 558 7692 6544 6956 9151 857 3823 8518 8210 8259 7155 9139 1629 6620 8104 8806 3618 3906 8540 124 220 738 3678 2587 8157 493 7901 8901 7295 2886 5138 5971
50 6832 416 8974 3603 4922 358 332 6676 8440 161 572 5110 8331 215 518 5826 3601 7787 9460 544 2325 5534 7219 5655 8969 4852 8332 837 7883 3659 6220 1157 1387 1287 4501 2048 1290 8339 9227 9755 6566 489 6516 9756 3098 9462 5946 496 3457 9520
51 6872 3256 595 7464 1979 4448 2248 607 4698 1880 673 1451 6660 1623 5059 1964 2317 178 9024 3009 6940 7487 4838 8192 9617 5333 6704 6219 9236 996 2731 9259 5391 8704 4667 2197 1074 7687 9576 6888 8587 492 742 9886 4864 7321 619 8960 8818 4826 8568
49 7129 3900 6201 2977 6898 8614 217 9489 1082 1826 9212 1768 4559 4334 1323 6748 7273 5332 3166 3943 2730 7197 1899 1758 5860 7904 6951 6740 2915 7300 9464 1155 5758 3681 6953 1442 7331 896 4276 4892 4127 7873 8250 2806 8551 8358 3754 8183 3845
50 7135 6586 3885 7373 1610 2551 5265 4641 1852 4740 577 8820 3965 589 8594 5486 968 4538 984 4860 5980 3927 8024 2725 6551 6245 3419 2801 3784 2448 9209 6938 3788 5044 4475 3263 6162 7629 7144 5573 2355 8044 3855 8225 4757 4672 552 6737 4176 9912
50 7400 4662 637 7164 8073 2005 7436 4951 5934 4506 2031 8983 7034 5507 4135 1574 5440 2478 3417 6351 2901 5253 7458 3539 4446 3000 3808 4592 4923 9881 9775 7379 4873 7846 5629 1043 6180 8867 4678 2776 1744 114 6862 4094 6100 7316 5223 2340 2444 7992
50 7544 1926 3147 8219 3628 6776 804 2591 6054 8764 774 9009 2434 8173 5927 3641 7812 9538 7121 9072 1563 706 5695 9857 3619 8097 4191 976 1699 5083 2212 6123 5072 9706 2315 7598 3697 7561 8356 2153 6843 8145 2572 8336 8171 1918 9666 6448 9199 3518
50 7813 4102 855 1827 2454 723 408 7658 1008 1257 705 3306 6718 7206 2636 6458 4870 6964 4073 3528 6535 7537 6515 6901 3422 7047 7678 9081 3453 7669 9855 2135 8717 1395 319 2093 6124 4303 8869 3360 9418 5474 9713 1187 442 5696 9521 140 2368 8043
49 8125 4101 9610 9958 9993 2602 2378 3580 1586 7571 2949 1858 8611 1389 3082 6807 8438 1760 1881 6256 1911 9434 3954 1643 7101 5859 9970 1041 91 7623 5720 4510 9751 9769 3313 6751 9086 9237 7567 3982 9613 6065 4271 4313 5053 5128 6342 9834 9136
51 8164 4751 3544 663 243 6339 8042 785 3953 684 9569 6868 8275 1151 504 4562 1490 8435 3689 2206 5579 5149 8925 2835 8826 1642 3429 6980 4207 5853 4544 7390 6782 344 481 9456 1116 5962 1644 8008 3744 9377 2744 3026 8465 4655 8616 4820 1635 8121 2421
50 8600 8301 6703 104 4585 1539 5914 1171 680 9376 4187 9816 2287 4621 9715 5003 3013 5668 8775 7978 8827 4736 1023 7635 6419 8681 6850 9800 6465 4325 9478 845 8473 9929 9579 6017 1608 9115 3138 7968 2588 9827 7409 2632 4596 5915 3925 2250 7108 43
51 8905 5185 5928 4771 2028 8524 1859 5572 2091 7720 1328 3503 2414 3255 5321 1173 9372 9709 749 6691 1529 4625 4706 1799 8658 5944 6560 3830 7958 9847 9429 8245 3145 6277 7498 41 2046 7574 1908 7852 1857 3763 341 3820 1861 6018 3844 189 5784 5761 4791
50 9370 1454 5252 4570 6041 6883 3418 2928 2661 6068 931 473 6763 6726 5051 3805 133 9132 8122 5347 6045 8034 7254 6529 4769 5869 759 6191 9065 2911 3432 7209 4612 9105 4179 7038 3869 1705 7998 7291 4139 3271 6641 9077 9318 5098 7746 963 2759 2417
50 9491 1483 419 9764 9217 6834 7785 108 9130 9034 733 6541 3473 709 7118 3794 9854 9334 714 3197 9877 8249 862 1731 1977 4569 7524 4896 5217 3303 7277 2123 9208 1582 8090 3867 2700 5034 5941 9384 7053 5564 2130 8842 8610 2165 8360 2727 5464 5438
49 9982 2929 1113 6322 9116 2531 9668 5250 229 1165 2410 4481 3806 6204 4173 3279 3553 9017 16 6640 7393 4229 2346 1062 7780 2699 5857 7923 202 8706 7389 9738 4499 8709 3722 9054 388 7415 5523 6990 4527 2562 8742 1161 9887 5369 9898 8622 6229
50 3587 2704 3874 3059 4571 494 4435 3114 3341 6395 2947 6752 655 8854 7845 4406 4495 2665 7912 5502 3714 6711 3991 2675 9720 460 3916 7906 2461 9930 3881 5054 3976 3832 9754 7628 428 6860 5578 1522 6525 2220 9563 4705 9469 411 7347 9083 9084 5686
49 228 7237 6959 2876 6416 7614 1302 7677 4468 351 1626 1502 1252 2369 5222 3768 5684 6531 1965 3038 3186 3631 4484 5408 6973 3904 2251 7962 8731 542 6338 6096 545 2654 5353 1225 5795 7548 6934 7712 7831 1730 4509 9480 5708 3395 8351 7148 6244
49 698 5517 185 6387 81 1901 503 5849 9211 7513 9634 1121 2639 5972 5864 4537 792 2428 7349 6524 1662 1414 8018 1025 6928 6863 1493 6869 6614 9313 689 3786 8700 6999 5081 5230 1482 2331 4850 381 8288 1831 8506 270 8595 903 2496 8578 6199
49 1143 4068 6592 2257 5443 8374 7491 2871 9254 131 9365 4503 9367 4819 4001 9864 5753 3220 3218 3724 6960 7547 6412 5243 2788 4738 5703 1268 9667 6682 6249 4756 948 4293 9441 9833 1916 7249 2106 6643 7266 8103 9303 8105 2190 6507 7756 6989 5746
50 1808 8013 3100 4681 4283 5013 2511 1382 6849 3798 3109 5045 5413 5120 1816 1680 5765 8663 9397 9207 3636 9963 2103 1541 8262 5671 5982 8511 2887 4995 861 4234 8888 9746 1349 4885 843 8846 712 6035 9369 7283 5712 7555 3512 6143 3506 4074 901 116
48 2519 2233 2056 5426 8253 4109 1247 7777 2956 3384 331 7833 7976 898 6599 1115 9322 4272 3574 6623 7033 5875 2256 8866 8624 2258 6012 9589 7128 2601 9604 3770 5643 4405 1251 6585 1397 6034 4800 3465 6993 9119 3021 8735 5118 7570 2868 1340
49 2951 2825 6810 2322 6128 7875 4954 5080 7088 4157 5246 2630 3209 3941 4685 455 4425 9310 1824 5077 4336 8829 5144 1342 9695 6502 8391 5583 7935 6520 6981 7048 926 7193 2719 9281 85 2994 372 8836 7648 4441 2000 7607 167 8637 9949 5884 5210
51 3305 8734 652 5831 7159 7940 9294 967 1022 6805 1907 8850 8257 4508 4099 9150 5227 4190 2953 2656 7256 9182 4565 7434 2735 9844 1609 6328 2866 8029 8093 7110 7318 1707 2857 7884 5225 6016 8672 5913 8128 3400 6996 2329 2668 5204 6341 5763 9656 6432 8180
50 3433 8261 2189 9100 752 4071 6879 2709 1842 7356 4265 4622 2449 9926 7663 6791 196 1951 3097 3426 1882 9652 2147 1505 7759 5164 4346 3625 3349 9768 1801 1209 7156 5168 8985 3493 516 8602 9511 9575 1847 5801 634 8591 7776 2890 5419 9444 2578 6146
48 4416 2945 5662 6932 3133 8485 4159 7271 7248 5021 3268 2067 5566 1678 1210 6596 8666 9111 1435 6266 4156 6666 2133 1474 7651 5390 7642 3222 4519 6089 2437 5963 342 8119 8430 8712 4189 4256 4401 6724 1092 3876 7099 9163 2662 6939 5506 8536
51 5087 9428 3055 317 8515 1843 2991 1045 6407 6613 7934 4900 2161 3353 107 9146 4942 8908 5202 7274 5441 3856 5952 2060 1790 1751 2372 5544 8019 904 4260 9858 4301 155 4836 6130 437 2807 5157 2827 5994 2128 66 2789 249 2791 2792 7854 6140 6830 6142
50 5717 4062 2758 1811 1630 470 677 9124 1844 3771 3753 3125 7898 2648 9166 7336 569 8994 2014 5546 1782 7485 8814 9335 9814 8468 9830 4977 7208 9368 8586 7000 4238 3708 3711 5545 9074 4741 7297 7406 546 2909 9457 9458 2891 6081 7422 8844 182 6656
51 5900 1538 3888 2040 6509 2274 2295 2074 570 6028 9010 8425 7430 584 5355 1593 961 9426 8086 7178 3049 4440 2853 5262 6995 9532 7229 263 6315 1645 3164 7926 9025 6463 5837 6440 7869 7781 4955 3188 6286 9120 5385 4790 9577 4427 2729 9793 8102 6757 6208
49 5981 5543 8507 613 930 2993 5493 4962 7752 3676 5331 212 213 1661 8529 856 2012 2565 2401 6063 3513 8001 884 9840 1868 1434 9743 9960 7994 5665 4261 6921 6091 3878 3719 98 1996 1895 3105 8197 5305 2477 6910 766 9216 2469 7279 3320 560
49 6295 3773 2538 7166 4170 1005 3700 3706 7595 5774 4691 781 5198 7338 7365 3484 5407 1856 8226 1390 5718 6474 4477 7694 6778 103 3003 2777 3273 1806 5634 2231 983 1781 5136 1836 1721 1076 9479 4399 695 8847 7174 4664 1114 9493 6765 6379 5522
51 7245 4835 8313 1887 4618 5271 5616 1700 3747 3321 8287 7042 6825 7086 7027 9487 7922 9606 3764 8270 44 8338 2633 143 9470 3326 6460 3266 3206 3945 9820 4821 3962 6394 7558 5513 5574 2593 6175 1461 7730 5754 1438 8781 9344 9387 7081 7515 6117 5844 6190
50 7713 8201 195 3507 3242 3861 8770 8409 1078 1562 2394 1231 7398 4269 3040 8693 839 4117 9475 5888 8087 8865 9233 4344 6251 8956 7246 9277 7149 4856 3710 511 4359 461 9022 1605 7442 1217 6147 8975 8929 6710 9445 4536 5481 6004 578 8599 1974 6002
49 7751 864 8517 3397 2808 9348 7146 1552 9320 334 520 2828 7127 2458 2916 5706 5841 9580 2822 1627 2690 609 5200 2429 7818 4575 293 7293 4693 8368 3285 2323 6878 8388 1732 834 1200 8701 912 1051 4572 841 9624 8606 2820 7455 956 9481 3658
48 7972 8387 1798 138 8370 433 9466 5269 8256 1771 7540 2831 7445 6588 2364 6461 5226 7066 2860 6882 5485 3078 5669 9700 5793 2244 7686 2549 557 548 5350 1147 9733 1149 2313 528 8645 171 3757 3388 700 6368 1743 5439 371 5096 9347 9642
51 8200 8304 6031 7762 4456 7842 7848 1789 5368 3463 4858 4958 7707 6611 8705 980 2341 303 219 1158 56 620 7354 7844 6489 1590 5145 3034 2018 2579 799 4973 4602 10 7462 8467 715 5090 9510 9477 6321 1710 5313 8398 2276 7451 1988 6273 3260 4026 4275
51 8315 3934 1848 6439 2286 3582 597 3068 7946 5273 7501 4496 6285 4257 8816 6367 3250 6672 3897 8950 12 5142 9636 6172 5078 3092 6773 568 4305 3981 5454 4175 9692 1160 8159 6823 8380 6409 6213 5988 9290 5823 3063 3667 5174 7566 436 8193 8194 7964 397
