16 31 3727 2177 1613 605 2534 678 2777 218 164 951 2411 1889 4182 2533 4846
18 66 4311 2738 280 366 1622 522 306 1397 2551 1328 1232 1603 597 2436 2378 1473 1943
19 89 1093 1140 867 2186 949 2556 194 1907 2735 3821 527 3231 3917 1617 1123 1984 2118 2528
16 148 57 594 4934 350 58 3956 244 714 370 2822 345 277 4723 562 2003
17 181 1300 1798 84 424 3233 2384 1221 1951 2008 2354 3519 3577 4967 1919 4758 4543
18 191 1421 295 326 1361 4360 2494 2385 1174 2369 1637 1620 3117 1515 3798 3729 3540 3247
19 199 3177 3468 253 3107 2619 3365 94 517 96 97 2677 3572 141 3338 920 2512 2409 2829
17 246 3806 1095 586 3834 404 1830 3043 3585 4853 2148 1729 4953 491 2312 2531 2834
19 255 4376 2993 1963 442 703 381 2723 1058 2166 3090 3452 369 457 407 2088 3097 1348 1273
17 334 76 402 2807 4604 588 1202 2260 2718 4574 1544 763 3419 123 3947 4904 3148
19 354 150 475 172 1981 4108 4405 1251 2366 1245 3422 2616 2991 4415 1717 1303 3733 4888 1086
15 355 9 675 830 1366 521 924 1728 1327 4985 3192 4591 4063 2797 975
19 400 679 4636 3593 1460 3182 4765 4394 2648 1494 417 3237 2439 1646 2267 3241 4794 1409 845
20 414 4327 415 3886 278 170 1956 2944 2203 929 4769 1879 2139 3251 4775 2261 3423 3424 3159 556
19 423 1 2613 447 430 855 887 3643 1886 102 2480 816 69 393 2100 4348 2109 4942 1833
18 444 440 140 1841 706 608 1146 1563 256 1918 3674 1848 2880 1574 3016 2142 2763 296
18 450 200 1410 95 2228 1178 1795 2370 889 248 3076 685 1774 2367 86 341 4570 945
17 508 108 2265 2181 228 3066 1486 3300 1610 1073 1267 794 2225 4398 2102 4200 3053
15 509 1571 3684 795 4223 956 1822 2902 2970 4074 2951 1377 814 4293 1437
17 540 388 1867 335 1658 182 2158 4806 3064 3290 1980 1835 3269 610 2223 4677 3812
19 600 125 565 4412 658 2440 1440 3054 3362 2023 1896 3533 4854 2474 3039 4076 438 3685 4177
16 624 178 598 1000 3121 398 4148 4818 3668 3700 3335 784 20 1333 344 3386
14 684 153 888 552 1231 2254 3984 4763 4126 4336 4299 2216 4203 3641
18 745 3627 3691 1315 2374 3151 4027 712 4219 3305 2219 2656 652 914 3012 87 2920 2257
17 775 2715 4228 1298 3337 4706 1445 3514 1578 3314 863 284 2174 3134 4554 3935 4265
19 779 4718 1549 1394 45 352 538 947 2720 4001 2392 531 1664 607 2567 1813 3201 1957 2095
16 790 319 3481 2870 2026 2774 4022 1134 2775 1322 1313 1566 1905 2615 3463 4217
18 849 205 756 207 196 2933 3240 1780 2948 2064 4455 3596 995 2093 4890 3174 420 2373
15 861 1648 4952 1481 1103 3462 669 4968 881 2557 3226 4236 2906 1895 1212
16 925 261 1767 2483 3622 301 3636 2333 1523 4054 314 4222 1341 4338 561 3162
20 931 4505 596 547 943 651 3015 1768 1334 766 3965 4857 377 2124 1547 120 1084 2622 3815 3213
15 934 432 4368 907 1289 977 302 4029 4864 1849 4407 668 1054 1265 2560
19 1050 2864 1595 389 4266 3504 4657 1952 160 4089 1264 1320 1216 2654 4547 3108 871 4377 2971
16 1081 443 2749 1253 233 1817 315 2849 2805 4861 3721 4773 3924 4110 3212 1424
17 1130 449 1714 1711 1358 1457 3561 1665 1606 1703 2997 2400 3147 4830 2985 3388 3281
20 1132 2248 1493 235 1043 251 484 1528 1596 3336 4895 553 4159 721 1569 2447 3735 313 3773 2247
17 1137 4905 2595 247 2745 655 336 3811 3267 2356 922 4843 2036 663 3822 1719 3823
17 1142 726 629 3619 2136 1331 2553 2549 1853 3480 1068 3892 387 3400 1323 1872 3970
17 1160 606 1192 2662 470 1738 1373 2020 3142 4909 2018 54 4523 4966 132 3065 3447
18 1194 305 1076 77 812 2689 2169 3938 27 6 1514 3860 3037 1433 3814 4838 4197 3449
16 1209 618 1681 3967 991 2744 3395 3804 2907 3275 2140 4289 4094 4764 165 4778
19 1223 1027 3109 311 3987 2028 372 1428 4212 1623 3491 4168 3614 3328 4185 2188 853 1419 3393
18 1236 1383 3257 4998 1793 412 4194 2808 4538 434 4088 4071 1294 1074 822 2861 3634 2568
16 1261 118 2529 680 3421 1988 2126 4309 3988 4724 2206 3837 4396 2490 3859 1108
18 1277 619 481 1321 203 1121 576 3346 2820 2629 3604 2211 3746 3136 3808 1734 4316 3081
18 1356 851 2012 3355 730 2448 519 520 276 654 4624 4070 4869 2449 3590 4921 869 4183
18 1375 328 3063 572 133 4496 4627 3723 3536 3688 2194 1954 2075 3198 2215 1819 1706 3904
15 1376 860 39 1791 3979 3731 1539 2159 2507 3783 2791 292 3877 891 3272
19 1443 1385 3031 2894 2210 2052 409 2160 2493 3011 1149 1704 4300 2452 448 4896 3797 1720 2589
16 1450 611 2550 829 2394 961 231 2245 4093 4388 2889 4954 1863 3133 4667 962
19 1498 701 782 777 3299 249 506 3450 4391 2213 1531 1818 4332 4337 1324 2546 4792 1945 4441
17 1500 930 880 4097 4920 4153 1559 2966 3112 2192 4459 3473 1166 2846 4840 2489 2851
19 1516 848 413 2351 1393 632 1690 2475 1468 3470 2151 2857 166 852 503 4044 1255 4950 530
19 1524 1501 570 1687 4817 3926 1452 700 965 3234 1653 2240 1865 2657 1066 1612 2347 2101 582
17 1525 357 2937 2742 2504 232 3207 127 4335 1305 1552 4643 1784 872 2837 4940 824
18 1535 1519 752 4786 2465 1136 792 592 2537 2538 3620 1077 2376 3443 1220 51 3258 3083
16 1588 864 3244 2676 919 2038 479 2830 2156 3325 4298 2705 1390 2645 4435 4320
17 1602 397 2863 908 3040 4852 1555 4364 3874 761 3034 1269 3738 4358 4475 1218 657
17 1619 681 1411 3013 2289 2362 4784 737 571 2402 1125 3638 2218 2195 893 3410 1971
17 1650 526 613 1696 1509 2437 3448 1330 1666 696 2340 3249 3973 4319 4244 1737 4036
19 1675 601 158 455 1911 3220 2379 1698 3124 3391 1014 859 3027 895 896 897 898 3570 2246
19 1677 609 4408 769 913 3588 391 3556 2927 2111 3114 1099 1938 2288 676 627 478 3816 1842
17 1686 905 2759 591 1949 2999 2313 1207 4235 4999 4889 169 1464 3623 2891 4616 2964
18 1715 2668 2350 2150 4506 1072 4081 1470 4863 728 1367 3912 2588 211 4473 4748 757 4688
18 1725 1179 1625 239 8 483 4378 3406 3703 139 2226 753 2669 3581 3849 2825 1649 2913
17 1750 781 44 1796 2862 202 4276 167 2250 3018 1752 3937 1518 1754 4112 1684 1521
18 1772 801 467 1346 1621 143 4646 3745 2661 2826 823 2733 4067 2147 2736 2066 186 2143
17 1775 529 163 4426 1763 4214 720 3854 4471 4115 1441 1307 4317 718 1151 3950 4501
17 1806 1351 799 147 644 2981 2796 4437 2873 1311 2518 3907 2047 3026 4956 2044 3008
19 1829 1032 55 4347 2603 1670 1141 3262 136 425 2638 4656 4023 3976 272 653 79 4977 3930
17 1831 401 1203 1287 2454 1788 692 1805 537 3571 1296 3617 4780 636 2208 4580 1256
17 1894 944 1426 134 918 564 3333 1657 4176 3516 2021 2576 3459 2879 3848 1482 204
19 1909 1183 1396 3045 4414 3229 1647 800 161 2292 762 1154 4465 843 2343 3167 3708 1702 3415
16 1914 959 1279 742 1181 281 83 4072 2471 1312 2182 3763 4970 4692 2848 4411
18 1921 1102 242 2730 156 1570 1028 4481 4434 4524 4557 4926 2536 4321 2815 1008 1111 3923
14 1962 1080 1398 1847 2191 3754 4116 4502 4362 3621 4800 2076 3503 1740
18 2027 1114 0 283 2925 4659 3911 4046 1476 932 3737 987 1389 713 3315 4907 4367 4310
20 2060 1567 106 2360 1826 4191 4017 4983 1185 4828 946 64 2355 4296 1467 3418 643 4065 2631 162
19 2099 938 950 787 980 981 36 1618 3968 974 2344 1692 2868 3640 4167 3780 4313 1153 115
20 2132 1052 2297 221 1310 4626 2214 1985 3119 175 3535 243 1046 428 237 1807 3141 3093 1448 4259
18 2152 497 212 469 972 56 1743 49 3360 3552 100 3074 2919 743 1851 2108 4936 2992
17 2168 1214 3526 4057 10 4018 2040 884 3059 3796 2724 3135 4138 3194 495 3261 4973
18 2269 4413 240 48 1591 973 343 650 2001 3603 441 2784 1893 4989 3306 585 2561 1972
17 2275 1599 2368 2119 1823 2037 3210 2872 4732 4711 4918 1175 2883 4205 3476 1808 2496
17 2282 870 3482 875 536 4810 1191 2098 3528 4006 4033 2988 4691 3094 4704 4674 3966
18 2309 1551 2680 826 2540 2665 1915 4717 1629 1635 4798 1135 844 1247 2329 2121 2916 3852
17 2321 1196 2817 290 1456 2570 1290 4192 297 1814 3294 3948 4665 4774 2693 1208 1781
16 2352 2196 1286 226 2719 4390 1270 581 4393 4493 4710 3652 2462 1427 4389 3221
16 2396 1671 2565 3204 1950 573 206 1447 2984 3939 4136 1106 3933 1902 4466 1163
16 2397 332 2046 46 408 1898 2277 2034 3444 1451 3644 4668 3882 4048 2779 3715
17 2470 511 107 2897 2898 1204 3867 2231 2569 758 2365 2839 2010 2798 2592 4969 2593
18 2530 751 810 894 1100 835 3730 3035 2590 4705 2692 2575 3883 117 890 1608 3693 1642
16 2542 1143 579 2112 1766 1857 4249 3758 4478 4484 4381 3872 4635 2049 1936 2780
16 2564 876 3787 3487 208 2699 960 1288 1496 2760 2753 4152 3786 3736 4887 4658
19 2625 351 1937 2844 1107 1370 715 3770 3507 2618 1416 1417 1522 4248 4661 1145 4740 970 1643
18 2729 1764 512 874 2713 727 997 941 4883 2458 3900 2513 4666 2444 967 722 723 3243
18 2731 1726 419 1088 3989 709 2520 878 63 4058 839 3676 3394 179 2145 152 2053 4996
16 2787 1700 4862 1556 3178 1587 4216 1821 1927 379 3397 3222 3749 485 906 2778
19 2795 2426 267 2284 1615 968 3994 2865 3291 2264 828 80 3728 3469 3788 1431 1747 2500 4387
17 2875 1201 1751 4193 2123 2335 1355 916 3425 4565 3645 568 3120 4812 541 4618 2943
16 2878 1268 528 142 4485 4271 3899 103 3132 1659 832 3696 3574 856 2004 3407
15 2886 595 3 3326 60 935 770 3145 360 577 3087 2708 3477 2381 3908
17 2893 1506 1332 435 749 3297 1947 3897 1912 1200 3999 1120 72 4746 2072 3629 2000
19 2910 2903 729 2695 1292 2171 4847 1838 1850 1013 110 3414 4722 2824 3413 1094 3538 4745 2597
20 2932 955 3029 971 3152 24 4012 910 317 711 1877 2287 260 494 4803 2092 3961 298 642 2633
19 2950 958 4117 135 505 3239 2711 1773 307 266 4489 1718 1011 847 2090 3865 4609 1242 2838
18 2987 1278 2302 804 500 3716 3187 185 68 2571 4165 4908 18 4757 1098 1699 1326 4819
16 3048 1651 3890 392 3631 1975 4673 2748 3285 3000 4052 4098 2527 3602 2065 928
18 3070 1297 4783 1118 1533 4823 3278 4508 101 3555 2125 2241 3193 1993 3940 4456 633 1422
17 3084 1018 3990 2138 1844 4461 1960 659 3753 2620 1126 4558 3402 4288 3495 2173 1115
16 3100 1779 487 258 339 1757 4730 473 3095 3289 3357 1316 4919 1139 2135 1299
16 3157 2967 1337 793 1965 1712 3165 1090 4610 1442 466 4701 846 3125 1210 646
19 3175 1979 554 2427 1827 660 2962 3060 2266 4279 193 3385 4140 3230 3878 2234 322 4533 4024
20 3184 1964 614 3686 2137 1695 2358 604 3006 4050 807 130 1061 3944 4639 1997 4156 2818 4584 2980
18 3191 2199 88 1062 2977 4263 2624 748 2740 3352 4038 3964 1168 4245 47 4458 4555 3690
19 3225 2185 1604 767 2976 349 3286 1485 4137 4243 3502 3270 3038 1955 836 4384 1193 2128 850
16 3263 1225 1755 1910 4632 682 3599 4476 2229 2296 215 1935 4607 4352 3573 2189
18 3295 2274 1128 1155 2606 1760 4834 2390 4949 1082 808 241 4747 4215 3041 3098 3099 4073
19 3339 1776 3902 1716 275 1360 340 3714 2986 2430 3542 3580 1974 3050 4341 778 2316 3782 2579
18 3373 2005 1825 149 2291 3069 2614 969 4503 1946 732 4370 2983 2401 842 263 2773 4948
19 3404 2051 2895 3359 363 1497 1362 3559 3371 439 798 2843 192 3971 294 4419 937 3317 2761
19 3455 2015 3127 4734 4801 1685 4537 462 3302 2105 3648 2091 2224 1756 4016 2389 954 2319 4306
19 3472 1801 2244 3350 1626 4788 4553 4131 3952 886 695 2383 1446 1025 2911 1800 2511 4675 1973
19 3475 1880 1364 2734 1150 67 1237 3553 1345 3750 3887 3598 3568 2033 1765 1802 2876 1739 1994
16 3517 2081 754 3656 3843 82 1414 4569 3915 2607 2685 621 3921 3022 3279 3374
15 3525 2694 1263 85 1730 3639 1534 2149 309 1561 3163 2011 2659 1710 1903
17 3550 1824 2688 1586 3479 1930 4307 952 911 4611 1069 3824 4835 2473 2635 4925 3919
18 3586 3137 73 1365 1958 230 4255 2965 639 2596 539 755 4793 1735 4474 3835 3458 1723
16 3600 2552 3092 1846 378 2681 4009 1110 3078 2850 4679 4844 1572 3179 4275 791
15 3601 2673 2417 3254 4139 2300 4227 4105 3520 4035 4549 2466 4897 2881 1036
16 3607 2420 310 4586 725 4429 1425 1858 3103 1557 2450 4166 4799 2602 4522 4882
16 3650 2301 1689 1491 422 2905 1462 2700 2653 1892 3934 4755 4777 3085 2041 3172
17 3664 2938 4448 1260 738 1020 3387 3539 1901 4576 4972 677 2443 2769 2486 4540 1244
17 3672 3276 2697 3166 499 3501 616 2055 3101 1811 3146 3687 4676 190 2187 4782 1948
17 3675 1876 3023 30 3954 2974 4606 1479 1562 4922 4091 3558 488 4589 4403 3324 3608
17 3725 1259 666 3370 599 3255 3256 820 4281 3369 734 3662 1004 4034 4595 516 2042
19 3762 2506 353 1995 418 2961 3772 2163 2025 986 3183 2107 2722 3518 993 3047 2414 1546 3699
19 3771 1934 1758 1449 612 2840 129 122 2499 638 2286 4169 2869 3311 2929 733 2069 4995 3203
16 3784 1976 304 4028 3932 1548 3451 1609 2441 4423 1295 2559 1543 4342 3025 4170
19 3826 2432 3188 1281 630 3707 693 3154 105 299 4518 4975 3726 1709 286 375 1828 2477 4132
18 3827 2816 1590 2153 4686 625 25 1423 3655 2167 209 866 2399 4929 121 1882 293 3697
19 3832 2801 390 1059 2658 550 2353 471 3670 3288 507 3759 4164 1105 1215 2841 2842 2063 2372
19 3833 3963 2637 3266 1148 2814 405 26 32 647 223 2336 3873 2558 1736 1856 4400 3928 3945
15 3875 2221 1584 1372 691 882 4528 1492 2785 4257 4416 3677 4490 3079 3920
17 4015 2541 33 3791 2073 356 2743 563 3551 3609 3401 4868 4837 2283 3032 3398 3363
16 4019 4025 809 1171 37 4291 3712 2969 1782 2959 3544 4395 4631 124 3118 4809
18 4021 2522 52 2258 3389 2253 3858 1917 2690 3158 3870 3711 3681 2445 1147 2424 1575 548
16 4060 2955 786 157 184 4615 4404 3803 2407 4698 2463 2469 116 3789 3632 3024
18 4075 2587 3790 768 2067 2016 2856 1579 2973 1789 3232 3760 2790 514 3113 74 4600 2013
19 4100 2032 173 741 2363 1055 4741 4650 4284 900 1022 4345 4346 2939 710 4457 3383 1777 1235
19 4101 2455 4292 557 2165 2941 2404 195 2180 672 637 2655 3089 3975 3774 2323 2767 3649 3427
15 4120 2710 1924 649 380 1662 976 3068 4582 4430 4842 1075 4933 3929 2912
19 4150 4061 22 460 1085 2096 1071 4118 3922 1707 4958 1006 78 359 3168 1117 2071 2457 2975
18 4178 2131 7 1641 1042 1177 3298 53 1843 567 4331 229 1284 476 1674 2754 3510 3698
19 4198 2813 1087 222 1941 4749 964 2781 2050 825 1513 210 3435 1112 1363 1019 1262 765 1581
17 4218 2683 1804 273 3102 3775 1568 3710 2904 92 3702 3818 3196 4312 2671 2197 2524
15 4232 2915 2058 1144 3810 2198 15 2256 4608 4964 1047 346 4743 4649 177
14 4277 2604 1349 4690 2359 1488 1257 1048 4776 4997 4494 3010 2341 2877
18 4304 2994 1550 1329 1508 2273 2299 4850 2348 2207 3055 1589 3868 1388 917 3508 3195 2386
18 4343 2792 566 1769 549 857 1186 2674 697 1908 673 3318 23 2704 4955 3344 3839 2978
16 4366 3033 3378 2649 904 374 3972 2048 4500 2200 983 2278 330 2714 3616 2640
18 4375 2979 1049 4509 459 1038 2630 367 1051 994 1404 4056 2800 168 274 225 1967 1283
19 4433 3051 3980 736 704 702 2161 1152 2963 1676 2114 2162 201 2771 4613 145 2116 665 3320
17 4440 3169 2890 1836 2585 1359 2923 670 1996 2421 3049 4899 1026 3238 3891 2326 3918
17 4469 3200 689 583 1127 1350 3669 2484 4588 3001 1490 3901 1749 250 4878 3807 4535
18 4495 2574 694 410 1761 783 2584 4357 909 1564 589 1395 2488 4397 4937 2675 1926 1871
16 4498 3316 3446 990 3595 361 3211 1249 406 1576 4605 3442 3769 3116 3268 1792
16 4550 3412 2294 1959 1530 3246 81 2882 4885 2233 50 4856 1693 1453 4297 2146
15 4592 2918 4536 1233 948 2931 3531 2762 1697 1391 1527 4716 3042 4272 300
17 4670 3478 3864 2276 4328 3271 4577 1484 3659 4146 1487 998 1291 2783 1667 2732 1002
17 4697 3347 3532 3310 11 2461 2193 1624 4594 1998 3743 1536 4123 3613 4848 4699 1339
20 4709 3321 4059 433 327 661 2958 338 899 109 868 933 171 2811 2237 4560 4571 2122 3955 4651
18 4725 3416 4515 2957 3091 1343 1371 2956 1016 4064 2663 3781 3301 4424 984 4695 3794 3323
19 4787 3086 1873 1529 811 831 746 28 1477 1308 1336 1045 4252 4119 3171 4147 1483 3946 4268
17 4825 2583 2623 3537 524 2942 631 2084 4354 3748 1636 4069 1162 4703 3869 2989 543
16 4829 3488 288 1809 2495 2070 4361 2770 324 2712 268 138 3390 3465 3534 395
19 4873 3140 4728 214 4418 584 3348 1461 3936 780 3840 3841 3842 1406 1369 1169 797 2468 3906
18 4876 3543 2431 14 1285 2061 3625 3492 2270 1407 4689 3861 3718 1495 2821 3889 3548 4727
18 4893 3582 4256 1275 1429 4539 2586 533 534 535 2516 2134 1189 3925 3682 1413 4011 2926
17 4915 4452 4737 464 1680 915 365 1870 1904 664 4237 2059 1969 4068 3722 2626 1834
19 4935 3701 1386 113 477 312 3496 2062 1601 3993 671 1301 1832 2331 4754 1070 213 2874 2395
19 4943 3977 2103 3916 2563 1614 426 1282 1654 1113 806 1180 4731 1158 4572 3126 2896 3817 2698
16 4944 2949 4420 472 61 1033 620 1660 4042 4043 4096 2523 4443 3942 827 3802
17 4982 2691 1206 2428 42 942 2739 1887 4464 3364 114 1274 4984 3252 4399 3647 1229
16 4988 3589 2007 3287 555 1505 2835 939 3149 2077 1131 4225 3009 747 4480 4329
16 4993 3494 1420 1234 3768 559 3862 2303 1035 2222 4655 2271 2238 2684 1096 3876
15 4994 4581 1325 4172 788 1344 2768 3974 3380 3734 3274 815 4990 3280 2776
18 656 2701 546 2078 3530 1722 1444 1721 198 1382 3434 858 224 1986 724 2788 4752 1165
16 865 3667 2793 1357 1864 1884 1272 615 4965 3067 1759 2519 4894 187 4007 2478
19 1064 3382 1605 1184 1744 62 111 1679 2539 1705 640 1319 3838 1172 1869 1219 4726 4372 2094
16 1222 2747 316 1314 71 2482 4771 3303 3330 1454 2410 4401 4768 289 523 3030
16 1632 4526 1638 1122 1138 4181 176 2996 3541 3680 3958 4340 838 3312 3673 4924
17 2024 3888 1458 2006 3131 3153 3334 1731 560 4039 1797 3799 1874 3265 3111 3829 4962
19 2306 3353 1598 452 2757 2885 2155 818 17 3129 716 2823 4425 2334 474 885 4923 3785 648
19 2375 3651 1352 2786 575 12 902 1553 3405 580 220 1478 1306 1990 3850 1992 3959 4739 1668
17 2498 3515 216 1188 1503 1489 3575 2305 4084 2259 2772 883 4719 4014 4566 1182 2097
15 2632 3484 1211 1187 803 3694 1340 1063 174 4849 4353 3661 3438 2030 2074
18 3485 3653 1840 456 1405 2017 2382 1302 2446 394 112 4287 4762 4590 3217 3898 3156 4125
20 3546 4055 3742 2423 1091 262 2170 3170 146 515 4603 371 1003 1708 2293 421 4945 4946 75 4520
20 3597 3403 2031 1748 837 1786 1762 265 4282 4446 1399 2746 1532 492 3903 4647 1928 2601 3665 3284
