4 3 10 440 910
4 8 2 84 130
4 12 1 97 154
5 18 87 488 125 421
4 21 34 346 858
5 23 366 724 59 372
5 38 986 161 237 517
4 49 679 928 60
5 58 854 136 47 41
4 63 51 216 189
5 66 57 42 330 44
5 67 116 16 804 882
4 76 126 514 632
4 81 71 690 197
5 95 96 331 697 565
4 98 61 377 827
4 100 15 222 173
4 109 165 7 285
5 110 14 787 108 45
4 119 224 348 984
4 123 236 738 602
4 131 55 0 969
4 137 275 501 441
4 138 794 332 158
4 139 234 53 294
4 140 77 304 826
5 141 106 101 56 337
4 162 33 843 874
5 163 113 62 383 329
4 170 111 52 481
4 171 328 149 734
4 175 289 336 798
4 182 31 211 340
5 184 90 32 244 853
4 185 36 424 819
5 188 241 43 324 27
5 190 121 25 534 538
4 192 259 145 13
4 195 344 729 203
4 196 847 191 120
5 213 270 563 388 279
4 220 287 9 782
5 226 167 567 218 596
4 231 64 355 129
4 233 261 579 578
4 245 160 437 72
4 249 318 65 40
4 251 180 308 375
4 260 118 426 243
5 267 215 781 186 773
5 269 824 155 376 533
5 295 178 417 323 433
5 296 283 992 273 677
5 299 312 998 85 310
4 303 264 420 929
4 305 168 217 50
4 319 456 293 948
4 321 252 373 527
4 325 132 265 589
4 335 146 448 543
4 341 258 223 768
4 343 397 183 638
4 349 256 539 446
4 363 322 309 134
4 381 354 177 687
4 390 476 523 603
5 391 278 176 153 495
4 394 408 338 91
4 395 483 723 69
5 400 457 82 143 314
4 414 430 732 11
4 415 449 478 229
5 416 401 92 608 676
4 428 486 688 983
5 436 491 166 947 669
5 438 450 242 199 911
5 439 443 629 103 870
5 444 239 250 286 767
4 452 209 386 743
4 453 419 277 628
5 460 254 228 345 576
4 465 497 409 604
5 466 288 865 905 490
5 469 353 708 350 301
5 472 316 317 313 641
4 475 635 662 202
4 479 612 122 936
4 487 544 507 960
5 493 562 227 320 425
4 499 511 80 135
5 503 435 54 613 754
4 504 407 883 333
4 512 451 181 778
4 513 480 582 755
4 515 525 566 447
5 516 492 392 646 311
4 531 558 861 358
5 532 601 174 575 30
4 540 266 151 214
5 559 644 152 879 643
5 560 606 86 555 707
4 561 306 219 526
5 569 564 521 484 774
4 573 654 201 671
4 577 470 542 868
4 581 621 709 477
4 587 622 459 70
4 592 489 382 876
4 593 396 22 840
4 595 467 133 297
4 614 666 235 772
4 615 500 268 410
4 620 703 28 739
5 626 463 762 982 4
4 630 537 885 698
4 637 580 361 553
4 639 494 574 423
4 640 498 588 24
4 645 585 536 572
4 647 352 797 908
4 649 694 48 505
5 650 471 919 247 682
5 657 535 411 359 833
5 663 502 389 351 114
4 668 473 380 342
4 670 706 412 198
4 673 658 422 393
5 675 599 276 548 852
4 680 748 204 733
4 691 702 221 399
4 696 753 169 263
4 699 609 284 814
4 700 766 633 427
4 705 656 809 496
5 713 648 357 695 557
5 720 461 752 159 714
4 725 583 815 789
4 730 721 193 899
4 731 823 686 99
4 744 806 6 901
4 750 716 934 75
4 759 653 458 378
4 760 570 442 659
4 764 660 600 398
4 770 672 792 825
4 784 551 522 429
5 785 665 818 664 364
5 786 717 172 719 674
5 790 765 206 271 404
5 796 718 369 73 385
5 800 801 164 356 909
4 812 783 907 272
4 822 846 148 367
5 856 741 867 462 37
4 859 914 326 848
4 862 808 701 187
4 864 887 112 610
4 873 728 829 830
4 878 605 625 384
4 880 771 212 777
4 889 780 282 917
4 890 881 144 508
4 897 952 194 339
4 923 711 591 831
4 926 837 925 681
4 940 807 20 360
5 954 746 454 17 839
4 956 921 634 931
5 961 850 225 83 529
5 965 944 667 238 147
4 976 756 736 795
4 978 506 835 142
4 980 816 869 546
4 985 693 379 922
4 987 607 281 722
4 988 712 842 855
5 994 884 107 894 88
4 995 895 362 727
5 997 877 547 627 970
4 46 955 232 405
4 124 810 207 230
4 127 584 510 834
5 240 402 999 94 817
4 246 811 611 597
5 262 886 745 776 747
4 290 946 930 568
4 298 892 474 979
4 302 735 468 128
4 315 916 803 74
4 334 39 530 586
5 403 813 520 571 866
4 418 918 715 19
5 549 973 431 519 524
4 740 924 624 292
5 758 912 79 68 968
4 802 156 274 248
4 820 685 849 893
4 896 365 652 255
4 898 594 370 509
4 915 927 793 464
