5 3 10 14 508 235
5 8 2 205 389 351
5 12 1 97 79 285
5 18 87 107 108 388
5 21 34 157 257 727
5 23 116 374 692 133
5 38 51 149 483 377
5 49 31 0 612 755
5 58 71 155 376 533
5 63 96 156 274 39
5 66 118 126 28 521
5 67 224 163 463 671
5 76 33 685 928 679
5 81 106 101 56 674
5 95 113 62 383 329
5 98 61 417 323 361
5 100 15 222 130 24
5 109 165 52 241 94
5 110 252 539 806 6
5 119 283 424 83 27
5 123 236 145 13 193
5 131 55 629 103 870
5 137 275 183 218 340
5 138 90 227 320 425
5 139 259 332 158 362
5 140 77 588 883 333
5 141 132 265 72 854
5 162 36 913 851 704
5 170 111 250 286 91
5 171 167 567 742 279
5 175 289 336 186 773
5 182 168 642 350 263
5 184 239 284 169 301
5 185 180 357 273 677
5 188 397 507 359 817
5 190 121 25 534 538
5 192 316 317 313 767
5 195 344 729 203 427
5 196 287 566 447 142
5 213 450 242 199 596
5 220 312 963 229 399
5 226 215 228 345 490
5 231 64 448 409 604
5 233 261 474 339 517
5 245 160 849 271 41
5 249 318 65 40 697
5 251 258 794 738 7
5 260 178 902 238 147
5 267 288 326 57 211
5 269 146 523 603 505
5 295 256 598 782 9
5 299 430 732 11 814
5 303 264 53 237 659
5 305 254 216 189 591
5 319 456 293 948 373
5 321 353 207 230 364
5 325 209 365 378 768
5 335 352 797 684 459
5 341 407 584 510 555
5 343 500 268 206 342
5 349 322 875 527 922
5 363 491 166 638 553
5 381 354 177 687 514
5 390 476 763 148 367
5 391 461 277 117 484
5 394 408 426 243 934
5 395 525 809 442 719
5 400 457 737 115 901
5 414 443 42 330 44
5 415 449 633 850 217
5 416 401 92 608 676
5 428 486 541 434 202
5 436 654 201 331 789
5 438 537 386 804 586
5 439 470 542 543 125
5 444 306 219 120 410
5 452 396 22 840 372
5 453 419 752 159 714
5 460 502 368 413 852
5 465 497 200 292 84
5 466 492 392 947 669
5 469 558 843 278 715
5 472 471 919 32 244
5 475 605 174 575 30
5 479 712 122 86 834
5 487 544 793 247 682
5 493 562 600 481 421
5 499 606 412 346 458
5 503 473 380 762 478
5 504 583 815 868 69
5 512 451 181 778 74
5 513 480 582 589 594
5 515 702 369 827 152
5 516 621 176 153 495
5 532 601 204 446 82
5 540 570 281 722 99
5 559 644 634 879 643
5 560 622 485 85 310
5 561 551 522 429 422
5 569 564 528 769 187
5 573 711 212 858 501
5 577 489 382 324 529
5 581 703 829 552 909
5 587 706 661 519 524
5 592 580 590 384 602
5 593 494 574 423 984
5 595 631 225 876 825
5 614 666 635 597 393
5 615 599 775 234 221
5 620 753 861 358 826
5 626 609 749 445 821
5 630 653 885 698 536
5 637 658 482 610 743
5 639 648 550 150 772
5 640 498 667 894 88
5 645 585 939 375 129
5 647 535 999 43 819
5 649 694 440 910 297
5 650 693 136 47 908
5 657 656 307 572 911
5 663 717 824 690 309
5 668 721 347 441 506
5 670 766 803 270 563
5 673 716 953 734 848
5 675 665 651 556 4
5 680 748 625 272 134
5 691 746 454 17 839
5 696 810 619 799 893
5 699 726 102 845 337
5 700 811 962 906 411
5 705 672 792 969 724
5 713 801 164 356 75
5 720 607 291 198 248
5 725 623 151 214 191
5 730 823 844 931 576
5 731 887 112 59 777
5 744 884 689 636 104
5 750 741 867 462 37
5 759 846 616 50 565
5 760 660 903 68 787
5 764 728 842 611 379
5 770 771 869 80 853
5 784 751 455 613 754
5 785 881 144 938 54
5 786 718 925 681 308
5 790 765 964 891 197
5 796 783 907 73 385
5 800 888 371 255 960
5 812 914 957 29 19
5 822 895 545 530 882
5 856 807 20 360 304
5 859 944 745 776 747
5 862 918 709 477 405
5 864 946 871 899 578
5 873 837 387 172 831
5 878 735 468 128 568
5 880 921 835 435 276
5 889 780 282 154 707
5 890 990 520 571 774
5 897 952 194 624 294
5 923 756 736 865 905
5 926 105 781 798 723
5 940 816 652 983 437
5 954 886 993 935 114
5 956 253 966 232 526
5 961 912 805 300 641
5 965 179 280 420 929
5 976 877 547 370 509
4 978 406 683 688
5 980 892 579 664 646
5 985 916 904 830 355
5 987 791 832 496 135
4 988 841 932 618
4 994 927 708 366
5 995 973 431 981 795
5 997 836 900 60 855
5 46 955 872 173 874
5 124 924 779 488 464
5 127 761 863 710 518
5 240 266 942 733 546
5 246 941 757 860 402
5 262 971 972 958 974
5 290 977 93 48 930
5 298 838 959 210 398
5 302 945 161 818 917
5 315 991 992 695 557
5 334 857 975 338 686
5 403 5 701 813 628
5 418 327 432 208 311
5 549 788 967 78 45
5 740 328 949 989 833
5 758 996 998 143 314
5 802 847 531 808 348
4 820 933 89 979
4 896 617 950 70
5 898 511 554 548 866
4 915 828 678 223
5 920 951 35 936 404
4 937 655 26 632
5 943 986 296 467 16
