25 31 9 2177 1298 2210 4622 2119 157 33 1559 4565 3809 1562 1062 3131 888 3948 549 3643 3644 3425 3700 297 4997 2734
25 66 319 487 2867 1254 709 1331 4394 1853 1484 3659 4146 1487 998 1291 1120 3133 4398 2018 54 4897 4631 366 2849 1346
25 89 1 2007 475 52 95 1034 2175 3846 3709 352 3711 3681 964 2781 2155 1928 2601 3715 1265 827 4723 3822 4152 2495
25 148 57 1511 3756 3885 202 1031 2434 4437 1359 1185 4828 946 1065 834 1932 1802 2876 1448 845 3213 2395 1084 2622 3815
25 181 440 212 1078 1021 2591 4928 1252 3683 384 2190 1197 387 1134 2775 1908 878 3891 152 4643 3476 2102 4566 4397 3924
25 191 108 3866 3408 1929 3853 1947 2961 3772 2163 3189 2492 683 179 3012 87 3670 4316 797 2877 4377 3053 1273 4543 3030
25 199 618 1855 4959 3610 251 4428 662 1293 4431 830 2148 2427 3064 4990 2588 2225 71 250 914 890 4312 1641 4686 2988
25 246 388 1029 4453 4314 971 1248 4355 1783 3215 1060 227 4767 2686 3329 1381 3195 1667 3402 2837 469 2203 4185 3252 4399
25 255 328 1475 347 8 3209 510 3881 4483 4359 976 4361 147 644 894 390 1059 123 2927 3708 2000 975 294 2978 928
25 334 76 502 1342 3020 730 4859 3493 4444 575 735 2279 3176 4083 739 4104 2610 2626 2146 2592 2023 1896 3533 4854 2474
25 354 150 7 2068 2666 2885 2281 650 2056 4886 638 2286 3497 2947 833 4085 2418 2298 1674 2754 4341 3050 1986 724 2788
25 355 332 3367 1600 1372 966 4406 557 2165 588 1697 1867 564 3333 1572 302 4131 1714 4655 1710 2484 4698 1407 1576 4605
25 400 401 2009 4135 1167 3902 4640 631 2156 3626 234 1436 4903 405 26 4302 3097 274 225 4692 2025 770 3887 306 1397
25 414 930 3727 3257 606 3287 35 3732 482 2995 4221 230 4255 2965 1173 4620 2316 186 322 2655 3089 3975 3774 2323 2767
25 423 1225 2502 4030 793 1460 4333 2467 1815 634 4585 828 80 2450 1960 2160 4591 3165 4191 4776 3753 2681 4009 4288 3495
25 444 1027 786 1384 829 378 1343 1371 3444 3158 2028 301 4299 3063 2226 3491 3074 1154 4465 3069 2614 1110 4937 2121 4459
25 450 1779 2110 819 953 1317 1355 2420 4029 809 2300 4918 2712 2713 3562 187 100 761 4182 1269 746 3939 3364 114 1274
25 508 905 1469 2644 451 4619 4802 257 3313 2627 4339 4927 4141 4598 4789 4492 3016 2763 3573 229 1284 4265 296 2776 3449
25 509 178 1332 4693 104 2482 1285 2061 3625 3310 11 14 3958 1313 1492 1873 1316 1531 2004 3837 1334 2671 4200 960 2674
25 540 2032 238 3778 2930 3863 479 1044 25 616 2055 4952 1533 1187 803 1814 2735 1447 2904 92 1140 2196 694 4690 949
25 600 125 921 1753 3530 2917 431 3713 4113 2322 271 2934 2251 4325 2387 16 1987 3197 75 2204 162 2980 2372 2373 2579
24 624 449 1325 2751 1318 4290 912 4707 1109 2642 2802 3426 1014 859 539 4858 541 2409 1637 220 1478 3434 858 224
25 684 261 1192 252 4154 3605 348 1594 4488 1517 416 3766 2662 4136 673 4588 2906 4777 3790 1838 311 1275 2493 620 1660
25 745 726 3216 2807 504 2220 506 4583 1452 4204 4356 1474 182 3870 1267 1175 1249 406 576 519 520 521 522 3598 3473
25 775 781 2029 3549 163 2534 3524 707 3831 3187 185 68 63 4058 839 3676 2192 842 843 2343 965 3234 1653 3859 23
25 779 701 1418 3578 2758 4930 3017 4932 3628 4729 3003 2249 1593 3522 4939 197 2901 2393 4161 4259 4945 120 1842 548 3970
25 790 851 2012 2339 430 855 887 303 3208 2045 3740 2566 4898 1280 3441 495 1091 78 359 3168 1117 2071 2457 721 1569
25 849 526 1426 1599 1727 2242 1281 837 53 3509 2266 2231 2062 190 2033 1765 4781 1649 3697 962 523 2386 177 3693 2389
25 861 1385 2408 4579 2641 2555 4700 2456 1083 3296 122 2499 951 1534 2149 1147 3026 4389 4068 4069 1162 4703 1721 198 1382
25 925 801 802 264 2454 1788 692 669 2040 1748 4088 4467 3448 4172 81 1712 3487 787 2374 1844 1421 3468 1272 615 2692
24 931 1519 415 153 85 1730 1669 3895 4308 1555 4506 473 389 2278 1341 491 1716 4317 4443 4319 2985 3027 2926 3024
25 934 860 446 4380 4684 1701 1203 1330 2164 1457 929 1659 832 3231 4812 3580 2049 4956 1339 1326 3369 852 503 4044 1255
25 1050 443 0 2325 3793 2510 93 2619 1913 3884 1012 4685 3161 445 2487 4409 3949 1467 3418 3944 4639 1997 4156 3423 3424
25 1081 611 2836 4760 4129 3029 572 3844 1741 2999 1539 1647 15 3121 398 2740 4610 4701 2777 1006 1601 871 872 1818 1719
25 1130 944 2419 4142 1198 463 1486 1226 4322 2958 1465 2832 4712 4713 3851 3452 369 119 3159 4177 4419 937 130 1061 4457
25 1132 1032 2252 2046 55 464 4681 1900 1963 3259 3055 1745 459 3078 2868 3640 166 734 1462 1022 711 218 806 1180 2779
25 1137 1501 570 1687 3879 690 356 2882 1891 2153 1042 2411 918 751 1488 3103 1557 2645 116 527 3696 4595 3915 2607 112
25 1142 1183 1095 586 740 219 1931 3190 1933 2562 183 4468 2308 1938 2288 676 3241 1324 2546 4792 1945 685 1774 1833 4996
25 1160 351 282 978 37 950 419 2549 3618 3825 1335 1345 3750 3145 2138 955 2844 1181 2400 1566 524 1789 3232 3760 2223
25 1194 1764 3139 1682 1157 4264 3871 3028 3953 5 2235 3951 979 996 587 4815 4382 642 2943 2633 4520 2246 2247 3374 3812
25 1209 1143 901 1374 629 630 2078 3466 2324 1271 4445 3636 1693 275 2207 3325 941 3559 2187 4089 1893 4868 4594 1237 4890
25 1223 1383 3250 2317 1398 1847 4659 1959 742 2805 2862 2059 4587 1202 2191 4256 4357 4153 1043 1035 1090 1445 1047 4094 2264
25 1236 1551 2314 4190 1124 461 3744 604 498 59 4124 1541 4045 3004 1695 1045 4425 2334 168 885 647 3873 2558 1736 209
25 1261 529 528 626 817 3293 4013 4379 65 2908 1583 376 1878 3564 1238 2391 1190 2109 4942 3447 1244 3288 507 2458 1145
25 1277 848 396 1640 4980 4102 1041 1614 426 3067 1654 4395 3619 3153 1809 4553 4730 3897 3462 3922 1707 893 2835 939 1528
25 1356 1567 1540 3375 2085 4117 106 232 135 505 622 161 3262 136 2809 3265 1505 4370 3268 3502 3270 1946 1984 1948 633
25 1375 1179 1875 1700 3457 1770 1116 339 470 1155 1357 3886 278 170 884 3890 253 3305 997 994 1051 2857 1399 2746 1532
25 1376 1506 3724 2548 3355 731 1744 977 1746 1327 3040 36 3655 4573 4750 40 772 3642 850 457 393 2975 1972 1973 1994
25 1443 1880 1627 4505 3036 1455 310 4586 4284 3556 3348 1461 4195 4682 3893 4000 1967 4904 213 293 3685 1036 3906 2293 421
25 1450 864 3377 1304 4866 769 3381 916 365 4763 2931 2870 2026 2407 4105 1907 3731 2463 1477 1308 1336 4887 3386 2100 4348
25 1498 1351 2442 2651 513 1655 1656 2634 3451 1609 1610 1658 3066 1200 1106 2520 124 3786 1282 4711 3035 3912 577 4473 4748
25 1500 2131 2176 436 1101 578 1722 4231 2290 1055 536 412 2941 538 947 815 1454 2718 3593 4741 3595 3484 1509 4266 3599
25 1516 1052 1787 4515 2957 2587 1128 1738 1991 1679 2539 2161 2162 2963 866 2399 4929 2167 1856 4400 3928 780 4272 2173 1283
25 1524 1934 2239 221 1258 1897 4839 2741 3142 4909 3962 4911 2575 4913 1172 1869 86 1717 2358 4446 312 4626 2675 4925 4924
25 1525 357 1859 4127 4629 892 1438 4766 989 4634 143 1451 228 1395 2488 2471 1416 1417 3534 3908 1943 4758 4691 488 2072
25 1535 1671 4906 4504 304 305 810 601 4905 88 2435 1549 2437 3539 4817 3926 2441 2077 3039 2444 2445 2446 256 3714 2066
25 1588 1214 3611 2888 350 3978 4426 1763 1911 4434 2017 4096 133 413 4168 3298 967 562 1131 2299 4850 1698 3124 3391 4011
25 1602 397 34 1939 963 1861 4209 437 2858 2643 2860 4163 1854 2783 1166 2846 2513 4666 164 3575 4649 1107 194 2873 2363
25 1619 1651 403 2827 2924 1538 3992 2104 2812 3561 1289 3401 4574 1257 1251 2366 4276 4289 1918 167 2250 1073 4926 2536 4321
25 1650 959 3460 4875 3914 1755 2289 1089 4601 3612 3811 2073 1850 1821 3291 226 1536 379 4524 794 268 138 3397 2430 3726
25 1675 1114 1689 3630 3989 1103 1481 2580 4508 101 307 4103 623 2784 2195 3544 1113 758 3193 2098 2970 3742 4689 3861 3718
25 1677 1964 1337 3023 196 880 3224 1171 4818 4718 1425 1196 4582 991 4388 3691 2762 592 782 4407 2462 922 4843 2840 129
25 1686 2552 4527 335 1118 2730 3506 2782 3389 1657 3952 581 2537 2538 3571 2559 50 4842 1427 4894 2169 4755 3492 2270 4899
25 1715 1102 2332 2205 2130 705 2141 1057 4630 368 4385 4386 3253 4315 1592 3840 3841 3842 1406 1369 3839 1108 201 3735 2468
25 1725 1726 1804 1537 1056 4040 2945 4874 489 2620 584 3361 821 4417 2412 805 3366 4948 313 1643 3945 4540 1808 3736 2843
25 1750 2506 353 2209 3704 4860 1520 200 1361 4493 1790 983 1613 2738 909 4985 1591 1543 3406 4783 1595 118 3045 2623 2494
25 1772 2301 2793 2895 4507 480 2171 2747 2948 205 4148 295 4537 4538 4539 1377 2222 1292 566 3301 1295 1296 1579 2973 27
25 1775 876 2628 768 1499 1989 2058 3754 235 2759 3956 3206 2956 3775 804 1902 258 677 2443 2769 2447 2771 4675 2773 2240
25 1806 2051 546 903 1067 2749 4273 456 3504 4657 2422 83 4972 3933 689 583 3049 3702 693 2661 3964 696 2340 2745 3390
25 1829 3282 2854 4303 4991 4305 4521 3583 1890 4202 1126 3183 2107 4138 3194 4164 1105 3217 3047 2414 1546 3172 637 4962 4727
25 1831 595 3765 2696 3679 3474 4971 1558 13 1368 2035 3322 2727 2660 2039 3264 2041 1903 478 627 3901 1749 1635 4798 891
25 1894 2274 2702 1463 60 651 2670 1728 1898 203 1757 4055 4074 1410 3314 3315 2188 853 1419 3393 395 836 4384 1193 1169
25 1909 3412 107 2144 799 4556 1545 1812 458 4318 1001 468 337 3943 4252 3349 3464 342 204 344 4848 346 1071 4039 349
25 1914 2801 4772 2565 3204 222 1582 2178 2127 3409 4031 537 3220 2379 3677 605 4635 3337 4193 1211 2590 4705 1287 1760 4108
25 1921 2081 2433 590 2968 155 4242 391 1883 4334 3275 380 1718 4589 4762 4091 77 3134 2291 4034 3001 1490 1004 2722 2211
25 1962 3752 4349 2525 2765 1508 3181 2637 2295 1968 3332 1310 2002 4696 4572 3126 2896 3817 2561 2736 3125 3680 3011 1149 2348
25 2027 2915 4285 4753 4602 4099 3896 2646 899 109 868 933 171 2811 4144 1899 873 4073 3008 4651 1422 272 3802 377 2124
25 2060 2673 2852 4736 2129 1370 4816 4174 2133 490 3205 661 2922 3567 4590 1215 1216 3745 1218 3178 286 1210 4699 1441 1307
25 2099 2455 2547 2503 2504 1799 2016 835 4309 4059 4235 4481 3541 2599 2345 4907 266 2305 4084 2259 2772 1798 2362 4414 2186
25 2132 2903 2377 216 2976 655 12 2617 783 2584 1405 1530 3246 788 1864 961 231 2770 324 4063 4362 1201 2977 4461 4549
23 2152 497 744 1250 2606 3813 4253 3706 3331 2505 3155 1661 3061 531 1664 1464 1174 2369 920 3572 580 755 2912
25 2168 3051 3467 551 2054 3801 291 2057 4365 56 3986 603 1446 1025 4614 641 4616 4036 2053 1011 4782 4580 3942 654 4624
25 2269 2541 1415 1630 1429 617 73 777 2385 3164 144 2491 2134 1189 3925 3682 1413 3458 4501 2778 3221 1723 3930 2528 2829
25 2275 3416 2595 3052 3654 331 1072 1030 4208 4160 4323 4017 3395 1729 4953 3652 4964 3514 659 1396 3806 579 3147 1561 3149
25 2282 870 2652 938 2318 3013 3256 3075 1133 3513 128 1136 3592 766 3965 4857 3277 719 4201 1792 530 3320 1212 3535 1740
25 2309 1801 1550 2550 1577 2928 4804 774 1456 2540 678 612 2036 663 664 1563 2708 3095 4228 2254 3984 4502 4847 3987 4849
25 2321 3169 2890 2803 2804 4162 3115 3015 2808 1780 1386 113 3163 211 4949 1082 4281 3306 1424 1819 1706 657 4203 4367 3782
25 2352 2426 1049 1088 4979 283 2925 1761 4486 2653 2268 309 2659 596 3703 139 1305 1552 195 2180 1872 145 3171 4147 1483
25 2396 2005 544 1243 3560 908 3501 2481 3471 969 686 2113 4987 1922 4169 2869 3311 2929 733 2069 4995 3203 1735 4474 3835
25 2397 1268 1584 1315 3091 573 3376 4633 3594 3498 2725 1328 151 2755 1612 2347 3985 2899 2101 582 945 2533 2797 3874 4405
25 2470 958 1156 4438 2764 942 39 3387 3273 923 90 1636 1837 4826 1771 493 2243 1977 4183 2593 3398 3083 4752 3698 1165
25 2530 1018 2236 2789 619 481 1321 1184 3210 1573 2136 986 3796 3710 4650 725 3101 3892 3414 3883 3170 146 2874 2800 474
25 2564 1776 628 3792 1694 4744 2639 973 4383 4644 1785 1786 3577 3102 800 1568 2557 4420 3267 4360 1270 1177 1754 4112 1518
25 2625 2694 427 3309 2262 4097 4715 1949 358 2629 3604 2799 785 4427 2704 1104 3065 3010 3687 2569 3632 1954 1302 4215 3041
25 2729 1824 1688 333 2697 1615 968 3994 1100 4790 467 3558 3759 1879 2139 4337 4794 3079 3120 4014 2145 425 2147 2790 514
25 2731 2710 1924 1079 3379 499 1570 245 2796 3356 715 4561 3867 4908 18 4757 4196 4677 4618 2237 4560 4571 2122 3955 2042
25 2787 3478 1580 862 1430 2612 1023 4998 4393 3684 795 2256 1503 1489 2959 4668 3638 4192 3668 2785 1260 4116 184 2359 4861
25 2795 2967 2350 3033 3342 625 2263 3202 2774 3836 4708 1611 3512 3248 743 1851 2108 2238 736 704 2353 471 4056 3823 3148
25 2875 4326 3747 4451 3421 980 981 982 3122 609 410 1458 867 3244 3810 1233 948 1311 4070 1077 2376 3113 74 4600 4110
24 2878 2938 3223 432 4669 4149 2621 4476 4978 6 1514 3860 3037 4054 314 2615 1813 4471 4115 3869 2989 485 2333 1523
25 2886 1297 4519 1672 680 1965 134 1975 3656 4134 363 3663 3135 4107 3345 501 3156 3108 3993 671 4345 4346 2939 710 2367
24 2893 3589 4240 3086 48 3776 2460 3719 373 4822 635 4207 2806 3957 902 1553 3405 1620 3117 778 4731 4869 2449 723
25 2910 3321 3927 43 3138 2605 4402 1652 279 2117 2721 2497 2337 4238 2452 448 4647 3665 3923 1303 1743 516 1747 3427 2761
24 2932 2522 2577 3186 4449 374 3972 1479 4569 3062 4525 2616 2991 1005 439 798 4746 863 3279 3877 4123 2271 3034 1323
25 2950 2574 2845 3820 1510 3152 2954 4808 4608 1476 4095 2791 1901 563 2096 1941 3146 1529 811 2383 3054 3362 3230 1363 824
25 2987 4511 4251 3490 2403 4617 496 382 3910 750 3936 4371 762 2919 1009 1353 4275 3555 3410 3371 2920 732 4667 2473 4435
25 3048 4625 3123 4292 3739 3805 4512 2998 2990 4041 1542 399 3565 62 4489 4490 3196 3574 697 1322 4478 4057 1797 2245 4093
25 3070 2199 4463 4066 2572 3430 3431 1742 3433 4049 2214 3436 3437 2679 3439 3440 2972 3308 3443 3363 3904 3388 3022 1704 4300
25 3084 2015 813 4491 3021 854 142 4460 4596 4294 4648 1843 567 4331 1585 3950 330 2714 3616 984 4695 4793 3590 4921 869
25 3100 3667 4877 1253 3979 3980 4992 4008 3283 2501 3285 2856 408 46 3289 3520 4035 392 28 4840 3821 652 2656 2381 1000
25 3157 3494 3845 4986 236 1230 214 1207 1491 4271 327 1246 4769 70 1373 987 2821 3889 4293 64 2355 4296 3383 1777 1235
25 3175 4851 1944 1459 1199 1626 2006 3692 2394 1884 404 1937 3182 3990 3211 4665 3286 1485 4137 4279 2354 3519 2402 814 1138
25 3184 3488 288 3088 4267 985 3368 4249 3758 3350 1995 418 943 2198 907 1665 1606 1703 4236 2507 4118 4485 422 2905 3662
25 3191 2816 1590 1144 2248 511 4935 4536 3461 956 2768 1685 2933 207 2624 208 2699 1589 3868 3438 2911 1800 2170 117 2798
25 3225 3651 4599 4636 679 3515 3151 682 3911 2608 2982 4856 2080 932 160 1762 4775 2261 643 4065 2631 1115 210 3435 1112
25 3263 2583 992 2361 1471 2517 2476 4738 1338 2022 670 1996 2786 4863 4338 4225 792 239 4046 483 4378 621 4416 2047 466
25 3295 3695 1403 4645 2508 3941 3500 796 3411 500 4735 574 695 4563 889 4824 4892 3505 3641 2640 895 896 897 898 3570
25 3339 4130 3327 2428 42 2687 3717 3453 1988 1930 3479 1586 158 4500 2200 1527 3254 2951 613 1696 4176 2382 2075 3198 2215
25 3373 2813 2672 1159 2429 752 2086 666 1150 3938 2328 4542 345 402 3954 712 3803 3107 2219 2273 2253 1016 2695 3450 2907
25 3404 3888 4269 4092 4241 3456 4002 3482 875 3967 4765 3378 2864 3481 1093 2031 1805 3899 103 3132 438 672 2568 4533 4024
25 3455 3276 4327 4448 3128 2863 3489 857 4721 4749 3227 911 4611 3781 4999 1290 3824 2448 2757 4466 1256 646 4584 4387 4119
25 3472 1976 2014 2792 4004 4005 4392 1466 281 2667 708 2120 4012 4250 688 3981 3591 3773 1702 4740 970 1781 2851 3816 69
24 3475 2221 4086 4934 4510 2819 602 2330 698 1146 3748 3343 2853 20 1333 4878 4167 3780 338 4170 2524 1163 2257 3690
25 3517 3701 1224 681 4544 1119 3606 1350 3669 4286 4914 2636 4188 2638 3678 2453 4187 243 1046 428 237 1807 3141 3093 1739
25 3525 3963 4482 1633 879 1670 691 882 1578 2112 4037 3245 4676 4559 2115 2125 289 2693 974 2344 2700 1288 1026 3738 4358
25 3550 2432 4902 4224 1241 29 2212 1732 189 2914 1010 2320 3828 3173 3819 4960 1778 1017 1581 1019 1262 765 3797 1720 2589
25 3586 4872 3705 4199 2582 1401 386 2650 1816 4114 2485 1634 2172 1434 1507 2859 2357 2545 2750 1668 4310 2496 3323 1220 51
25 3600 4941 773 1380 4454 4562 2581 2682 3496 2154 4077 2543 1768 812 2689 2690 3728 3469 3788 1431 1985 3119 3876 2698 1437
25 3601 3991 4654 1053 2272 2255 3143 1015 1769 233 1817 2182 447 4006 1423 1618 2841 2842 1229 4745 2088 1521 4441 1955 175
25 3607 3353 3130 2416 3587 3340 1881 1870 1904 3384 3854 2472 3579 776 2855 2371 3557 3392 1724 4132 4688 2560 1513 300 3272
25 3650 3880 3569 3523 1866 840 3359 1956 2944 2459 2079 1733 4963 2571 2814 2815 260 4658 2818 4888 17 3129 716 2823 515
25 3664 4025 4779 1007 3082 2265 2181 935 2183 267 2284 614 452 1888 3432 2983 3553 1692 2630 1784 2881 3648 4984 2030 3552
25 3672 4061 3236 4121 2529 3242 3563 754 2150 316 2260 460 4219 3763 3621 2034 3226 4027 3768 3864 1825 472 4747 1433 2720
25 3675 3913 2415 4917 4479 1823 4615 4404 30 1234 2715 2368 1758 1449 846 1366 276 1958 2942 3673 2392 3025 906 3098 3099
25 3725 2691 2709 2514 3077 247 1691 4003 1628 21 3160 1217 2342 299 4518 3111 3848 1158 2174 3818 924 1621 4212 1623 3743
25 3762 3543 1392 4761 4254 3218 2544 4143 4258 1526 2892 4261 4262 4374 1195 3005 1208 1522 4248 4661 1495 3507 1497 1362 1404
24 3771 2994 2307 308 1435 4291 3843 82 1414 84 424 3872 3335 784 2283 2531 668 1054 4244 4245 47 4458 3212 1453
24 3784 2955 4211 3382 1309 3260 149 2703 2461 1264 1320 1512 3419 3808 2292 1684 1676 4936 1094 3538 1096 2111 3114 1099
25 3826 3316 2752 2185 1604 3622 2866 2737 3660 674 3420 3087 4340 1848 2880 1574 2008 193 3385 4140 4969 1936 2142 4297 838
24 3827 3347 4230 3354 1129 1504 270 290 4233 320 1176 2516 687 2438 3540 4975 3542 2879 1596 3336 2329 2020 3548 4067
25 3832 3653 4157 1906 4534 4429 2304 3319 3271 1259 4335 2158 1020 1263 2984 2313 3937 3631 4139 3207 2360 4263 4577 1494 417
25 3833 4526 4671 2554 3144 1839 1097 1039 4422 242 1912 4430 1598 10 4018 4968 881 4052 4098 3294 1759 2519 1069 4223 22
25 3875 3140 2716 2810 4283 4158 1141 4733 4901 4175 285 4981 287 217 2087 132 4033 2872 4732 3357 1858 1886 4071 1294 2341
25 4015 3977 2202 1266 988 435 749 2277 454 3777 3445 385 4976 713 714 370 2822 3536 718 1915 720 2208 722 2477 1957
25 4019 4957 3031 1300 789 1548 4947 4578 280 360 3068 44 1796 3932 1889 4737 3177 3787 3551 4494 2865 4496 1493 2604 1349
25 4021 2918 4413 240 3304 1024 2676 3689 4347 2294 326 1314 3804 2613 3059 1063 361 1564 2213 3238 2839 1605 3297 1979 554
25 4060 3998 1239 4814 738 3372 1204 4087 58 2067 3531 3000 2739 1830 3043 1329 2159 2417 1428 3617 441 434 2233 1666 343
25 4075 4184 4867 2706 1554 4884 1085 1122 3233 2384 1221 1951 105 1440 284 4704 241 874 4480 244 2850 2891 2830 3299 249
25 4100 3982 4532 2847 904 3694 4831 2717 1680 1278 462 1752 2724 3328 2093 2602 1662 728 4743 1625 3661 3526 4484 610 3917
25 4101 2701 3071 4051 254 465 3521 4344 24 3584 4369 4628 3499 1388 569 2684 1919 4558 4806 2469 2861 3634 3261 2923 1895
25 4120 4900 4363 3428 4179 4180 4637 4880 429 936 717 4186 2406 4062 4189 223 4593 4883 1827 1734 1182 2478 3076 248 3324
25 4150 1970 1379 2244 1981 4181 3106 4871 841 3109 3110 1013 110 3239 3014 3400 3849 2490 4955 3344 3935 4554 4823 2423 4523
25 4178 3403 3292 1876 1978 3894 1638 2532 2744 4983 3235 4742 362 3995 364 3947 900 367 1139 2135 4603 371 1003 1708 3090
24 4198 4026 3624 4028 329 1033 3044 3931 927 4128 2518 3907 3973 591 3620 636 4989 4522 1974 3258 3510 3247 3961 298
25 4218 4278 4642 2515 2526 4621 3547 2106 1673 3716 4022 2364 972 2338 192 4841 2489 3968 3407 4846 2992 791 1299 910 317
25 4232 3795 3755 2979 1205 2351 3166 2707 3761 2105 1038 2598 4557 3222 2335 4604 3674 808 4679 4844 2685 2302 2466 4423 4424
24 4304 4436 4974 2953 4513 3707 4206 1953 1782 2193 1624 4680 4047 1597 4239 3365 4837 2312 1969 3537 3734 1420 1887 1411
25 4343 4472 4827 1571 4229 741 2817 1378 3058 555 545 372 756 3240 3974 915 2902 1048 3 919 3613 571 727 3645 1874
25 4366 4470 4010 2649 2611 2974 4606 2303 4391 2556 4870 3290 1400 4845 1389 1390 1391 4627 1188 4214 4717 1629 4958 2635 1926
25 4375 4487 1852 1966 3511 2981 1950 4862 3072 3096 2405 2241 4967 1496 3614 273 1125 67 1998 1952 3737 1617 72 2916 1882
25 4433 4295 2600 3527 1791 2201 3779 4408 455 2310 1360 340 2001 820 2229 2296 4933 4719 4768 2076 3769 1927 3300 1358 4774
25 4440 4053 3454 3969 98 4653 1940 2297 2184 3188 2563 1811 2365 2997 3882 1168 165 1135 844 1247 4895 553 4159 3608 3852
25 4469 4447 2542 1080 2603 3105 3399 512 558 560 4885 552 1231 3137 4889 169 4222 277 4352 292 215 1935 4607 3477 565
25 4495 2949 4234 3200 1227 2680 4145 3657 1432 2465 1616 3154 2050 825 4514 2578 1111 381 2723 1058 2166 4306 1219 4726 3946
25 4498 4452 2 771 4 2413 1923 4785 3278 1560 1705 640 1319 3838 1865 2657 1066 1832 597 2436 1312 315 1622 4716 4576
25 4550 4541 19 3228 4546 4499 2052 484 2909 3764 411 2551 2091 2346 3720 1232 2319 4320 2331 4754 1070 3503 1608 4940 3629
25 4592 3847 38 2451 1999 180 3229 2688 127 559 4853 3266 4799 877 4954 4965 4966 2618 3746 3136 4970 700 2825 4973 917
25 4670 4462 173 3092 4801 2683 3960 3370 599 1681 4724 2206 3588 1863 3237 831 3116 1877 3118 1409 2964 4125 4217 3699 407
25 4697 4581 126 3791 3658 4855 1711 2179 4497 4503 1862 2315 4350 816 3057 1916 1810 3878 2234 3794 3903 4896 1575 1737 3807
25 4709 4910 4277 3582 3486 3255 323 1206 2258 1087 4464 1826 1836 2585 883 3192 3352 2742 2743 2126 3730 4227 4673 2748 4205
25 4725 4517 3997 4720 442 4220 3080 4770 4439 1713 2421 1127 1544 763 2648 4364 2527 2137 2711 4216 409 2064 4455 3009 1892
25 4787 4442 4652 1439 2464 2509 706 608 1663 667 4660 2425 1645 1803 3865 4609 1242 2838 2913 2063 2128 1002 4411 1348 1074
25 4825 3417 4529 1556 2728 188 1092 1982 1983 154 2327 1408 2594 2756 1306 1990 3850 1992 3959 3463 1482 2011 1186 3789 3814
25 4829 4912 764 3019 3104 4280 2884 957 2043 2230 1925 3566 4133 3615 341 4570 3508 3167 2848 4722 2824 3413 4329 3394 1301
25 4873 4795 4330 3757 3666 4706 1631 4545 321 4354 4237 2140 174 3988 1279 4126 1840 2410 729 4064 2663 3603 4780 4764 4674
25 4876 699 4324 4694 999 4155 1822 3334 1731 1286 3351 4771 3303 3330 3422 3179 747 2070 1367 4922 3442 1121 4072 3900 4852
25 4893 3856 4865 3007 1678 4751 1240 2966 2940 3609 2553 3999 206 2883 1857 1767 2483 767 3723 1394 45 4048 1075 4390 1365
25 4915 3199 4274 4078 4623 4080 4081 1470 3219 4122 2993 2753 3934 61 4166 1148 4456 375 1828 4555 3829 4656 4023 2370 2003
24 4943 4226 2952 4260 547 2479 4575 4832 1040 3916 4257 4336 4307 952 394 4784 748 4864 3127 4734 1846 2276 2048 1849
25 4944 4111 4477 2349 4421 3358 4632 1393 41 4568 4213 2609 4791 453 2114 318 2116 665 420 492 4882 1980 1835 3749 1444
25 4982 4638 1352 4090 1639 2232 4270 1228 2960 3767 259 3180 2083 494 4803 2090 847 2092 4739 2094 2095 3966 2097 3415 2500
24 4988 4548 3150 2678 3396 3646 3554 826 2570 2937 4038 2665 823 2733 3770 4403 993 3898 2326 4809 1642 1971 4778 2197
25 4993 4641 3983 1860 2082 1607 3741 3576 3326 4916 2019 131 589 1993 4298 2705 3783 4042 4043 3516 2021 2576 3459 4838 4197
25 4994 2217 2871 2828 1037 2833 2794 2157 111 3834 3380 2123 3274 2826 1151 2424 3929 561 3921 94 517 96 97 2677 2512
25 656 4683 3002 4530 2535 760 1028 1683 3073 3528 4373 4664 4353 3686 3085 3465 632 1690 2475 1468 3470 2151 1766 2010 2654
24 865 4672 91 4247 433 525 2766 3532 4833 4834 2390 886 3596 995 4351 2439 1646 2267 3251 265 4282 2074 3243 49
25 1064 4759 2380 4210 649 3905 1472 1178 2900 542 383 4567 1795 1885 4687 4246 518 1644 3918 3919 3920 1153 115 3162 585
24 1222 4951 4368 4836 658 2311 2388 1347 4663 269 1820 2986 2228 4475 4830 3312 2216 3269 4528 753 2669 4342 2889 1905
25 1632 4311 4082 4797 4151 3855 1276 3857 3858 1917 3018 3480 4646 4564 4800 102 2480 4547 262 32 4923 3785 648 2971 556
25 2024 1565 1942 4171 3996 2935 4881 3639 2440 3360 4001 2719 4412 4396 4509 822 1123 1008 4007 3094 1068 3712 2969 4401 990
25 2306 4450 3429 2103 2668 1751 1648 4788 176 2996 3046 2586 336 4835 3799 568 4332 3006 4050 807 1871 4268 2597 4950 818
25 2375 2726 1868 1354 3529 4020 3056 2404 1480 4702 645 4597 4810 1191 4773 3112 3602 3518 263 2511 4613 3971 1603 954 3081
25 2498 4376 1076 1920 4879 3341 3830 4432 2658 550 702 1845 3545 2573 4032 2831 3637 4173 926 1086 2143 653 1547 2780 3284
24 2632 4678 4931 4796 1502 137 4920 913 1364 3585 3862 4328 140 1841 1245 737 3581 2038 3940 4165 4243 4535 4076 1699
25 3485 4301 99 2089 3751 4805 1794 3307 2664 1961 940 4811 1412 4813 2398 2946 2521 3038 3317 4819 3733 1098 1709 1587 1773
25 3546 4891 3671 4410 156 3446 4531 675 1910 1442 1793 4710 2887 703 2401 3346 2820 856 172 2894 3721 1340 2897 2898 3318
23 3597 3627 759 4786 1161 2227 4552 325 4612 2921 3185 4807 2194 3688 607 2567 3338 1515 3798 3729 3201 4313 3649
25 3800 4961 4551 4728 3635 3214 4106 2280 4418 4109 1170 486 660 2962 3060 4919 2287 3174 2118 757 3976 2189 2834 2013 3280
25 4820 4938 2936 3483 1402 594 1164 1344 3909 2647 4516 3633 2336 4662 1213 4714 2486 1473 3042 121 2732 4415 2224 1756 4016
22 4821 4756 159 4079 1387 2285 532 533 534 535 639 2596 593 3032 141 543 2044 1834 4946 79 4977 476
