24 31 3727 2177 1613 605 2534 678 2777 218 164 2959 1811 3193 3544 4395 4431 1391 3377 4519 4544 4918 3206 3444 4768
25 66 4311 2738 280 99 903 427 1191 2098 4135 3844 1741 2569 806 1180 4731 4869 2449 2322 1834 719 4201 1792 530 3320
25 89 1093 1140 4184 2138 3593 1965 1864 1884 1272 615 3549 3569 4455 2954 1663 667 3788 1431 3436 279 2117 2298 3904 4011
26 148 57 594 4795 918 4998 1793 2349 1471 2416 1264 1320 1474 1397 890 3208 2045 3740 2566 4898 3594 3498 1933 4254 3218 3893
24 181 1300 1798 84 424 3233 2384 1221 1951 105 299 431 3713 1339 891 984 284 3493 4616 4036 2053 3895 1106 3453
25 191 1421 295 38 462 1116 2614 4521 3583 4160 4711 4227 1199 4363 4575 3018 41 3328 1854 3431 3469 438 871 3838 4377
25 199 3177 3468 253 1537 1056 700 965 3234 1653 2240 1865 2657 1066 1612 2478 1808 2741 3548 3562 4158 1316 2113 2636 3497
25 246 3806 1095 3454 1359 2923 670 1996 2827 1216 2654 816 69 393 2100 4348 1946 732 4370 18 4757 4819 3268 4535 3632
25 255 4376 2993 1963 442 703 381 2723 1058 2166 3090 3452 369 457 407 940 523 797 2877 1592 4374 4180 2398 4261 4811
26 334 76 402 2807 455 1911 3220 2379 1698 3124 3391 1014 859 3027 895 896 897 2633 4520 2246 2247 3374 3812 2371 3557 3392
25 354 150 475 172 2836 1520 956 3153 2716 2048 4500 909 4985 3192 2871 4449 4134 4098 4931 1920 4776 3753 2510 4720 893
25 355 9 675 830 3052 4080 331 473 3504 4657 1952 3737 987 324 3751 1784 1608 4940 683 4250 1717 1303 2030 4242 4629
25 400 679 4130 3250 2254 2110 794 2225 1175 1496 3146 3074 2919 1009 1353 4275 1719 4848 2207 4167 3780 1747 3427 1255 4044
25 414 4327 415 3695 1224 4625 4496 2957 4347 2294 3987 2169 3938 3354 3044 3674 808 241 2659 4659 4335 4129 4650 4645 4913
25 423 1 2613 403 1068 2907 1329 1508 2273 2299 1440 3054 3362 2023 4580 3596 2635 4925 2281 21 3869 2989 485 3209 4338
25 444 440 140 1841 706 608 1146 1563 4499 3056 1572 3617 2505 2392 3025 906 3098 3099 2926 2929 733 2069 1674 2337 4238
24 450 200 1410 95 2228 1178 1795 2370 889 248 3076 685 1774 2367 86 2558 1736 1856 4400 3928 4371 3935 4840 4917
24 508 108 2265 2181 228 3066 1486 3300 2179 1545 2527 3085 114 2924 2338 2108 822 116 652 4833 4601 4145 4635 2709
25 509 1571 3684 282 1978 1930 3479 127 3204 1950 2620 4109 1783 4415 2224 2347 2101 582 945 2308 2041 3079 4332 4887 3386
25 540 388 1867 326 1361 2644 886 4359 1158 250 1226 4077 2543 139 1305 3080 93 3645 4497 2091 2346 368 2874 3823 2975
25 600 125 565 4412 658 1241 1082 2737 1168 4245 47 4458 3212 20 1333 695 2383 4702 645 211 4894 4694 4583 4716 4333
26 624 178 598 1000 3121 398 4148 3082 1858 2717 2433 2962 3060 2266 4279 2354 3519 3577 269 3638 2324 1704 3160 1217 4723 4552
25 684 153 888 552 350 58 3956 3143 1015 2010 2072 391 1883 989 3581 489 4814 4730 2073 3110 80 3728 3014 4182 2074
25 745 3627 3691 1315 2374 3151 1615 1141 2572 2443 2141 4593 1051 1745 4733 1517 416 4439 1560 70 4937 3584 3243 2477 3665
26 775 2715 4228 1298 3337 4450 2585 2805 329 2514 3077 1366 3789 2445 4215 3041 687 2438 3540 4522 2615 2316 186 322 2095 1593
25 779 4718 1549 1394 45 352 538 2089 1395 1742 23 1416 1417 1522 4248 4661 1495 2821 3889 4585 4666 2858 2643 3162 1737
25 790 319 3481 4278 1966 1852 2123 2335 3624 4938 3088 1822 2974 4653 1940 4157 4131 4532 3019 184 4280 3226 4724 1790 2080
25 849 205 756 207 196 880 4097 4920 1311 2518 3907 2036 663 664 4237 731 159 2548 2339 4565 3809 2581 3524 3814 4555
25 861 1648 3795 1622 522 306 1248 1690 2475 1468 1254 3999 1120 72 4746 1749 3917 4563 2983 2401 4897 4051 3222 2310 2227
25 925 261 1767 4957 506 1821 1927 379 3381 1838 1850 4314 4849 4251 2770 1389 2703 1797 2325 3793 4877 1701 4979 4210 3857
24 931 4505 596 547 943 651 2413 458 1099 1938 2288 4252 4119 3171 4147 1483 3946 1994 836 4384 1193 3324 2797 2467
25 934 432 4368 907 1289 977 302 98 1164 2037 3210 2484 4588 673 447 430 2575 4722 4293 64 2315 4350 4782 2746 1532
25 1050 2864 1595 389 4266 1630 2493 3011 1149 2348 2084 4354 3748 2283 724 2788 154 2327 1507 2859 2357 2545 2750 4339 1581
25 1081 443 2749 1253 233 802 748 3254 4139 3994 4291 3712 2969 1782 951 558 3529 1623 1557 2645 3476 2102 3345 501 2197
24 1130 449 1714 1711 1358 1457 3561 1665 3605 3924 2630 994 1404 4186 1229 4745 2088 3097 2773 3859 3547 917 2945 4403
24 1132 2248 1493 4536 1233 1459 1988 813 3879 3658 4064 2663 2866 4281 3369 734 3807 2891 4634 4042 4582 4638 3983 4308
26 1137 4905 2595 247 2745 655 336 3811 4127 1539 1688 4861 4889 169 4607 3477 2356 2586 2880 1574 3016 2452 448 776 2855 2780
25 1142 726 629 3619 2136 1331 2553 2580 2263 2515 161 4742 362 3995 1208 3534 364 3947 3465 3302 100 2466 4423 4812 2879
24 1160 606 1192 2662 470 1738 1373 2020 3142 3745 2661 2826 823 2733 4067 674 3420 3087 394 3757 3399 112 3492 2421
25 1194 305 1076 77 812 451 3039 2444 1034 714 370 2822 2434 2206 3223 4548 3150 3558 488 4589 3576 2764 3621 3717 3937
25 1209 618 1681 3967 991 2014 1712 1304 4307 952 911 1631 2689 2158 3563 3710 3242 3853 3772 4512 385 4976 713 2536 3028
24 1223 1027 3109 311 335 1658 182 2028 372 463 3692 2897 2611 2852 4736 3246 3731 1544 4204 1882 4185 3986 844 3413
25 1236 1383 3257 4636 3990 3040 4852 1555 4364 881 2557 2925 3666 4706 3862 2303 4391 3813 4253 2407 4105 4790 3467 4899 4681
25 1261 118 2529 680 3421 3091 1343 1371 2956 690 356 2252 1799 1600 3646 4579 2641 3273 1031 4608 1341 1820 4048 4352 2509
24 1277 619 481 1321 203 1121 576 4947 2233 2164 3286 1485 4137 2231 3259 2605 2013 2634 1888 1323 4564 3438 3499 4595
25 1356 851 2012 3355 555 1505 2835 939 3149 2953 735 292 1954 1935 1464 3164 144 2491 593 2424 2474 545 3905 1969 3756
25 1375 328 3063 572 133 2026 2526 1853 1463 4146 1487 998 1291 1812 3235 4179 1195 3005 1096 3708 2000 975 4386 3253 1871
25 1376 860 39 1791 3979 1100 835 3105 1875 4912 81 2726 3635 2988 3183 2107 3394 117 877 3657 4110 636 4933 3046 4856
26 1443 1385 3031 2894 2210 1727 2242 4574 1886 102 1635 3409 3567 3400 3115 3202 3305 4967 2883 3358 4390 4407 2462 3749 4231 2049
26 1450 611 2550 2 4734 4865 559 1445 3514 1578 4557 1552 4643 1589 2674 2104 3681 4597 4545 1789 3232 3760 2790 514 3113 493
25 1498 701 782 777 3299 249 4230 2328 3296 602 1313 3181 4219 3107 2619 1109 2642 2802 4703 1157 3673 3822 137 1439 2464
25 1500 930 1970 1349 4442 2408 2483 3622 3603 441 2295 2712 268 138 2951 3585 4853 3776 3274 4513 3707 2607 2685 4671 2981
26 1516 848 413 2351 1393 632 855 62 111 2054 4397 387 4270 1041 3892 2232 4708 2940 1606 1026 1531 1818 4908 2003 4695 3678
26 1524 1501 570 1687 4817 1460 3002 92 1912 4027 3768 2217 1245 3422 2154 3542 3580 1974 1515 3037 4844 2996 747 4842 3176 2763
25 1525 357 2937 2742 2504 232 3207 3894 3739 2873 2652 3747 1901 4260 921 2148 3301 967 722 723 4379 4369 4466 2326 1642
25 1535 1519 752 4786 2465 1136 792 43 358 2629 3604 2211 750 3936 780 3840 3841 2389 1526 2406 4062 4189 4675 2511 2412
25 1588 864 3244 1550 4690 2359 1488 1257 1048 2150 4506 1072 4081 1470 4863 728 1367 3912 577 2639 4830 3312 2216 1378 3058
25 1602 397 2863 908 2314 1249 4980 136 425 2638 4656 4023 3976 272 653 898 3570 197 2901 2980 2372 2373 2579 926 2234
24 1619 681 1411 3013 2289 2362 4414 1402 180 3229 1868 2872 4732 3969 1647 800 1568 4052 4966 3136 4970 3750 1390 1200
25 1650 526 613 1696 1156 1960 2017 2382 1302 2446 35 1133 623 4152 2332 3687 4676 78 177 2065 2336 4662 4143 4258 805
25 1675 601 4026 4604 588 1202 2191 3128 4422 1040 3595 4678 366 1227 3588 1863 1246 2188 853 518 1644 3918 2834 1810 3878
25 1677 609 4408 769 913 2606 1760 1621 143 4646 3194 1845 1699 3265 638 2286 4169 2869 3311 3024 3281 3590 4921 869 3388
24 1686 905 2759 591 1949 2999 2313 1207 4235 1510 3340 3870 2311 4591 4285 4578 3289 4438 4171 3996 4236 1428 4401 3106
25 1715 2668 2350 4910 4821 875 1975 3656 1035 1787 4867 333 4765 3255 4538 4079 4096 2499 1161 215 2075 3198 2215 2512 4956
26 1725 1179 1625 239 8 483 628 321 1453 3714 2986 254 465 2385 1174 2369 1637 1620 3117 3050 1434 2754 4341 778 2779 3463
26 1750 781 44 901 1186 1318 2463 912 2178 50 2608 817 2602 1718 1011 847 2092 3961 298 1987 3197 79 4977 3440 2972 3308
24 1772 801 467 1346 252 3610 374 3972 1479 2555 4700 2456 4069 1162 3426 1173 4620 1054 1083 815 3450 3779 3866 2380
24 1775 529 163 4426 1763 4214 720 3854 4471 4115 1441 1307 2617 3958 4453 4835 3214 4106 3630 4507 3786 856 3408 4777
26 1806 1351 799 147 1205 3763 2687 1282 1654 2381 4668 1905 1270 2411 560 4885 4753 4602 2174 2422 2667 3108 1409 2964 4962 3715
24 1829 1032 55 4326 4111 744 2171 3982 2442 4762 616 2055 4759 3480 2450 4142 2791 3703 3335 3964 3640 4628 4566 2459
25 1831 401 1203 1287 2454 1788 2525 4983 1185 461 4677 4618 2237 2124 1547 120 1084 2622 3815 3159 4177 2978 928 548 119
24 1894 944 1426 3886 278 2977 4263 4577 1484 4208 3067 1759 2519 1069 34 1939 3887 1274 4503 2920 3634 3261 1710 4562
24 1909 1183 1396 3045 4121 948 2931 3531 2762 1892 2304 626 2982 922 2194 4644 1785 4221 2290 3661 4330 1870 1633 4380
25 1914 959 1279 742 1181 973 343 650 2056 2523 19 1746 1327 4974 2077 3125 2599 2345 3846 1432 610 4572 3126 2896 3817
25 1921 1102 242 2730 156 1481 709 2520 2775 1322 4154 2209 2867 3470 2151 2930 1902 4008 3283 2501 2105 3648 4984 4200 3410
25 1962 1080 1398 3856 1944 1469 3309 3186 176 2819 4054 314 4222 4289 4319 1151 561 3921 4837 2582 325 4843 4715 4780 2142
26 2027 1114 0 283 91 4283 187 236 4168 2760 4088 4071 1294 1074 3863 2571 4456 375 1828 541 2409 74 3896 3579 3437 4265
25 2060 1567 106 2360 1826 4191 978 2902 1251 820 2229 578 4822 128 1616 1218 2430 3726 1709 2157 4649 3357 2970 4074 854
26 2099 938 950 787 980 981 36 1618 3968 974 2344 1022 4345 4346 2939 710 4457 3383 1777 1235 3161 445 2487 4409 4268 4173
25 2132 1052 2297 221 1310 4626 2214 1985 3119 175 3535 243 1046 428 237 1807 3141 3093 1448 845 3213 2395 1842 3284 1878
25 2152 497 212 469 972 56 1743 49 3360 4099 4600 3332 1030 4605 2765 2159 712 4482 2250 4155 3796 4136 2906 2435 1377
25 2168 1214 3526 4057 10 4018 4968 3874 761 3034 1269 1923 4034 697 4494 4267 1860 2082 4621 3433 4049 4547 3245 4467 814
25 2269 4413 240 4274 1024 2144 1309 4623 4046 1476 932 4958 1006 2960 3733 4196 2900 542 646 4584 2698 1437 1583 3699 1972
25 2275 1599 2368 2119 1384 238 1805 537 3541 4850 3677 2239 841 1859 4622 4360 2494 1536 4859 3709 3871 4188 2147 4748 5
25 2282 870 3482 4934 1425 4462 2577 2461 3575 2305 4355 1170 486 1734 4971 1368 2035 3322 2727 2664 1961 1649 4441 717 318
25 2309 1551 2680 826 2540 2665 1915 4717 1629 160 4089 3587 4058 839 2280 2772 4362 771 3461 4683 4879 4241 3456 480 2278
24 2321 1196 2817 290 1456 2570 4211 563 3551 1908 4568 1607 1919 985 4834 2377 1844 4851 1887 3974 3765 426 4303 3602
25 2352 2196 1286 226 2719 1753 2047 466 3406 174 3984 4756 3723 3536 3688 1694 4744 4473 2736 1893 4832 2740 1387 4684 4301
25 2396 1671 2565 158 1849 256 2001 301 3636 2333 1523 3792 1636 4389 4068 4244 2914 1010 193 3385 4140 3439 2679 2912 2453
26 2397 332 2046 46 408 2272 251 484 1528 1596 3336 4895 553 4159 721 1569 954 2319 3441 4399 1008 4828 946 1256 1652 4896
25 2470 511 3800 4447 4801 2870 2260 992 2361 521 2678 2735 3821 2812 4805 2809 4987 1922 4882 1400 4667 3116 4802 4696 4367
25 2530 751 810 134 3036 1752 2724 878 63 1451 3341 982 3122 4961 410 879 3730 4284 454 2190 2106 4870 3163 3227 4804
26 2542 1143 579 2112 1766 1857 2052 409 3303 3330 1454 4493 4710 3652 4964 1047 6 189 585 65 2908 1163 1019 1262 765 4858
25 2564 876 3787 3216 3954 1836 3483 3104 4116 2202 1266 1999 923 167 1768 753 2669 3491 1230 4309 3267 4528 4166 4799 4704
25 2625 351 1937 2844 1107 1370 715 3770 3507 2203 929 4769 1879 3901 863 3764 411 3512 1135 603 1446 1025 2425 1800 3264
25 2729 1764 512 874 2713 727 997 941 3559 3371 439 798 3215 3842 3720 151 2755 1002 4411 688 3981 3591 1643 3945 4272
24 2731 1726 419 1088 773 2697 3926 2205 2130 705 2769 1406 1369 1169 1213 2899 3985 4714 2486 4468 3195 1667 1293 245
25 2787 1700 4862 1556 3178 1587 4216 3818 924 1728 1823 3810 2198 15 2256 2460 3719 373 2917 4518 3929 2296 718 1837 4826
25 2795 2426 267 867 2186 949 4066 2292 762 1154 4465 3598 4209 437 4076 3545 3270 3038 1955 3876 4387 3349 3464 342 3923
25 2875 1201 1751 4436 2785 4078 3260 126 3375 3654 3571 1296 1562 4922 2481 219 1931 3430 3262 3307 1094 3538 3839 429 1273
25 2878 1268 528 142 4485 4271 3899 103 3132 1659 832 3696 2508 2647 2591 4928 1252 1943 3495 4691 3094 3196 4312 4965 3346
26 2886 595 3 3326 60 935 770 3145 4463 2163 2025 2183 3292 4541 759 2200 1678 4176 3352 4038 2682 2002 4013 4838 4197 4501
24 2893 1506 1332 435 749 829 2394 4010 4952 1855 1016 4855 1929 2748 4123 2271 2238 4992 3428 4590 3503 2881 4901 2916
26 2910 2903 729 2695 1292 1509 2437 3448 1330 707 2935 412 340 1918 698 4989 3111 516 1012 3505 3641 4141 3272 3802 3277 2560
25 2932 955 3029 971 3152 24 4012 910 317 711 1877 708 2120 1617 2019 3643 3103 693 3154 2008 2320 3230 1363 824 3794
25 2950 958 4117 135 505 3239 2711 1773 307 266 4489 1662 976 3068 3952 4949 29 2212 1732 1514 3860 3798 3729 4924 3848
25 2987 1278 2302 804 500 3716 3187 185 68 766 3965 4857 377 4560 4571 2122 3955 2042 4995 3203 3003 296 2776 3449 1575
26 3048 1651 3890 392 3631 1761 783 2584 1405 659 3291 270 730 2448 519 3120 1754 3992 3778 2857 166 852 503 2627 4713 3851
25 3070 1297 4783 1029 1475 3758 1981 4108 4405 2451 988 2753 3934 4755 3015 2808 4464 915 4818 4866 4611 3379 2707 3761 4480
25 3084 1018 3417 1231 2317 2603 1670 1119 3112 2192 4459 3473 2722 2535 3689 4226 4997 3791 4751 2833 2794 286 1210 3022 3466
25 3100 1779 487 258 339 1680 4941 1403 3010 963 568 3568 4365 1538 1991 1679 2539 3432 3156 190 2187 4890 1984 4727 3829
24 3157 2967 1337 793 396 625 25 1423 3655 2167 209 866 2399 4929 4573 227 4767 2686 3329 2492 2341 2846 900 155
26 3175 1979 554 2427 1827 660 590 2968 1953 3872 4149 1290 4192 1559 4796 2706 4986 3743 3155 3533 4854 3306 1424 657 4203 3953
26 3184 1964 614 3686 2137 1695 2358 604 3006 4050 807 130 1061 3944 4639 1997 4156 643 4065 2631 1115 300 4598 4789 4492 4969
25 3191 2199 88 1062 1627 3991 2276 4328 789 1079 3781 4481 4434 1579 2973 27 346 1089 3380 4534 3669 4290 2469 4559 1885
25 3225 2185 1604 767 2862 202 4276 2220 3139 1039 3144 1839 1097 2279 1427 104 4001 2758 4930 2985 4932 3628 4729 4739 2094
26 3263 1225 1755 1910 4632 682 4410 4430 3130 4287 1610 3611 1129 1504 2264 828 1013 2798 2592 3828 3173 3722 1176 3343 1401 2576
26 3295 2274 1128 1155 1796 3560 1889 3211 3769 3000 4884 2796 4437 883 3489 4398 3962 4911 1673 4735 574 4424 3819 4960 1778 1017
25 3339 1776 3902 1716 275 1360 4194 1167 3705 4640 4264 3660 641 4444 3592 3012 87 1869 1219 4726 4372 3205 4351 3293 4113
25 3373 2005 1825 1118 1533 4823 3278 4508 101 3555 2125 2241 3614 1703 3831 3606 551 4091 1407 4072 2998 2990 4041 4904 4791
25 3404 2051 2895 3359 363 1021 4516 1182 1756 4016 4056 2800 168 274 225 399 3565 1354 862 4454 3861 3718 1925 3566 2573
24 3455 2015 3127 3282 4705 2259 760 3319 3271 4472 2390 4881 4619 743 1851 1215 4785 4689 1573 4017 4525 3179 3882 2223
26 3472 1801 2244 3350 1626 2307 3668 4240 4627 3224 3043 3460 4875 1138 4181 3275 2140 502 345 4902 2184 3020 3075 1682 1693 3459
25 3475 1880 1364 2734 1150 67 1237 3553 960 1288 1518 2365 2997 2400 3914 1122 3228 784 4612 2921 2887 4220 1666 4475 4807
24 3517 2081 754 235 1898 2277 2034 1570 1028 149 2291 3069 677 3190 2490 1104 3065 3830 4288 4758 3679 3508 2825 4973
25 3525 2694 1263 85 1730 3639 1534 2149 309 1561 276 654 4624 927 4128 4070 4483 4878 344 2195 4773 3704 4860 1347 2218
25 3550 1824 2688 1586 4028 3932 1548 3451 4206 2616 2991 179 2145 1794 2693 3407 1781 2851 4923 3785 648 2971 556 1971 4778
26 3586 3137 73 1365 1958 230 4255 2965 639 2596 539 755 4793 1735 4474 3835 4047 3258 3510 4104 2610 2626 2146 257 3313 2257
26 3600 2552 3092 1846 378 2681 2038 479 2830 2156 3626 234 1436 96 97 2677 3572 141 3338 920 1585 3950 330 2714 1771 1936
25 3601 2673 2417 2419 170 1956 2944 1497 1362 872 763 4213 123 3217 3047 2414 1546 3172 2578 1111 4845 4554 4323 3755 3182
25 3607 2420 310 4586 725 4429 4797 1697 3927 592 2537 2538 3620 1077 2376 3443 1220 51 2853 1982 1983 4752 3698 1165 2756
26 3650 2301 1689 1491 422 2905 1462 2700 1656 4007 3759 1705 640 1319 2057 2033 1765 4781 1862 2355 4296 1467 3418 1833 4996 4688
25 3664 2938 4448 1260 738 1020 1067 3997 2692 1815 634 2824 1247 2329 2121 842 1124 2911 1005 1412 4813 13 1558 4637 4880
26 3672 3276 3913 4394 2648 4092 4836 4396 3001 1490 1336 1045 4425 2334 474 885 4032 2831 4687 4246 1419 3970 2097 3415 4170 1740
25 3675 1876 3023 30 4606 1340 2676 919 4009 1110 3078 2850 3365 94 517 4903 2815 260 2261 3423 3424 3564 1238 2391 1212
25 3725 1259 666 3370 1672 2547 1830 3429 1023 4537 1780 2948 4487 3511 1380 2984 2441 2517 4014 4614 3744 1065 2116 3949 376
25 3762 2506 353 1995 418 2961 2847 2898 1204 3867 1655 2653 581 4378 2285 532 4094 2766 4086 4900 2479 3613 4205 1388 4107
25 3771 1934 1758 1449 612 2840 129 122 2366 4784 737 1044 1874 4165 4243 3502 1190 259 3180 2083 4658 2818 4888 4125 4217
25 3784 1976 304 1565 1942 573 206 1447 1731 2845 3820 1881 4864 2503 2882 4479 4478 4484 4381 4224 2268 2208 4321 2561 4083
25 3826 2432 3188 1281 630 3527 3071 1492 3304 2554 1511 90 482 1661 1265 827 2342 4975 4322 4660 1692 2909 3279 3877 4342
26 3827 2816 4470 644 4517 3989 2549 3618 3825 1335 2671 1645 1803 3865 4609 1242 2838 2913 3642 850 3393 395 3148 1916 4402 4514
24 3832 2801 390 1059 2658 550 2353 471 3670 3288 507 4087 1729 2588 1295 2559 4954 3948 3442 1757 4673 3702 2127 4990
24 3833 3963 2637 3266 1148 2814 405 26 32 647 223 1057 4630 2386 3167 496 3663 4916 3133 819 953 4212 4020 4247
25 3875 2221 1584 1372 691 882 3327 3072 1713 4090 1639 1611 2551 1328 1232 1603 2447 3735 2468 3447 1244 4316 2063 2128 4809
25 4015 2541 33 4324 1435 2739 365 916 4779 4029 4404 2624 3609 3457 4847 4763 4126 4193 3612 4428 1897 4839 3004 2861 1299
24 4019 4025 809 1171 37 2318 968 1989 1502 2784 1669 2076 3922 1707 2480 995 2093 4561 3064 525 3351 1159 4655 3402
25 4021 2522 52 2258 3389 2253 3858 1007 3240 599 4234 4906 4043 3516 2021 386 2650 1816 4114 2485 1634 2172 2497 1408 2594
26 4060 2955 786 157 1415 1959 1250 2952 3236 4451 4741 2803 2804 2213 3331 1609 3799 1861 3280 4798 1326 2066 4699 2312 1147 668
25 4075 2587 3790 768 2067 1540 3554 4153 4527 3911 4416 4095 1442 4393 4504 4388 4669 4476 4978 3249 3973 3397 3711 4914 165
25 4100 2032 173 741 2029 4556 3738 3509 4919 4164 1105 192 4320 597 2436 3746 2618 2378 1473 2799 785 4617 2848 2732 3898
25 4101 2455 4292 557 2165 2941 2404 195 2180 498 337 3943 676 4337 1324 2546 4792 1945 4824 4892 2761 1465 2640 3247 3782
24 4120 2710 1924 649 380 281 83 1078 382 3471 843 2343 359 3168 1117 2071 2457 1702 4740 970 2946 2521 4385 936
24 4150 4061 22 460 1085 3724 434 2782 2160 2388 2672 2888 4004 3007 4610 4701 846 617 1527 2810 2226 4766 4373 4665
24 4178 2131 7 1641 1042 1177 3298 53 1843 567 4331 229 1284 476 2947 4144 1899 873 4073 3008 3323 2721 3083 3032
25 4198 2813 1087 222 1941 4749 964 2781 2050 825 1513 210 3435 1112 2235 3951 979 996 587 4815 4382 642 2943 2528 2829
24 4218 2683 1804 273 3102 3775 1455 2016 2856 947 2720 1866 840 4035 3101 4770 3766 1891 3199 4576 4972 3933 4698 4286
24 4232 2915 2058 1144 3916 2563 1614 2696 2364 2471 1312 2182 3294 2751 3868 1228 1895 1872 4841 2489 1197 3836 2043 2230
24 4277 2604 4820 4256 1275 1429 4539 1342 1355 361 360 1374 3165 2628 4502 3671 3599 1904 1466 4490 3676 4138 3940 3248
24 4304 2994 4295 308 264 3035 2590 961 4033 4334 4553 4615 3367 1906 4510 3721 3425 3783 1317 3095 4827 4951 2532 2612
24 4343 2792 566 1769 549 857 1198 3487 208 3659 957 3042 121 993 293 3685 1036 3906 4306 3697 962 1967 3344 4102
25 4366 3033 3378 1590 2153 4686 1640 406 1576 2699 1345 3556 2927 2111 3114 4318 3908 3693 1348 1684 1172 4133 3816 3057 1973
24 4375 2979 1049 4509 459 1038 513 520 2476 4738 1338 2133 490 478 3241 4794 1903 2022 289 3629 2079 1733 4963 4909
24 4433 3051 3980 736 704 702 2161 1152 2963 1676 2114 2162 3873 1060 4750 40 772 3081 3615 341 4570 3474 3633 2135
25 4440 3169 2890 2936 48 1591 1543 621 983 4005 4299 2222 2429 4477 3356 527 3231 3942 4719 3978 4953 4680 3881 4764 3061
25 4469 3200 689 583 1127 1350 2300 2201 2744 3395 3804 3297 464 3364 2783 4874 2270 887 4816 4174 3767 2109 2039 2660 3030
24 4495 2574 694 3998 1239 2556 194 1907 1817 315 2849 3805 589 303 3574 3939 986 2904 4530 4427 2704 213 453 4936
25 4498 3316 3446 990 2649 904 1554 4461 4549 1063 4551 3334 2009 3256 1276 796 3706 3238 2839 4257 4336 1580 3387 4886 3017
24 4550 3412 107 2006 3131 764 1685 2933 2126 1947 3897 2752 699 297 3700 2600 3539 2621 3073 3528 4006 4558 4806 4991
25 4592 2918 4511 2040 884 3059 1917 2690 3158 1073 1267 1968 3552 999 3988 1090 4082 4642 3147 4486 4707 1913 3884 1957 4567
25 4670 3478 3864 3880 2363 1055 536 4810 2718 3754 1847 3123 2865 4269 1494 417 3237 2439 1646 2267 627 4163 4112 4460 4000
25 4697 3347 3532 3310 11 2061 2976 349 3138 3055 367 4883 2458 3900 2513 4648 4003 1628 3623 4546 2708 504 277 1075 2330
25 4709 3321 4059 433 327 661 2958 338 899 109 868 933 171 2811 833 1668 4310 2496 4651 1422 2249 4132 4685 2597 4950
25 4725 3416 4515 2236 2789 4641 2702 4 1566 2086 4491 3021 4229 4672 3909 3941 3500 4488 2488 3801 291 2841 2842 3053 4682
25 4787 3086 1873 1529 811 831 746 28 1477 1308 2139 3251 4775 494 1948 633 2044 271 2934 2251 4325 2387 16 1724 3966
25 4825 2583 2623 3537 524 2942 631 1691 3325 3096 2004 3837 3285 3520 4349 692 1890 4202 3376 4633 821 4417 4846 2892 4543
26 4829 3488 288 1809 2495 2070 4361 2068 2666 1399 1896 531 1664 607 2567 1813 2472 2646 2500 420 492 3903 4647 1928 2601 383
25 4873 3140 4728 214 4418 584 3348 1461 2544 1108 201 2771 4613 145 834 1932 1802 2876 1739 2568 4533 4024 665 3690 3637
24 4876 3543 2431 14 1285 2262 2096 1071 4118 669 2415 4305 2837 2018 1512 3419 3808 1126 3049 3644 4831 3401 4531 2410
24 4893 3582 3847 564 3333 1657 2176 4340 1848 4808 436 838 491 3732 3185 2995 2011 4721 4774 4800 3062 3411 2725 4175
25 4915 4452 4737 3752 2854 1103 1392 4761 2562 183 1280 3971 294 4419 59 4124 937 3317 1098 204 4358 4383 3885 2059 4587
25 4935 3701 1386 113 477 312 3496 2062 1601 3993 671 2843 4356 54 4523 4084 3490 2403 3518 263 4302 1521 2992 791 4187
25 4943 3977 2103 4891 1043 3843 82 1414 4569 3915 1258 110 622 2774 4022 1134 3135 2820 124 1993 4298 4664 4353 4743 1683
25 4944 2949 4420 472 61 1033 620 1660 1582 1113 758 2219 2656 131 740 3910 384 3777 2087 132 2705 4871 4959 2928 4199
25 4982 2691 1206 2428 42 942 446 3960 2889 2728 696 2340 3521 4225 1131 4344 3219 4122 4529 4663 4421 4002 3287 3824 3134
24 4988 3589 2007 4599 4872 1418 3578 533 534 535 2516 2134 1189 3925 320 3616 3201 4313 1153 115 2860 2675 1926 2115
25 4993 3494 1420 1234 544 1243 3625 2670 3368 4249 4357 1499 4654 1053 2743 1379 4788 3506 4693 4151 3855 4868 1472 562 1482
26 4994 4581 1325 4172 788 894 4772 1344 1430 4273 3734 3845 1814 3396 2255 914 3315 3252 2287 3174 2118 757 3919 3920 4927 3797
26 656 2701 546 2078 3530 1722 1444 1721 198 1382 3434 858 224 1986 1413 3458 2243 1977 4183 2593 3221 1723 3930 4085 2418 3363
25 865 3667 2793 1357 4053 586 3834 404 795 4223 3486 3342 1452 4040 2684 3741 2651 2598 4063 4039 3390 3462 4190 969 1139
25 1064 3382 1605 1184 1744 1037 1334 1438 571 2402 1125 4926 2175 4907 4103 3513 635 4207 2806 3957 4317 4443 4542 3931 510
25 1222 2747 316 1314 71 2482 4771 1530 2129 3414 3883 1301 1832 2331 4754 1070 4955 1542 4432 2609 3361 4540 4045 3736 4294
25 1632 4526 1638 2502 4030 2768 1770 2884 892 3891 152 1480 4674 4803 2090 2922 4031 3290 1980 1835 3269 4760 4999 4652 3026
25 2024 3888 1458 2284 3166 499 3501 231 2245 4093 323 2064 3523 3009 2440 3680 4747 1271 4445 4392 3384 4297 1101 3682 3573
25 2306 3353 1598 452 2757 2885 2155 818 17 3129 716 2823 4942 4948 313 3773 3608 3852 1541 1001 468 4315 4262 3366 4195
25 2375 3651 1352 2786 575 12 902 1553 3405 580 220 1478 1306 1990 3850 1992 3959 1819 1706 543 2832 4712 1086 2143 2524
26 2498 3515 216 1188 1503 1489 2193 1624 4594 1998 1240 3372 3318 4596 3118 672 637 2655 3089 3975 3774 2323 2767 3649 1720 2589
26 2632 3484 1211 1187 803 3694 2507 1577 2828 2966 348 966 4406 3803 1594 244 2868 188 1092 1597 4239 4679 1433 774 4233 739
25 3485 3653 1840 456 347 2085 4524 3314 662 1900 4631 1564 4162 2473 4435 495 4037 686 3849 2405 1123 3647 4329 569 4692
26 3546 4055 3742 2423 1091 262 2170 3170 146 515 4603 371 1003 1708 2293 421 4945 4946 75 2204 162 2393 4161 4259 3522 4939
25 3597 3403 2031 1748 837 1786 1762 265 4282 4446 3662 1004 1166 3189 1381 2533 285 4981 287 217 3445 1145 3683 2173 1283
