21 89 1345 102 1767 1623 2806 342 437 2820 1555 164 52 1043 1035 2807 1428 3762 2842 1229 562 3869
19 148 399 1451 1174 978 37 3337 2186 2273 1445 1178 2900 4446 2779 743 4025 1347 510 1683
20 180 737 3774 429 5 350 4140 727 3153 2803 3912 822 2788 3459 4469 4272 1260 3225 3835 4562
20 199 4552 325 1068 2437 1167 2889 4185 1697 1867 3299 249 1528 3062 3260 4219 1311 4613 4979 2434
20 400 801 909 267 4036 3255 4697 2879 4783 4171 1201 3776 4391 4495 2691 601 3606 3146 3095 3704
20 411 967 2572 2562 1049 1572 302 4131 2038 754 4745 3813 1294 1343 576 4220 1100 4790 3765 3891
20 416 1391 2053 2399 414 2461 1577 1869 86 3488 3397 1581 2818 4589 2837 1783 3311 492 2617 1850
20 423 272 4408 2841 3454 69 354 1501 4371 1515 1337 4619 1874 3939 3364 114 3237 2439 1654 4239
20 600 386 2650 850 214 1207 3180 1088 3638 2799 4072 592 3042 4082 1517 2412 4948 70 261 4652
20 678 153 2567 2295 3498 327 661 2135 4603 1019 4273 1599 4757 4320 597 281 4516 1679 500 3462
20 684 443 773 2187 2102 1118 3074 2709 146 3693 2057 2946 3808 930 1327 3208 2771 4899 2557 2436
20 779 377 3668 3236 4121 3671 1942 2699 1913 2798 3875 1102 1724 368 4915 540 1157 4264 1476 2228
20 827 3787 3802 1745 4500 4743 4574 3537 1634 3754 1889 299 3703 3372 1148 4282 1758 1449 2632 3697
19 849 612 1330 4924 441 1886 4932 4956 1339 4447 2936 702 2425 1645 2723 945 2144 3675 860
20 880 1164 4704 3027 4153 552 1130 3066 1332 3274 2253 4053 1975 2752 4384 2785 3261 2897 4737 1205
21 950 1521 1293 998 3350 4540 1793 2672 294 869 3476 85 2143 454 751 157 4760 2852 4438 2764 2755
20 971 4362 1969 1403 3508 658 2311 739 103 4054 314 2258 1087 792 2294 781 483 2020 1709 1752
21 1190 1826 4515 2435 1393 1527 3672 3963 385 3382 1067 1766 3551 1322 1756 4325 3058 4605 1904 3895 3111
20 1262 959 297 1286 3249 1818 4692 3295 693 274 235 4092 1807 3837 687 3304 1557 3330 1341 1066
21 1305 502 3609 1040 4986 4484 2070 1387 580 4369 4628 315 4406 2637 258 4288 3091 4403 2805 4954 2146
20 1360 2159 4820 347 2251 4545 321 3868 3438 2911 1800 1687 3879 3251 4087 1713 3357 1858 4817 1253
19 1542 2551 554 4106 3328 692 3772 2556 2756 2491 2134 2754 2674 1970 3367 1012 4685 3161 109
20 1588 603 1446 4248 708 2470 1638 1336 4110 2363 1624 4680 4047 4818 4493 4546 2873 4259 3446 3346
19 1602 1073 44 1796 2611 642 1458 3408 2757 643 513 2987 4597 65 3782 4944 4729 1418 1419
19 1650 968 992 2335 2569 2770 3815 4933 178 4198 4822 3677 1131 3847 750 2137 3785 969 1620
20 1715 3321 1093 1323 2586 336 3549 2298 3203 4052 440 696 2011 3630 2977 1491 526 1926 367 3617
20 1759 1210 1929 3777 4204 2561 2736 366 2849 2 4549 588 3882 4352 4862 1657 3952 3568 3254 1422
20 1762 455 2010 2654 694 2368 2219 3494 2416 4860 1291 2445 1849 1660 2692 1960 3741 2049 4990 3997
20 1894 2394 1901 428 3811 2073 1220 952 927 4710 2887 1483 1147 907 4739 2003 1875 865 381 3145
20 1943 77 4646 1994 83 3892 348 1187 3608 3852 1191 291 486 1784 3941 3500 2267 1005 3403 1494
20 2028 1541 470 203 3999 2484 1309 2710 2105 450 4111 1590 962 1410 3281 1594 3583 2575 2862 2280
20 2088 531 3075 886 296 2776 2155 1928 4024 452 556 1439 2601 3715 1265 734 3072 218 806 3026
20 2099 1248 3182 3532 1782 4832 583 4955 2407 2190 1995 3250 3273 221 1685 1514 4598 4034 236 3300
20 2233 1268 459 4805 2125 1785 726 3646 1279 3355 1821 542 4251 4807 3154 477 1524 3881 4897 532
20 2250 143 84 1114 0 3178 2959 29 3636 4003 1628 1763 2089 1039 4536 2218 4997 3694 2278 3473
20 2518 791 317 2540 3929 561 3921 3120 3698 3398 2871 3838 4044 2843 2403 1143 4345 1533 4078 926
19 2539 2181 830 1558 13 1368 4249 3758 3834 4192 3303 2390 1485 3663 4707 3780 1686 1082 1915
20 2680 2531 2772 1772 527 1333 4542 4499 4865 1967 650 2176 436 4114 948 2284 877 1765 3707 873
20 2685 925 3011 2948 2299 3886 1935 4487 1868 817 3293 2511 2248 511 1791 3162 565 3748 2132 1947
20 2725 108 3309 2226 2493 2907 2631 3831 1146 4451 2657 4298 3320 3057 3128 3399 991 3174 4826 3117
20 2732 3245 3539 190 961 4189 36 1526 918 298 3896 1608 4940 1348 3719 3275 1125 717 4377 3691
19 2740 1934 2783 1166 3308 335 2517 1162 1404 4851 3135 4138 4819 1326 2646 2019 1434 3554 826
21 2860 1052 243 2353 2066 182 3616 3175 3914 1898 3226 4864 2009 1364 4983 4644 1484 3917 675 2658 4971
20 2875 4467 2812 2318 4311 2671 2315 2686 4566 4972 4441 560 172 2894 3631 729 4068 3950 2868 3640
19 2886 1314 238 380 219 1842 4066 168 1923 1511 3756 3885 2037 1031 3854 2472 3017 3915 2168
19 2893 1518 1603 3319 914 3195 1667 1764 2196 4839 3386 2100 2118 3740 2566 2614 963 1861 4677
20 2910 1092 1243 621 451 2349 581 2537 2538 2462 922 3119 3876 2599 2345 4329 3474 3023 2374 3443
20 2920 266 842 843 1831 3506 2529 1307 2582 2979 3268 3502 2630 4813 3430 365 2200 1769 2214 3343
19 2932 1383 1321 1184 3936 516 2917 431 3116 21 2700 420 1564 512 1456 3856 2763 3641 3272
20 2964 2015 4509 577 1273 4816 2247 1436 2252 2046 2272 2255 3143 3620 2653 3252 3148 1636 1811 3359
20 3055 506 2014 1582 988 3958 1313 2957 722 1580 2623 4759 288 4113 2194 1489 4834 3029 2596 4297
21 3089 340 2001 820 3991 149 3935 2739 1911 1400 2598 4461 2030 2532 3186 3247 4518 872 4122 2378 1887
20 3100 404 3181 547 462 3932 1846 3923 1303 413 3016 2090 2608 665 2605 4702 4781 2372 4102 1543
21 3112 937 2036 3883 738 3853 3170 112 293 3871 1432 2465 2512 3048 4326 4821 2199 3839 2988 2865 4723
20 3298 2041 3034 3902 921 1753 3530 2570 2937 4501 2778 762 2919 131 1316 3139 3673 3505 2607 3906
20 3349 4163 3362 2838 2913 3805 3465 1008 2408 3634 2717 2643 4074 50 4234 3406 4504 4039 596 4127
19 3369 496 2499 951 1534 1787 115 3548 1812 3258 936 67 1998 4544 3013 107 4277 4513 923
20 3400 1552 4063 2119 4524 3605 3562 2931 2185 2287 4388 2961 4901 2922 3716 2759 2505 4687 1655 3558
20 3440 772 1282 328 1226 3747 4716 20 1712 1288 571 4520 4348 3738 4358 1900 1448 3092 4801 1856
20 3442 2609 2048 239 4046 2995 2595 2289 1089 2640 446 4380 2663 1691 2331 3205 1246 4376 4835 3791
20 3456 3129 195 974 2344 125 2976 655 8 1427 3714 2826 1151 758 3193 3552 1380 4265 58 1505
20 3515 1121 942 39 955 2662 893 2835 2128 10 2172 4575 1165 1024 812 3428 4007 4975 3256 3858
21 3600 564 1847 419 4929 4434 2918 557 3722 11 158 1721 3910 1509 4988 953 2549 2878 4637 2712 4201
19 3604 3000 4554 1287 2167 4787 4283 3724 1775 1776 1218 3079 4203 3179 322 2392 3025 906 3635
20 3652 301 140 654 49 1062 3291 226 1536 2448 1195 2180 1643 4593 2975 2179 3919 1646 4208 3547
20 3676 2915 2305 2823 2967 2828 1264 1320 1639 3 919 4070 2447 1373 283 4071 3040 2651 4065 2872
20 3784 4681 3061 1731 1604 488 2072 2388 4079 3244 1011 4550 2784 3189 2492 233 4765 2545 1531 1041
20 3798 2581 4538 740 3658 287 217 1718 4884 1085 1045 3313 3090 4510 2819 602 2330 3223 3286 123
20 3840 497 343 3709 2789 101 1958 1538 3992 669 4980 3014 1851 4491 1507 808 1550 2356 3571 4099
19 3904 1629 2103 1968 4001 2719 4241 378 3659 2941 412 1690 47 4880 1972 2516 1866 1269 3077
20 3976 479 3306 1136 3592 766 2270 498 59 3746 3601 1726 987 2443 2769 1077 3684 613 2584 3855
20 3986 2303 2460 563 2358 3073 128 25 1520 4579 2641 2713 790 3982 4167 3959 1833 3516 2393 1647
20 4019 629 528 4502 1839 3749 1444 3312 2216 3152 4170 839 4872 3931 2679 4748 3681 2063 2994 4105
20 4075 765 2870 1950 285 3232 3829 474 4120 1882 252 3113 1079 3379 3801 4137 4768 2341 3955 2111
20 4123 3948 4734 4850 4935 966 1145 4635 1688 45 4048 2580 4508 619 2279 3176 3339 3484 4922 3122
20 4124 4758 478 4606 4086 2109 2891 3196 1822 2960 1680 1216 3745 4938 4557 1632 4266 476 4556 1553
20 4232 1242 4368 4 1033 3259 2013 1006 679 1824 3020 4416 4303 3405 2235 1974 110 4366 449 2223
20 4375 504 2112 4883 1827 1734 3937 761 4802 3789 91 2795 4058 1977 4242 2483 2694 3044 2495 169
20 4419 2161 2029 4720 3898 1725 3469 3788 746 1914 2634 1170 2411 4966 2618 3417 3759 1208 957 4324
19 4604 672 1884 4212 473 1883 155 681 1952 1306 1990 686 4257 4336 733 306 4728 2876 4455
20 4609 1414 635 663 4229 2312 2993 142 4532 789 993 1976 2317 2620 3690 3556 23 4482 1257 4558
20 4617 2747 935 586 3475 748 3141 2953 4494 2760 3907 130 3903 608 1462 3071 100 4810 135 2121
20 4620 4869 1470 3219 3775 804 3499 4746 4051 3427 2761 1750 3653 3460 2695 4522 3096 4967 1331 3627
20 4622 1398 3525 1351 4191 744 1250 213 4527 979 797 2949 3687 3167 1354 4825 4900 637 4152 3750
20 4660 309 858 1061 1186 4755 4888 1668 4310 4268 897 898 3570 4939 819 1161 4332 72 4395 4560
20 4717 2281 3022 3448 1810 1622 4237 3519 2402 303 1213 3495 1865 3550 4344 24 4773 1569 1834 1417
20 4724 3172 1672 246 4414 1251 3201 4313 1703 3968 1158 4852 3127 4193 2342 4823 3971 4460 3949 1933
20 4876 1153 1698 3124 4454 573 3513 4210 649 841 1805 4067 3421 912 4154 1221 1951 105 1649 4892
20 2417 1 2365 4291 1982 983 4428 4230 4207 1390 4309 3101 4537 728 3401 1571 3486 2256 1503 2142
20 17 4002 3482 3542 4581 4669 731 2734 4083 1029 4453 138 2205 2998 4245 2183 837 1609 3619 3512
20 40 308 3771 2428 2817 31 2711 4216 409 4678 53 3509 1408 4795 2377 4943 4511 3487 2693 752
19 82 981 666 2577 1611 1030 2716 706 4896 1071 3984 1678 4659 4629 1773 4705 3821 712 4534
20 87 2302 2182 627 4612 181 4035 3862 4863 3109 3110 186 640 2140 3905 3210 2781 3449 4057 2107
20 122 4928 3661 2304 2659 3242 1374 3457 3710 333 2224 2513 245 4398 1188 4328 4463 1340 4976 697
19 197 1217 353 30 1193 2059 1640 3850 833 4085 590 1786 4895 1249 406 4633 60 202 3384
20 220 3743 1389 2489 2220 3183 2236 2733 846 1159 3341 3830 2487 4809 713 2464 4018 3103 1415 163
20 271 1098 2017 4014 1556 534 3993 1848 2880 1574 2008 3047 2414 4486 1567 4654 1717 2275 610 3790
20 286 2519 422 2905 1674 482 3450 253 3520 3974 2958 1585 1232 2319 4196 2702 2423 4346 1209 341
19 312 3388 1276 3928 911 1361 508 1983 593 2084 2621 3825 4360 2494 4630 1058 1237 1070 4594
20 326 2243 3611 2888 876 282 278 3753 690 133 2797 4693 960 3150 4827 323 3458 3052 747 2147
20 334 870 1438 174 524 1701 1407 1576 2123 3890 4749 759 4064 3221 1723 3951 4410 4177 4994 3366
21 355 2574 3820 632 324 2395 4969 3378 3526 2291 2809 3265 1197 3216 854 1720 1025 4718 457 4528 2467
20 395 228 503 1241 3491 4374 4699 2160 2149 2198 3572 735 1206 3209 4317 4443 1844 4290 1459 4714
21 448 2972 2782 664 1989 990 784 4576 3296 2139 1015 617 352 2792 3857 780 1907 2735 3470 3056 4431
20 481 3224 4404 4730 3278 1702 4740 518 56 1872 313 3314 2306 889 1797 2245 4093 2292 4182 4618
20 499 3094 415 4382 2310 4343 3140 487 4459 796 2774 2065 4279 1487 4107 3345 4436 2912 3433 3649
20 520 3593 2718 4580 1097 3751 3591 139 4719 1862 2550 1103 809 4465 1137 915 4274 4284 4160 2833
20 584 1662 2296 2343 965 2616 119 1924 2325 986 2844 1816 2316 3215 4385 3642 3424 3467 1809 1149
20 594 3501 2481 1382 2401 3329 1018 4392 4708 3981 2576 2380 958 4539 4923 3269 4448 749 3913 2466
19 622 541 1570 1150 4521 4488 4797 2544 3030 2947 4144 1899 845 3213 2655 3573 2942 1617 4855
20 624 2259 4084 3729 814 2604 1349 1722 1381 1770 1116 339 4889 3228 3603 4780 1429 2714 3870 569
20 651 3670 466 4029 1648 4570 1927 1230 1425 4299 4582 3833 3477 4200 4097 4715 4396 2027 4462 494
20 670 1996 4006 1423 14 435 1916 2379 4591 3165 3793 118 93 2619 4027 4577 225 332 3019 2459
20 676 372 4905 1504 4115 1344 1492 2554 3144 867 1317 2796 3804 3404 81 4753 1804 1876 3302 3041
19 715 4187 3962 4306 1219 3783 4788 1233 3297 95 1034 1789 567 711 1771 4331 3439 3978 12
20 720 2791 2675 550 714 2971 1888 2625 3878 4130 1450 3393 3966 2636 1057 3437 2404 4164 2043 2230
20 769 3086 2360 4263 3391 2136 184 1774 2578 985 2068 2666 1440 284 4526 4238 4483 4359 3763 4471
20 861 3282 1075 4008 1234 2715 887 2521 1362 2829 1962 3624 4555 4470 290 1447 3358 4161 3843 2209
20 888 4561 345 4300 770 3887 1047 383 2588 2225 2857 1399 2746 2204 162 3647 74 4600 2044 2221
20 908 2274 1835 3942 4964 3909 3310 972 2338 4258 3655 1038 1600 4418 1386 113 3163 1117 2071 4596
19 924 1801 1938 3736 4735 471 4056 1788 2488 2498 3231 4663 1235 794 1665 3087 4340 671 3046
19 934 4951 1987 4287 484 2506 4877 862 71 3385 1010 2320 2456 2249 3757 2698 1437 868 1583
20 976 3051 3994 3080 3933 680 1372 885 2457 2884 2093 1612 260 2261 4694 129 3828 26 1175 4791
20 980 2171 2801 1633 1591 15 523 1568 855 4142 4055 782 2396 4244 1684 358 4568 3633 4209 954
20 1060 3423 4953 4691 3622 1743 3083 2940 1566 1792 3363 913 644 1841 463 4726 4372 4276 19 170
21 1120 1870 2648 1601 4984 201 4665 2337 4141 2533 813 3927 4009 4184 857 4873 2622 4991 2678 1198 4270
19 1236 1506 1605 3504 3773 1560 1845 264 3888 4269 2203 2384 3503 2548 4126 1072 331 2069 3541
20 1356 1575 623 3464 653 1466 4936 4661 3434 1212 4842 1378 1760 4505 1411 2032 4221 3166 4426 1214
20 1375 4615 638 2286 1471 3546 620 745 1966 3700 3845 1917 3156 4363 863 4146 3138 1238 2391 4295
20 1401 3277 2547 2138 2652 3370 1129 88 3995 1993 2478 1808 4049 785 3114 1099 3967 4030 3880 4285
20 1460 2451 618 1855 2340 2850 4033 3347 99 1945 3730 1054 1424 1819 1706 3483 4845 1905 3599 4569
19 1490 3841 4919 2989 150 1275 3983 2703 3752 4587 1863 2054 1301 1199 2389 1110 2939 2816 212
20 1500 2786 4548 1258 2883 3248 3786 4098 1946 723 4583 4062 337 4090 179 4614 2647 2667 1535 3957
20 1508 910 1299 558 2768 2726 3946 1277 3816 132 2098 4794 4490 3280 4116 4679 4999 1290 4670 2074
20 1546 521 522 2362 3990 2565 2497 215 3381 3133 882 507 3666 724 2178 2127 1891 2153 1042 4128
20 1548 3229 2688 4394 2193 4457 4811 1412 1105 2794 2383 357 4211 1003 48 2334 4179 548 3970 1780
21 1616 544 555 1231 3137 1367 1523 311 3227 1918 2767 2613 946 4147 3107 1319 4262 2108 4931 2856 4381
20 1618 941 4776 1173 4599 4886 3826 1228 2262 3742 2753 3934 4195 1573 938 2956 3184 4173 883 1815
20 1619 3316 4004 736 408 4005 3781 4427 3679 3394 4498 3451 360 4804 774 645 3818 223 1222 3418
19 1626 1478 2333 384 1598 4836 2978 928 2560 3081 1881 2452 330 3792 4651 4927 4466 1256 4252
21 1670 2277 2626 1757 3402 2854 318 453 4846 4425 570 1014 2916 2982 1985 4843 1353 4275 3555 1516 3093
21 1707 4626 3333 1363 824 4512 2130 1371 3444 310 700 2825 3728 4040 4573 795 3002 3637 2684 2997 4642
20 1823 1621 3461 787 1607 881 1735 4474 533 2357 1936 3688 2067 1132 3629 4906 4231 4706 1090 3650
20 1840 2701 1069 1681 3874 2469 648 370 2822 3536 229 4640 631 2385 3164 1074 1482 329 4390 1837
20 1909 836 2635 1813 3621 2633 4890 445 4432 1910 1442 2945 4874 489 3496 3597 3594 4253 3645 3577
20 1921 2301 2503 1119 3301 369 3760 2927 673 4588 2906 1017 3607 4402 1652 279 2117 2064 3028 1794
20 1925 3566 2056 4636 4319 599 4985 879 4109 2106 1644 3918 4662 4456 1610 2096 994 2896 3817 2237
20 1965 3602 2455 916 3230 2963 866 4506 2642 2802 3426 2775 68 657 94 2184 3732 3682 1413 4060
20 2023 3766 3796 1563 1903 1613 3529 4476 4667 4445 2212 1732 189 2914 4073 3008 1694 3147 2965 3544
20 2166 4481 3220 3822 4020 379 4357 1252 2202 4977 2007 4475 4830 4393 4973 2386 2339 4420 604 3769
20 2201 1893 1245 949 4701 2777 1641 2163 2195 4031 1457 2552 4947 2173 4647 4308 856 4885 1790 2348
20 2232 1854 2444 2206 4089 4103 4627 2923 2810 3222 388 546 1973 4828 3432 4514 3099 4323 2749 4585
20 2260 161 3123 4292 1820 2986 4353 1271 2473 210 3435 1112 4222 3466 2324 2737 3660 4747 1433 3204
20 2265 4530 2974 2950 2583 605 551 3253 763 2191 362 616 1128 3479 1586 3625 641 1076 1463 1710
20 2453 1711 3588 2047 1044 4497 4503 121 4021 1519 2815 2347 2246 1027 2750 3436 1203 4578 3452 3376
20 2587 460 3429 4156 3097 2984 1991 2751 1318 1020 2585 2313 3708 2000 975 3689 2150 3007 3085 3662
20 2591 3241 173 3849 2490 2042 2419 3419 1255 2780 4037 1328 151 2177 3614 4077 3940 1335 4602 4926
20 2602 1997 944 3447 1392 4761 3893 3463 1627 1637 1630 4764 4674 2853 2903 4444 4314 4920 4658 634
20 2683 1283 515 391 469 1388 1267 2170 117 1078 1021 4050 2375 2832 2263 2430 3726 4165 1692 2824
20 2705 1920 3290 1956 3643 2131 2082 3324 1223 3121 1081 677 2821 3889 2288 1656 4930 320 1176 2471
20 2831 802 4853 800 4799 1169 2061 1495 2086 719 4638 2962 224 2839 4902 3088 1352 1300 79 1986
19 2863 2541 2085 4442 1475 3334 1107 2589 3507 1497 1474 997 847 1050 2217 4798 891 4769 1879
19 2885 4496 1493 1177 2610 4634 4611 3618 475 932 242 1738 4909 1964 1730 1669 2704 4012 2114
20 2892 1825 1479 536 574 54 208 2210 1026 375 698 2040 1748 1296 4829 3778 2930 3217 539 3985
20 2935 3595 3387 491 3705 4061 3283 1357 4347 1225 4519 2406 4643 3848 4925 4389 4517 3323 4978 4894
19 2985 1200 147 1342 3361 821 4417 1239 439 798 398 775 3416 2413 4240 905 4833 1113 4351
20 2992 3680 346 3797 4847 3987 200 3723 1421 3468 4424 4370 1806 2213 3238 3192 3832 2924 1180 4962
20 3018 2158 3872 2129 4648 1468 2463 3908 3069 626 1761 783 3899 1682 4676 4559 2728 4903 405 2189
20 3125 4450 2151 1359 2122 2696 1496 1642 1084 32 647 3873 456 3911 3598 4000 4878 3043 3326 4789
20 3155 691 2836 33 2520 878 2045 3584 864 4996 2528 4610 4868 1163 2257 2628 771 4645 4690 1673
21 3160 3975 344 598 1194 4458 3351 3134 4411 1606 4233 2766 1396 3288 559 3739 3157 4449 1830 753 4564
20 3191 3977 4942 1111 458 4318 1046 3612 421 3373 237 3969 4145 191 704 1001 3318 1358 834 280
20 3263 4957 3656 2241 3581 1714 4655 3945 2429 970 4917 615 828 80 799 1988 2673 4312 1700 4315
20 3264 4125 62 3001 185 361 2929 4307 3580 4601 2559 256 2328 1739 4202 3561 2449 1202 2898 4623
19 3325 241 2624 2969 4401 154 2327 2266 2231 3412 538 1963 1747 3490 2454 3006 2745 4824 2536
20 3340 4848 1979 1689 1817 973 4383 104 4770 1133 3214 1179 265 4616 2690 3322 4143 3944 2035 3287
19 3348 3169 2890 1596 3575 1126 3151 3292 3711 3267 2951 1160 4175 1059 3414 3315 2188 1431 4856
20 3365 4837 38 1004 4871 1892 1002 589 1397 899 1597 1944 4132 4732 2164 1873 4671 3543 2475 4356
20 3531 2934 2124 4305 3938 2321 3478 1488 835 3795 660 1405 4910 2542 3865 3685 1036 3130 2996 3527
19 3540 3844 4133 251 688 2708 4011 2438 3806 230 4255 216 1115 2593 4684 4378 4364 1677 4155
20 3586 4361 4982 844 1048 2731 76 2120 269 116 701 1959 1284 1224 3582 3243 2477 4507 1192 4188
19 3696 1661 2352 1547 4721 1477 4399 4891 1693 27 999 2094 1498 2813 4672 764 2373 929 3411
19 3733 3206 2104 892 270 1664 1740 349 3084 1441 2568 4533 1122 1532 4246 4479 1172 2928 2095
20 3920 4333 1324 4134 75 1746 1559 646 2638 1154 2148 1513 300 1857 2078 3623 1631 1101 1285 4439
20 3926 134 1614 426 152 2669 1312 1902 1168 4168 2800 2730 4531 141 1537 1056 397 2814 1315 3943
20 3956 3674 2859 4214 3368 668 1510 1658 2427 2980 3578 903 4696 1055 902 3407 4621 2336 393 3567
20 3980 3050 2744 2021 3078 628 2424 578 389 2827 3037 4725 1529 3492 760 2101 995 4293 4937 276
21 4038 1183 982 3779 3425 1908 2326 4409 2867 1254 3897 1751 3735 2468 741 4199 3239 778 2509 4968 501
20 4080 4941 2553 2687 1931 3190 1467 2899 1028 3067 2087 3422 4367 2908 2938 4206 4296 1659 171 4421
20 4088 1461 1595 2254 304 305 259 2162 2083 1104 2308 2729 206 430 177 2874 3590 4028 3374 3579
20 4091 4992 3836 2921 3565 2970 3866 3194 3104 591 1139 3706 4247 3521 1152 2555 4700 3884 1465 3812
20 4095 4664 387 1779 2050 1838 1992 2482 4349 4150 1124 461 3744 3859 1140 1278 3924 4875 3471 4433
19 4104 1240 1091 78 359 3168 4675 2773 2240 4159 721 3965 4523 2486 1473 2902 1522 4838 273
19 4118 3039 716 756 2152 176 3877 685 2359 2113 4987 1922 4169 2869 579 1302 4215 831 2999
19 4148 295 1281 98 1189 3925 838 392 28 3185 254 4435 815 3171 3038 2579 2174 1953 3233
20 4158 209 4042 3198 2215 2282 3803 703 4194 3823 1308 4960 1651 4026 2115 1719 1561 3149 4304 1695
21 4178 4415 2697 1406 485 495 4668 4101 2165 90 3240 3031 4400 3768 3692 2901 126 41 3332 4763 4135
20 4181 472 674 434 2926 606 2376 3922 3173 3819 3901 1749 1635 1829 2370 4703 1897 582 4921 3159
21 4213 4541 1123 2689 3485 1426 2558 3455 1919 2846 1181 42 683 4250 57 4785 3395 2682 3082 4162 4657
21 4235 227 4767 1587 1369 3721 4413 1196 3063 1716 1744 3212 127 4043 2361 2234 1155 2026 3344 1615 2052
20 4256 2126 3665 2276 3294 2606 931 4139 2169 3257 3727 1727 2677 2664 1961 3392 2332 2080 1037 4974
21 4302 4136 1106 16 3615 900 4059 2431 2808 901 3686 2510 374 2016 630 2293 3131 1589 4354 1530 3563
20 4335 852 3972 4081 4778 3701 66 4711 3035 410 742 4412 1949 1676 1247 417 553 1096 2012 2154
20 4337 4683 3211 2748 4205 4796 4698 1227 211 939 566 468 1579 4015 4338 4998 2351 4861 2309 505
20 4341 2271 1853 3021 996 4017 4965 2314 2600 2758 710 4914 4023 1828 1878 3064 1778 319 2110 2116
20 4342 3518 263 3360 3720 793 2175 3807 2933 4840 2793 2895 3353 2973 896 2597 3564 4032 3132 1244
20 4373 2211 4666 3651 3389 1063 3305 732 2244 1981 1385 373 1310 257 568 853 1871 2496 1803 277
20 4429 1420 3336 509 3996 4673 851 3218 4151 1452 3445 2881 3648 4452 4543 3441 2515 433 2097 376
19 4464 3352 165 1135 3049 3702 4228 2615 947 3664 4327 4069 1832 1802 4567 1777 3409 832 97
19 4492 3045 2530 1704 61 4166 2346 4916 1957 1696 4176 3307 4870 537 394 1013 3860 307 2322
19 4565 3809 222 3489 2002 3331 1584 3126 1051 3317 3012 730 4859 3493 4330 1593 3522 807 4777
20 4592 3810 3734 1937 689 4010 4551 2649 4355 1095 4571 3235 4742 1204 2811 859 3415 2500 1416 3136
20 4639 3947 1454 4741 4849 4653 1940 2297 63 136 1859 1781 2851 4440 4271 4762 2508 3725 1742 1182
20 4709 2369 585 4800 3683 884 4686 1289 1741 2738 1930 549 4625 4934 1384 829 316 3767 3060 2981
20 4731 401 3535 607 3285 1376 1185 2323 3105 2522 4733 2458 984 4529 4898 1280 1699 2034 137 2804
20 4744 572 810 875 2724 3207 1211 1134 639 3517 2062 3420 1539 1984 144 3524 707 2594 940 2382
20 4751 1297 3380 3262 755 3717 4218 805 757 840 2076 467 120 2364 4595 1022 2952 2925 3574 4631
19 4782 2742 2743 46 106 232 3824 1292 3246 788 1592 803 1814 3731 2242 159 1999 4407 2573
20 4784 2192 447 407 3004 1261 4281 3200 2720 1443 2762 3695 4094 2264 4321 231 4752 4096 3053 4945
20 4815 4989 2005 4756 4316 444 587 4607 2943 519 2909 3764 2991 1512 2398 4793 124 1009 96 1053
20 4841 4775 1007 4261 3973 2440 6 166 1877 3118 1409 718 3953 786 35 3510 3375 3654 3657 3930
20 4857 1481 3070 4689 3861 3718 402 3954 425 255 3276 2405 2546 4792 3115 611 3589 3585 4771 2830
19 4882 1980 2845 3894 3755 1272 3523 196 4786 1795 1885 4950 818 4879 625 4712 699 2840 4713
19 4907 2366 1798 2645 3497 2525 2765 3377 1304 4866 51 1395 1083 2397 4803 1379 2476 2415 2524
20 4993 2006 3864 1266 2018 1355 1729 4650 725 848 2861 2092 268 575 7 2283 3032 3187 1971 4397
20 2077 989 1346 1754 2420 2307 3960 1578 4112 2670 1728 2847 1298 4814 2058 4473 3270 3410 3371 4174
19 188 2410 4949 1032 244 1350 1736 4641 1329 2432 2563 652 2656 2381 1000 1663 667 3003 156
20 438 382 1880 4912 160 595 964 1653 4322 4286 2133 490 4754 517 2367 43 1843 2450 4946 4423
20 464 2441 4858 609 3511 3842 1955 175 73 777 2156 3626 234 2706 2157 111 64 2355 1554 4365
19 480 2507 1138 4289 1394 167 2480 4547 262 4013 4379 1295 4738 1338 2022 3327 1480 1932 4656
19 493 1625 823 3988 3639 2665 2446 4750 2629 247 2526 3538 4190 2039 3979 2904 4197 3472 3005
20 525 2644 4766 1127 1544 3900 3342 1094 2727 2660 3158 18 2004 3569 1334 4970 4586 3453 1215 4981
20 545 894 390 4887 2741 3142 890 192 4695 183 4468 3065 4913 4572 371 240 1708 2627 4339 3678
20 636 4117 3289 2285 535 2968 1472 1499 1453 207 4267 4682 204 1086 1864 2033 1144 2300 3610 187
20 1064 4301 3177 2639 4236 4430 1755 904 4831 977 2081 2433 2855 2371 3557 3098 1525 3587 3534 3799
20 1377 1666 3559 1768 2864 3481 4812 4183 465 356 3989 709 4918 2527 3699 4217 2479 2534 3737 1565
20 1464 424 2661 4224 3390 1142 3279 530 4157 427 4129 2025 4100 4478 4016 205 874 4480 4806 4405
20 1912 1141 1263 2409 543 2350 3033 250 3271 1259 2523 2055 2501 2238 4881 2858 3514 3010 2400 4223
20 2227 3199 3356 2944 4649 1852 1895 2787 3284 3827 1551 4867 3036 1455 705 2141 2442 811 4477 2834
20 2268 3106 2031 1080 2603 338 2954 4808 4608 3009 4149 4727 4260 1675 2590 1171 2681 1799 4958 4952
19 2421 3644 2535 396 3528 2983 3553 2592 4688 2418 825 1906 3560 933 4893 3383 3628 3202 776
20 2612 1549 2877 1270 1016 3396 3576 768 3713 1948 633 895 275 2207 2354 2051 2848 3354 4472 4779
20 3054 1896 3533 4854 2474 1486 662 1890 1502 4525 4022 92 4844 1860 2060 917 4243 4535 4076 55
20 3068 1671 1108 3596 2543 3197 363 2990 4041 2079 1733 4963 3059 1109 956 1023 1562 2229 4386 1366
21 3613 2222 1435 3480 3961 1402 4225 3712 9 418 943 3814 3338 920 2721 767 2145 4632 364 4961 4553
20 3632 1954 2075 4108 432 198 2329 2790 514 4995 1705 2707 3761 2269 4584 4387 4119 194 4045 2239
20 3800 2676 292 2966 2866 3667 1540 1941 2426 442 2571 4334 1430 2387 3024 3076 3998 2564 351 4254
20 3863 4485 3015 4227 1737 871 3867 4908 614 4722 656 3846 4186 3108 289 2955 3188 2422 1274 3413
19 4180 2882 1365 2290 1469 1978 4350 816 3964 4278 3335 1156 3545 1065 4774 145 2514 193 3851
20 4280 2197 4624 4489 2722 2208 1545 1836 695 4563 403 248 3770 4294 1370 3234 34 1939 4437 2668
