4 23 361 81 803
4 28 964 378 985
4 41 121 651 572
4 48 109 588 397
4 49 532 38 198
4 50 67 676 636
4 53 901 666 500
4 60 278 21 472
4 68 54 184 45
4 70 934 333 821
4 104 154 783 755
4 108 12 306 63
4 128 61 902 935
4 140 103 870 647
4 142 605 616 686
4 145 224 119 426
4 148 785 106 20
4 168 863 408 188
4 176 274 39 584
4 183 87 261 107
4 186 305 566 447
4 189 194 710 518
4 212 438 715 776
4 233 161 568 478
4 236 767 221 515
4 243 692 133 976
4 244 380 434 6
4 251 77 91 751
4 252 216 101 981
4 258 59 130 582
4 268 267 264 191
4 272 597 576 195
4 282 162 946 428
4 287 83 466 343
4 303 177 687 662
4 312 706 779 974
3 316 9 214
4 332 695 231 641
4 345 318 817 315
4 352 178 986 818
4 354 245 999 988
4 363 591 481 263
4 370 996 89 866
4 371 129 621 655
4 389 642 859 852
3 392 535 512
4 400 720 205 684
4 420 1 890 230
4 455 139 295 253
4 460 204 418 973
3 467 16 192
4 485 250 8 247
4 505 217 65 719
4 517 362 730 58
4 536 410 494 519
4 537 85 310 559
4 565 387 828 765
4 570 417 323 809
4 574 495 286 71
4 594 79 340 622
4 596 469 180 554
4 619 185 533 807
4 623 965 729 5
4 628 592 896 827
4 634 69 94 76
4 643 665 737 725
4 649 379 851 704
4 652 801 215 463
4 674 249 401 579
4 680 219 102 113
4 705 562 115 811
4 712 169 723 516
4 714 353 207 763
4 733 271 764 325
3 734 600 726
4 741 234 238 88
4 743 388 424 324
4 747 606 683 878
4 773 470 542 526
4 775 344 523 330
4 782 823 226 118
4 800 383 329 391
4 808 277 117 943
4 810 347 860 402
4 816 381 468 909
4 819 454 369 34
4 824 259 502 993
4 840 358 170 848
4 841 624 406 242
4 850 602 534 769
4 854 924 661 772
4 857 905 350 328
4 865 923 275 360
4 876 960 110 991
4 899 489 968 403
4 912 93 307 442
4 916 74 668 439
4 919 283 593 471
4 925 339 698 959
4 928 365 891 709
4 932 893 618 240
4 942 181 196 754
3 945 507 598
4 972 374 555 717
4 984 569 894 228
4 990 794 190 55
4 0 409 604 856
4 3 690 917 26
4 7 612 336 631
4 11 239 578 814
4 24 920 450 805
3 27 452 459
4 33 137 122 718
4 35 657 844 879
4 36 521 377 269
4 44 376 626 599
3 62 476 962
4 78 913 770 266
4 80 760 496 218
4 96 483 430 549
4 112 829 830 708
4 116 675 745 898
4 123 853 758 711
4 132 787 503 731
4 138 793 40 431
3 155 446 822
4 158 915 820 832
4 166 265 72 156
4 199 601 334 320
4 201 423 950 774
4 203 957 2 540
4 210 290 222 788
4 213 613 846 738
4 220 319 546 750
4 223 843 175 834
4 235 435 646 658
4 241 511 152 907
4 260 639 440 838
4 284 918 499 872
3 292 13 575
3 297 504 461
4 300 685 473 147
4 304 255 301 744
4 321 281 796 780
3 346 349 748
4 372 84 922 296
4 382 953 294 171
4 390 931 978 31
4 395 812 625 384
4 396 545 530 882
4 404 335 17 839
4 405 929 482 610
3 412 164 356
4 414 86 105 732
4 415 51 337 73
4 419 580 179 713
4 425 82 790 681
4 437 881 735 789
4 443 531 355 887
4 448 980 936 771
4 451 904 143 989
4 456 513 308 595
4 457 131 342 561
4 462 813 784 871
4 465 716 92 608
3 474 868 586
4 475 4 633 842
4 479 200 640 30
4 488 873 795 144
3 492 57 211
4 498 90 786 611
4 510 963 229 399
4 514 614 163 847
3 528 444 645
4 544 480 165 52
4 548 877 589 276
4 552 921 664 951
4 558 900 564 322
4 577 506 42 541
4 587 509 858 159
4 590 141 777 874
4 607 804 433 627
3 609 756 910
3 620 37 864
3 629 883 825
4 635 394 270 563
4 637 125 826 975
4 644 18 134 477
4 648 10 14 806
4 650 672 670 753
4 653 114 99 449
3 656 153 484
4 663 958 25 702
4 682 291 888 522
4 688 254 630 798
4 691 256 407 573
4 699 979 547 338
4 700 845 375 135
4 701 285 914 326
3 727 151 357
4 742 174 393 721
4 746 351 707 778
4 757 157 248 659
4 759 15 849 797
3 791 160 736
4 815 427 111 903
4 831 954 886 632
4 833 293 679 752
4 835 273 209 728
4 837 206 359 436
4 861 193 696 941
4 862 885 257 288
4 884 947 669 100
4 911 289 768 673
4 940 348 926 977
4 952 279 182 944
4 955 458 29 19
3 961 525 227
4 966 232 543 501
4 970 341 867 550
4 992 208 311 327
4 997 317 313 762
3 373 749 173
4 927 66 126 47
3 46 421 906
4 75 331 836 149
4 120 520 571 237
4 127 551 567 983
3 136 529 98
4 150 398 416 971
4 197 429 422 491
4 246 583 617 225
3 262 508 689
4 280 441 124 167
4 298 490 95 487
4 302 386 889 956
4 364 445 615 56
3 366 539 697
3 385 585 939
3 411 187 314
4 413 493 969 875
3 432 694 146
4 524 799 453 654
4 538 560 892 994
4 556 581 933 97
4 671 527 982 897
4 678 703 172 869
3 724 987 367
4 761 638 553 299
4 802 464 667 722
