14 89 1345 102 1767 473 1883 155 681 1952 1306 1990 1620 394 4602
15 148 399 1451 2445 2446 1940 2297 63 2051 1095 4571 4409 2704 2121 2116
15 180 737 3774 429 5 350 4140 727 3153 389 2827 3695 4251 3490 4514
14 199 4552 325 1068 3890 1966 4711 88 3911 1410 3076 248 1169 2632
12 400 801 909 267 4036 3255 1259 2523 3869 3295 3297 1459
13 411 967 2572 2562 1049 2083 918 1402 3303 3029 3969 4057 230
14 416 1391 2053 2399 414 2461 1577 1869 86 4890 445 4432 2658 4753
14 423 272 4408 1841 463 3401 4472 4553 871 3431 1031 2434 4437 576
15 600 386 2650 850 214 1207 454 751 2078 3698 3398 3458 3052 1524 3231
14 678 153 2567 2295 3498 327 661 2135 4603 1019 4273 456 4979 3418
14 684 443 773 2187 2102 3546 620 2889 4185 1697 1867 3023 4528 811
14 779 377 3668 3236 4121 4505 1400 2598 4461 191 2380 2678 2292 3538
15 827 3787 3802 4192 4225 1355 2310 3404 2674 1970 3367 2373 3008 1694 1176
15 849 612 1330 4924 441 1886 4932 4956 1339 4447 2936 1122 2207 449 4295
14 880 1164 1177 1688 3457 3710 4650 725 848 2861 2092 268 575 3117
15 950 1521 1293 998 3350 3065 4913 3081 2537 2538 2462 4247 433 1567 4654
14 971 4362 1969 2176 436 1101 2959 2949 1458 1810 1622 1304 3072 839
14 1190 1826 4515 2435 1393 1527 3672 3963 385 3625 3310 3403 4690 2486
15 1262 959 297 1286 3249 1818 1133 303 4456 375 698 2040 1748 284 2728
14 1305 502 3609 1040 1185 3712 9 3814 3338 920 2721 2497 4662 1027
13 1360 2159 1245 949 4701 2777 1641 4686 2988 2898 489 1594 2571
15 1542 2551 554 4106 3328 692 3772 2556 2756 2491 2134 1189 409 4678 4102
14 1588 603 1446 4248 708 2470 1638 1873 3239 3860 3037 3906 1347 4995
15 1602 1073 44 1796 2611 158 1721 198 1411 2032 4221 3311 492 2617 1419
15 1650 968 992 2335 2569 2770 3815 1158 3342 1094 2727 2660 1124 4535 96
12 1715 3321 1093 1323 2586 336 3549 2298 3203 4443 215 2069
14 1759 1210 1929 3777 4204 2561 2736 242 3056 4047 3821 1837 4967 4927
14 1762 455 2010 2654 694 2368 2219 3494 1290 4670 1654 1635 2334 4179
14 1894 2394 1901 428 3811 2073 1220 952 28 3745 2933 2140 505 2607
15 1943 77 4646 1994 83 3892 348 4218 1373 987 2821 3889 430 1726 3217
15 2028 1541 470 203 3999 2484 3049 3702 3057 1964 3010 3568 3322 1699 4296
15 2088 531 3075 886 296 2776 2155 1928 1070 3503 3373 4446 1683 4314 2097
15 2099 1248 3182 3532 1782 4478 3582 2582 2979 1957 4054 1806 2213 3238 1999
15 2233 1268 459 4805 2125 1785 726 3646 1279 3355 1821 4559 1777 1456 1554
13 2250 143 84 1114 0 3178 4834 4494 2865 2575 2350 4874 4365
14 2518 791 317 2540 3929 561 3921 339 1680 4918 2527 1515 4875 1416
14 2539 2181 830 1558 13 1368 4249 3758 809 1215 3741 2144 3953 3323
15 2680 2531 2772 1772 527 1333 4542 4499 2052 3545 1058 2903 1326 4376 1308
14 2685 925 3011 2948 2299 3886 1935 4487 2150 566 2902 121 417 1249
14 2725 108 3309 2226 2493 2907 3347 99 1592 2884 2093 4973 3395 2702
15 2732 3245 3539 190 961 4189 36 1526 1104 2308 2620 3690 1137 4436 929
13 2740 1934 2783 1166 4886 3826 4581 3484 42 803 1814 3955 2037
14 2860 1052 243 2353 2066 182 3946 1277 3816 132 2098 1206 4534 368
13 2875 4467 2812 2318 4311 2671 2315 938 2643 754 1607 1331 3118
15 2886 1314 238 380 219 1842 4066 168 1923 4652 3407 397 2814 2815 2114
14 2893 1518 1603 3319 914 3195 1667 583 3082 3551 4922 917 2214 1717
14 2910 1092 1243 2437 1167 2631 2976 655 8 356 157 4576 3296 2235
13 2920 266 842 843 1831 3506 2529 4347 1557 3543 4254 601 1473
15 2932 1383 1321 1184 3936 516 1747 254 4435 815 3171 3038 403 1797 4188
15 2964 2015 4509 577 1273 4816 2247 1436 2252 2046 2272 2255 3143 1015 794
15 3055 506 2014 1011 4550 1376 4278 3335 1156 700 2825 3728 4040 4573 1944
15 3089 340 2001 820 2229 2589 3507 1497 1474 997 847 4321 4829 3998 280
14 3100 404 1534 1787 1428 1291 4039 3548 1812 381 2723 945 1483 4165
15 3112 937 2036 3883 738 3853 3170 112 293 3871 1432 2465 4674 2853 1597
14 3298 2041 3034 3902 921 1753 3530 2570 2937 4501 2778 4840 2622 2573
15 3349 4163 4611 2193 4457 4811 1412 1105 2794 2383 357 4211 1003 48 2555
14 3369 496 447 407 2416 4860 1520 872 4577 1494 1334 4082 4898 1343
14 3400 1552 4063 4977 2007 4475 4583 1452 3445 4198 2862 41 4916 2019
14 3440 772 1282 328 1226 3747 4716 1261 4281 3200 781 7 610 2117
14 3442 2609 2048 239 4046 2995 2595 2289 1089 2640 446 4380 1413 4336
14 3456 3129 195 974 2344 125 3831 1146 4451 2657 235 4092 1285 1684
14 3515 1121 942 39 955 1260 4116 1550 2550 3341 3830 2487 1976 55
14 3600 564 1847 419 4929 4434 2918 1675 2590 1887 4433 1041 813 3879
15 3604 3000 4554 1287 2167 4787 4283 3724 1775 3032 1608 4940 1395 2249 1593
14 3652 301 140 4689 3861 3718 402 3954 3276 2405 3420 1539 1319 569
14 3676 2915 2305 2823 2967 2828 1264 1320 1639 3 919 1239 60 3433
14 3784 4681 3061 1731 1604 1963 2917 431 3116 21 4739 2655 3573 2942
14 3798 2581 4538 740 3658 287 217 1718 757 840 1676 1522 4420 4032
14 3840 497 343 3709 2789 101 1958 1538 3992 669 4980 3014 4801 4572
14 3904 1629 2103 1968 4001 2719 4241 378 1857 2293 3131 2415 2156 4444
14 3976 479 3306 1136 3592 766 2270 498 59 1110 1209 963 1861 2505
15 3986 2303 2460 563 2358 3073 4237 3519 2402 3472 2991 1512 2398 4793 2818
14 4019 629 528 4502 142 1492 2554 2873 3703 1001 468 1579 3130 4994
15 4075 765 2870 1950 285 3232 3829 474 4120 1882 252 3113 1079 3379 3801
14 4123 3948 4734 4850 4935 966 1145 2191 1975 4298 4200 3512 1803 2080
14 4124 4758 478 4058 2532 3186 611 1740 349 3084 35 4826 1875 718
14 4232 1242 4368 4 1033 3259 2013 884 4223 22 2024 4750 3099 2500
14 4375 504 2112 4883 1827 1734 3937 761 4802 3789 1113 758 538 1165
15 4419 2161 2029 4720 3898 1725 3469 3788 746 1914 2634 1417 4899 4258 3655
13 4604 672 1884 627 1336 250 3033 4110 2363 1624 1140 960 4215
14 4609 1414 635 663 4229 495 3984 3271 2060 2386 177 3601 2339 3817
15 4617 2747 935 586 3475 748 3141 2953 1889 3762 4199 3243 2477 4507 3413
14 4620 4869 1470 3219 986 2844 1181 3165 1615 1960 2160 1947 1074 1274
14 4622 1398 3525 1351 4191 149 4171 4558 4806 1082 4354 3748 1636 2049
15 4660 309 858 1061 1186 4755 4888 1668 4310 4268 897 898 3570 4939 819
14 4717 2281 3022 1978 4350 816 3964 696 2563 1271 1892 2068 2666 3641
13 4724 3172 1672 246 4414 1251 529 45 4048 3399 4591 3587 2391
14 4876 1153 1698 3124 4454 573 3513 4210 649 4149 826 2999 131 2464
15 2417 1 2365 4291 2123 3334 1741 2738 2200 3375 537 4126 2779 1677 2908
15 17 4002 3482 875 2724 3207 1211 1134 639 2596 2316 186 322 2115 97
14 40 308 3771 2428 2817 31 2711 4216 3925 838 392 927 4128 895
14 82 981 666 2577 3677 1868 4635 3382 1067 2749 2941 4274 1463 2341
15 87 2302 2182 1571 3671 1942 2699 1913 2798 3875 1102 1724 845 3213 2430
12 122 4928 3661 3095 374 1090 3650 1129 333 3880 589 778
15 197 1217 353 30 1234 2715 887 2843 2403 3731 2242 159 994 2896 1583
14 220 3743 1389 4849 4653 393 4529 626 817 3293 1170 2411 2314 3726
15 271 1098 2017 4014 3227 4668 4101 3108 3993 1848 4703 2196 582 4921 1161
14 286 2519 422 2905 1674 482 3450 253 3520 3974 915 3042 3556 2230
14 312 3388 1276 3928 911 3795 1292 3246 788 4397 3924 1427 4752 4257
12 326 2243 3611 2888 876 282 978 780 3857 3486 954 320
14 334 870 1438 174 524 1701 1407 1576 4605 4590 2300 351 2317 4974
15 355 2574 3820 632 324 2395 1973 2692 4418 1386 113 3163 957 2833 2261
15 395 228 503 1241 3491 4343 1335 3305 732 2244 1072 3657 3028 4978 4656
14 448 2972 2782 664 1989 990 1445 1178 2900 421 1440 1296 3804 1422
14 481 3224 4404 4730 3278 1702 4740 262 4013 4379 1295 4738 1338 1871
14 499 3094 415 4129 2025 164 52 3260 4737 3574 3599 1316 1531 4252
15 520 3593 2718 46 106 232 3824 388 713 517 4914 4023 1828 1878 3564
14 584 1662 2296 2343 965 2616 119 2105 450 4111 1590 962 4623 4810
14 594 3501 2481 1382 2401 1995 3250 1298 2210 571 1053 2945 1103 4209
15 622 541 1570 1150 4521 4488 4797 2544 3030 4150 3158 3414 3315 2188 853
14 624 2259 4084 2806 1491 798 4746 4051 3427 2761 1750 3653 3460 1476
14 651 3670 466 4029 1648 4570 1927 15 879 4109 2106 1644 3918 3159
14 670 1996 4006 1423 14 435 1916 3903 608 2264 4003 1628 1877 1850
14 676 372 4905 3704 95 1034 4052 1993 2478 1808 4049 3681 2797 2834
13 715 4187 3962 2997 3882 437 4625 2294 2720 3058 3406 4242 1238
15 720 2791 2675 550 714 2971 1888 3059 1063 68 4334 1804 1537 764 4777
14 769 3086 2360 4263 3391 4011 2438 1627 4127 3242 3878 2234 604 539
14 861 3282 1075 1700 4540 1793 2672 294 869 2517 1162 2003 1771 2454
13 888 4561 345 4300 770 3887 3865 1763 1911 4566 3527 2925 2269
15 908 2274 1835 558 2768 2726 3616 3175 3752 1833 2359 4861 4764 4870 3393
15 924 1801 1938 3736 4735 471 4056 1788 2488 581 413 337 4090 179 1175
15 934 4951 1987 4287 484 2506 4877 862 71 3385 1163 65 859 3415 4339
15 976 3051 3994 3080 3933 680 1372 885 2457 3608 3852 1191 291 1673 2110
13 980 2171 2784 653 1466 4936 4661 1495 4491 1507 4483 4866 3098
12 1060 3423 4953 3137 1367 1523 547 462 1860 1678 3196 3614
15 1120 1870 2648 1601 4984 201 1139 3706 922 3119 3876 2599 2345 4329 3441
15 1236 1506 1605 3504 3773 1560 1845 264 3888 4269 2203 2384 2679 3439 3003
14 1356 1575 623 2856 2820 1555 3589 4391 4276 4474 3835 2613 2564 3915
13 1375 4615 638 2286 1471 3150 4349 2947 4884 2628 4864 3174 4277
14 1401 3277 2547 2138 2652 3958 3035 410 742 1766 2356 1543 2509 376
15 1460 2451 618 1855 2340 2850 4033 1660 1864 4015 4833 3870 2630 4813 3856
15 1490 3841 4919 2989 150 4629 1212 4842 1378 4285 2397 319 3047 2414 3409
13 1500 2786 4548 1258 2883 3248 3786 4098 1289 4706 4096 477 3951
13 1508 910 1299 1097 1039 4536 679 4788 800 641 4616 4352 1182
12 1546 521 522 2362 3990 1809 3562 2931 1257 4231 2839 100
13 1548 3229 2688 4394 3455 1919 2186 2273 2253 4053 2400 2058 2471
14 1616 544 555 1231 19 2279 3176 3339 1018 3618 3357 4405 2961 1529
14 1618 941 4776 1173 4599 1201 1755 1453 2152 4452 4022 92 3534 1204
15 1619 3316 4004 736 408 4005 3781 4427 3679 3394 4498 2946 4324 1315 1655
13 1626 1478 2333 384 2713 790 775 1071 4359 137 2681 4762 1939
15 1670 2277 2626 1757 3402 2854 318 453 4846 4425 570 1014 2916 665 2118
14 1707 4626 3333 1363 824 4512 2130 1371 3444 310 4586 1517 273 4275
13 1823 1621 3461 956 2136 184 1774 2578 3630 205 2621 4894 3410
15 1840 2701 1069 1681 3874 2469 648 370 2822 3536 229 1915 4522 1974 1951
13 1909 836 2635 1813 3621 2716 706 4896 3416 2413 1735 4684 4798
15 1921 2301 2503 1119 3301 369 3760 2927 673 4588 2906 1017 3607 4578 3452
14 1925 3566 2056 4636 4319 3508 658 2311 739 103 2275 2070 3636 3966
14 1965 3602 1332 1337 1941 2426 442 519 2909 3764 3778 2930 74 4600
13 2023 3766 3796 1563 2440 6 628 2424 578 1509 4988 2754 107
15 2166 4481 3220 167 2480 4547 518 56 3314 4722 656 3302 3675 860 4155
15 2201 1893 1138 4289 1394 2637 258 4288 3091 760 2101 995 4293 1679 406
15 2232 1854 2444 4224 3390 1142 3140 1085 1045 3313 3090 4700 3828 129 4903
14 2260 161 3123 4292 2708 4506 2642 2802 3426 2775 2425 1645 3654 3541
14 2265 4530 2974 1062 3291 226 1536 2381 1000 1663 667 4769 1879 2139
13 2453 1711 3588 2047 1729 259 4236 3256 2615 947 3664 4266 735
15 2587 460 3429 1086 4326 533 2357 2545 2750 3436 3437 2404 1480 4702 645
14 2591 3241 173 4756 4634 3723 1421 3468 1322 4422 3121 1081 4119 260
15 2602 1997 944 3447 1392 4761 2475 2521 1362 1404 4851 3135 4138 4819 4990
15 2683 1283 515 391 469 1388 1267 2170 117 1078 1021 4960 3628 3383 1778
14 2705 1920 3290 1956 3454 69 354 1501 2871 701 98 3713 3572 540
13 2831 802 4853 916 1535 3180 1088 85 11 1198 3838 2759 4470
15 2863 2541 2085 2016 630 2559 256 3714 2826 3626 234 2706 2157 111 405
14 2885 4496 1493 2604 1720 4469 4272 2894 1631 4545 321 4113 2322 4455
14 2892 1825 1479 536 574 1972 4732 4770 3855 2107 3837 3825 4360 2494
14 2935 3595 3387 491 3705 4061 2785 37 1352 3711 3267 2951 1341 1876
14 2985 1200 147 1342 1349 1722 1613 3529 4476 331 1981 2479 4575 831
13 2992 3680 346 3797 4847 3987 1390 1907 2735 1703 3689 3716 2189
14 3018 2158 3872 2129 4648 1468 2463 3908 3069 2614 1143 2952 3567 4714
15 3125 4450 2151 1359 2122 2696 1496 1642 1084 2872 2516 1866 1301 3663 4694
13 3155 691 2836 33 2520 878 2045 3584 864 4996 255 4632 2288
13 3160 3975 344 609 3511 1313 3561 835 741 3477 3794 4340 3096
14 3191 3977 4942 1111 458 4318 4431 4139 2962 3833 4439 1447 3318 2745
15 3263 4957 3656 2241 4458 3351 3134 4411 1606 4233 3343 2832 4712 4843 1353
14 3264 4125 62 3001 185 361 2929 4307 3580 4601 2328 1327 283 4773
14 3325 241 2624 2969 4401 593 4260 4202 2459 3499 2837 863 3678 4239
14 3340 4848 1979 2218 4997 2734 4083 1029 4453 138 2205 1055 4238 2043
13 3348 3169 2890 1596 3575 1126 693 118 3912 3687 932 4448 4093
15 3365 4837 38 3700 4831 977 2081 2433 2418 2880 1574 2008 193 2174 1431
14 3531 2934 2124 4305 3938 2321 3478 1488 2390 4412 1949 358 2389 3944
14 3540 3844 4133 251 688 2236 50 3189 2492 785 3114 3071 3899 3673
14 3586 4361 4982 844 1048 2731 76 2120 269 116 3346 1253 3979 3492
15 3696 1661 2352 1547 4721 1477 4399 4891 1693 27 999 2094 1498 2813 4164
15 3733 3206 2104 892 270 2287 3377 128 3919 4323 782 4407 3620 2653 699
15 3920 4333 1324 4134 75 1746 1559 646 2638 231 94 2781 420 1564 3205
14 3926 134 1614 426 152 2669 1312 315 2061 3330 4473 4748 4076 4143
15 3956 3674 2859 4214 3368 1225 3753 690 133 1881 2452 330 3792 4651 4555
12 3980 3050 2744 2021 4020 4392 4708 4627 3127 4428 211 3041
13 4038 1183 982 2950 3742 2753 1824 4705 1006 2858 4284 3371 2811
14 4080 4941 2553 2687 1931 3190 1467 2899 1028 3067 24 4589 290 2824
14 4088 1461 1595 2254 3183 4059 2431 444 587 4607 2810 3222 1742 3943
15 4091 4992 3836 2921 1611 1030 487 2867 1254 3897 1751 3617 1172 1379 2763
14 4095 4664 387 1779 2050 1838 1992 2482 4587 1202 3218 4151 135 4087
14 4104 1240 1091 78 359 3168 4675 2773 2240 4190 1179 461 3744 4789
14 4118 3039 716 3606 662 1890 1502 1227 1510 3269 4009 4184 857 3463
14 4148 295 347 451 4923 1658 2427 2980 1010 2320 2456 1083 3043 3483
14 4158 209 4042 3198 2215 2282 4667 2473 465 3209 4317 1580 1037 3522
15 4178 4415 2697 1406 485 1633 1591 3300 1358 4774 3693 2057 3451 360 3818
14 4181 472 674 434 2926 606 2376 3922 3173 3819 3901 1749 4687 1687
14 4213 4541 1123 2689 3485 1426 2558 3060 856 4985 1310 3214 2039 2035
14 4235 227 4767 1587 1369 3721 3184 3128 1329 1716 2278 3422 3917 4387
15 4256 2126 3665 2276 3294 3989 709 1216 3240 556 1439 2601 3715 1265 1409
15 4302 4136 1106 16 3905 1472 1047 383 2588 2225 2857 1399 2746 590 891
14 4335 852 3972 4574 3537 2710 1924 2361 4759 3397 1581 4917 615 1713
14 4337 4683 3211 2748 4205 4796 1309 523 1568 855 3419 3808 2248 1199
14 4341 2271 1853 3021 996 4017 4459 796 2774 4698 3563 4071 3040 2651
14 4342 3518 263 3360 3720 793 2175 3846 4255 2965 277 1691 3179 747
12 4373 2211 4666 3651 2483 767 2324 652 4207 4783 984 1280
14 4429 1420 3336 509 3996 4673 851 2042 1599 1727 2677 2512 3132 3462
12 4464 3352 654 49 1340 3144 3932 4546 2026 2407 3280 3554
14 4492 3045 2530 1704 61 4166 1148 1213 3495 1865 3421 1294 3965 3590
14 4565 3809 222 3489 2002 3331 1584 3126 1051 3317 3012 2231 3412 2064
12 4592 3810 3734 1937 689 4010 4976 697 3103 4449 3244 2695
14 4639 3947 1454 4741 4031 2656 2448 2757 4466 2087 3754 4628 2805 4462
14 4709 2369 585 4800 3751 3591 139 4719 4279 4012 1005 439 4539 4479
14 4731 401 3535 607 3285 3858 948 4525 398 1739 187 1811 3272 2496
14 4744 572 810 1504 4115 1344 2957 1545 1836 3279 3877 685 3612 1246
13 4751 1297 3380 4500 1486 2337 4141 2533 745 2199 126 4817 1144
12 4782 2742 2743 304 305 1736 4911 4308 1752 511 2111 1656
14 4784 2192 4606 2864 3481 4812 51 979 2808 3062 2904 2364 1096 1874
15 4815 4989 2005 2163 2195 1918 704 1600 789 592 412 513 2987 4597 4856
11 4841 4775 1007 854 1839 3934 79 2970 4463 687 3949
14 4857 1481 3070 3194 2082 2059 1640 3850 833 4085 314 2258 3732 4351
15 4882 1980 2845 3894 3755 1272 3523 196 2629 247 3521 1152 1829 2370 3223
15 4907 2366 1798 2645 3497 2525 2765 4549 1188 534 289 2693 1553 3405 2095
14 4993 2006 3864 1266 988 311 4830 3312 2216 4034 4671 1647 4369 2245
15 2077 989 1346 4495 2691 2177 546 4786 1795 1885 4950 818 4879 2022 2938
15 188 2410 4949 1032 244 1350 1099 4680 1168 4168 2800 1203 2636 1057 4630
15 438 382 1880 4912 160 595 964 1653 4322 4286 2133 490 4073 2579 2375
14 464 2441 2583 1852 1895 2787 3284 3827 1551 4867 3036 3411 500 2054
15 480 2507 3866 4413 1196 4836 2978 928 2560 2004 3569 124 1009 2840 26
14 493 1625 823 3988 866 4100 2256 1503 729 1112 4222 3682 733 3092
13 525 2644 4766 867 1317 2796 1513 300 1776 1218 4490 1482 4938
14 545 894 390 4887 2741 3142 890 192 2338 972 4695 183 4468 2027
14 636 4117 3289 2285 535 2968 3210 702 1705 640 1087 4097 4715 4396
15 1064 4301 3177 598 1194 366 1714 4655 3945 2429 970 2600 903 4696 105
14 1377 1666 3559 1768 3526 2291 3152 4170 4663 1235 275 1532 4246 1933
14 1464 424 2661 4228 1275 3983 2703 3914 4105 3957 902 3940 4672 1056
14 1912 1141 1263 2760 605 551 3253 4568 64 2355 1455 705 2141 2442
13 2227 3199 3356 2944 4649 1107 194 172 2981 4482 2012 4614 3555
14 2268 3106 2031 1080 2603 338 2954 4808 4608 3009 4445 2924 1180 12
15 2421 3644 2535 396 3528 2983 3553 946 4147 825 1906 3560 1659 832 3252
13 2612 1549 2877 1270 1016 3396 3576 3326 58 2067 3466 323 3881
15 3054 1896 3533 4854 2474 3337 4193 3768 1917 3353 2973 896 2597 2217 2627
15 3068 1671 1108 3596 2543 3197 363 2990 4041 2079 1733 4963 4243 4154 1221
14 3613 2222 1435 814 2173 4309 3101 4537 2712 532 1685 1514 4598 1859
13 3632 1954 2075 4108 432 4669 731 2011 3212 3273 510 3193 3790
15 3800 2676 292 2966 2866 3667 1849 4389 4064 216 2476 2392 3025 906 2698
15 3863 4485 3015 4227 1820 2986 4519 2406 4062 3016 2090 2608 2982 1985 4729
14 4180 2882 1365 2290 2897 2065 486 660 2169 2922 2752 4078 3645 1437
14 4280 2197 4624 4489 3622 1743 3083 2940 1566 1858 4484 1805 2137 4177
