4 23 109 588 983
4 28 74 890 230
4 41 121 25 126
4 48 665 278 102
4 49 277 117 367
4 50 67 547 205
4 53 454 369 320
4 60 16 66 534
4 68 12 115 484
4 70 154 261 107
4 104 178 307 257
4 108 77 165 52
4 128 85 310 559
4 140 181 778 568
4 142 137 378 459
4 145 383 329 391
4 148 161 818 917
4 168 59 333 615
4 176 274 309 468
4 183 318 184 239
4 186 129 349 748
4 189 435 54 428
4 212 1 306 63
4 233 535 999 988
4 236 409 745 776
4 243 452 450 805
4 244 177 89 339
4 251 245 406 242
4 252 387 373 720
4 258 169 546 750
4 268 9 152 518
4 272 521 106 598
4 282 162 946 133
4 287 250 286 439
4 303 259 238 88
4 312 639 146 763
4 316 417 851 704
4 332 217 8 771
4 345 513 308 595
4 352 657 226 477
4 354 410 340 187
4 363 381 860 589
4 370 139 295 388
4 371 924 661 519
4 389 249 401 83
4 392 602 188 397
4 400 344 523 330
4 420 185 533 918
4 455 365 2 540
4 460 504 461 729
4 467 469 180 554
4 485 562 481 263
4 505 960 110 991
4 517 362 687 662
4 536 600 566 447
4 537 353 207 753
4 565 672 670 211
4 570 61 902 935
4 574 347 789 325
4 594 283 424 149
4 596 823 466 343
4 619 446 578 493
4 623 624 294 171
4 628 423 928 219
4 634 893 502 636
4 643 793 40 697
4 649 376 626 563
4 652 444 593 218
4 674 489 382 953
4 680 613 21 675
4 705 606 964 473
4 712 358 170 192
4 714 509 221 515
4 733 812 625 384
4 734 90 726 891
4 741 483 377 269
4 743 845 337 73
4 747 380 434 6
4 773 374 692 758
4 775 476 962 906
4 782 13 119 751
4 800 913 323 51
4 808 614 118 426
4 810 601 17 839
4 816 883 825 641
4 819 905 350 421
4 824 690 684 640
4 840 794 190 55
4 841 787 503 71
4 850 923 275 264
4 854 255 301 744
4 857 947 669 100
4 865 82 790 996
4 876 281 796 449
4 899 86 105 732
4 912 813 408 702
4 916 904 359 817
4 919 881 651 572
4 925 760 496 471
4 932 84 922 512
4 942 15 849 271
4 945 157 762 478
4 972 929 482 147
4 984 963 764 728
4 990 829 830 355
4 0 685 122 611
4 3 4 618 69
4 7 954 858 159
4 11 305 985 693
4 24 37 864 715
4 27 87 783 768
4 33 151 214 191
4 35 160 357 856
4 36 103 870 647
4 44 853 894 228
4 62 931 430 756
4 78 131 530 326
4 80 868 111 903
4 96 980 689 679
4 112 125 826 319
4 116 873 706 779
4 123 877 676 581
4 132 18 495 668
4 138 480 582 402
4 155 885 542 543
4 158 153 394 666
4 166 174 575 30
4 199 234 886 610
4 201 289 336 631
4 203 10 14 769
4 210 206 393 58
3 213 79 314
4 220 193 696 31
4 223 285 95 113
4 235 921 604 632
4 241 317 313 91
3 260 293 57
4 284 341 65 247
4 292 224 182 944
4 297 194 47 516
4 300 331 836 324
4 304 335 172 500
4 321 695 557 995
4 346 351 664 253
4 372 398 416 971
4 390 386 804 586
4 395 232 288 550
4 396 545 784 717
4 404 716 92 608
4 405 141 328 867
4 412 254 630 266
4 414 520 645 360
4 415 583 842 375
4 425 458 29 175
4 437 291 198 248
4 443 814 621 531
4 448 551 522 32
4 451 204 342 561
3 456 441 506
4 457 273 209 156
4 462 555 822 719
4 465 45 173 564
4 474 256 101 56
4 475 525 698 959
4 479 585 939 936
4 488 379 453 780
4 492 208 311 327
4 498 646 683 215
4 510 569 497 200
4 514 279 163 463
4 528 348 987 811
4 544 765 265 708
4 548 427 433 627
4 552 508 754 725
4 558 605 914 882
4 577 429 422 491
4 587 438 846 616
4 590 445 322 875
4 607 464 933 97
4 609 612 42 43
4 620 667 20 72
4 629 532 38 888
4 635 527 982 897
4 637 539 270 599
4 644 809 442 659
4 648 470 227 798
3 650 490 229
4 653 560 766 781
4 656 832 660 907
4 663 694 440 910
4 682 472 977 93
4 688 529 98 179
4 691 965 707 196
4 699 852 786 718
4 700 799 770 315
4 701 703 334 34
4 727 713 895 22
4 742 597 576 195
4 746 642 859 19
4 757 785 710 368
4 759 591 26 399
4 791 767 571 774
4 815 866 711 869
4 831 592 419 216
4 833 795 889 892
4 835 658 222 130
4 837 737 755 76
4 861 638 553 299
4 862 114 94 731
3 884 901 436
4 911 801 164 356
4 940 134 878 5
4 952 827 978 908
4 955 807 431 573
3 961 926 407
4 966 797 847 709
4 970 848 738 739
4 992 993 526 231
3 997 240 834
4 46 934 792 969
4 75 749 633 948
4 120 863 806 202
4 127 549 788 967
4 136 144 938 276
4 150 290 677 673
4 197 957 844 879
4 246 803 499 580
4 262 617 730 721
4 280 777 874 880
4 298 973 722 99
4 302 843 338 686
4 364 976 956 64
3 366 872 986
4 385 909 486 541
4 411 915 927 507
4 413 994 821 487
4 432 124 167 567
4 524 655 949 989
4 538 403 920 871
3 556 979 735
3 671 511 838
4 678 937 622 950
3 724 143 752
3 761 237 723
3 802 958 974
3 820 579 943
3 828 930 81
4 896 681 855 267
3 968 740 975
3 998 39 584
