3 23 361 81
4 28 964 378 225
4 41 121 651 572
3 48 109 588
3 49 532 38
3 50 67 676
4 53 901 666 500
4 60 278 21 636
4 68 54 184 709
4 70 934 333 43
3 104 154 783
4 108 12 306 63
4 128 61 902 935
4 140 103 870 647
4 142 605 616 686
3 145 224 119
4 148 785 106 717
4 168 863 408 702
4 176 274 39 584
4 183 87 261 107
4 186 305 566 447
4 189 194 710 518
4 212 438 715 776
3 233 161 568
4 236 767 221 515
3 243 692 133
4 244 380 434 6
3 251 77 91
4 252 216 101 981
3 258 59 130
4 268 267 264 191
4 272 597 576 195
4 282 162 946 428
4 287 83 466 343
4 303 177 687 728
3 312 706 779
3 316 9 214
4 332 695 231 641
3 345 318 817
3 352 178 986
4 354 245 999 967
4 363 591 481 263
3 370 996 89
3 371 129 621
4 389 642 859 19
3 392 535 512
3 400 720 205
3 420 1 890
3 455 139 295
4 460 204 418 774
3 467 16 192
3 485 250 8
4 505 217 65 247
4 517 362 730 58
4 536 410 494 519
4 537 85 310 559
3 565 387 350
3 570 417 323
3 574 495 286
3 594 79 340
4 596 469 180 554
3 619 185 533
4 623 965 729 5
3 628 592 401
4 634 69 94 76
3 643 665 683
4 649 379 851 704
4 652 801 215 463
3 674 249 751
4 680 219 102 113
4 705 562 115 811
4 712 169 723 516
4 714 353 207 763
4 733 271 764 325
3 734 600 726
4 741 234 238 88
4 743 388 424 324
3 747 606 40
4 773 470 542 491
4 775 344 523 603
3 782 823 226
4 800 383 329 391
3 808 277 117
3 810 347 860
3 816 381 468
4 819 454 369 34
3 824 259 502
3 840 358 170
4 841 624 406 944
4 850 602 534 769
3 854 924 661
3 857 905 426
4 865 923 275 360
4 876 960 110 991
3 899 489 888
4 912 93 307 989
4 916 74 668 439
4 919 283 593 471
4 925 339 698 959
3 928 365 891
3 932 893 618
3 942 181 196
3 945 507 598
4 972 374 111 903
4 984 569 894 228
4 990 794 190 719
4 0 409 604 856
4 3 690 917 725
4 7 612 336 631
3 11 239 578
4 24 920 450 171
3 27 452 459
4 33 137 122 718
4 35 657 844 879
4 36 521 377 269
4 44 376 626 599
3 62 476 962
4 78 913 770 266
4 80 760 496 218
3 96 483 430
4 112 829 830 100
4 116 675 745 898
4 123 853 758 988
4 132 787 503 71
4 138 793 693 781
3 155 446 822
3 158 915 950
4 166 265 72 156
4 199 601 334 320
3 201 423 296
4 203 957 2 540
4 210 290 222 951
4 213 613 846 97
4 220 319 546 750
4 223 843 175 662
3 235 435 477
4 241 511 152 907
3 260 639 440
3 284 918 499
3 292 13 575
3 297 504 461
4 300 685 473 147
4 304 255 301 744
4 321 281 796 780
3 346 349 748
3 372 84 922
3 382 953 294
4 390 931 978 31
4 395 812 625 384
4 396 545 530 882
4 404 335 17 839
4 405 929 482 610
3 412 164 356
4 414 86 105 732
4 415 51 337 73
3 419 580 179
3 425 82 790
3 437 881 735
4 443 531 355 772
4 448 980 936 771
3 451 904 359
4 456 513 308 595
4 457 131 342 561
3 462 813 784
4 465 716 92 608
3 474 868 586
3 475 4 633
4 479 200 640 30
3 488 873 484
3 492 57 211
4 498 90 786 611
4 510 963 229 399
4 514 614 163 887
3 528 444 645
4 544 480 165 52
3 548 877 589
3 552 921 664
4 558 900 564 708
4 577 506 42 541
4 587 509 858 159
3 590 141 328
3 607 804 938
3 609 756 910
3 620 37 864
3 629 883 825
4 635 394 270 563
3 637 125 826
3 644 18 948
3 648 10 14
3 650 672 670
4 653 114 99 449
3 656 153 242
4 663 958 25 330
3 682 291 198
4 688 254 630 798
4 691 256 407 573
4 699 979 547 627
4 700 845 375 135
4 701 285 914 326
3 727 151 357
4 742 174 393 721
3 746 351 707
4 757 157 248 659
3 759 15 849
3 791 160 736
3 815 427 433
3 831 954 886
3 833 293 679
3 835 273 209
3 837 206 949
4 861 193 696 941
4 862 885 257 871
3 884 947 669
4 911 289 768 673
3 940 348 805
3 952 279 182
4 955 458 29 276
3 961 525 227
4 966 232 543 501
4 970 341 867 550
4 992 208 311 327
3 997 317 313
3 373 749 173
3 927 66 126
3 46 421 906
4 75 331 836 149
3 120 520 571
4 127 551 567 983
3 136 529 98
4 150 398 416 971
3 197 429 422
3 246 583 842
3 262 508 689
4 280 441 253 753
3 298 490 95
3 302 386 889
4 364 445 615 56
3 366 539 697
3 385 585 939
3 411 187 230
4 413 493 969 875
3 432 694 146
4 524 799 453 654
3 538 560 892
3 556 581 402
4 671 527 982 897
4 678 703 172 55
3 724 987 367
4 761 638 553 299
3 802 464 933
