20 89 497 343 3623 2084 4727 1196 4582 3990 2138 955 2844 1181 2400 2273 2253 4053 1975 235 2759
20 148 967 503 2180 1872 145 146 2874 3823 3148 4015 2081 2433 590 2968 155 1072 3657 1432 2465
19 180 266 2305 470 203 1757 1764 567 1851 1573 2768 4591 577 4473 4748 2564 1970 764 1876
20 199 272 3306 25 3834 404 1937 4847 3987 4849 451 4619 4802 1144 2248 511 4935 3297 1979 554
20 400 1052 973 4383 104 4099 3896 2646 899 109 868 933 171 2811 3036 2815 260 2634 3451 360
20 411 1268 459 2164 1895 2787 178 4368 4959 3610 251 1454 2718 3593 4741 3595 3484 1509 1279 4126
20 416 937 2075 3198 2215 4943 4511 1224 3582 2529 1289 1107 194 172 2894 3721 1340 2897 2898 3318
20 423 301 4299 3063 2262 463 1486 1226 3859 23 4198 1648 4963 1692 2630 4813 2398 76 1644 2843
20 600 1314 238 4303 4991 4860 1520 2747 3122 609 3890 2199 4463 697 4494 2865 4496 1493 2604 1349
20 678 765 1870 1904 3384 3854 2472 3579 776 2855 2371 3557 3392 1724 845 3213 2395 1084 2622 3815
20 684 340 2001 820 894 390 1059 4677 2927 3708 2000 975 294 2978 34 1939 963 1861 3918 3919
20 779 479 642 2943 2633 4520 2246 2247 3374 3812 4893 357 4211 240 48 1829 4700 2456 1083 3296
20 827 1629 3581 2635 1926 3455 529 4642 2428 42 942 39 3387 3273 402 3954 3276 604 498 59
20 849 309 2659 596 585 2124 958 761 4182 1269 746 3939 3364 114 582 945 2533 2797 3874 2907
19 880 1164 82 1414 84 424 3872 3335 2826 1151 617 2032 2595 3193 4812 3580 2049 4956 1339
20 950 791 1299 558 560 4885 1822 3334 1731 1286 3351 4771 3303 3330 1341 491 1275 2493 620 1660
20 971 1248 2481 3471 969 686 3487 296 2776 3449 1261 2388 4484 610 3917 2269 4470 2854 2638 4168
20 1190 1153 115 3162 565 4390 1270 4701 2777 884 410 1458 867 3244 3810 2031 1805 863 3279 3877
20 1262 870 1325 2751 1318 4734 3886 278 170 1006 1502 137 532 533 534 535 2516 1014 2599 2383
20 1305 77 3665 3923 1303 1743 516 1747 3427 2761 1750 3653 3460 4875 3914 1755 4057 3390 2431 4287
20 1360 2015 147 644 2229 2296 4933 4719 4768 2076 3769 871 872 1818 1322 4478 2058 4141 4598 4789
20 1542 1383 1330 1323 1719 865 3667 239 4046 483 731 4831 977 4833 4834 2390 412 2941 3222 2335
20 1588 1552 195 974 2344 2700 1288 1026 2947 4144 1899 873 4073 3008 4651 1422 2189 2834 4721 3908
20 1602 772 2626 2146 2592 4969 1936 4328 140 1841 1245 4116 1887 2828 1037 2833 2794 2157 4589 398
20 1650 2301 353 30 1234 2715 930 2558 1736 209 1376 4278 3569 3523 1866 840 1343 1371 3444 4888
20 1715 2541 2251 4325 2387 524 1789 3232 3760 2223 1209 1143 2952 1459 3091 760 1028 4249 3758 3350
20 1759 1210 808 1587 1369 4362 1201 2977 1491 4271 327 661 2922 3567 4590 1215 1216 3745 1218 3178
20 1762 672 1901 563 2096 3192 4610 4868 3578 2758 4930 3017 4932 3628 4729 3003 2249 1593 3522 4939
20 1894 2519 1069 2623 4194 1725 1519 4477 43 3138 2605 4402 1652 279 2117 2721 2497 2337 4238 2452
20 1943 4758 4691 488 2072 1686 1032 3671 1630 633 2168 1214 1875 3200 3396 3646 3554 826 2570 2937
20 2028 2581 683 4250 341 4570 3508 3167 2848 3883 3170 2382 1302 4215 3041 2588 2225 71 3385 4140
20 2088 161 3123 4292 3739 2351 579 3147 1561 3149 4821 1611 1972 1973 1994 4994 1976 546 4786 2728
20 2099 4467 3448 1061 1657 3952 886 748 613 1696 4176 73 777 2156 3626 234 86 1717 2275 781
20 2233 2041 3034 3120 4014 3227 911 4611 3669 4549 4550 4472 2176 436 1101 578 1722 4231 2290 3356
20 2250 1242 2838 2913 2063 2128 1002 1008 4007 3094 1068 3700 297 4997 2734 3339 1018 2236 4448 3128
20 2518 2281 650 4854 2474 4982 595 3765 2696 3679 3474 3824 1292 566 3301 1295 1296 337 4090 1639
20 2539 981 3262 136 2809 3265 1505 4370 3268 3502 3270 685 1774 4233 320 4120 2938 1015 2258 1087
20 2680 4928 3927 783 2584 1405 4910 2542 681 1952 3737 1617 72 2916 1882 4498 2946 2521 4777 3790
20 2685 2161 4316 797 1929 2143 3320 1212 3535 1740 3295 1114 0 2827 2924 1538 431 3713 4113 2322
20 2725 3245 2062 190 2033 1765 1802 2876 1448 4132 4688 2560 1513 300 1857 1767 2483 767 1188 4214
20 2732 4415 2224 1756 4016 1194 3972 2303 4391 2163 3189 2492 785 2407 4105 1907 2735 1703 4236 2507
20 2740 2791 2179 1424 1819 1706 657 4203 4367 3782 4944 4891 2252 2046 2272 2255 3143 3223 2979 4507
20 2860 4869 528 2165 90 3185 4807 2194 1489 2959 3544 1113 758 538 947 3664 701 3705 3687 932
20 2875 4951 1324 1054 4244 4245 47 366 2849 1346 2950 2583 1852 1966 3511 4919 1276 3857 3858 1917
20 2886 2243 1977 4183 2593 3221 1723 3930 2528 2829 1962 1651 1992 3959 3463 1482 2011 1186 3789 3814
20 2893 2302 3968 1815 428 237 1807 256 3714 2066 3832 3695 4251 3490 2454 1788 692 1956 2944 2459
20 2910 1997 362 2038 1022 4345 4346 2939 710 2367 1070 3503 1608 4940 1074 4433 4759 2415 1078 1021
20 2920 496 382 3910 384 3776 2460 3719 373 829 378 3359 1900 4663 3409 4914 2636 1057 4630 1058
19 2932 2574 1415 768 1499 1284 2699 288 1948 1429 4170 2524 3202 3411 500 4735 581 1580 1253
20 2964 3051 1403 599 267 2284 614 452 1888 1612 2347 3985 2899 2101 2054 3801 3663 3135 4138 3012
20 3055 521 522 1043 1035 854 142 2104 2812 3561 630 2078 3466 2324 1271 4445 3636 4003 1628 21
20 3089 1217 1689 2325 3793 4290 4253 3706 3331 1609 2396 2051 232 135 4286 1455 310 4586 4284 3371
20 3100 1098 325 4612 2921 3771 1880 1627 4127 4629 892 270 3075 1133 3513 128 1136 3592 766 3965
20 3112 3388 3022 1704 4300 305 810 1344 3909 2647 4516 3633 2336 4528 1566 3734 1420 184 2359 2210
20 3298 3316 342 204 1086 1945 1946 3156 4363 3428 2572 1031 2434 4437 2805 2862 1607 3741 2144 4534
20 3349 3277 2547 2803 2804 66 328 4230 3354 1129 1504 3928 780 4272 2173 1283 4495 2691 2111 3114
20 3369 2972 2782 1898 3344 3935 1123 4411 1348 3629 2102 4566 3892 3414 4722 517 1203 2097 3415 2500
20 3400 241 874 4480 244 2850 618 1855 4505 3476 3525 1351 1352 3630 3060 2981 1950 3689 2150 1681
20 3440 1801 2307 4530 2535 573 3376 4633 3594 1968 4001 2719 4412 4396 673 4588 2906 1017 1581 1019
20 3442 1 1982 1983 154 2327 1408 2594 2756 1306 1990 3850 1649 3697 962 523 2386 177 3693 2389
20 3456 2609 3066 1200 4509 2795 1798 2362 4223 22 3833 2817 290 1640 4980 1806 1928 2601 3715 1265
20 3515 836 4384 1193 3324 1033 3044 588 2440 3360 3275 2140 174 1410 3314 3315 2188 853 1419 3393
20 3600 3282 2342 299 4259 4343 726 3724 2548 3355 730 4859 3493 4444 4314 2479 4575 1683 2538 1326
20 3604 4541 422 2905 3807 1632 2694 2966 2940 3609 2553 3999 206 3419 3808 2292 1684 1676 4936 885
20 3652 1662 2162 1363 824 181 2955 786 1384 4822 635 4207 2806 2712 3457 1989 2316 186 322 2655
20 3676 2171 502 1342 504 3425 2108 2238 736 704 11 14 3958 1313 1492 1873 1316 99 3527 789
20 3784 3229 2688 913 2444 2445 2446 3141 3093 1739 3826 4581 2652 938 2318 1119 348 1594 1494 417
20 3798 372 756 207 2624 1995 418 943 4401 990 3650 3651 126 3375 3654 331 4242 391 1883 505
20 3840 1506 2202 1266 956 2136 4929 2167 1856 4400 3575 4649 2870 2026 4427 4459 2632 3436 1597 4239
20 3904 3602 1332 4693 2343 965 3234 1653 4322 2958 1012 4685 3161 3647 1152 2555 1436 4903 405 26
20 3976 1996 2786 4863 4338 4225 1355 4408 455 2310 4556 1923 4652 1439 1267 1175 1249 406 576 519
20 3986 399 623 2784 2112 4037 1328 151 2755 3062 4525 2616 2991 179 4614 641 4616 4036 2053 1011
20 4019 3841 3542 2879 1596 3336 2329 1942 4814 738 3853 1947 2961 3772 2556 4870 537 3541 1440 284
20 4075 3975 4958 3995 1205 3157 611 2836 4760 4129 3242 3563 4071 1294 2341 2731 3888 4269 4092 4283
20 4123 1711 1470 3219 4122 2993 2753 3934 61 4166 1148 1931 3190 1933 4049 1081 4184 1808 3736 269
20 4124 603 1446 1025 1844 2510 506 4583 1452 4204 4356 2983 3553 3432 4147 1483 3946 3175 3752 4587
20 4232 737 3292 2792 4004 4005 2708 3095 4228 2254 3984 118 3045 4414 1251 2366 4276 4289 1918 167
20 4375 2934 2502 2503 2504 931 749 2277 1282 4711 3035 3912 3165 4191 4776 3753 1016 2695 3450 4405
20 4419 3670 1044 4497 4503 1862 2315 4350 816 3057 1916 1810 3878 2234 3794 3903 4896 3797 1720 2589
20 4604 3206 821 4417 2508 3941 3500 796 2774 3836 4708 3101 3681 211 4949 1082 2476 2763 3573 229
20 4609 1073 3565 4006 1423 2684 1919 4558 3710 4650 725 253 3305 997 994 1051 2857 1399 2746 1532
20 4617 852 3774 429 936 717 4186 3108 3993 671 711 218 806 1180 2779 1677 4447 2936 3483 1402
20 4620 801 802 4438 1930 3479 1586 158 4500 909 4985 1591 1543 3406 4783 2360 4263 4577 4488 1517
20 4622 3501 557 1556 953 2788 3982 4167 1913 3884 1465 2832 4712 117 2798 3875 2217 570 1687 3879
20 4660 4333 2239 531 1664 607 2567 1813 4471 4115 3869 2989 485 2333 1523 1595 1935 1721 198 1382
20 4717 3766 4767 335 1118 3446 3506 837 53 3509 2266 2231 4676 4559 2115 2125 289 2693 3407 4846
20 4724 4561 3867 4908 18 4757 4196 123 2100 4348 1610 1658 2427 3064 4990 540 3412 3881 4483 4359
20 4876 443 773 2187 4089 1893 1177 814 1138 949 3070 3199 1688 333 2697 1615 2884 957 995 2093
20 17 2271 951 1534 3677 605 4635 3337 4193 1211 509 3880 4285 4753 4602 2482 1285 2061 3625 3310
20 40 4481 3220 591 4954 4965 4966 2618 3746 3136 4970 700 2825 4973 917 2214 1027 1859 4247 433
20 87 3680 3011 1149 3516 2021 2480 4547 1702 4740 1751 851 2012 2339 430 855 887 857 2013 687
20 122 941 38 2451 1167 2631 1115 210 3435 1112 2282 4795 2377 216 2976 655 12 2617 927 4128
20 197 612 4086 3086 4454 1160 4130 3327 2515 2526 4621 3547 2106 1673 3716 4022 2364 972 2338 192
20 220 1092 4156 3423 224 1443 1565 4527 4410 1585 3950 330 2714 3616 984 4695 4793 2314 4917 4479
20 271 3674 759 2089 3751 4805 2586 336 3549 350 3978 4426 1763 1911 4434 2017 4096 133 413 3678
20 286 3224 4404 2346 3720 1232 2319 4320 597 2436 1312 315 1622 4716 4576 2397 319 2110 819 1161
20 312 134 2409 543 2044 1834 120 1842 548 3970 31 4025 813 3820 1510 3152 2954 4808 4608 1476
20 326 3566 3994 1100 4790 467 3558 3759 70 1373 987 2821 3889 1496 3614 273 2219 3617 441 434
20 334 3977 4942 3447 1244 985 3368 3015 2808 1780 1117 2071 2457 3608 3852 4670 449 2442 811 539
19 355 4125 4217 3699 407 2878 4606 1479 4569 3168 3430 3431 4082 4797 4151 3855 2287 3377 1304
20 395 3129 716 2823 515 4304 1385 2709 2514 3077 247 3521 4344 24 3584 3472 2506 4877 862 4879
19 448 1240 2717 4084 1625 3905 1472 1178 2900 3635 602 2330 698 1146 2578 1111 381 2723 4921
20 481 4615 1171 4818 2611 2974 4756 2029 4720 442 4220 3080 1614 426 3067 363 291 2057 4365 56
20 499 4361 4133 3615 688 3981 3591 3773 494 4803 2090 847 2092 4739 2094 1574 2008 193 2174 3818
20 520 1127 1544 763 2760 925 3589 2007 475 1577 1050 1102 2332 2205 2130 705 2141 2261 2818 757
20 584 3809 1562 1062 3291 226 1536 2448 2757 4466 219 1386 113 3163 964 2814 96 97 2677 2512
20 594 4837 668 2546 4792 501 1530 3246 788 1864 961 231 2770 324 794 268 138 3397 2430 3726
19 622 460 1738 1991 616 2055 4952 4074 3988 1329 2159 2417 1428 4139 3207 4101 1225 4317 4443
19 624 1478 3434 858 4172 208 3053 1273 4543 3030 4150 1179 1192 252 4154 1221 1951 105 859
20 651 4450 3061 2185 1604 3622 2866 2737 3660 674 3420 1606 1447 2904 92 1140 2196 3367 1906 3560
20 670 4775 4658 643 4065 3902 4640 631 2385 3164 144 2491 2134 1189 3925 3682 1413 3458 4501 2778
20 676 1541 2312 1969 3537 2520 526 2419 4142 1198 1601 1927 3300 1358 4774 3601 1726 2702 1463 60
20 715 4187 243 4643 1784 2881 3648 4984 2030 4889 169 4222 277 1427 1488 3103 1557 2645 116 527
20 720 4664 2890 3088 3304 4653 1940 2297 2184 3188 3332 1310 2002 4696 4572 3126 2896 3817 2561 2736
20 769 1281 787 2374 3020 1130 944 1426 1599 2135 4603 371 1003 1708 3090 1498 2813 1156 264 2391
20 861 1345 3216 2807 2126 3730 632 1690 3756 3885 202 3195 1667 3402 2837 469 2203 4185 3252 4399
20 888 1121 935 755 2412 805 3366 4948 313 3281 3827 1320 1512 4293 64 2355 4296 3383 1777 1235
20 908 1183 3588 1863 3237 1897 4839 3386 4107 3345 3005 1208 1522 4248 4661 1495 3507 1497 1362 1404
20 924 1297 4212 1623 3743 3105 3106 4871 841 3109 3110 1013 110 3153 1809 4553 4730 3395 1729 4953
20 934 108 3866 3408 1195 4873 3347 3139 1682 1157 4264 3871 3028 3953 5 370 2822 3536 718 1915
20 976 4941 3467 1354 1791 966 258 677 2443 2769 2447 261 4785 3278 1560 1845 3545 3038 3317 4819
19 980 227 2662 1518 3085 4945 4946 79 4977 476 2152 4452 257 3313 2627 4339 4927 3754 4347
19 1060 572 4832 4645 2912 3725 2368 1758 1449 846 1366 276 592 782 4407 2462 922 4843 1315
20 1120 691 882 3389 2996 4725 3488 1589 3868 3438 2911 1800 2170 3173 3819 3901 1749 1635 4798 891
20 1236 959 3845 3504 4424 2132 4517 3997 4835 3799 568 4332 3006 4050 807 1871 2496 3323 1220 51
20 1356 1661 3429 2103 2668 752 3712 2969 2789 3552 191 2820 856 2873 2363 1624 3468 1272 615 2692
20 1375 1461 4195 4682 3893 4000 1967 4904 213 293 3685 1036 3906 2293 421 3373 4678 1531 2004 3837
20 1401 386 2650 1816 4114 1185 828 80 2450 803 1814 3731 2463 1477 1308 4960 1778 1529 3943 4252
20 1460 1004 2722 2394 4745 3813 912 4707 3780 1397 1450 2903 4330 3757 2908 1583 3413 4329 3394 1301
20 1490 1582 2549 1853 1484 3659 4146 1487 4618 2237 4560 4571 2122 3955 2042 1142 3140 2716 2810 4241
20 1500 1980 2845 3443 3363 1770 1116 339 1680 1278 462 1752 2724 2962 2193 3404 9 3250 1298 4861
19 1508 1549 744 1250 2606 393 2975 4778 2197 49 3184 1964 2350 3033 3342 1553 3405 2298 2068
20 1546 1745 415 1131 2299 4850 1698 3124 3391 4011 414 1779 2050 825 4514 4237 380 1718 111 1679
20 1548 1621 842 843 1241 3491 3074 1154 1088 85 1908 124 3786 4098 2988 3762 3543 2577 2416 1202
20 1616 401 2009 4135 236 1230 214 1207 454 3777 3445 385 4976 4058 2098 2970 3742 4689 3861 3718
19 1618 2006 4153 3598 4018 822 4145 91 4836 556 3287 4918 4557 3052 8 3209 1039 4422 242
19 1619 621 2467 1046 634 4585 4326 4327 3846 3709 352 3711 1392 4761 713 2824 376 2573 1238
20 1626 2410 2178 2127 1444 3805 4512 2998 2990 4041 2079 1733 601 1257 2186 2530 150 4599 4636 4319
20 1670 3050 1986 724 988 311 4502 4413 4260 547 690 356 157 33 1327 283 2925 835 4309 4059
20 1707 1141 4733 4901 4175 285 4981 287 217 2087 132 4033 1347 1963 2999 1539 1647 15 3121 4076
20 1823 2676 4862 771 3662 2729 57 1511 2475 1468 3470 2151 1766 2010 2654 3475 4165 4243 4535 3322
20 1840 2131 4532 3019 3104 1336 4887 2741 3142 4909 3962 1391 4627 3723 1394 45 3963 4482 1633 879
20 1909 4989 4112 4743 3518 3661 472 4747 1433 2720 2311 4526 2872 4732 3357 1858 1836 3043 4266 98
18 1921 968 4779 2686 3329 1381 3627 19 3228 542 383 4567 1795 1885 929 1659 3437 2679
20 1925 2455 719 4201 1792 530 4162 4972 1293 4431 830 2148 3804 2613 3059 1063 361 1564 2213 3238
20 1965 1521 4441 1406 1773 1233 948 4010 3382 3529 4020 3399 3532 1782 3882 1168 3016 1379 2244 1981
20 2023 1896 3533 2056 2641 2190 1066 1832 2331 4754 1045 4425 2334 168 1094 3538 1096 2177 2317 2620
20 2166 2181 4072 3900 4852 3285 2856 408 46 4461 3312 2216 3269 550 714 2235 3951 979 996 587
20 2201 2489 2420 4029 1155 3111 3848 1158 250 914 890 4595 2752 1700 4979 3040 36 3655 4573 4750
20 2232 1954 2036 663 664 1563 4392 1466 281 2667 708 2120 4012 1005 439 798 4746 3899 103 3132
20 2260 295 2369 1637 3258 3510 2086 916 365 2200 1527 3254 2951 4491 3021 4097 4715 1949 358 4568
19 2265 2192 2882 1891 2153 1042 4710 2887 703 2401 3346 1545 3071 4051 575 735 2279 3176 1206
20 2453 1174 564 3333 1572 302 4131 1714 4655 1710 2484 3049 3702 693 2661 374 2016 3454 3969 3599
20 2587 541 1020 3643 3644 2220 93 2619 4508 101 307 3154 1029 4453 254 465 1691 3576 3326 1713
20 2591 2499 379 4524 1364 3585 3378 2864 3481 1093 745 4487 992 2953 4546 4499 2052 484 2909 3764
20 2602 2552 1469 3309 2226 29 2212 1732 189 2914 1010 2320 3828 4713 3851 3452 369 119 3159 4177
20 2683 2441 2077 3039 4063 1090 1445 1047 4094 2264 2928 4804 774 1456 2608 2982 4856 1693 275 2207
20 2705 2531 4045 1007 1398 1847 419 2580 1109 2642 2802 3426 639 2596 593 2615 510 107 1803 3865
19 2831 2915 1598 3686 16 1987 1768 812 2689 2690 3728 3469 3788 1431 1985 3119 3876 2698 1437
20 2863 2432 4902 221 2149 1147 3026 4389 4068 4069 1162 4703 4607 3477 2356 4369 4628 3499 1388 818
20 2885 2639 4157 2783 1166 2846 2513 4666 164 52 3358 4632 1393 3186 4449 3964 696 2340 3249 2218
19 2892 2119 2742 2743 3194 495 1091 78 359 3299 249 2710 1924 2361 1471 2517 4281 4522 1974
20 2935 2701 2739 712 3803 3107 1125 67 1998 4544 3013 2289 1089 4601 3612 3811 2073 1850 1821 3131
20 2985 1481 4699 1441 1307 4366 2426 1049 4465 3069 2614 1110 4937 2121 2704 1104 3065 3010 4199 2582
20 2992 4992 4460 4596 4294 4648 1843 3497 3738 4358 4915 125 921 1753 3530 2917 3992 669 2040 1748
20 3018 2610 2 1769 233 1817 653 1547 2780 1359 3235 4742 4791 453 2114 3829 4656 4023 2370 2003
20 3125 2670 1728 850 457 4305 4521 2083 1910 1442 1793 2411 918 751 4894 2169 864 3174 420 492
20 3155 3133 4398 2018 54 4897 4631 4386 3253 4315 1865 2657 754 3656 4134 4323 4017 3897 3462 3922
20 3160 2522 722 723 3722 3372 4106 2280 4418 4109 1170 486 660 3328 2488 2471 1416 1417 3534 2505
20 3191 3321 3611 2888 163 2534 3524 707 3831 3187 185 68 63 586 1274 2987 4597 4810 1191 4773
20 3263 2551 2091 659 1396 3288 507 2458 1145 2065 2470 1638 666 1150 3938 2321 3478 2537 3073 3528
20 3264 1666 1540 4925 4924 2498 4872 1418 4594 1237 727 571 4890 445 2487 4409 3949 1467 3418 3944
20 3325 2222 3639 910 317 3485 3489 303 3208 2045 3740 2566 4898 1280 3441 4164 3940 4672 2840 129
19 3340 3097 274 225 4692 2025 770 3887 306 338 2819 4395 375 833 4085 2418 1620 3117 1515
19 3348 1671 4240 4934 799 1730 1669 3895 3933 689 583 4698 3574 2713 3562 215 1716 323 4083
20 3365 2109 3750 3145 3211 4665 3146 3631 729 4064 2663 3603 4780 4764 4674 3607 1567 4654 2525 2765
20 3531 3000 823 2733 3770 1222 3417 2672 3102 800 1568 2557 4420 2571 702 1705 640 1319 3838 1592
19 3540 3027 1252 3683 750 3936 4371 762 2919 743 656 1501 2871 2024 3957 902 1105 3217 2345
19 3586 3701 4772 2565 3204 222 4912 1311 4070 1077 2376 3113 74 4600 4110 1675 2681 4537 4538
20 3696 3783 130 2379 3767 259 2182 447 62 4489 4490 3196 1407 1576 4605 2352 3494 1787 4515 2957
19 3733 2841 2408 4579 2378 3424 2005 544 1243 629 3029 1812 458 4318 1001 468 1579 2973 27
20 3920 1826 1830 1263 2984 2313 3937 4529 626 817 3293 4013 4379 2257 3690 1137 4436 1239 4066 4179
19 3926 3362 3230 2963 866 2399 986 3796 4806 2469 2861 732 4667 2473 4435 815 100 1878 1338
20 3956 3241 1903 478 627 4968 881 4052 4458 3212 1453 4061 3236 4121 3486 3255 3256 3844 1741 3259
20 3980 3907 4042 4043 2348 4825 4900 2406 4845 1389 1390 4911 2575 4913 3081 2328 4542 345 3703 139
20 4038 2274 1835 3749 1457 4031 3290 1400 4062 4189 223 4593 4883 1827 1734 1182 2478 4974 1079 3379
20 4080 4081 982 3461 3973 1820 2986 2228 4475 4830 444 2221 1076 4796 1309 3260 3056 437 2858 2643
20 4088 2665 3247 2585 883 1941 3286 2267 3251 265 4282 2074 3243 2477 1957 4811 1412 694 4690 2037
20 4091 3913 4234 1783 3215 4385 440 173 1571 329 2413 4625 1337 3023 1067 2749 4273 456 2523 598
20 4095 1934 4416 2047 466 1535 3180 3583 4308 1555 4506 473 389 2278 3422 3179 1246 4769 1879 2139
20 4104 3480 4646 4044 1255 4923 3785 648 2971 3031 1300 4705 1641 4686 3294 2839 1605 4536 2948 205
20 4118 3172 637 3078 2868 3640 166 734 1462 2461 1264 1551 4867 1828 4555 318 2116 665 2118 1199
19 4148 4270 1228 2960 1258 2439 1646 1485 4137 4279 2354 3519 2402 3645 1874 1914 4295 4324 3047
20 4158 4306 1219 4136 1106 3465 4227 4673 1139 2105 1038 2598 106 1095 4254 3218 2544 4143 4258 1526
20 4178 4683 3822 4152 2495 4060 2994 1550 2550 3341 3830 4432 2658 4352 292 187 3134 2291 4034 3001
20 4181 3381 1575 1737 4844 1772 1197 387 1134 2775 3520 4035 392 28 4840 3821 652 2656 2381 1000
19 4213 2206 2449 2183 316 4962 1132 1695 4728 2424 3929 561 3921 94 2781 2155 4376 1584 196
20 4235 3960 3370 2744 4983 4853 3266 4799 877 3571 2559 50 4842 954 1055 536 574 3596 159 1999
19 4256 3361 2956 3775 804 1902 4406 2637 2295 3498 2405 2241 2365 2997 4202 1126 3183 2107 998
20 4302 4430 3002 2923 4749 2145 425 2147 2790 514 2309 2889 4926 2536 4321 4829 3998 4274 4078 4623
20 4335 3634 3261 1361 4493 1790 983 1613 742 3284 4218 2771 4675 2773 2240 2027 4462 4209 4047 3280
20 4337 4794 1475 347 2085 3839 1846 2276 2048 1849 4364 2527 2137 2711 4216 409 2064 4455 3009 1892
20 4341 3948 549 3961 298 3048 792 4554 1287 1760 4108 3546 848 1804 1537 1056 4040 2945 4874 489
20 4342 4957 2675 2349 4421 1799 3843 4788 1040 3916 2563 1811 4967 2883 3272 1775 1776 628 3792 1694
20 4373 2208 2835 939 1528 1516 4226 901 1374 4229 741 775 3416 1411 3302 3675 860 446 4380 4684
20 4429 2304 245 2209 3704 95 1034 2175 4331 156 2730 4531 512 4486 2653 1697 1867 4009 4288 3495
20 4464 2901 2393 1380 1430 1701 552 1231 3137 619 1024 1321 3512 3248 1009 1353 4275 3555 3410 3556
19 4492 2799 2466 4423 4657 2422 83 1030 3257 606 4021 397 3619 3239 4351 831 3116 1877 3118
20 4565 3779 3802 377 263 32 647 3873 3727 1727 923 3931 1163 65 4687 4246 518 1048 3 919
20 4592 4975 3842 1955 2764 2687 3717 3453 1988 809 2300 35 3732 482 2995 4221 230 4255 2965 1173
19 4639 4357 3692 2211 304 4100 4638 1984 649 4149 2621 4476 4978 6 1514 3860 3037 4054 314
20 4709 3847 3274 784 20 1333 4878 4827 432 4669 4378 1881 2532 2796 1172 1869 4851 1944 3092 4801
20 4731 2801 2490 4955 4624 3517 2891 2793 2895 3989 709 1331 4394 3618 3825 1335 3203 1735 4474 3835
19 4744 4312 4008 3283 2501 638 580 3577 1159 2429 970 1781 2851 3267 4360 2494 832 3231 839
20 4751 4647 2842 1229 1884 3380 44 1796 3932 1889 4737 3177 3787 3551 3568 3214 1204 4087 58 2067
20 4782 3151 682 4986 4079 1317 2285 4920 2738 4763 2931 3401 4574 4905 88 2435 2123 2437 3539 4817
19 4784 4947 3308 4679 2648 790 4828 262 2511 4613 3971 1603 4662 1213 4714 2486 1473 3042 121
20 4815 4002 3482 875 3967 4765 3862 2142 4297 838 4988 4548 3150 1833 4996 255 1886 3915 2607 112
19 4841 3991 3559 2323 2767 4562 1387 396 4210 4513 3707 4206 1953 3233 2384 4155 3856 4738 4694
20 4857 3464 3642 2847 904 3694 1744 1350 3781 4999 1290 4971 1742 3433 2562 183 4468 2308 1938 2288
20 4882 4261 4262 4374 2877 4377 2113 4987 1922 4169 2869 3311 2929 733 2069 4995 2425 1645 4826 1771
20 4907 4681 4219 3763 3621 2034 1634 2172 1434 1507 2859 2357 2545 2750 1668 4310 4268 897 898 3570
20 4993 3729 3201 4313 3649 4895 553 4159 721 1569 450 4111 212 4190 1124 461 3744 3747 4451 3421
19 188 3849 3514 4533 4024 2306 4026 3624 4028 4510 625 2263 2706 1554 4884 1085 1122 1746 1559
19 438 4552 1709 1578 2195 4668 1108 3197 75 2204 162 2980 2404 1480 4702 645 2745 1797 2245
20 464 2158 4823 2423 4523 4403 993 3898 2326 4809 1642 1971 4397 3924 477 1524 4938 4277 1080 2603
20 480 4626 4931 1920 3996 2485 4055 1533 1187 1960 2160 1685 2933 3240 3974 915 2902 2242 2043 2230
20 493 4103 1905 1365 4381 4697 1824 1868 551 740 1256 646 4584 4387 4119 4469 3795 3755 1600 1372
20 525 4382 728 4726 4372 508 905 2020 3548 4067 3550 2816 1590 3816 69 354 876 282 978 37
20 545 4580 3942 654 344 4848 346 1071 4039 349 3084 351 487 2867 1254 1103 1570 3319 3271 1259
20 636 4659 1959 127 4267 3806 3166 2707 3761 658 2590 1438 4766 989 4634 143 1451 228 1993 4298
19 1064 4301 562 4224 4644 1785 1786 946 1065 834 1932 4781 2372 2373 2579 2375 699 2600 903
20 1377 4163 1854 3004 81 1712 4265 695 4563 889 4824 4892 3505 3641 2640 895 896 2597 4950 3439
19 1464 1128 1761 175 1525 3115 149 4171 1978 3894 388 2628 4864 3127 1421 4680 1378 3058 555
20 1912 4641 4906 4504 2259 2772 2967 3983 2703 3666 4706 4428 662 1890 1860 2082 2059 4349 1053 55
18 2227 4881 2568 4 1223 3226 4027 3768 3864 1825 3526 4671 2554 3144 1839 1097 4519 1672
20 2268 3169 4353 10 3473 4440 878 3891 152 2669 1334 2671 4200 960 2674 1831 2949 2380 2678 1227
20 2421 165 1135 844 1247 2625 332 4865 3007 1678 4117 3289 1184 3210 4334 4257 4336 4307 952 394
19 2612 3181 4355 4030 559 3605 3606 427 2644 2830 2353 471 4056 2800 474 1176 3343 2853 3564
20 3054 893 753 4564 4800 102 2576 3459 4838 4197 4787 3353 3130 41 4916 2019 131 589 1395 3014
19 3068 3352 200 2649 435 2673 2852 4736 2129 1370 4816 4174 2133 490 3205 747 2070 1367 4922
19 3613 1754 4880 3791 3658 4855 2766 2926 3024 1643 3945 4540 3076 2651 513 1655 1656 4188 3778
19 3632 3637 4173 926 4518 1357 2286 675 4208 4160 1654 403 248 1169 1277 4755 3492 2270 4899
19 3800 4723 4551 4886 246 2918 3182 991 4388 3691 2762 1958 2942 3673 2392 3025 906 3098 3099
20 3863 4485 4998 4393 3684 795 2256 1503 3688 2283 3032 141 3338 920 3572 3398 3083 4752 3698 1165
20 4180 4637 2682 3496 2154 4077 2543 201 2748 4205 3597 3403 1558 13 1368 2035 3672 4048 1075 3911
19 4280 4442 3079 4161 4718 1425 900 367 3735 2468 2060 4311 4456 928 4102 1041 4770 4439 2629
18 4704 4961 308 1435 4291 3638 4192 3668 2785 1260 1631 4545 321 4354 3748 1636 1837 1674
19 4820 1023 2014 153 364 3947 3225 2726 2198 907 1665 3087 4340 1848 2880 2095 3966 4578 280
19 4858 4964 176 4457 3046 1794 3307 2664 1961 940 3171 1474 182 3870 2464 2509 706 608 1663
