2 2 61
2 3 12
2 11 22
2 14 56
2 17 6
2 20 86
2 23 87
2 25 34
2 28 16
2 38 30
2 39 82
2 40 52
2 41 64
2 47 77
2 48 181
2 49 85
2 50 10
2 53 58
2 54 67
2 60 99
2 62 109
2 68 162
2 70 254
2 92 74
2 95 1
2 96 121
2 98 9
2 101 129
2 104 113
2 106 88
2 108 63
2 110 133
2 112 59
2 115 76
2 117 141
2 118 83
2 119 31
2 123 153
2 128 149
2 132 196
2 140 161
2 142 320
2 145 13
2 146 137
2 148 178
2 152 217
2 163 249
2 164 218
2 167 130
2 168 69
2 170 257
2 176 156
2 180 185
2 182 271
2 183 90
2 184 154
2 186 159
2 189 177
2 198 230
2 201 157
2 209 169
2 212 191
2 213 318
2 214 355
2 221 362
2 222 299
2 223 381
2 226 215
2 229 325
2 233 398
2 236 335
2 238 353
2 243 326
2 244 245
2 251 139
2 252 296
2 258 500
2 260 347
2 261 100
2 268 348
2 272 211
2 278 535
2 282 376
2 286 71
2 287 250
2 288 231
2 295 274
2 301 216
2 303 277
2 310 452
2 311 388
2 312 339
2 314 600
2 316 567
2 329 91
2 332 375
2 336 399
2 337 598
2 340 319
2 342 247
2 345 483
2 346 423
2 349 654
2 350 107
2 352 614
2 354 469
2 363 344
2 369 554
2 370 175
2 371 513
2 372 248
2 373 192
2 378 612
2 382 380
2 389 305
2 390 279
2 392 358
2 393 269
2 394 324
2 395 490
2 400 267
2 404 447
2 405 365
2 407 446
2 408 219
2 415 409
2 420 639
2 422 410
2 424 504
2 425 729
2 431 632
2 434 384
2 440 673
2 443 276
2 450 387
2 455 470
2 457 531
2 460 478
2 461 751
2 466 367
2 467 383
2 474 787
2 481 283
2 485 539
2 486 728
2 488 374
2 492 769
2 495 391
2 496 428
2 502 417
2 505 435
2 506 458
2 510 480
2 517 463
2 523 171
2 526 493
2 528 508
2 530 748
2 533 397
2 536 445
2 537 518
2 542 543
2 544 439
2 546 601
2 547 444
2 552 489
2 553 993
2 557 995
2 558 521
2 565 550
2 566 586
2 570 640
2 571 562
2 574 484
2 575 610
2 577 468
2 578 559
2 588 487
2 590 631
2 593 611
2 594 477
2 596 602
2 607 529
2 618 616
2 619 657
2 621 662
2 622 721
2 623 794
2 625 561
2 626 713
2 628 717
2 629 668
2 634 624
2 637 449
2 643 613
2 644 581
2 645 813
2 648 665
2 649 675
2 651 464
2 652 868
2 661 476
2 663 545
2 664 767
2 669 690
2 670 685
2 674 716
2 677 694
2 680 750
2 692 509
2 696 875
2 698 883
2 705 853
2 706 672
2 707 869
2 711 882
2 712 829
2 714 709
2 722 667
2 727 736
2 733 744
2 734 793
2 741 763
2 743 839
2 745 512
2 747 926
2 756 809
2 757 903
2 764 967
2 766 494
2 770 697
2 773 779
2 775 32
2 778 507
2 782 963
2 783 72
2 784 519
2 789 817
2 790 823
2 796 516
2 800 905
2 804 805
2 806 852
2 808 569
2 810 771
2 816 957
2 819 907
2 821 572
2 822 812
2 824 879
2 825 918
2 826 947
2 830 877
2 831 954
2 837 921
2 840 856
2 841 93
2 842 799
2 844 924
2 849 923
2 850 881
2 851 973
2 854 695
2 857 989
2 858 583
2 860 15
2 862 131
2 864 43
2 865 827
2 870 647
2 876 102
2 878 147
2 884 103
2 886 194
2 889 55
2 890 564
2 894 234
2 899 228
2 902 930
2 912 845
2 914 867
2 916 887
2 919 429
2 925 944
2 927 568
2 928 4
2 932 910
2 933 929
2 938 873
2 939 206
2 942 441
2 945 174
2 946 151
2 949 811
2 956 904
2 961 204
2 962 638
2 964 950
2 970 255
2 972 51
2 977 317
2 982 686
2 984 885
2 987 872
2 990 520
2 997 343
2 999 285
2 0 471
2 7 532
2 8 195
2 21 454
2 24 980
2 27 991
2 33 560
2 35 642
2 36 913
2 44 959
2 57 893
2 65 291
2 66 79
2 78 331
2 80 527
2 81 126
2 89 658
2 94 18
2 111 379
2 116 193
2 122 737
2 138 720
2 155 768
2 158 386
2 165 232
2 166 84
2 173 187
2 188 256
2 190 901
2 199 421
2 203 263
2 207 976
2 210 281
2 220 289
2 227 160
2 235 239
2 241 931
2 265 541
2 270 330
2 275 960
2 284 426
2 292 273
2 297 472
2 300 774
2 304 259
2 306 459
2 308 264
2 309 293
2 313 591
2 321 37
2 322 785
2 323 125
2 333 760
2 338 897
2 357 473
2 359 534
2 377 97
2 396 555
2 401 988
2 412 807
2 414 719
2 416 971
2 419 595
2 430 202
2 433 356
2 436 134
2 437 589
2 442 491
2 448 603
2 451 124
2 453 515
2 456 427
2 462 208
2 465 205
2 475 224
2 479 563
2 482 73
2 497 525
2 498 627
2 499 438
2 503 597
2 514 592
2 522 580
2 548 608
2 576 888
2 582 936
2 587 679
2 604 242
2 609 646
2 620 341
2 630 704
2 633 351
2 635 965
2 650 863
2 653 266
2 656 540
2 660 551
2 676 749
2 682 801
2 683 615
2 687 666
2 688 636
2 689 715
2 691 573
2 699 765
2 700 732
2 701 361
2 710 975
2 723 776
2 726 659
2 730 725
2 735 584
2 738 45
2 742 237
2 746 253
2 752 994
2 754 731
2 759 797
2 762 703
2 786 702
2 791 832
2 792 866
2 815 144
2 818 843
2 833 585
2 835 753
2 846 917
2 859 718
2 861 780
2 895 599
2 911 803
2 922 795
2 940 880
2 952 135
2 955 240
2 966 114
2 974 814
2 978 891
2 985 693
2 992 892
2 26 979
2 29 941
2 42 969
2 46 908
2 75 906
2 105 179
2 120 606
2 127 403
2 136 327
2 150 368
2 172 418
2 197 934
2 246 848
2 262 290
2 280 981
2 294 605
2 298 511
2 302 772
2 307 5
2 328 579
2 334 798
2 364 655
2 366 200
2 385 617
2 406 708
2 411 501
2 413 948
2 432 641
2 524 951
2 538 739
2 556 898
2 671 996
2 678 19
2 684 549
2 724 915
2 755 402
1 761
2 788 225
1 802
2 820 937
2 828 315
2 834 758
2 836 143
1 838
2 847 360
2 855 871
2 874 740
1 896
2 920 909
2 943 900
2 968 935
2 986 681
2 998 777
