10 11 356 2652 724 3156 3647 1028 381 2319 1690
10 31 4683 558 549 575 3757 3225 4480 3716 4226
10 40 1552 774 4393 4060 3668 723 1001 526 1311
10 89 2009 2786 4699 366 2273 2573 792 2870 4880
10 148 968 538 1609 2626 4642 1485 1152 1789 1301
10 169 2231 2731 4089 3359 823 3804 1827 4267 250
10 180 399 4812 3659 420 3174 4146 1487 2776 4403
10 185 1458 785 1292 3644 426 2394 2389 2578 55
10 197 153 1837 375 2403 281 3897 2122 3377 2638
10 199 1110 2978 249 3889 1326 2632 211 4073 2462
10 202 2915 770 808 1410 2029 1872 1890 1058 3735
10 220 4561 3422 2943 2124 1427 1783 2898 4160 4969
10 223 1629 485 1854 1213 2203 570 4868 1538 900
10 247 1611 1144 2351 3795 1795 4269 3672 800 879
10 251 1997 402 1478 1149 1963 2999 3148 3770 2977
10 312 937 618 595 3881 2645 904 1088 4508 4555
10 326 125 1354 2304 1598 2234 4530 1394 2335 3702
10 378 1351 1530 1756 2629 3210 4334 4792 747 1698
9 383 1607 3300 432 1328 151 1228 2785 3159
10 395 4278 2968 2025 3533 4854 530 463 1817 4402
10 400 301 524 398 1299 3642 2810 210 3941 2793
10 411 2081 3364 862 1046 121 4825 1119 348 368
10 414 2181 2387 3391 1532 166 4217 1720 2589 1168
10 416 3000 3338 3228 3252 3854 2472 1529 4386 3585
10 423 3344 619 1729 1948 3792 4446 1693 2969 4401
10 448 1242 2595 4911 2342 176 1977 4010 3382 3460
10 450 1073 459 3793 2080 3439 2803 4566 3165 3621
10 462 505 3061 2044 1834 3817 1139 2135 105 3372
10 509 1638 666 1150 3938 4099 1157 233 2332 4983
10 594 3999 359 1291 2914 734 3679 3313 2627 260
10 600 2541 623 3701 777 4987 2636 4188 1519 2515
10 635 1791 3216 73 1875 1004 3834 1029 1027 1859
9 676 2263 3033 1003 4984 4409 1587 2279 3045
10 678 4163 2333 1714 883 4173 1928 4657 4687 296
10 684 4664 1867 1931 1590 2162 3385 259 2991 3141
10 708 4452 4890 4594 903 2795 719 945 2349 4453
10 709 3241 1093 228 528 4633 428 237 1488 944
10 711 4625 212 2960 2107 2027 2419 2916 2385 2576
10 725 1164 139 1744 3615 1647 3767 1888 4695 4140
10 727 2241 239 4360 2494 4028 638 4295 3874 1147
10 731 4989 2091 3738 474 133 278 882 3754 93
10 745 4225 972 1627 275 4322 3488 1915 663 3909
10 775 967 263 32 647 563 1520 3333 4905 2418
10 779 1189 2739 4554 3858 318 146 2891 36 492
10 827 1208 874 2479 288 534 2876 1448 576 4029
10 830 3689 1782 4130 1687 10 2896 3471 4065 4933
10 849 621 1140 973 4383 4136 329 2215 2444 1165
10 861 4333 2890 4011 1340 2897 4482 3590 4921 3791
10 868 1873 4200 3113 3230 3893 1882 4498 4045 1846
10 880 2041 256 38 190 1886 916 4582 2180 2204
10 892 4591 2057 928 4780 3917 1415 1041 3549 2634
10 942 4432 2276 3048 382 226 1536 3134 1688 3860
10 950 113 1929 3424 2228 4475 4830 844 4852 2761
10 955 377 3906 2738 2200 1655 2887 4471 3931 1212
10 961 4013 1896 951 544 1635 3109 2835 1317 1355
10 971 1314 1804 515 4072 2726 3718 3168 2465 3222
10 987 3277 1071 1785 1786 1676 3911 677 4690 4303
10 1010 782 4979 2295 4254 2039 1282 4851 616 3787
10 1012 1481 1347 2348 884 255 3276 3357 2209 2115
10 1024 3653 3529 1231 1550 143 4588 1459 1491 3891
10 1038 4579 2575 64 3572 1985 3578 2556 3257 2067
10 1045 1040 2329 4433 3844 221 1855 1999 60 3392
10 1060 2531 155 4221 1914 1778 1017 1802 4068 1718
10 1068 661 2454 42 4210 3777 2686 3823 3857 1125
10 1117 2877 3942 1954 489 3508 929 3393 1765 1682
10 1120 4775 1652 2362 1272 999 3145 4896 3899 4602
10 1162 1801 738 3639 1023 735 1586 3178 234 2600
10 1170 1391 3233 3974 2004 1668 4855 3142 4599 1446
10 1190 106 4821 1177 1412 1640 1533 1187 1936 4752
10 1236 3518 3326 4319 2292 649 607 4912 3378 1701
10 1245 843 2303 2441 16 75 313 4914 3374 4359
9 1256 3634 2558 2171 2402 875 4323 1239 4522
10 1260 1617 4121 1007 3118 409 267 1357 974 4795
10 1261 1754 63 2357 4766 4430 1831 2949 814 2142
10 1262 1518 159 833 412 1691 2708 3552 2704 1400
10 1305 357 200 241 2662 2248 3484 3828 4195 1103
10 1312 3603 8 514 2942 3724 2826 4932 3459 3694
10 1360 1826 3353 2457 4878 2712 2764 4518 3010 112
10 1366 3758 440 1420 2547 4651 1608 4157 1005 3105
10 1370 479 2170 2759 2118 4455 4903 2141 3108 4748
10 1386 3562 3753 1988 588 2530 3079 4110 4400 2420
10 1450 1534 2640 2707 99 51 4679 2026 3413 2030
10 1500 2658 2864 4750 2716 631 4253 4427 1296 1692
10 1502 4758 2446 2398 590 3845 1480 4014 2945 829
10 1542 351 2697 748 4981 1049 3314 91 2773 3568
10 1546 1779 1336 1819 4875 1155 2111 3201 4313 3014
10 1568 3588 790 1760 3066 1906 3560 2866 4448 1283
10 1588 2934 4353 2948 3967 3532 3712 3517 2677 3856
10 1602 2499 140 2639 4763 3304 3882 3415 2500 1015
10 1619 297 1324 1576 1632 2772 3511 3002 205 4850
10 1626 2574 1641 1559 3495 4283 2157 1680 4285 3012
10 1642 3519 232 335 4712 4908 111 3523 4827 3567
10 1650 1930 4361 102 1889 2681 4009 1369 716 3432
10 1654 2074 1226 4478 1747 3140 2132 4517 445 3496
10 1670 2495 1528 24 1082 117 2229 431 3329 4822
10 1707 672 4675 2789 4251 3324 3609 4396 3905 1472
10 1715 81 2409 4259 3226 1869 2010 1395 2237 540
10 1738 371 2002 2477 4441 2671 2679 1942 1841 802
10 1750 1107 217 932 3545 2593 4183 580 421 3279
9 1751 3564 2289 1180 4680 1089 3463 1787 4954
10 1759 346 390 1679 2618 4735 574 1764 1216 4589
10 1762 4814 22 2219 2040 857 3803 1775 3713 4003
10 1814 4681 4460 1966 2736 4686 1158 4321 4284 805
10 1825 401 1671 4694 1138 2582 3772 1832 3877 1926
10 1894 1438 4063 997 958 4252 4070 54 926 3071
10 1899 182 701 2312 693 369 4877 4129 4572 3
10 1909 2492 2872 430 332 3571 3829 2958 4362 1104
10 1916 4742 1020 4049 694 452 4738 3620 1828 4231
10 1943 4379 1903 3355 254 103 4729 4237 1489 3380
10 1990 4426 1270 1413 1978 2842 832 1583 3343 4939
10 2000 3940 4165 2717 3020 957 2555 1341 4743 2919
10 2023 4382 1076 550 2775 3831 4286 284 3725 3487
10 2028 3697 4552 3467 1674 798 2549 2073 2259 2339
10 2060 679 37 2514 66 1437 4314 311 854 2565
10 2079 2182 2317 4223 1689 4942 2114 1917 671 4439
10 2088 1822 2734 938 4496 3480 3852 1580 3030 2797
10 2090 33 1755 3886 339 1137 582 4818 3605 3204
10 2099 3728 3028 698 4535 3011 1074 728 4066 1683
10 2102 443 3665 2938 1525 1597 4239 3669 1134 257
10 2152 933 1349 193 2963 274 1535 4546 3732 3865
10 2159 4859 504 1430 512 2341 4105 2939 4385 4483
10 2166 1122 3265 3017 2966 828 1816 1981 1600 3476
10 2233 4849 2092 2567 952 2190 4630 85 3016 4447
10 2250 4316 1067 4407 3008 173 3705 2164 1897 2053
10 2260 2463 1547 1728 1133 3038 3317 907 2236 1628
10 2266 496 3921 820 3395 578 2461 634 4585 4520
10 2300 1141 797 2550 2733 2401 2466 4783 76 413
10 2311 14 4101 262 3710 4650 4605 3576 2703 3098
10 2347 612 3991 1087 560 364 1469 447 1367 1771
10 2353 1345 3162 3581 1414 1205 4834 1483 2380 1449
10 2354 547 555 167 1633 2270 3022 2512 2723 3933
10 2371 4404 4047 2750 3837 4949 3458 2813 1156 1659
10 2376 4443 1398 4412 936 2267 320 2314 4246 4768
10 2396 4918 1188 1435 4627 4952 4697 2046 3486 2615
10 2413 1835 292 3330 3617 4713 3851 3096 2075 4885
10 2424 4626 2743 2330 3953 751 4839 4036 3288 4424
10 2447 3461 4568 244 2850 300 3083 1313 3433 2119
10 2453 1240 767 2136 914 1350 2668 3762 1160 1063
10 2470 700 4669 3583 1806 2379 1083 4495 2285 3209
10 2484 3207 3973 3291 3551 3308 3699 2383 3042 1473
10 2518 602 2433 4250 864 2093 2946 2121 2650 4909
10 2539 646 1378 4076 3256 4436 2020 1407 4277 3684
9 2559 3406 3618 3404 9 1604 2569 3322 846
10 2563 4685 4126 1114 4422 1953 3056 1773 3454 4513
10 2587 1248 3064 384 948 4462 4534 393 178 1719
10 2591 873 110 3239 2428 4208 1030 4514 2374 4661
10 2602 2410 1011 652 2649 4538 3182 3130 4668 362
10 2605 2386 4476 4570 1976 3412 1883 1933 3574 4279
10 2614 962 4688 2364 2043 389 1637 921 4861 1564
10 2657 108 592 2557 4919 4214 527 4204 2486 2331
10 2680 3236 2979 20 2048 306 2460 4294 1503 1843
10 2683 1 758 3960 3768 1308 633 2439 387 3981
10 2685 3240 2852 310 4523 3069 4586 1968 1389 2846
10 2725 50 1421 2056 208 3405 3709 3292 4328 3434
10 2730 273 135 704 906 2400 2144 1294 4041 4716
10 2732 572 4317 2158 2427 456 145 498 2672 2765
10 2740 4863 1330 4300 4275 2188 853 58 1776 537
10 2768 1031 1766 331 614 1730 1669 3915 4078 1379
10 2802 1506 1857 4442 1475 3472 726 859 3398 4777
10 2859 4207 1033 1194 3706 365 3663 585 3198 4938
10 2860 3051 325 4837 3656 2520 2368 2377 2395 1066
10 2861 959 1613 4142 3748 2225 3742 3435 669 4266
10 2869 1648 379 4992 3086 276 1649 603 4637 3269
10 2871 4526 3462 3636 2469 1057 3555 3410 4040 1081
10 2875 374 1901 209 4289 3284 4463 109 2824 1710
10 2885 2901 2838 2817 4937 2521 1838 3587 963 3704
10 2886 1661 0 240 1462 3200 1238 2069 4791 627
10 2893 2308 2372 4006 559 761 128 901 367 4778
10 2910 772 1044 2778 4672 2488 4614 3144 4233 839
10 2911 4659 344 3320 3280 4162 3596 406 4655 2407
10 2920 2161 195 965 1861 776 341 248 1709 4662
10 2932 1721 198 3247 3219 4547 4372 508 3879 3438
10 2950 1848 2633 1557 2240 4143 4948 3726 2538 3898
10 2964 3254 2262 3569 1222 2823 213 4097 3528 1684
10 2985 3401 842 4391 2921 4734 3734 4438 2666 4511
10 3029 4002 4347 794 476 98 2127 1423 993 1970
10 3032 35 2522 2620 1257 532 4473 4144 1713 1561
10 3055 141 1471 1183 1959 913 1442 3331 1072 4972
9 3070 77 561 2483 1770 4583 1452 998 2536
10 3084 3177 3612 1403 3285 3910 4358 2220 3053 4636
10 3089 733 137 3493 3158 3645 1392 2172 2198 4747
10 3100 1102 1128 4711 3375 4216 2601 2321 41 2800
10 3110 2816 3452 762 1742 4147 1522 2284 4606 4296
9 3112 231 650 1851 2003 4186 1821 3611 1053
10 3125 227 34 4806 2438 4309 3542 3919 183 564
10 3160 1405 4646 4810 3262 2754 4727 2619 2839 2022
10 3189 2913 1774 1973 1994 1225 361 4179 4397 328
10 3235 3855 2258 804 3538 3034 1075 2756 4994 2510
10 3242 2274 4134 1907 405 4946 289 4489 1359 2138
9 3263 870 909 925 4576 2051 1095 3465 721
10 3270 4528 2742 4997 3301 1422 756 207 1439 1233
10 3293 161 3305 1697 487 673 3987 4472 4867 1279
10 3295 851 3985 2899 4263 3683 3537 2624 3039 3192
10 3298 215 4704 4467 168 2370 4853 3266 4454 59
10 3303 486 2239 2006 1302 1630 488 1900 1672 1284
10 3312 1121 4532 3848 2669 15 1969 750 3947 501
10 3348 2551 2722 134 4689 2254 3821 2962 2535 1092
10 3349 118 2036 4405 2774 3428 461 3744 4113 2322
10 3358 2811 4127 4674 1182 3307 3722 4343 3930 2496
10 3369 3129 1373 3499 242 3417 3743 3152 645 2936
10 3400 315 4131 2017 2474 1920 2956 2648 608 1663
10 3420 4061 1042 887 2058 3918 3534 2126 1780 2286
10 3430 3766 2167 1902 4807 1094 4281 4607 4801 3154
10 3440 2552 4968 305 3813 2840 1725 1304 3299 4293
10 3442 2701 3539 3339 1018 1106 1276 2661 1833 795
10 3445 1013 3862 388 3807 1850 2249 2594 2523 2805
10 3456 3049 2656 1221 4899 363 2196 3319 2534 3120
10 3515 39 3076 3965 1577 3176 4790 4108 1215 3302
10 3520 847 475 3067 19 4728 354 3117 1515 4505
10 3525 4541 2748 2691 3988 1595 2504 591 992 1247
10 3544 521 2782 3729 3246 788 394 56 4297 2622
10 3586 765 1957 4485 4667 2688 2230 1507 4414 4718
10 3600 2071 991 2987 154 2139 2990 285 1275 4276
10 3604 3563 682 294 3820 1803 3059 799 2757 3318
10 3652 1192 4673 1992 80 1531 4458 4644 2191 4305
10 3676 1297 502 1293 4431 1645 1510 1176 2443 1220
10 3696 3948 2128 494 4922 4367 1039 2996 3023 2873
10 3707 295 519 768 1499 1673 837 2327 4917 4846
10 3733 1098 1169 1605 2247 889 2145 349 4209 3367
10 3740 780 1950 3399 2973 1223 1554 2336 4083 2548
10 3784 3169 3185 1815 1961 83 4434 1540 3052 4931
9 3798 732 2925 3825 1335 1198 2123 1250 4873
10 3826 4593 1960 2059 803 3104 3607 4754 4616 2478
10 3827 4892 1288 2449 449 3989 373 3384 4587 1202
10 3830 1383 2411 4420 536 3383 680 3370 2290 3356
10 3840 272 1845 1560 4774 1307 1653 4315 2471 3966
10 3853 836 4116 3614 1964 2014 3633 3387 2110 4888
10 3894 1781 2464 101 4725 3678 25 1940 3575 2503
10 3904 1893 654 3935 2415 4100 4638 3373 510 3698
10 3926 960 1666 3491 4844 3627 2702 3593 1037 3025
9 3945 2889 303 1737 3598 287 2214 1371 1842
10 3950 1521 4351 2967 3746 2134 1971 4054 3755 3199
10 3962 2151 3505 2809 517 2414 1387 433 3760 4109
10 3976 1541 2101 3037 1555 1847 4067 1159 3789 4635
10 3978 3521 246 3637 2176 979 831 4224 2072 1944
10 3980 3479 3690 2359 4199 2700 4242 850 3924 265
10 3984 1127 3775 2064 1681 2068 187 2917 2895 3959
10 3986 3922 1874 2298 2104 2812 3561 1368 2086 4564
10 4001 1331 506 4960 53 3509 1065 518 1956 2929
10 4019 1310 1496 3220 2085 2416 2293 2646 4696 954
10 4020 3695 160 1731 1043 722 2653 3584 4529 4828
10 4021 340 3163 964 2814 2815 4339 4927 230 4255
10 4038 2609 27 321 2926 3875 2586 4034 3543 3641
10 4075 3229 3186 127 2611 4377 2297 1946 2294 2497
10 4117 1361 3932 4726 817 88 3675 3667 664 1563
10 4123 1934 3810 4936 902 3102 3963 4258 4107 4501
10 4124 2275 2352 3664 3261 4301 238 2037 4074 707
10 4148 852 2923 2185 3250 1416 4887 3386 3500 2033
9 4149 3381 1329 855 3483 729 2642 229 2728
10 4150 685 1972 1868 2245 4843 840 3444 503 4779
10 4158 3975 2388 1494 417 2592 95 1034 2175 542
10 4170 2491 3243 743 47 3103 1646 1820 2986 48
10 4176 397 2957 1316 4764 4629 2082 124 4122 1085
10 4178 2571 4794 30 2173 3878 3686 3197 4736 3238
10 4198 2140 3619 3360 2975 1612 2606 2794 2763 2244
10 4213 2676 1251 4865 3153 2224 3122 1558 2480 2242
10 4232 3316 4862 4647 2021 4138 21 778 4175 3146
10 4256 309 2417 68 4156 4698 2137 3901 2252 3490
10 4282 266 2767 1101 911 3780 953 739 2572 3628
10 4337 1461 4033 867 1372 4392 3019 2083 3205 3082
10 4340 3426 2337 3554 826 1278 4961 172 2894 3366
10 4341 473 2857 978 62 1108 589 2654 4477 2769
10 4356 253 3842 1406 4288 2976 152 2735 1200 1056
10 4375 1036 3923 4581 2961 2546 4257 581 2537 4145
10 4378 497 2350 372 3255 639 3249 2451 4048 4411
10 4419 1273 4670 755 2207 1634 2834 3750 1904 4201
10 4429 2989 2307 1622 4243 593 4451 2177 2904 2856
10 4525 460 4290 78 2984 3215 956 1453 4723 986
10 4550 2206 4311 4327 129 1722 546 4786 886 483
10 4560 541 1712 46 4943 905 4623 4746 4324 1757
10 4565 1606 3202 1332 196 3485 3024 2788 3739 4678
10 4603 1143 4545 419 675 3436 2580 425 3397 3132
10 4604 1179 2455 1544 1381 1404 4352 2186 3996 4732
9 4609 2243 418 943 1434 3190 3646 2599 2016
9 4613 2301 596 345 523 4081 2378 1006 2709
10 4617 1280 1193 825 2696 2366 2924 3990 2745 4562
10 4619 1810 1614 2845 2804 4553 1878 3421 4990 543
10 4620 691 170 1096 4996 4017 2798 3997 4241 350
10 4622 2015 4 856 3870 1706 252 1537 881 4052
10 4649 2199 115 3453 609 1402 4153 4641 3892 2318
10 4660 1767 1493 3608 1982 1484 3296 3135 4610 4354
10 4708 4115 147 1919 4558 71 1565 3244 1274 1348
10 4717 2302 1325 3175 659 4190 1022 4128 4273 1175
10 4724 2623 1887 96 4193 2189 4092 3895 2155 3573
10 4731 791 4408 2042 3482 1939 579 3234 1197 1794
10 4744 2820 1796 3589 3749 1539 1455 3294 1768 1397
10 4751 571 637 2346 2787 3407 1808 1258 2954 2883
10 4787 3172 2269 2905 4710 343 4739 1696 2095 4368
10 4876 2719 1758 1772 1466 863 4094 2264 2097 4399
10 4893 330 4955 3173 3504 507 4141 2689 695 3323
10 4898 1501 4820 3352 566 149 1656 4230 1813 3535
10 4907 573 1069 142 4008 1792 1142 2584 4537 1799
10 4915 989 3796 495 347 4057 930 2034 3658 1567
10 4930 2762 642 2253 2133 4504 1741 3187 2758 3119
10 4944 3388 2511 2345 2667 4563 749 4310 2125 4169
10 4985 1210 2970 2562 1639 2752 2112 2880 2865 323
10 4988 4548 434 3081 1839 1097 4227 1433 4487 1584
10 4993 4957 1667 1549 2399 3510 500 2187 3001 4298
10 17 1268 13 2184 4079 2947 995 1860 4653 1131
10 87 3133 4502 2771 72 4916 1581 12 3727 3745
10 122 1281 657 1631 3741 781 7 4336 2070 2641
10 132 1447 511 4935 1265 150 3599 783 3677 1026
10 144 1551 3150 336 2655 1880 2833 810 4808 4031
10 191 3553 1166 4248 2827 2849 1463 605 2084 3623
10 219 1996 2434 4596 3635 2631 4860 990 4924 2007
10 271 848 3111 1254 2922 1229 2766 3778 3310 3088
10 286 1711 4967 1090 4192 3411 2147 478 82 4676
10 307 871 872 3447 552 2431 4684 3771 3251 4721
9 327 2078 841 4798 302 4493 1596 4418 3345
10 334 1662 3477 3873 1163 2532 4831 4211 3972 4776
10 352 1263 2506 835 3137 3838 4986 236 2436 2854
10 355 2566 977 2066 1761 1876 4046 2818 2526 116
10 444 2489 6 2501 2493 3776 2779 4597 4132 2238
10 481 4005 821 4417 3498 754 1482 3425 1937 3350
10 499 1217 4601 2055 3723 1171 1675 3969 4648 4062
10 520 1927 353 1858 2617 1436 3815 3409 3943 4549
10 568 1800 910 4813 1625 4569 3594 4559 2988 2235
10 583 1991 3196 3763 4120 74 4631 4390 4856 2283
9 584 975 1211 4172 3027 2635 1129 4926 3995
10 622 1321 1470 4151 2527 1342 2 4474 3835 3625
10 624 3097 3123 2643 3371 1396 342 640 4901 156
10 625 3670 3700 4456 984 2952 1497 1362 4410 4488
10 630 4531 2363 3259 2129 3622 3107 674 718 138
10 651 2670 599 1495 1974 2955 786 2882 1769 4071
10 670 3912 1603 4884 644 1512 1523 763 3994 3092
10 690 4804 2001 4222 1474 2524 466 1967 2490 3970
10 715 3824 1206 3044 1798 158 2747 3114 2630 4612
10 720 1286 2994 917 1126 2325 1745 1426 4866 4348
10 730 2972 2280 1443 3040 4007 587 2498 2316 4189
10 741 3278 3006 376 4730 912 3062 1203 2154 1014
10 746 2109 52 1884 243 1244 1130 4440 3297 3693
10 769 1454 2718 2012 4229 4608 668 3643 4416 1736
10 888 3903 3253 2156 3626 2355 3671 4064 2212 2392
10 890 3954 2194 380 3814 606 1913 192 1952 1300
10 908 2791 894 4374 280 4693 2695 3379 2597 4950
10 923 2581 4215 2533 3867 3073 4715 3756 3885 699
10 924 3850 2106 2608 1704 567 1660 4000 4444 304
10 934 3871 601 1572 4084 2933 3971 3478 2607 4174
10 970 3682 1118 2008 3708 2855 2853 1111 3992 1112
10 976 1545 2585 1411 1517 469 3884 2277 539 2900
10 980 4086 557 1591 3469 1599 1431 3099 3522 3846
10 1050 1052 3887 3221 653 4330 2502 2063 3494 4030
10 1070 1955 4634 3431 4574 3214 2525 3579 4366 2422
10 1148 3362 3063 2588 1441 3630 3457 4628 4039 4966
10 1209 3195 3414 1708 4363 3836 3218 1323 2906 1418
10 1264 2131 2195 2324 3648 1363 824 899 4761 1364
10 1289 4941 3964 1892 2038 752 2179 4770 2035 1178
10 1290 2271 3937 2369 455 4759 2711 3864 2153 1295
9 1334 2222 3306 28 4840 4573 3446 3944 3390
10 1356 2473 4056 4959 490 2693 4168 2664 4077 2692
10 1375 3731 941 1227 4240 4902 4515 2951 2753 3072
10 1376 713 2205 45 689 4185 4510 4700 3719 2941
10 1401 84 4741 3181 1476 2108 171 565 3794 4802
9 1460 2980 4976 1911 1623 468 658 3475 3427
9 1490 2281 453 2356 358 4197 2061 1615 697
10 1504 3503 3075 2682 4365 1924 2361 3368 1509 2049
10 1508 3087 1935 2844 4112 1428 2837 3115 3816 4663
10 1548 4312 104 2328 1109 4135 4753 1694 2288 860
10 1601 2148 1382 2912 3752 4349 1526 3231 1047 1408
10 1610 1153 1863 3237 189 1569 4388 1218 1677 3859
10 1616 4103 3341 3091 3449 1871 3363 1777 1235 291
10 1618 2616 3211 994 1051 4355 1255 632 834 4512
10 1665 3929 319 4050 3687 1298 2210 1620 1061 4457
10 1793 4567 4883 2903 784 1393 1145 985 4645 3077
10 1823 3913 2959 1091 3481 3811 613 1740 3337 620
10 1840 2432 4934 2485 4835 2741 4719 548 4799 877
9 1908 981 470 2684 4332 3441 4164 2713 4632
9 1921 2799 1492 2828 4995 3147 742 4962 472
10 1925 3423 235 3902 4956 1079 203 1339 2706 1277
10 1962 1733 174 2272 551 3577 2783 3606 1100 3782
10 1965 2807 3047 317 3927 2117 4260 2583 1219 4308
10 2160 3880 4929 1513 3717 1951 4387 4119 4539 1975
10 2168 1214 3802 2032 2481 3273 4666 757 4575 4953
10 2201 1582 3455 931 1987 740 1824 2183 1151 3354
10 2232 2832 324 1763 4058 2790 4051 3026 4389 535
10 2265 4595 660 696 2197 49 457 1154 3559 1424
10 2282 2560 1852 1856 491 4833 1327 2174 2391 2554
10 2309 90 773 1002 2544 946 2699 1589 3868 3327
10 2553 2720 1905 3180 1123 4991 1739 702 3951 4974
10 2590 3566 4133 2381 4702 2426 3473 2476 4665 1271
9 2663 2192 175 360 3610 3274 753 4973 1592
9 2690 3151 1259 4940 3419 3808 3527 789 2223
10 2705 4032 1958 1132 1983 2577 482 4897 4749 4519
10 2819 3402 2825 429 1136 4484 2568 4533 4026 1077
10 2831 2365 759 4292 4055 1161 3272 269 3530 4965
9 2863 2120 3309 949 1319 2628 4491 3451 2505
10 2892 3501 3925 1811 4152 277 415 3629 2313 4469
10 2931 1685 3376 3797 1594 3139 1624 2808 4421 1898
10 2935 2841 177 2475 1468 1388 878 437 126 3818
10 2983 4481 65 687 1365 179 4733 2445 3468 4423
10 2992 3526 3592 766 4722 4329 4494 4202 2564 1318
10 3005 2397 4167 4611 465 2737 796 2540 2019 131
10 3013 4415 222 1749 1243 2296 2100 4182 1269 268
10 3018 2792 4788 2665 290 4380 4318 2116 604 4714
10 3035 2770 391 107 1743 516 4376 2340 3916 2390
10 3155 2821 1735 3408 4701 643 969 686 2113 1643
10 3170 2610 4139 2382 3692 1380 3952 2529 1285 4445
10 3184 4384 1705 2450 982 4703 408 4886 3688 3673
10 3191 3050 1986 807 2065 2169 2927 4793 598 1135
10 3264 806 1746 1829 3654 86 1717 2358 477 2435
10 3275 2519 1877 2687 216 3979 100 4745 4923 4271
10 3325 3907 1080 866 1686 4848 4306 2103 787 4671
10 3332 2208 1035 1444 2338 4521 114 3872 4459 3003
10 3340 4847 392 1000 4437 1344 3661 4155 4018 1734
10 3351 4425 1184 164 2965 2149 3580 4910 2542 4691
9 3365 2216 4832 4571 403 3203 4817 4509 1358
10 3470 3416 1086 3286 717 1984 3043 3715 4536 712
10 3531 3080 966 2847 1204 4369 2326 2714 1700 2749
9 3540 4499 2052 484 2909 3764 4654 1059 3492
10 3550 2604 1191 662 1124 1009 3582 4053 3736 4598
10 3650 4891 3819 2406 1440 4497 2971 556 3085 3900
9 3685 385 1938 2425 1993 458 1315 1556 338
9 3691 3809 4236 3389 282 3655 3955 3721 3183
10 3737 2320 5 1807 4381 2468 1374 4370 2516 4247
10 3769 813 2094 2694 298 1333 2373 1849 2995 3565
9 3832 2801 683 4268 435 1922 1172 4027 3283
10 3833 4203 996 214 1207 4184 4479 2430 4707 4870
9 3890 3101 1181 3046 67 1998 1019 2105 4320
9 3920 2621 467 2867 919 120 1343 1788 692
10 3956 1658 424 3514 2625 2902 1048 4137 4106 4904
10 4015 218 869 3908 1579 4765 130 876 3213 865
10 4080 2045 947 181 2843 2508 23 4406 529 119
10 4088 3171 1185 815 3094 4925 3058 1032 3790 3513
10 4091 3311 2163 3558 822 3126 2507 4331 615 4920
9 4095 4206 1844 439 764 4069 4527 3660 201
9 4104 3245 1246 4769 283 314 2096 3998 4274
10 4118 2598 2603 706 1115 2543 4542 4796 1726 4299
10 4181 3078 4809 2146 3812 2076 3443 1885 4287 4871
10 4218 4771 4858 4025 2724 1895 1016 3127 2150 4544
10 4220 3849 3328 136 3268 1479 4600 3166 641 70
10 4235 4951 1105 165 3258 4114 1146 3248 2482 1456
10 4302 1505 611 1385 898 3570 927 3232 1524 43
9 4335 2710 4435 2257 3004 1923 4785 1830 4413
10 4342 1320 4465 626 2982 1836 2143 3015 3450 1945
10 4364 4705 2721 94 4823 1054 4219 2423 4044 3773
10 4373 1234 1196 2130 569 4093 1186 2193 628 1723
10 4464 3680 2256 2213 1078 1021 3227 629 1224 454
10 4490 3977 2202 4945 1309 4262 2005 3194 3822 4194
10 4492 1578 299 4016 2452 4344 1116 3121 4872 3876
9 4506 4125 4037 4773 586 2054 3801 2487 4578
10 4516 3282 3524 3212 2760 4371 1425 2715 2944 2459
10 4592 4975 2291 4191 703 224 3336 4059 4838 2013
10 4639 3616 4826 920 2998 2830 895 4999 1084 3507
10 4706 4261 3260 2993 3640 4805 3720 1232 3223 3466
10 4709 2784 2408 3841 2884 1797 4829 206 4234 2659
10 4737 2918 3007 2755 3983 1553 4755 123 1949 2218
10 4782 3602 4035 4658 2777 4177 1910 1979 554 4245
10 4784 4816 3512 4677 18 1429 4618 1287 2651 4228
10 4815 1303 2251 2360 1457 3936 4042 2440 1790 2077
10 4824 4577 793 4947 522 1702 2031 1467 1199 1055
10 4841 471 316 1995 3036 688 2412 2930 2089 225
9 4857 3193 4043 2047 1699 1818 2878 4756 2255
10 4882 3217 2050 1879 186 322 4720 442 1432 1644
10 4970 4187 3638 1445 1593 396 2306 513 79 4977
10 162 2674 3342 2940 3946 2751 811 3396 92 1566
9 188 3516 3888 533 816 3057 1805 4466 4879
10 410 3206 1870 4842 1585 3429 3631 4325 935 3747
10 438 3448 1809 2596 4166 3289 1419 3031 4836 4087
10 464 4928 3464 4098 2437 4800 1812 3896 3624 1727
10 480 3934 61 3418 3506 1511 1167 1516 2062 3179
10 493 2981 2393 4398 1409 681 1195 3786 3806 2858
10 525 3065 744 2561 3548 3949 2727 3271 4895 3208
10 545 4450 4767 4085 4789 939 184 2937 2570 3541
10 617 3711 1352 1989 2746 2673 2806 1716 2334 1571
10 636 2781 2579 2018 1732 3805 2315 3649 4461 3149
9 656 1252 4524 2545 3157 577 2375 1237 3657
9 940 1486 3161 812 2829 293 446 2458 4205
10 1064 4971 2305 3883 2429 3131 1306 3958 2442 4090
10 1377 4811 1337 3106 1570 915 3751 3437 3681 3497
10 1390 4395 4291 163 2660 3556 1918 2509 4096 4212
10 1464 3939 1543 2011 891 562 4022 2087 4557 2299
10 1465 4270 2637 1249 818 4762 3009 3394 4345 4346
10 1527 4540 4304 2836 3093 3347 896 3765 3799 3761
10 1912 4869 3136 1695 3714 3957 1267 4682 2678 4244
10 1932 3361 194 407 3662 2729 4643 4590 2881 4772
9 2024 4357 4004 3783 4500 4551 3843 1477 2310
10 2227 3116 1941 3041 4819 2907 3164 3861 3785 3601
10 2268 4615 3557 370 2822 3536 2448 4740 1573 885
10 2405 2344 1514 44 2384 4171 648 4503 1862 655
10 2421 737 2367 893 245 1891 2178 4998 1753 3730
10 2612 4881 422 4470 597 1230 2953 1451 2613 404
10 2928 3290 1384 4874 4082 4797 1678 4913 1657 4803
10 3054 3774 1201 705 4900 3090 1498 4760 204 1338
10 3068 2404 2868 4584 1703 809 2343 3788 4980 4102
10 3287 4580 308 4864 279 3188 2780 2278 1241 29
9 3346 261 3502 3128 1562 1062 2098 3321 2287
10 3474 3224 3060 4012 2675 26 3591 4894 3315 2246
10 3546 3651 4249 3403 1322 2908 337 4154 3281 4906
10 3597 386 3335 436 4624 3124 1099 3779 1853 4161
10 3613 4781 3866 2165 2221 736 1025 3334 2323 4964
9 3632 4111 4468 3547 771 922 57 2874 4350
10 3800 3674 2744 714 3267 531 1724 845 3095 3993
10 3863 1113 610 3982 1866 3759 1865 3167 2848 3489
10 3869 1621 4338 1174 2862 333 1346 2467 441 838
10 3928 1881 3839 1399 1864 4640 1636 2226 4507 4272
9 4180 1980 3847 2851 1748 2456 1173 97 4394
9 4264 270 4307 4543 1253 897 3143 760 4978
10 4280 1947 157 2879 4238 2974 3074 2888 1575 553
10 4556 1752 2796 1266 3666 1417 983 3968 3914 2211
9 4621 801 858 3961 427 2644 451 1574 4486
