10 11 14 3958 1313 1067 2749 4273 456 3911 2540
10 31 272 1337 3023 1492 1607 3741 2864 3481 1093
10 40 496 382 3551 1322 4478 4057 3390 2443 1019
10 89 351 3190 1933 2562 183 2925 631 2174 3818
10 148 39 1986 1576 2072 1686 770 3887 2416 1157
10 169 672 1543 843 2343 895 896 3765 2696 3571
10 180 399 1763 1911 4434 1495 1946 1984 1948 3879
10 185 541 212 1229 4745 4923 2945 835 3137 4889
9 197 35 3518 175 1525 958 4529 626 817
10 199 479 1020 960 1303 4000 3972 2303 932 891
10 202 646 1171 4480 3716 1160 2249 2594 498 59
10 220 772 1044 4497 4503 1862 2315 589 1395 2139
10 223 77 561 654 3441 4164 150 4370 1448 4388
10 247 873 1614 426 963 1861 749 2277 3582 2529
10 251 309 4404 599 4844 311 4502 1273 3326 1211
10 312 836 4384 2205 2130 915 2902 1048 4137 4279
10 326 125 195 1640 4980 4102 1041 2537 2538 2500
10 378 356 343 4663 2788 2795 614 2107 998 1291
10 383 1458 785 4427 2704 1845 3489 303 3208 2045
10 395 937 130 1061 490 1829 4851 1944 841 3109
10 400 227 2312 563 1241 29 2212 1732 742 1748
10 411 521 522 3598 1668 4310 2496 3323 420 1532
10 414 1031 1766 2010 2654 3475 3140 2716 2810 4241
10 416 50 4842 4352 2186 1595 2073 1717 2358 4446
10 423 330 1228 4190 1022 4345 4839 2672 2756 1306
10 448 295 2882 2324 1271 4445 3636 734 1462 3476
10 450 161 459 2792 4004 4005 2884 957 3047 2414
10 462 847 1641 4686 2988 2235 1950 3689 2150 1681
10 509 1036 392 1424 1819 1706 3795 3755 1600 1372
10 594 141 375 2133 1118 3721 1340 2897 2898 4160
10 600 732 1598 768 1499 1770 1116 3453 1988 809
10 635 1345 3022 1704 4300 461 3744 4003 1628 3012
10 676 1331 4394 3618 4424 2132 2955 786 1384 4879
10 678 340 773 4913 1172 1869 4610 3930 2528 2689
10 684 1629 485 2333 1523 1381 886 1832 2331 2758
10 708 1052 2332 4084 1484 3659 4146 1487 2776 1968
10 709 1461 1447 2904 627 1336 2059 2998 2990 4011
10 711 602 842 1361 4493 3640 100 1529 811 1349
10 725 231 650 2056 4886 638 2286 4747 3435 2066
10 727 253 662 1890 994 1051 3183 762 4308 1699
10 731 780 1330 2164 1009 1353 4275 3555 1315 1409
10 745 301 1299 470 1155 1357 3886 278 4331 999
10 775 1 623 782 2454 840 1343 1371 1979 1373
9 779 266 2305 784 331 1072 3983 4171 1000
9 827 315 1622 1782 390 640 2448 2757 4466
10 830 765 2626 2146 2592 2125 289 2693 3407 689
10 849 685 1558 1342 2996 641 4616 4738 1338 1612
10 861 870 1325 2751 1318 4290 4253 1206 3072 209
10 868 1658 2170 3039 2033 1765 1802 2876 3268 3502
10 880 967 1958 2942 3673 2392 3025 906 2338 2526
10 892 1013 2595 1189 3807 508 905 4527 3660 674
10 942 968 3994 1100 4790 4304 1385 2709 2514 2569
10 950 1098 2952 2477 1169 1989 948 1311 4070 2829
10 955 1127 1544 763 2648 1233 2058 3754 4347 1278
9 961 871 502 4530 273 2219 2057 1777 1235
9 971 473 787 2374 1844 4734 781 2070 314
10 987 1217 1219 4726 593 925 3044 588 2440 3360
10 1010 975 294 3820 1510 3152 1691 604 4835 3799
10 1012 1481 1393 724 2044 3854 2472 3579 776 2855
10 1024 497 1804 643 969 686 864 3377 1304 4866
10 1038 1733 174 2257 3690 1137 2256 567 3058 3131
10 1045 1501 1738 989 4634 4225 792 1122 1109 2642
10 1060 571 637 2121 4459 2328 4542 669 2040 3709
10 1068 661 821 4417 2412 805 3366 2029 4720 1713
10 1117 1164 2369 2185 1430 1701 1822 1509 4266 1639
10 1120 2206 2658 550 702 1705 3343 2853 1597 4239
10 1162 1351 2481 825 4514 2578 1111 4249 3758 3350
10 1170 1545 1812 458 4318 1001 3591 1207 1491 4271
10 1190 1073 115 1149 936 717 4186 826 2570 2512
8 1236 1552 660 2962 2535 1405 336 4501
10 1245 848 2408 2571 2781 2155 1928 2601 3715 1265
10 1256 1506 1603 2323 1930 3479 1586 3671 1630 1429
9 1260 1310 1003 1708 2508 3404 618 306 1397
9 1261 1153 3305 997 4202 1126 2506 313 284
10 1262 1208 2077 347 2085 3221 653 4167 687 2438
10 1305 2231 1590 1144 2248 1140 440 173 1571 3128
10 1312 1617 2739 4905 2999 2534 1940 2297 280 1129
10 1360 397 882 3389 1657 3952 3083 1855 2677 2759
9 1366 1801 2307 2373 370 2822 3536 1489 2959
10 1370 1110 1069 2613 2259 2095 3966 863 3279 1237
10 1386 1242 2838 2913 2063 2128 1002 4411 1348 3629
10 1450 1383 4086 3086 2674 1223 1764 4654 4690 2037
10 1500 1214 777 590 1895 2787 2975 3458 4760 4129
10 1502 2302 2224 954 3081 1839 1097 1039 996 1468
10 1542 1661 325 2784 2195 4668 3648 4984 3009 1892
10 1546 1638 666 1150 3938 4099 3896 2646 899 109
10 1568 1454 557 2165 94 2721 2497 2111 1374 3599
10 1588 1997 951 1534 2640 965 3234 1653 2909 3764
10 1602 1240 1852 1966 3511 3855 1276 3857 2118 757
9 1619 2263 1689 344 4848 2918 1714 4034 3001
10 1626 1810 2091 2346 3720 1232 2319 3307 2664 1961
10 1642 2161 774 964 2814 2815 260 2261 2818 4549
10 1650 460 716 2823 515 3111 2726 2618 3746 3136
9 1654 2041 1903 478 16 2316 186 322 2655
9 1670 691 2951 3153 1809 4553 4730 4642 2428
10 1707 2609 3750 1483 3342 3214 1204 4087 4589 1437
10 1715 2820 2806 335 4286 4914 2636 4188 2638 839
10 1750 1321 1181 4473 4748 1081 4184 2314 4917 3345
9 1751 1582 1652 4414 467 1028 4317 4443 2629
10 1759 2491 2001 820 2229 2296 4933 4719 548 3970
10 1762 2301 2466 543 3384 1834 1249 406 4655 1710
9 1814 2581 4460 203 1757 4055 1533 1187 803
10 1825 791 3011 4875 3914 1755 323 3706 3331 2603
10 1894 2271 3034 1323 1719 3902 4640 1975 235 2937
10 1899 1779 2851 4962 4727 3225 3507 1497 1362 1404
10 1909 2140 1774 1973 1101 578 3106 4871 3092 2452
10 1916 1927 3300 1358 4774 3601 1726 2702 1463 4205
10 1943 2989 802 4438 4924 2017 4096 1768 812 3289
9 1990 1934 4967 3198 2215 4943 4511 3719 338
10 2000 2120 1870 1904 3658 4855 1646 1485 3 919
10 2023 4278 3467 1354 1791 966 828 2442 3142 4909
10 2028 2320 3828 3033 3946 3175 3180 2083 494 4922
9 2060 2621 3066 4693 1341 4101 339 1680 4400
10 2079 2598 2712 3757 984 4695 4793 1154 4465 1679
9 2088 1648 3028 1983 128 1136 3010 1253 3979
10 2090 1996 2434 4437 3396 3646 1096 1212 3535 1740
10 2099 2081 2433 2156 3626 2355 4296 3383 1279 4126
9 2102 4103 758 3193 2098 3682 1413 648 2971
10 2152 2710 1184 3210 4334 4257 4336 4307 952 1864
10 2159 1606 4195 4682 1213 1583 376 1878 3564 4032
9 2166 2489 2050 2905 1471 2517 2476 3141 417
10 2233 4548 642 2943 2633 4520 2246 2247 1922 671
10 2250 2015 1095 586 2054 3801 291 2797 3789 3814
10 2260 852 503 4986 236 1230 881 4052 1282 4711
10 2266 2676 3906 2293 421 3373 4678 1030 4208 2135
10 2300 2078 2252 2046 2272 2255 3143 1015 2258 1087
10 2311 4664 3338 920 3572 1985 3119 1418 3578 2067
10 2347 1143 4441 1955 4674 1182 468 337 3299 680
10 2353 3388 1795 533 534 535 2516 1014 859 3099
10 2354 2915 3533 644 917 2564 632 1690 2475 2191
10 2371 2222 3306 3630 3457 815 166 2280 4258 1526
10 2376 2208 722 723 1167 2982 1288 1026 3738 4358
9 2396 2148 3061 531 4314 2479 3667 2737 4410
10 2413 2519 2652 938 2837 929 2813 1017 1581 2769
10 2424 2719 2336 2963 866 2399 1270 4701 2777 1006
10 2447 3133 4398 2018 4354 3748 1636 1837 2679 3439
10 2453 1248 4082 3173 1398 4162 3115 3015 2808 1780
10 2470 1281 1135 844 4119 1033 3589 2007 1494 1643
10 2484 1210 2009 3283 2262 4588 2906 3876 2698 3560
10 2518 1268 528 1556 953 4343 726 3724 2826 3341
10 2539 3177 3787 3910 2805 2700 4242 1417 3534 4229
10 2559 2192 3220 4051 254 465 2954 3655 4573 4750
10 2563 2821 1924 875 3967 4165 4243 4535 4076 1555
10 2587 1314 2825 429 2348 3452 369 4877 862 829
9 2591 3229 2688 974 495 4130 4868 1599 1727
10 2602 1662 728 4743 1625 3157 3524 2177 2317 1099
10 2605 3206 2956 3775 4016 1194 2196 694 2940 3609
10 2614 2243 1977 4183 2593 1632 2694 2172 1434 1507
10 2657 1711 1761 783 2584 1042 887 857 4721 269
10 2680 3224 4906 1180 2779 1677 4447 2437 3539 1577
9 2683 2492 4045 3004 1695 1851 2108 1344 3098
10 2685 3670 4316 797 2344 1514 595 3881 551 4204
10 2725 2610 4545 1963 3649 3905 1472 1178 2900 2210
10 2730 2701 4072 3019 3104 3725 930 796 2774 3836
10 2732 2541 3123 4292 3739 3805 4512 695 4007 2643
10 2740 3316 4156 3423 3020 1725 1519 4477 1220 2105
10 2768 3519 232 4833 4644 1785 1786 1676 4936 3916
10 2802 3426 639 2596 18 3003 1225 4519 1672 249
10 2859 3824 973 4383 4105 363 3663 2340 3249 3259
10 2860 1826 182 172 2668 1130 944 1426 4594 3877
10 2861 2574 2092 1724 845 1335 2425 1645 3874 4405
10 2869 2216 3493 2827 1882 2025 2994 1550 2550 1151
10 2875 1800 2427 2325 2877 2974 3074 4972 1888 587
10 2885 2071 2457 3608 1560 1104 3065 3592 766 3965
9 2886 3731 2463 1477 3654 1902 4807 2194 1138
10 2893 2980 4976 4058 4812 3580 4910 2542 2965 1173
10 2910 3172 3889 436 3614 2397 1530 3246 788 394
10 2911 2432 4902 1969 3537 155 4856 1693 4505 3666
10 2920 3977 2202 1266 988 435 348 1594 1561 3570
10 2932 2670 1089 1054 4244 3981 526 2419 4142 1198
10 2950 4595 921 1456 2608 2445 2446 4689 3861 3718
10 2964 2531 4767 2686 3329 1317 1355 4408 2144 4534
9 2985 3871 3364 2847 45 2699 1589 3450 2907
9 3029 2616 2752 3616 3925 2360 4263 4577 1746
10 3032 2109 4942 3447 1244 3288 507 2458 1145 2065
10 3055 2241 2365 2997 3882 1168 3016 4350 816 2429
10 3070 3929 3804 1827 4267 985 3478 2887 4471 869
9 3084 4681 2786 1848 2880 1574 2008 75 3495
10 3089 2801 4926 3995 1444 3661 3156 3108 3993 3238
10 3100 3361 194 2873 2363 2917 431 3232 3760 2223
9 3110 3850 1992 1025 2804 1831 345 3703 139
10 3112 2281 2770 850 457 4735 574 3596 995 2093
10 3125 2832 2134 3330 3677 3941 1776 628 3792 3635
10 3160 3277 274 225 750 2520 878 3367 1906 2843
10 3189 3416 3071 2379 2149 4495 2691 1579 2973 4197
9 3235 3553 2782 267 2284 4606 1479 4569 3062
10 3242 2762 2176 211 1857 1767 3276 1758 1449 3777
10 3263 3880 3565 3477 2356 3472 3998 3997 3549 1838
9 3270 1179 2012 2339 3301 1422 4371 365 4763
10 3293 3000 3469 3788 1431 3398 1066 2793 2895 3989
10 3295 3960 3370 30 962 523 2182 447 1367 1771
9 3298 1551 2933 2623 1283 4897 4631 4289 519
10 3312 3311 2929 733 2069 4995 3203 1735 4474 3529
9 3348 2799 1875 3200 2273 2253 2986 2637 2295
10 3349 2566 977 3957 902 1553 1794 4320 4284 2669
10 3358 3097 3892 3219 1435 4291 1647 3590 4921 1402
9 3369 3087 2718 3593 1037 1538 2005 4847 242
10 3400 3080 3878 1537 1056 4040 3785 3223 2979 4507
10 3420 3129 4219 2423 4523 1697 1867 2308 1938 2288
10 3430 2560 1513 1250 2606 3813 912 4707 1913 4252
10 3440 2972 3308 3699 2082 1873 319 2110 3093 2022
10 3442 3603 4675 2773 2240 2027 4462 4974 1079 3379
10 3445 3913 3262 136 2809 3265 3116 1877 3118 3057
10 3456 2791 3702 3763 3851 4469 3872 3335 2548 3355
10 3515 3151 682 3504 4657 4100 4638 396 4210 3815
10 3520 3912 72 3924 4602 2482 1536 1319 4515 949
10 3525 4207 4676 3615 163 1539 3843 4666 3790 350
9 3544 3809 1562 751 1124 645 472 4770 4439
10 3586 3171 2002 3647 1152 3285 93 2619 4260 4115
9 3600 2841 1667 1991 616 2055 1967 972 514
10 3604 3241 754 3309 2501 3339 1018 2236 4401 990
10 3652 3195 342 4764 3810 2031 1669 916 250 4059
9 3676 3101 4153 596 565 3185 258 275 2207
9 3696 3566 4133 1046 428 1897 193 3385 834
10 3707 3501 4056 1294 2341 2731 3888 4269 4092 4283
10 3733 4432 3588 1427 1255 4805 1416 4231 2290 3356
10 3740 3907 2036 663 664 1563 2708 3095 4228 2254
10 3784 4541 759 2089 3751 4873 1605 3297 3444 3158
9 3798 3362 3968 127 511 4935 4536 2948 205
10 3826 4425 1470 4098 3294 4945 3992 3334 1731 1286
10 3827 486 2162 2187 4089 1893 1177 814 615 2692
10 3830 3503 3075 1133 3513 4670 449 4752 4090 60
10 3840 3674 808 1410 3314 2169 4048 1075 3222 2335
9 3853 4758 4691 488 2579 146 1511 3756 3885
9 3894 1478 2835 939 582 945 2533 3617 629
10 3904 4561 3165 4191 4518 2729 4470 2854 3778 2930
10 3926 3245 2062 2451 3722 4097 4715 1949 3418 1889
10 3945 2889 353 2209 3237 2439 2766 675 1910 1442
9 3950 3651 4217 3443 883 1941 3286 943 1139
10 3962 4361 4862 558 560 1615 4392 1466 281 2667
10 3976 3701 683 2234 1929 463 1486 1226 4322 2958
9 3978 1611 3512 3248 4749 138 2147 2790 3296
9 3980 4992 3303 3683 466 1535 1451 544 1243
10 3984 4061 3236 4121 1734 3105 1567 3031 2450 2620
10 3986 3695 4251 3490 2921 3585 3862 4328 3987 4849
10 4001 4415 3202 2635 4154 2839 3347 3139 1682 1326
10 4019 3700 297 2743 2126 607 2567 2936 3918 2003
10 4020 3849 4658 1459 3091 760 3558 3759 70 2459
9 4021 3051 2251 4325 2387 2615 4872 4777 555
10 4038 4771 2871 2828 3211 3821 652 2656 2381 3069
9 4075 4685 1728 1898 208 3405 79 4977 476
9 4117 3975 3774 3433 4049 2214 3436 3437 4422
10 4123 4333 2545 2750 1488 3103 1557 2645 116 3148
10 4124 2934 4200 1263 2984 2313 2329 2020 3548 4067
10 4148 4163 1854 2783 1166 2846 2513 1547 2780 4041
10 4149 4357 2490 4955 3940 4765 1698 2969 4448 329
10 4150 3841 3842 1406 1369 1455 310 4586 597 2436
9 4158 4116 4073 3008 2760 2687 367 2561 2736
10 4170 4928 1252 4524 4063 3829 3488 3727 3257 483
10 4176 4206 1953 4043 3516 2021 580 2926 3024 3281
9 4178 4025 813 2978 928 1806 4376 3135 4138
9 4198 851 1192 252 1926 2555 4700 2456 1083
8 4213 4975 3542 453 2114 4994 1976 46
9 4232 1114 2334 2879 1074 4433 4759 2577 4236
9 4256 4452 4890 4533 513 230 4255 4066 4179
10 4282 1391 3619 4864 3127 1421 3468 2061 3625 3310
10 4337 4481 4574 1257 1251 2366 3146 3631 729 4064
10 4341 3050 2842 179 4614 3046 2586 3797 1720 2589
10 4356 3282 2179 4453 1664 1284 1880 1627 2370 3919
10 4375 4591 3867 1815 634 4585 3982 4827 432 4669
9 4378 3602 3448 858 894 3455 1328 217 2087
10 4419 4775 4832 4579 2641 3776 2460 1224 454 433
10 4429 357 4211 4528 1566 3734 1420 3037 4054 2511
8 4525 3526 4484 1193 3324 3380 381 1452
10 4550 4626 1324 2546 3272 1775 1125 4389 4068 4069
9 4560 4081 3269 1700 1364 2471 1016 2362 3391
10 4565 4742 171 2811 833 4085 2418 2267 3251 1694
10 4603 4261 4262 4374 1195 3048 4326 4327 2789 3883
9 4604 4571 403 2867 1254 1175 15 413 3094
10 4609 4312 1900 4739 4605 2352 3494 1787 3838 1592
10 4613 4804 2890 3088 4454 4562 4145 1473 576 1389
9 4617 385 4285 4753 477 1524 4938 1813 527
10 4619 4951 2502 3233 2384 1221 1744 1350 3669 1573
9 4620 3680 4299 910 2488 1820 4966 152 3556
10 4622 4111 3639 1769 233 1817 2386 4865 4238 4801
10 4649 3653 3581 1414 2226 3491 2967 3657 903 743
9 4660 386 2650 1816 4114 1063 67 1998 1952
10 4708 1685 3150 1411 3302 3675 860 446 2244 1981
10 4717 4941 1403 3772 2556 4870 4575 1683 3073 3528
8 4724 261 157 1280 409 2287 3174 3823
10 4731 4125 3230 1363 824 181 4517 4274 4543 3030
9 4744 443 3665 3923 3304 120 1842 4768 2076
10 4751 4187 4667 2473 316 1995 4276 133 3121 1559
9 4787 1671 2628 4491 3021 3179 747 61 4166
8 4876 4859 3247 3961 66 80 2431 4287
10 4893 4615 2659 4797 4151 3903 4896 4192 3668 2785
10 4907 2151 3505 3641 2094 2772 1798 4455 2030 4762
9 4915 4270 4476 4978 2968 4498 76 2242 1188
9 4930 270 1608 4940 1596 425 3397 2430 3726
10 4944 471 379 4863 2398 2946 2521 3038 3317 907
9 4985 4450 3429 2103 4449 374 2016 4874 554
9 4988 801 4958 2585 2912 419 2580 2723 1058
10 4993 4531 512 4486 2653 1082 1520 2747 2848 1609
9 17 4881 2409 4423 1258 44 1796 3932 2310
10 87 1666 2961 4645 3090 1498 4521 3583 2919 1199
9 122 4540 4532 904 3336 1951 105 2599 2345
9 132 981 4234 2173 4624 3517 3053 475 2507
9 144 1923 4627 3723 1394 47 2939 710 2367
10 191 4625 4733 4901 4175 3205 1246 4769 1879 4189
10 219 1781 1029 2706 1554 4884 1919 4558 736 3187
9 271 4781 4340 2047 524 1789 677 1300 1227
9 286 108 4898 3052 469 2203 4185 3252 3077
10 307 3711 3681 3816 69 3227 911 4611 3781 4999
9 327 4467 2420 244 2850 3949 1467 3042 4479
9 334 4869 2449 755 95 1034 2175 3846 3164
9 352 3766 2662 771 305 2794 2157 2359 4861
10 355 113 4766 2807 4572 3126 2896 3817 4736 2129
9 444 1931 13 1368 2035 3322 2727 2660 2039
9 481 4837 668 3643 3291 2862 3860 62 492
10 499 4395 4963 4612 4407 3811 4981 748 3831 2218
10 520 572 3292 3078 2318 1119 4026 3624 4028 4510
10 568 73 257 4303 4991 4305 1659 832 3231 3132
9 583 134 2722 3408 4110 9 3250 1298 889
10 584 68 3569 3523 1866 1788 692 1956 2944 1011
9 622 3999 206 1496 714 1295 1296 1868 740
10 624 1947 3927 2349 4421 4860 1091 4808 3988 1329
10 625 2274 2845 4796 1309 3260 2681 4009 4039 349
10 630 1121 744 1587 1773 1858 1886 3915 2607 112
10 651 118 2547 3656 4134 1907 2735 837 3858 1917
10 670 2181 1163 2649 2611 4377 3378 3576 2703 2461
10 690 1896 4240 4934 1146 4237 3134 2291 1803 1696
9 715 1438 3243 4813 3834 404 1937 707 4223
9 720 372 756 4030 3974 552 1231 489 1960
10 730 959 3845 1480 4702 2190 1197 387 1134 2383
8 741 4892 24 3584 3771 4656 4023 3714
9 746 3939 110 3239 4509 822 1123 1008 4563
10 769 603 1446 333 2697 3607 1936 4599 4636 679
10 888 4705 823 2733 3770 4245 36 1399 2746 4489
10 890 2221 4652 1439 1094 3538 3554 2406 1440 2778
8 908 371 243 4 4385 1970 2830 606
9 923 1811 3216 2361 540 3412 107 2858 4168
10 924 1621 2239 4224 1308 3901 1749 1635 4798 4319
9 934 2289 3161 445 2487 4409 2891 897 898
10 970 1971 1972 1818 3568 3672 3963 4482 1918 4803
10 976 4911 2575 2394 1884 1185 4828 946 1065 4359
10 980 1320 1512 3419 3808 2292 1684 4143 1088 3371
10 1050 933 1412 1885 4687 4246 518 4582 3990 542
10 1070 1113 487 3471 4065 2631 1115 1620 3117 1359
9 1148 2388 1347 1200 705 2141 1057 4630 368
10 1209 4816 3514 1365 4381 4697 1824 3747 4451 3421
10 1264 2411 918 1062 1457 3936 1275 2493 620 1660
9 1289 2304 4883 2565 3204 332 4799 877 3679
10 1290 2357 1302 4215 3041 3730 4268 2597 4950 818
10 1334 737 4071 2800 2042 530 1032 2695 3868 3438
9 1356 401 3482 3645 1874 1914 1778 1156 442
7 1375 2524 4551 6 346 1071 26
10 1376 2639 856 3870 1267 1103 1570 3319 2053 2230
10 1401 2771 2568 4696 2124 931 2673 2852 1633 879
9 1460 2522 982 713 3852 516 1747 3427 2761
9 1490 388 1392 4761 4254 3218 2544 3197 619
10 1504 2006 4008 4135 4079 1387 2086 3895 1293 4431
9 1508 612 1835 3749 2661 3964 696 2167 1856
10 1548 4989 4780 204 2868 1790 983 1613 2738 2200
8 1601 4013 4379 65 2908 4369 391 1883
9 1610 1102 3002 5 3762 3543 4141 4598 4789
10 1616 2665 290 4233 4729 4757 4196 4677 4618 2237
9 1618 700 2714 1518 4651 536 581 43 2647
10 1665 2417 1428 4139 3207 1142 4672 764 1876 793
8 1793 621 4416 3278 4983 4653 408 3736
9 1823 2816 33 2495 4060 3508 4810 1191 4773
10 1840 1004 1887 2180 1872 1730 1805 91 4836 3884
9 1908 1541 2872 1853 3059 328 4230 3354 3782
8 1921 2551 577 8 3209 510 53 3509
8 1925 1980 806 4504 304 57 2874 51
9 1962 4683 135 4555 4362 1201 2977 4461 4888
9 1965 941 3559 3628 320 1176 4406 140 1841
9 2160 3169 2467 4908 2096 3192 158 4500 909
10 2168 1183 415 3328 3144 2321 4710 1580 3687 2322
10 2201 1521 2350 1043 1035 1425 1196 1644 4826 3178
9 2232 1174 153 1205 2351 3166 2707 3761 4740
9 2265 3353 3130 3402 4351 579 3147 4488 1517
9 2282 1474 3274 292 2970 3742 2142 4297 4348
9 2309 3521 4344 4596 4294 4648 1843 1503 539
9 2553 4580 3942 3406 2734 1743 546 4786 2505
10 2590 2032 4646 4564 4800 831 3290 1400 4845 2401
10 2663 4918 4557 538 947 1277 2113 4987 3374 3812
10 2690 2552 1469 2101 2474 4982 2395 2617 927 1301
10 2705 2903 4932 1623 3743 4714 1408 1047 4094 2264
8 2819 1549 1830 20 1333 4878 2966 27
10 2831 3634 935 1756 3819 4960 12 3386 2100 838
9 2863 2131 2014 3921 491 1716 2238 4806 2469
8 2892 1631 1709 4387 752 2285 4920 85
10 2931 1752 2404 4044 4894 3315 2188 853 1419 3393
10 2935 1591 1352 3686 3085 3465 4106 2080 4391 2163
9 2983 2455 4998 4393 3684 795 3506 1703 21
10 2992 2410 389 1637 3258 3510 4281 4522 1974 3561
9 3005 106 200 2211 2924 2833 810 1049 1702
9 3013 3017 1415 4250 341 4570 4468 613 3865
8 3018 241 874 4201 1792 380 1718 121
10 3035 4222 277 697 4494 2865 529 119 3159 2389
8 3155 2583 992 2953 2153 418 979 547
8 3170 1107 2075 2883 573 4746 3899 265
9 3184 1141 422 3273 4546 4499 2052 484 3943
10 3191 1297 872 3162 585 4885 4386 3253 4315 1865
8 3264 3847 25 4949 1222 3417 2741 649
10 3275 2074 3163 1753 3530 4390 4929 1584 4694 1585
9 3325 2382 3692 4925 1528 1516 2856 111 1978
9 3332 1964 2377 4396 673 4037 452 3933 4846
9 3340 3027 4880 4973 143 3320 1493 3382 3835
10 3351 3359 4937 10 4018 4031 1505 3796 3710 4650
10 3365 2441 1522 4248 4661 2498 1987 3577 3102 800
10 3470 2817 2549 4732 1957 2275 1846 2276 703 1678
9 3531 1745 2991 2960 3767 4665 437 2849 1346
9 3540 3403 4791 384 1655 1656 2634 3451 1269
9 3550 4035 4112 4997 430 855 3368 159 1999
10 3650 2051 2922 3567 1784 1215 1216 3745 1218 4822
9 3685 4426 4607 4006 1423 2684 2483 767 22
9 3691 3557 3392 32 4965 4628 3499 1388 3449
9 3737 3381 4012 1007 1994 361 1564 2213 4169
10 3769 3563 2675 1380 1604 3622 2866 2941 2523 598
8 3832 3399 3532 1673 102 2480 4547 37
9 3833 2527 2137 2711 4216 2987 1723 3327 2515
10 3890 1954 1905 659 1396 3806 1316 1531 2004 3837
9 3920 2557 4420 2713 3562 3753 3056 1378 49
9 3956 4526 2122 3955 2378 1772 3848 1158 42
9 4015 3728 601 88 2435 2123 901 3122 609
9 4080 4402 2 3244 4194 2625 71 1238 1112
9 4088 2119 3387 4643 4590 2881 3638 4324 3410
9 4091 3779 168 2464 2509 706 608 1663 667
10 4095 3049 2532 377 504 1675 4053 3454 3969 98
9 4104 2199 4463 1860 4741 3595 3484 1272 633
10 4118 4567 245 2744 1274 798 3376 4633 3594 3498
9 4181 2499 4353 712 3803 3107 78 2644 451
9 4218 3547 2106 4716 4576 553 4159 721 1569
9 4220 3113 3642 1441 1307 4366 2426 170 884
9 4235 3729 3201 4313 145 1634 2834 2013 3280
9 4302 3971 2330 3953 4783 2530 1105 3217 4367
8 4335 4641 4330 81 1712 3487 262 4899
10 4342 124 1540 3791 4360 2494 2745 1797 2245 4093
8 4364 3464 3076 248 246 7 2068 2666
10 4373 3401 3006 4050 807 1871 4227 4673 2748 23
8 4464 3181 867 48 2510 2949 455 3944
10 4490 4306 3574 3414 4722 2824 3413 4329 3394 4128
9 4492 3985 2899 591 4954 4120 2938 3459 4288
10 4506 2901 2393 482 2995 4221 3856 1379 3573 229
10 4516 3431 1742 4029 2767 4022 2364 4904 2326 4809
7 4592 4442 1475 54 86 164 3575
8 4639 3783 4042 84 424 657 4203 2043
10 4706 3948 549 4601 3612 2462 922 4843 2840 129
9 4709 1754 532 64 234 1436 4587 1202 3432
9 4737 4961 3261 4444 575 187 149 4078 4623
10 4782 3480 1982 698 2193 1624 4680 4047 3780 1915
8 4784 4647 3460 693 4321 4829 151 2755
9 4815 4382 4173 926 1086 2143 201 3735 2468
9 4824 3931 2724 317 3485 4912 4010 1736 4214
8 4841 276 2742 1005 605 4635 3337 4193
8 4857 3991 3786 4679 647 3873 2558 160
10 4882 4698 1407 41 4916 2019 1027 1859 4247 3014
9 4970 3254 117 2798 3875 2217 570 1687 4298
9 162 4593 4147 3145 226 1285 761 4182 2728
10 188 2171 2402 1939 3036 3839 1108 2763 4380 4684
7 410 2158 28 4840 83 189 2914
9 438 4703 562 1131 2299 4850 228 1674 2754
7 464 2870 1332 104 2632 210 56
8 480 1092 753 402 3954 1836 3043 101
8 493 4552 126 3375 215 1935 1721 434
9 525 4430 362 298 3935 4554 1287 1760 4108
9 545 3633 1575 1737 3662 1847 3717 2380 2678
9 617 4487 2717 3063 735 2279 3176 4083 739
9 636 4794 3079 3120 4014 2145 99 3527 789
8 656 4831 1649 3697 222 900 358 4568
8 940 4456 114 4338 611 2836 819 1161
10 1064 3321 3611 2888 224 1443 3752 4349 2525 2765
9 1377 4947 176 4435 3664 701 3705 4199 2582
8 1390 3352 592 407 2878 4756 4948 556
8 1464 4795 3802 474 2220 239 4046 4132
8 1465 4002 3973 1234 2715 2368 359 3168
9 1527 4659 1959 913 259 1565 1942 4814 738
9 1912 1881 1901 439 2375 699 2600 1432 2465
8 1932 4311 221 3825 537 3541 3688 2283
6 2024 4957 240 285 2064 373
7 2227 4632 4867 154 2327 2486 58
9 2268 4428 299 4718 1090 1445 1593 3522 4144
10 2405 3154 2178 2127 559 4853 3266 3898 213 4544
9 2421 165 4174 1828 4457 4725 282 978 2391
8 2612 1023 207 2624 4825 177 3693 4177
8 2928 4472 1076 1578 2112 96 97 167
8 3054 137 190 2444 318 2116 665 192
7 3068 2844 216 2976 655 288 4728
9 3287 4332 4272 1891 4122 2993 2753 3934 293
8 3346 4566 4397 4600 3794 2981 256 505
7 3474 3196 279 2117 517 1722 441
8 3546 4485 3822 2803 3194 214 405 3284
7 3597 4581 263 354 876 103 156
8 3613 4891 3466 804 2485 296 4107 4109
9 3632 4723 564 3333 1572 3255 3256 3844 1741
8 3800 0 2923 4990 2588 2225 198 1382
7 3863 218 308 3060 4919 287 52
8 3869 893 3434 4172 255 1085 681 3587
9 3928 1128 4823 1920 3644 3425 3712 3124 704
8 4180 4637 300 4792 1945 3627 19 2622
9 4264 3199 1688 3959 3463 1482 2011 1186 196
7 4280 4802 321 237 1807 264 1739
7 4556 3637 324 794 268 366 55
7 4621 34 2796 1055 506 4583 360
6 4688 63 90 131 4903 658
8 4704 74 2400 790 4900 4363 3428 2572
8 4820 38 92 1799 4952 4074 3212 1453
9 4821 82 2038 364 3947 2189 427 4309 885
7 4858 147 4854 302 4131 4413 398
