20 34 1063 3147 7892 2717 4401 6466 9191 8885 6168 5184 7020 8914 3033 3525 5544 7229 8585 4193 3186
20 57 406 7800 2842 340 7188 5546 5547 6489 3880 628 3558 5817 5239 5934 8429 9736 8593 4136 5002
20 280 1004 5768 5141 8278 246 6192 3311 9520 2578 2385 6203 9274 3213 9934 2423 7032 2535 2720 3758
20 380 2115 3223 3310 1271 9062 8045 5084 626 6277 94 9676 9326 2254 4006 931 2201 333 728 279
19 457 1289 4145 7711 5910 5627 8146 5478 5189 4649 5400 8783 3267 5680 7517 9296 5457 5745 9299
19 460 2732 3135 6164 3715 2141 6565 2210 4459 9174 1555 6407 442 2953 3535 1733 4816 3538 8110
20 561 979 4890 1135 7404 7340 638 7407 8297 303 3839 2746 7233 2700 5034 1823 4703 2249 8591 1940
20 615 2281 1947 4228 5766 9921 5321 768 594 3128 8910 4726 2272 9897 7646 6809 796 4083 798 799
20 635 2778 9994 6245 4657 2689 9882 9265 1045 8536 8183 7566 436 8193 8194 3085 3533 6231 3150 5404
20 680 41 6171 2343 9792 3177 9389 200 7490 1929 1497 9971 3242 2598 6356 697 4864 7321 7513 9562
20 727 1341 1870 6008 5336 1245 1915 1202 1248 6152 1690 1504 9156 1842 1970 8549 9729 3626 9801 4232
20 818 168 9002 6312 935 9219 1138 5993 2189 8446 1058 4173 7839 2137 5562 8997 221 3574 6623 3345
19 858 2762 8617 1250 2894 664 8912 8139 9574 9203 5501 9791 187 5181 581 7987 724 3506 5418
19 873 1611 2482 6268 4841 5 1566 5221 7263 701 2063 8084 8580 9239 7516 1671 2033 4699 3828
20 893 4721 277 1578 1198 5463 8551 1311 9427 7169 3537 9611 7172 342 7672 6672 4929 1529 3109 317
20 916 225 2963 7002 4525 7408 36 4231 3321 3406 2310 2311 2312 118 5357 7192 8312 9632 3892 254
20 1000 2761 7693 8819 209 5241 2626 7507 7508 4723 7510 8437 1215 3633 1241 9035 9036 5605 1430 6740
20 1099 2411 2335 1680 610 3240 8567 4387 3638 2813 4739 3771 4907 1512 9719 3775 8652 7870 5593 2952
20 1111 1116 5989 8001 9478 1907 3966 1962 3968 894 7147 864 7417 6413 6414 2273 4200 3031 998 1133
20 1255 1885 1302 6423 6411 3485 9501 2701 1025 388 7824 9552 3438 4949 9659 6558 9763 7502 3867 8959
20 1258 1665 1314 4874 884 6059 8653 3568 5440 2478 5979 7477 892 120 4243 8638 2092 3084 8612 3658
20 1276 324 4982 2943 7941 847 1252 4996 108 3 110 4093 5519 5973 13 8649 4103 1332 2399 9235
20 1393 4209 3669 7853 1801 1209 9768 3336 3248 1696 6758 341 363 9243 741 6548 860 8868 7251 1399
20 1427 27 9001 4367 924 1683 7797 597 4632 6462 4639 2487 2753 1554 7294 7115 9354 7297 4741 6431
20 1428 3013 7726 3003 2398 1502 1795 426 3264 9215 646 8659 309 1849 3695 5131 9578 4677 9257 5850
20 1464 3163 3746 3190 9675 2025 1851 6409 141 6456 840 4595 4857 2352 5477 5394 5776 2759 4125 7823
20 1520 2501 3389 4082 9352 6999 2808 7579 5364 7210 8618 2772 3507 2940 1347 6734 1858 3071 7811 7461
20 1652 2172 9342 9343 8144 7185 2550 1672 9809 8436 9596 790 8056 7959 8947 570 3166 2032 5373 4419
20 1786 5115 4402 8047 3106 8681 6850 1872 1 6594 6583 5872 6125 5019 3399 5860 7904 3597 5856 5043
20 1803 5613 3009 2616 4204 2843 2838 8392 948 7856 6490 951 553 8103 3007 3401 516 7083 4198 9161
20 1827 6305 8835 5759 677 2270 3126 6635 9339 3032 7674 4102 1561 7684 9141 5368 8323 7804 7141 3159
20 1902 1027 4762 4763 4544 7563 7666 9432 9922 42 689 3786 8700 6618 4661 5692 5260 7380 3522 8359
19 1928 5727 7062 7305 5886 5905 7479 7213 9249 4538 8951 4008 3348 8544 99 16 5857 7923 202
20 1944 1661 1238 7509 8786 8213 9962 5638 8648 4849 854 5182 4113 7514 6290 6175 9678 5907 738 739
20 2173 788 8260 8859 6819 5806 9569 6037 6964 896 8470 6659 9397 2878 3035 4875 7745 5104 7587 6696
20 2200 3153 9842 2521 9529 242 8393 1286 4450 4187 1390 354 4296 5493 3943 9175 490 2356 3949 7041
20 2213 2194 4398 2631 6107 9046 8628 2496 7466 869 5871 5652 6813 1446 1577 446 9052 5413 4847 4461
20 2239 1769 8246 7320 2003 399 9765 1607 7103 6816 1030 9939 7657 3432 7209 4612 9105 4179 8703 9980
20 2300 2751 1802 1631 7668 7328 1826 4357 3791 2220 5323 9409 3105 1082 1790 8621 5035 3162 1281 6279
20 2361 5515 5805 7343 8722 7345 9405 4407 1140 4690 7966 4236 973 3204 2690 2226 5987 7289 1037 9323
20 2380 755 11 1639 6208 993 9706 7438 7288 240 1141 3550 9440 3093 1767 5781 2775 6212 5365 3099
20 2460 3149 4042 4456 659 3091 9976 2967 5994 2128 66 1898 828 2259 2834 7403 7200 7583 8752 7854
20 2500 2621 4201 5243 704 9858 2046 6173 96 6710 8726 2051 8872 8724 9463 9238 2456 3374 9332 2178
20 2546 4051 7068 7843 1514 6973 3904 2251 7369 9492 9686 9431 5524 865 8340 9435 2154 1705 7998 8607
20 2603 6221 9541 8206 576 6505 2871 1838 7716 4058 6510 259 8595 6513 8640 9995 5247 143 9998 6981
20 2687 3408 5455 8873 4804 8105 227 7748 881 4020 4295 377 8024 2635 9110 4607 5953 4704 4818 8917
20 2723 7881 3493 7154 7884 7885 6942 7110 8151 7495 7146 7611 330 5366 4454 661 484 5974 5358 6993
20 2860 3061 5703 8053 5299 6139 3480 9327 1715 23 7586 9028 2090 8787 872 6898 6055 217 2409 184
20 2873 3469 6842 6455 1067 7995 2748 7158 9964 7469 1712 90 3625 7915 8306 8522 3816 1991 73 2197
20 3169 5195 1047 1717 5109 428 2142 751 9888 4301 7795 8261 9190 3173 6287 2796 9825 4354 5628 6828
20 3261 5497 7316 3686 6567 8044 7143 7645 7352 6049 8972 771 492 742 7883 3659 6220 899 9756 3098
20 3412 1021 3094 2122 2581 2596 7691 7281 7330 7893 2895 3870 9932 6718 6075 9523 4076 4778 836 3059
20 3495 4325 7206 2636 2 8818 486 5485 3078 5255 9919 8587 8226 9816 6054 6319 6056 6057 5385 8839
20 3701 2324 1762 5246 1424 1527 6446 6776 9392 8025 3175 7859 6619 4291 4263 7241 9195 2828 2782 2739
20 3898 7833 9642 2109 9424 7770 5885 206 7326 6374 4928 463 7969 3516 8684 5559 6416 3819 6912 2526
20 3899 1176 3044 7240 8614 6554 9777 2308 9408 1831 3957 5091 3123 1664 441 198 3447 8117 3680 816
20 3940 2869 2338 1904 3990 2394 7496 6204 8068 8069 8070 8071 4965 364 106 4980 2563 3748 9112 7775
19 3971 6064 8878 2699 201 5565 9518 1218 4866 6275 3776 5351 7817 6586 7259 7064 4405 1173 9738
20 4045 7653 493 2341 5939 5165 171 3076 7160 7359 5212 946 6688 9484 5705 4043 3588 6722 8456 2780
20 4165 4549 5376 8577 7738 3095 2632 5959 8921 907 830 574 5640 9725 9521 8438 1760 4642 9896 9183
20 4400 6149 8262 8440 4871 9542 3845 2787 256 1034 1462 5211 8198 591 2615 79 3008 849 7964 397
20 4420 5629 1301 3322 4244 8484 4505 3443 5797 4066 9955 4251 2792 6151 54 2221 1887 6027 1278 4471
20 4436 4662 9146 163 4075 8660 6377 2467 5836 6788 7350 9097 9073 5320 2839 7355 2638 3947 7358 8289
20 4560 3788 5044 4475 2354 1468 114 1794 1875 8157 6832 8751 4155 2294 1315 5861 6550 7376 9636 6172
19 4659 8385 1637 4952 3168 5725 7312 1682 4747 696 2861 2053 2152 7907 5363 322 1676 1486 8317
19 4686 3335 3368 5065 8963 9787 9684 9555 9617 370 8013 2845 2176 3314 9380 2804 6252 5821 7830
20 4908 6797 7679 2681 429 6961 6985 372 8836 8572 2698 2910 9202 5356 4337 625 6000 8754 7988 7269
20 4930 6424 4255 6063 5203 2624 9446 8147 9038 1655 6705 1698 2561 9373 9374 9375 9376 4843 107 637
20 4939 6830 6142 5048 5656 9272 9742 1642 5423 2498 6632 6636 2124 6695 2674 3864 2676 1366 889 9204
20 5020 4297 543 83 84 1669 8533 7886 7215 7702 1041 91 7623 6653 8881 5775 6647 97 3082 6544
20 5082 3608 4788 1342 2042 5283 7424 2633 6432 5427 7746 963 7984 7035 4754 4035 8415 3202 8732 4039
20 5292 4959 4541 814 1460 5310 3365 318 8510 9016 6590 9057 1087 113 6794 9549 5712 5778 1519 1019
20 5389 8401 2222 4199 2306 6154 5096 4498 8321 6667 3146 6877 8763 4784 3191 616 1775 2788 6259 4652
20 5581 5472 140 9933 9218 5625 8938 8987 7134 4836 6130 2571 3933 6725 1581 7045 1974 3350 4403 6588
20 5646 9741 3591 4111 8389 2905 4054 4803 4468 7785 4261 7676 3634 4827 1853 2402 7187 3813 9259 258
20 5662 6108 4956 5711 9113 78 2078 2827 7826 9776 8807 8063 839 1407 2974 4347 1719 2444 7467 3363
20 5731 7001 3362 9560 9786 6326 2166 394 2544 2169 2170 6507 7875 1584 8721 2007 9356 4485 8548 966
20 5940 9121 8348 3991 7572 1378 450 203 6937 5059 4196 9572 9901 7802 1533 578 6366 8562 5458 7161
19 6003 7791 2096 2645 4989 3346 5268 3010 48 38 1488 7635 4276 8038 6052 2403 1161 5116 8608
20 6140 7065 58 3567 2555 1285 586 373 28 1228 30 8095 8186 9814 5570 5882 5183 2957 898 761
20 6207 1582 9567 562 2556 2227 5687 6080 2303 5335 575 2837 1995 6033 6034 4009 8196 3023 9840 2811
20 6235 6261 1589 6224 6313 4735 721 3505 7208 8729 8788 5812 5051 3805 133 9132 6767 8737 1264 8739
20 6280 10 4861 6422 8005 1020 5166 3847 8370 708 4278 4611 4098 1798 9147 9011 7140 6248 6074 6497
19 6284 70 720 6820 3964 3006 8184 9362 6783 6966 961 3125 4441 2000 8035 1263 1550 1360 9586
20 6320 6491 4195 1043 8956 7165 5763 2026 9915 5409 4234 3276 6484 2429 6986 5099 7774 8279 5425 984
20 6353 4422 2238 6838 7486 8422 2846 2580 7760 9740 7135 5117 1867 9280 5509 1179 8042 7255 7958 976
20 6542 735 1282 2793 5317 7480 146 476 5319 3496 1453 5391 5779 7278 7865 6369 3745 2538 9969 4289
19 6560 8782 6845 538 2962 7627 3855 8566 468 4223 7713 7167 7660 2591 804 9548 4166 7581 6337
20 6578 4976 4848 2803 3888 2805 2383 4884 29 9837 1230 2747 1232 6185 1897 1235 3630 5573 7628 8626
20 6579 7421 1383 3138 5491 1755 2683 877 4696 7787 9460 5925 7478 7675 7314 2488 7799 4028 668 9505
20 6592 6541 3171 8509 5740 7625 9726 1695 9737 7629 180 6473 4838 2250 9679 6493 2451 4792 7073 312
20 6640 6316 7279 3055 2440 8984 7416 7805 6225 2564 6132 7538 6604 8016 7157 2655 9 2657 1938 1939
20 6755 7272 5016 5306 5633 7428 6631 1765 5967 9945 9015 7133 4940 608 5430 1107 1537 4892 7262 8779
20 7096 3295 1385 8423 9833 8545 6051 5620 9030 6714 304 5361 3068 800 7836 3727 3590 6691 447 4121
19 7224 4319 374 2606 4562 4445 3001 5661 7413 3804 9491 7131 1604 4011 2835 8826 8907 9512 658
20 7402 6381 6382 8409 2168 2625 6686 4220 675 1129 8253 2611 5058 8093 8099 2315 4736 2119 2318 5636
20 7443 2490 681 5236 6520 7012 9169 9115 1112 1549 7736 3142 5007 1337 1723 3473 8498 8123 2623 7798
19 7872 5021 1636 7986 3896 3025 1883 2044 1993 8630 1590 7071 3613 1011 3694 6361 4245 6315 9576
20 7954 8666 8250 8188 5574 4685 2054 293 3750 3048 7293 4584 4131 4693 8639 4850 1702 4697 4462 2824
20 7985 7127 7708 1008 1331 1392 5952 9108 6050 9743 5665 7681 3834 1273 7214 6917 5796 937 1668 5799
20 8037 7818 356 6383 7383 2857 9029 2427 7236 8933 9092 9059 1779 448 9417 5175 2767 9970 6357 7150
20 8165 7476 1299 9559 2604 1750 2708 5062 9039 5061 5265 8055 2125 669 6258 4979 5945 3827 3129 5375
20 8175 6402 287 2870 9845 9633 9248 6932 5889 971 7399 4017 3115 9063 4968 655 4137 402 8525 1615
20 8232 9597 1917 4183 8485 5480 1495 1675 2459 4189 6483 4191 7491 2920 1545 9344 9387 6198 6368 3871
20 8495 8718 8371 1423 0 1102 2730 7981 395 3698 1242 2466 4566 7205 3279 823 6336 4246 6237 4122
20 8538 8669 4157 603 5670 155 2540 4326 2299 9593 2885 8383 2357 1414 7900 1649 6982 8948 7058 8444
20 8554 9179 5977 4443 6096 848 9260 2949 8088 8603 5537 7019 3792 5943 3794 9475 5888 6791 196 1951
20 8606 8989 2240 7533 3908 4867 4143 3548 4306 409 410 8220 9145 4240 8109 4135 1574 8637 9949 1871
19 8680 8301 479 4957 7063 3886 9285 8380 4627 9098 4530 4675 5597 9898 3672 1865 3466 8432 2985
20 8810 5332 3542 1172 3738 7809 2506 9369 9771 1149 1150 4385 2185 5809 5873 3207 1824 1435 7695 1437
20 8979 8863 3857 4512 2757 4859 2946 4672 6190 366 5533 6735 2068 232 8687 8285 648 6457 6187 6459
20 9000 9661 521 9872 4167 9844 1336 859 2688 1893 1461 7730 5754 1438 8781 9395 8925 8410 290 3795
20 9008 4817 6288 3983 2163 3687 1327 8920 327 1598 6790 1986 6792 6113 9603 407 4115 6058 9482 9487
19 9049 9247 2055 5520 3347 3053 6163 1177 1848 8990 9867 1168 7955 6663 4894 4895 7939 7344 5849
20 9058 730 4870 6338 4410 7741 8646 2508 349 1932 1350 1351 1340 5107 2378 4829 9103 5914 1539 1919
20 9126 7632 2445 6944 9847 9483 4392 9937 8598 2986 7129 3849 886 6299 5584 3584 6389 7643 2740 1477
20 9208 9674 5622 1725 5624 4100 9653 1522 8028 3444 8030 2449 9926 7663 1377 1793 8087 6711 8804 904
20 9234 8801 1123 883 4194 6561 1031 3474 125 6209 2073 5191 6721 1473 2906 2255 4290 9388 2258 2499
20 9250 9601 9382 8137 2614 7925 7926 5311 45 7929 6956 9151 7932 3418 8355 1404 3906 415 6818 6685
20 9420 4116 6111 8966 1663 427 6397 8527 6905 9205 4409 3734 1492 7631 2316 9240 1403 4743 2100 9979
20 9425 9577 6042 6568 8448 1100 5090 7302 6068 2608 9176 9691 4025 1754 5814 7356 4265 4622 6919 1052
20 9533 6001 8027 6011 744 2525 7866 3209 3941 777 4507 3117 1701 6684 4954 6712 3932 7767 3453 1864
20 9626 50 6102 7880 5344 1308 8406 3383 4984 5681 3536 5122 8292 2573 1791 7685 9360 2577 6485 1996
20 9694 900 8767 5601 6334 545 2654 5353 6450 9206 4974 7282 8870 9361 3534 4370 3160 5820 8303 9513
20 9697 177 5923 5666 3562 4433 4523 6439 5193 7401 3333 902 8632 2418 3075 5370 8281 7590 4138 3103
20 9744 4630 1062 2024 1279 6770 4606 9196 5567 6355 3596 8831 4369 3110 4172 4643 7405 6120 489 6538
20 9800 3950 2089 8759 8352 2075 5780 8501 4969 7520 5578 2589 5264 369 2503 3340 510 308 3038 7005
20 9891 3161 6878 1814 1270 8369 6202 8789 7920 3449 3450 8066 5200 8242 6894 1333 5770 6897 5432 524
20 9953 9271 1714 5437 5561 1953 8496 7038 3869 17 5587 8381 5261 7975 4844 9855 9856 9857 8747 6354
20 24 469 9936 3045 3137 2565 2743 3396 7789 8227 152 9023 3717 6661 737 7375 994 9881 9775 7379
20 173 2064 2263 531 8563 4033 6032 6835 4447 4177 5271 5855 3072 650 6620 8884 1216 6804 6782 8057
20 454 5930 9722 8862 1226 4700 3016 1189 6657 9087 5290 4911 6428 4451 5253 9721 3539 4446 9111 9503
20 462 478 4605 9580 1891 6949 4472 1187 8887 9819 8854 8078 7059 3769 2814 2815 5596 9051 2818 2819
19 495 4096 9479 7658 2332 1546 2801 3299 1812 3710 4344 4321 909 9799 8224 1727 4356 6641 393
20 500 2081 3327 7543 4124 4985 4588 8302 3358 6654 750 8141 3239 418 8805 9251 7436 2617 2618 4779
20 509 2848 9662 8419 9224 2684 9020 5088 4695 8671 5990 2127 5992 4977 2774 3712 8080 5997 5998 8092
20 540 4786 1541 8468 9830 9863 7501 3757 4744 3424 5900 3112 7022 8620 3688 4349 4724 8043 1643 4767
20 678 3884 1678 2182 1844 4508 922 7503 8328 5459 4142 2140 6652 8674 2013 6655 2101 3170 179 2006
20 773 8922 9286 9598 8324 8793 7906 9656 3820 6747 5055 7776 3935 8813 8814 4746 2112 12 286 2131
20 837 1825 5892 4757 1032 9027 5632 7372 7040 6607 3437 7852 9022 4038 8539 1841 8846 712 2223 8098
20 1016 4978 414 7603 7604 7605 5498 6775 9639 9348 3392 1538 5592 9288 5594 8725 5673 8283 6806 6866
20 1180 3557 5346 3889 4264 6265 4914 1587 8307 6200 2155 1558 5266 3564 9614 5969 275 9515 6994 7639
20 1196 5450 8149 2245 2364 9963 5226 9168 1632 2110 4390 2918 9246 175 9519 4654 2436 3361 2282 1731
19 1420 7178 9319 5786 4426 1046 346 4737 4437 4185 8766 7757 9170 1326 1448 2590 9711 4019 1322
20 1516 1239 8906 3650 1980 7074 9416 3735 8204 4129 3639 5951 4361 1081 2143 4180 4316 7309 2989 1659
20 1543 9753 3269 9223 9116 9225 2027 1142 2011 3309 1181 5742 512 695 519 8076 4283 7912 3511 2982
20 1560 6514 3982 9677 3578 412 6777 9712 7601 3664 9153 3136 60 7113 4947 6228 4238 709 7118 7119
19 1575 4318 6693 5334 9436 8288 8950 3467 4003 2502 3693 7331 7851 2116 238 2976 8643 8455 6808
19 1650 5773 736 8858 3844 667 2186 5428 5429 9870 1912 8331 8029 25 4308 8710 926 2670 2425
20 1783 9795 3122 165 4961 8111 5143 9466 1608 8152 7381 5149 4617 6733 2734 8897 6736 5922 6738 6739
20 2022 5431 9268 6241 5792 4664 3583 6856 9358 3668 3616 4971 5719 320 4860 7737 3803 4490 1398 2786
20 2043 731 534 4221 9485 148 6006 7151 9827 3874 6010 229 2241 1833 192 1835 4563 6499 929 7170
20 2066 8201 2979 6600 5695 1506 7266 2696 6062 7066 9811 9031 5735 2280 5738 235 2771 5354 7271 5563
20 2132 9942 2978 3040 9314 6627 9876 4094 624 656 670 6263 541 2079 9300 647 7976 8396 5172 6348
20 2320 7248 4350 1095 8399 3799 1806 9727 9182 1901 4304 471 472 7871 7591 5896 2203 3894 9178 9805
20 2453 5192 3176 189 5784 6805 6019 6307 4439 4095 8026 2286 8526 8743 4018 4597 6296 494 517 6634
19 2469 6648 5777 4631 9056 3083 1967 1076 1976 7310 4380 236 7700 9707 2443 1941 6503 5657 2938
20 2964 1026 3875 3468 6729 7145 2269 4547 1103 1028 1077 5720 4510 7171 6534 8493 222 6537 9143 765
20 3054 1925 6988 643 644 645 5760 1023 6901 3422 6134 651 1622 9705 4119 1421 425 4709 5177 4310
20 3060 3394 3102 9977 4576 3183 8221 4284 1524 1687 6270 8531 5294 3547 3529 4518 8424 6853 7857 419
20 3088 6145 6028 7125 2548 5540 3156 5190 7128 2004 6036 4901 3893 8431 621 6795 3807 8128 3400 5787
20 3139 5155 1231 7398 451 9209 6904 1160 8159 6651 7890 2278 3462 8954 3494 6240 7896 9713 8075 6896
20 3220 1440 3575 5224 7967 6556 8723 3086 3244 554 934 8104 8622 1288 2800 5095 7980 5097 9853 8115
20 3334 4253 8704 9443 2984 679 6047 7427 6989 8229 7430 4104 7009 4574 3877 7574 9846 5159 2174 5098
20 3423 612 784 5583 1724 5377 8388 9804 7712 7831 1730 4509 3696 7753 7512 1735 5514 7536 6347 1272
20 3554 5955 6182 3779 9959 7521 9782 2005 4728 4729 4669 1747 760 9875 6233 1635 2733 3809 2162 444
19 3580 6741 2330 787 2777 4365 6822 8842 7392 8489 1086 6159 9865 6785 3298 6570 7888 7470 6530
19 3600 4715 2098 7607 167 6581 4511 8309 5960 8849 536 7648 2766 8411 8023 7176 6914 4466 2158
20 3778 6596 4521 4636 7633 9935 481 1359 2424 8634 8228 3291 3292 2576 778 1036 7850 1739 9364 6479
20 3840 601 3064 5911 8667 6239 7506 7166 2758 6429 7249 1233 9320 2113 153 1807 855 7637 6939 4650
20 3843 5507 8690 3216 4382 2629 1197 8760 7432 7034 4970 6024 5535 193 7028 7370 2907 197 3481 199
19 4074 5538 389 7346 2430 4802 5685 2784 2386 7946 3050 416 1978 6184 3214 3831 4120 7361 9622
20 4152 3546 6703 8234 5251 3357 9041 2012 6903 745 8757 3571 2825 6478 4628 9461 3553 2353 9818 1757
20 4277 7039 7462 9337 8222 2225 5103 1375 7816 7414 382 9472 8333 1638 8155 692 5536 8898 3231 4789
20 4429 7301 8940 1283 6834 4430 9442 4559 2479 7867 111 5586 3041 6257 9714 955 1192 2029 9127 1998
20 4500 7366 9102 3599 9917 8471 1855 4106 1860 5214 2745 6844 4452 6419 3341 4455 4515 5114 2164 268
19 4548 1061 9074 7961 5634 8952 8259 8823 8499 3569 7519 8500 2149 8556 5031 1922 6837 4513 6169
19 4554 8573 1973 4712 614 5602 9606 2524 3835 8257 316 6468 4504 6128 4759 3228 8974 4995 7418
19 4589 1246 368 9119 3193 3860 8904 4527 2562 4007 5125 5999 6379 1866 2108 7793 5881 2277 8601
20 4614 8647 3587 5157 3121 7319 5674 3042 9211 7819 3676 9120 212 213 3764 215 8327 3107 1990 4670
20 4660 2755 5752 5929 6593 945 2406 3736 8273 3301 2410 4481 3077 879 8771 3113 1406 8197 2001 7934
20 4706 6573 9700 5793 2244 8589 2276 7451 1988 2902 3154 3690 1992 9331 1741 503 2441 53 7598 7599
20 4732 6562 7189 1743 5439 371 6664 7335 9988 9989 6206 6692 9992 7814 1903 6515 6516 3355 2146 605
20 4854 3797 8223 4146 3448 2588 5445 1017 1562 1759 5148 8439 2297 9445 4536 2291 8129 4814 3367 3841
20 4886 4906 6388 80 1624 3257 8686 843 6205 6958 2797 9449 8980 9637 2014 2015 7766 8325 8443 6915
20 4945 6461 1300 7121 3751 55 1625 5434 9832 8893 8720 6512 147 3952 8240 8750 5736 4805 6144 974
19 5348 7011 8243 5956 6724 9581 4288 6727 1001 9757 3108 9322 3132 3133 1249 9069 1839 9371 289
20 5362 437 2807 5234 1243 2781 5963 3767 7499 2199 2030 3111 4384 2285 9386 174 8824 9851 4873 6626
20 5387 4336 1201 9703 7441 6598 7095 3027 3028 6918 3801 5577 1943 8349 5416 8550 3036 3037 8716 439
20 5446 1321 2527 1804 7137 5609 9050 4315 8428 2523 3836 2084 7079 5904 9438 2130 3923 4379 4534 283
20 5473 4029 8731 4897 9670 3528 6170 6547 4796 3458 4720 8761 3090 6506 7654 9715 456 571 4048 459
19 5571 5296 4424 526 6395 9651 4698 1880 9911 4014 4964 6951 9535 7983 8894 2256 8576 1368 8094
20 5669 3768 3488 604 9171 5832 3297 7784 9071 3936 5568 105 2641 7899 4487 6862 6400 812 6378 1223
20 5688 7841 4015 8832 6217 6580 7006 8102 1918 7879 5690 2593 8840 9006 9941 9138 5894 9394 257 4876
20 5765 9914 2893 639 8705 2864 3931 6751 5863 4577 3056 8211 4002 4046 8214 620 857 3221 8518 1945
19 5801 8909 7220 9938 1499 2295 6454 2661 8736 8089 2586 8091 8713 7616 5709 9646 9506 4268 1388
20 5825 6421 9789 9880 9303 305 7109 6891 22 6833 1130 6528 3478 2473 1175 2491 7048 8145 351 9193
20 6078 1465 7239 5223 1236 6899 65 850 1361 5600 1269 969 2248 8993 5890 3822 642 7772 8697 2930
20 6079 7962 9076 5492 3404 7384 4188 4900 3290 7729 2888 1609 6133 3714 5056 2372 5137 9850 8698 4524
19 6153 5213 8452 3096 1002 985 5718 2795 3219 6974 8574 5737 3187 4178 4027 6921 5859 3359 5891
20 6255 8130 2275 5231 917 8848 726 2643 5405 9790 5757 1811 7669 5715 7076 7315 9815 2420 4227 4972
19 6576 7173 6715 7036 2809 5985 6780 8668 6467 9629 9965 3986 4368 7911 7862 9635 2457 6827 8615
20 6613 5941 8516 2627 640 4298 9944 1722 8319 7576 1291 7391 9473 6629 3998 8695 7396 5828 532 127
20 6841 4031 7948 5523 4254 5525 5864 1881 6256 9122 5534 560 1564 9873 8336 5145 3034 6469 6286 4651
20 6900 52 3582 9534 4342 1916 7434 5811 7898 5769 4800 1496 4561 8902 3759 115 9415 5946 6035 1185
20 6997 4551 962 3329 7922 4531 3721 3649 5154 1364 5717 4373 4520 7951 6498 6155 4267 7082 3692 1163
19 7195 7614 7742 4552 5384 957 1434 9254 4118 1737 5316 2877 271 8363 3942 8497 6016 8020 9064
20 7277 8136 8942 5958 4105 6430 4266 2196 6392 315 911 1997 1416 8171 6165 6160 381 7869 8996 4432
20 7298 5106 6482 4529 1074 3052 6026 6487 6488 4117 6069 6070 813 7204 8365 3294 8235 9177 3629 918
19 7435 5000 4902 9957 136 7943 8939 1720 6294 3802 1470 8065 4070 6138 5156 8048 1139 8280 3503
19 7560 9561 7554 3079 7682 4701 5068 5267 3752 6073 930 8851 5171 4877 4714 6283 8856 5834 314
19 7610 1634 4879 6201 3379 5235 5983 2883 793 9188 3585 4203 6743 5710 1494 8727 9848 4217 4218
20 7612 1658 7539 3463 3595 3465 2724 8610 1770 4431 7562 6351 2901 9526 4339 7815 8756 9699 5094 3471
20 7725 8472 609 4300 660 6364 9226 4526 8543 4448 2413 8590 5848 8376 3754 3755 3761 5126 8434 2763
20 7740 6977 4922 6292 9090 8124 5790 5279 746 6730 4590 2666 1127 885 7437 2071 6906 5083 5576 4633
20 7820 2279 794 5822 8218 5575 7807 3369 1568 3062 602 8546 1908 1371 5466 6157 4798 8644 1752 1070
20 8090 1174 2337 5163 4065 5208 7003 9905 5813 3665 228 6665 3049 5438 464 2447 8596 8061 9033 702
19 8160 4665 633 8983 6330 8985 2853 7452 8988 6599 1115 9557 1686 7750 7978 8802 6092 3999 8699
20 8170 1355 853 3959 2941 3962 6394 7558 851 7644 5072 4587 987 7728 5374 5275 1376 1450 4078 1379
19 8172 5865 1505 8664 8864 2446 2630 3617 9282 4206 734 792 8106 1357 8841 9987 172 376 3258
20 8210 2662 1261 7720 6118 9583 3232 2017 3829 8508 2080 1306 1191 4190 1758 9490 3315 3700 6549 6363
20 8528 6979 7199 3019 3339 9273 1487 6017 1771 4225 4330 4331 2823 2156 9165 35 9201 9673 2304 4072
20 8656 7626 6605 6183 5144 2432 627 5147 2268 3619 9301 7924 3070 3627 123 6847 8296 1466 3602 3497
20 8693 5917 9104 8899 6893 1761 8896 1692 2927 8083 355 4882 6084 8247 104 9927 4047 6967 4917 9261
20 8740 9489 822 6463 5837 5245 1348 981 7622 158 9631 1451 4855 4868 1906 9910 445 5808 3498 6023
20 8928 7731 8709 3519 908 5383 7701 4812 7258 6504 1132 5902 3965 8334 14 1780 4711 8364 4435 1159
19 8962 7769 6817 2639 5972 2923 1476 2568 3606 3287 7989 611 8507 613 6194 1395 716 717 5238
20 9079 6038 358 1330 5110 9308 9453 4479 8961 5257 7937 5851 3612 7410 6025 8812 1422 1709 6851 4233
20 9236 8347 2366 7077 5772 233 4713 6135 4579 1909 1910 8769 261 1693 8475 5528 740 1417 6053 878
20 9253 8861 5928 4208 335 3116 5074 3969 5660 5569 178 2955 3490 390 5699 7762 3196 3197 9877 8249
20 9329 9524 9943 7970 819 7089 7191 6923 2868 2942 6267 9315 2872 5833 5512 6959 2876 5875 3713 4186
20 9448 5935 5372 1817 1253 7595 2542 4734 882 942 7522 5161 6438 7689 1895 6577 7950 1064 5678 3252
19 9762 9018 7821 8447 3343 3581 3178 9419 1834 9658 9590 9591 9781 9928 5975 9558 4257 292 8932
19 9780 1334 3790 774 224 989 2104 5419 7641 2069 5209 9467 8911 7067 589 2612 8800 2928 2438
20 9912 732 4748 672 3924 1433 6617 9266 1921 8294 6186 6864 9986 4573 2719 2264 5783 135 3215 2600
20 9931 2507 6509 1015 9155 3199 4134 3549 6213 5988 9290 5823 3063 1748 5798 3718 7203 4489 2345 9216
20 40 3194 3741 7754 2313 3328 2749 8891 3728 4772 2884 1886 3732 9794 1344 5134 6781 3737 5127 2754
20 220 7086 722 6210 4366 781 6166 6418 8584 7933 1896 2715 4030 5100 5307 3002 1297 3810 8269 75
20 357 6094 9613 7483 4004 9302 1927 8524 5608 4 6889 1293 2522 3796 8086 18 498 3783 1782 5579
20 359 2228 4671 4937 6766 2725 2726 2727 1920 1210 7046 6110 6602 6535 7714 9335 8537 9841 2040 4271
19 449 8058 6882 558 1640 1346 7306 1713 7124 952 7333 5897 1852 693 710 5672 8245 1260 1134
20 502 5641 1431 2993 6044 3435 4034 3387 3388 700 8514 5788 211 9480 5708 3395 8351 7148 6244 5277
20 529 8774 6677 5343 9184 4758 1923 2851 8949 7196 5874 1084 7792 9553 7794 997 4634 5202 1935 6802
20 584 1531 8635 4998 7529 8460 1387 1287 4501 2048 1290 9755 1292 4091 2470 7863 4285 6875 856 8560
20 649 3573 5393 3756 5722 282 2821 4707 4620 9509 2224 3459 2856 6658 7163 8908 5933 5417 2738 3707
20 802 6518 4556 2903 1324 965 1060 1284 9357 8865 8785 1542 972 2847 8120 7425 5804 3862 4567 1840
20 824 2820 1933 2865 6606 9592 8798 9508 365 2549 7186 7234 466 8300 4090 2204 6839 6707 411 3901
20 940 3719 3814 1277 8192 1594 9826 1646 6793 2669 3530 4371 1503 6616 6306 8390 8654 37 9465 852
20 1079 2346 6522 833 2992 4085 3576 9502 1513 8134 9610 5330 3127 2505 1237 7181 8466 4144 4483 5010
19 1110 8387 6945 1603 1482 4241 1809 1822 8694 9609 1815 6533 4810 7373 3963 4495 3770 4537 2365
20 1137 9975 3222 3883 6405 8670 9351 629 6676 3974 1244 2247 3398 1265 3192 7473 5616 5617 5618 3702
20 1220 400 3682 9972 117 9140 3405 1124 9913 3235 9874 4835 2252 2253 3114 8650 5276 5197 5198 5199
20 1240 5073 6582 1528 7177 1949 1766 8569 1606 5751 9605 4997 7786 3324 1774 3074 1776 237 2995 6340
19 1268 2208 789 6362 767 4249 7107 7567 6031 8547 7207 2892 160 9381 6114 8031 5964 4725 7296
19 1274 7732 1319 8163 15 7225 5441 8553 547 5436 6324 2301 772 1736 5686 876 3455 2076 1569
19 1303 8121 6441 1862 5300 2536 4151 8820 6752 5858 8565 1729 9907 5693 5694 2495 7621 3225 5359
19 1370 4224 8665 501 3200 4719 9200 4258 6968 9854 9334 5543 3821 4213 7183 4215 3272 7313 3210
20 1374 8161 5541 4023 4926 7446 6501 1857 2260 9078 458 2983 284 2933 2934 8879 6976 3907 3288 4543
20 1441 9086 1443 9372 3842 2129 4036 9619 9724 6158 964 2552 6452 2553 1854 5080 5807 1057 9587 9267
20 1540 3304 6642 791 5619 9365 4503 9367 2954 7624 347 975 8011 5926 8049 7130 8395 6376 1262 5854
19 1670 1500 6440 5750 8924 1846 332 6826 4738 6375 9565 7211 938 4845 5314 8998 9330 9137 8568
20 1900 4913 8167 9403 3774 3372 253 5328 7518 2919 9106 1151 7085 9544 1154 1471 6289 288 8808 9871
20 1960 6234 8212 4323 8384 8009 9317 6895 2528 4655 3416 6269 8592 9053 9710 6304 8131 260 7828 5121
19 2020 4394 3482 5580 3344 3124 9107 758 9894 3349 7630 5464 8119 7013 7014 7015 3312 9439 5342
20 2106 4941 4783 1345 9960 9718 7364 527 2858 2287 5510 1521 9207 6928 2537 3289 8701 912 1051 8244
19 2180 9241 1042 1254 3504 2886 4550 1556 8708 7460 2192 3454 8712 573 8714 5915 8735 7773 1316
19 2231 8981 3661 2812 4833 2171 1325 9667 7488 4898 8541 7010 2830 9150 1165 2298 7386 6123 8015
20 2234 7237 9902 7497 207 4333 6748 5841 3167 5647 7971 6591 3833 6824 1553 7175 2198 8915 265 8828
20 2340 4896 5217 6189 1145 181 6926 5380 6543 1958 6930 1828 8320 7945 9665 3526 827 3920 7184 8790
19 2350 4593 7778 4540 4202 4423 2333 8019 711 7201 1586 7411 2640 7338 6536 2347 9615 2262 7078
19 2622 7152 7617 807 4281 3642 8407 4411 8207 6823 5606 4673 7308 4153 4596 923 6840 6339 3988
20 2637 7339 556 8623 3863 4425 3989 4427 2729 9793 8113 1630 4648 2207 319 2093 1408 6757 4128 5639
20 2764 9627 3798 8477 8734 1445 8685 671 2067 9723 3284 7647 5937 3919 8237 7683 3425 3641 4887 3385
20 2997 4056 3403 9664 7221 5052 7456 423 600 7117 4770 1415 8678 9954 2583 2980 4776 9652 2147 8982
18 3195 8304 4140 263 5530 9607 2806 7050 6470 4383 3397 7661 6962 3487 3614 756 6668 7329
19 3360 1511 662 3837 2072 3945 686 968 5075 4988 9493 6857 9645 8682 7634 8357 2292 3817 6887
20 3420 3431 6880 6673 6644 6645 6646 9530 3430 1080 7690 6687 7596 7832 1557 1224 8815 4133 9451 4846
20 3460 2554 5242 8604 8871 8765 1194 5281 8768 9385 1010 2370 9903 8114 6314 3092 6022 9157 2377 4865
20 3742 5185 7000 8441 6545 8845 4774 2543 7017 3731 5976 4973 7139 7718 7734 7439 5287 9604 6784 7487
20 3977 1305 4362 270 6401 1662 8937 9085 2936 5018 4681 6331 1700 2735 9843 9144 5676 4440 6332 2679
20 3992 682 5136 8081 383 913 6226 4825 3723 3709 7093 7228 6572 2692 6957 1570 4624 4546 5883 5204
20 4112 3377 5867 2038 6333 3891 4386 2939 1188 4389 3436 4823 1946 4393 4909 1535 5201 6630 4322 3285
20 4114 6005 7858 9946 3515 1365 7803 3457 4619 706 7979 9089 6246 4777 3670 8853 6196 4826 300 763
19 4260 5381 8362 5604 825 2765 5675 3319 566 9454 2513 6007 8677 723 8354 9149 4819 9563 7442
20 4352 5713 1035 2415 4476 5761 4791 1588 7749 6749 8345 1706 3927 8116 3104 2822 8074 810 4013 5337
20 5120 6297 9634 2283 1104 9114 4903 5001 2288 958 1510 8464 5529 2293 9325 2532 2296 5843 8946 4933
20 5138 5700 6302 9749 9401 7618 8753 8784 5488 3689 2206 2484 7193 6980 4355 1280 1313 933 4878 5331
19 5360 6041 8322 7100 3632 3938 5406 3427 7092 7393 9906 1595 801 4482 8913 3887 2175 9158 2458
20 5390 4853 7662 7153 5591 9130 2477 2230 7719 3556 3182 7565 3720 1323 1056 3868 8715 6909 9817 3859
19 5794 6229 8969 691 8299 6465 986 1876 2722 8254 2668 6071 9522 8379 2844 367 4415 2981 5504
20 5840 690 9464 4604 2970 5282 3179 5039 7686 3563 269 1118 8557 3929 2794 8255 1128 897 9575 9316
20 6020 6495 1744 6390 3675 8265 7524 5590 8467 5785 9982 9916 5667 7575 7931 473 2652 9298 3313 3913
19 6040 6121 9693 4026 9779 1525 4646 8256 4252 4069 244 9849 5479 7935 5552 3541 3429 8378 7553
20 6087 6371 9616 3777 6601 5045 3666 4993 5248 1203 8286 6425 2161 6521 5135 5996 1526 5269 7202 5259
20 6502 9117 919 8796 4585 3393 1666 5167 2393 4269 4943 523 6097 870 4994 4417 9091 5588 9094 8293
20 6589 6621 9745 5452 5554 7385 5066 7448 8185 8529 5447 4063 4497 2045 2667 2913 7758 4097 3523 2388
19 6675 4378 6858 748 3484 3948 1515 1147 3872 8855 7582 8461 3572 2150 1114 2190 2416 6881 903
20 6728 7431 4071 7102 4473 3414 1597 4975 8067 4687 8631 4931 874 995 2914 6141 3967 3380 422 9192
19 6768 8581 8582 8583 7447 4463 2534 4168 1994 8817 1247 8315 9996 6150 8326 3275 6129 8728 8919
20 6924 9600 8215 3643 9328 960 826 164 5119 1861 2088 5980 3337 4727 1309 2485 4904 7459 328 8033
20 6947 3281 8707 1467 4581 5444 8400 1699 3381 2191 8010 5949 1083 4041 2779 2950 6492 100 8418 6713
20 6983 7546 2514 1369 5704 3131 3565 8791 1121 5637 337 7433 687 4073 7537 559 6406 7105 1890 7365
20 7004 2314 6669 7327 4044 5726 8834 3749 7808 6105 8230 8231 7367 6678 2134 5844 2136 3937 5312 2768
20 7156 8217 5716 7928 7992 5196 5474 4434 3928 4782 2344 6444 98 8133 1567 8135 6638 6029 8138 8425
20 7168 6344 6447 2613 5835 2965 1126 7677 5486 1571 7960 5205 1048 7493 2202 6453 8216 8150 4558 8889
20 7273 4815 7947 4274 557 548 5350 6181 5170 4465 630 8190 4920 5060 8867 4678 2776 4364 130 6745
20 7274 3461 542 9228 5810 5642 3254 5513 2852 7788 8108 4794 1836 1136 7782 8535 4781 3765 4600 2646
19 7351 6098 4862 6250 9180 6156 443 3640 3439 5041 7990 5071 9823 729 7557 4694 6597 3647 4533
19 7371 1382 4615 6978 5024 1310 8191 7347 7232 6517 6410 5263 769 8811 5086 2533 6293 4154 7024
20 7394 6801 1955 103 9426 9720 2271 5379 5532 9269 5614 1071 3684 4522 4749 6013 1796 3956 3762 401
19 7450 6925 5582 7963 6624 5598 4282 9481 4395 7649 1820 7091 4832 8476 6689 266 8195 2329 403
20 7457 1049 3980 9295 1889 8458 7608 294 4983 5113 4150 8451 9293 5057 7877 4086 8052 7 3618 352
20 7500 7761 4414 3047 8169 3800 8806 5187 4722 6936 1221 6871 4159 6916 6874 6970 3270 9032 8719 8934
19 7846 8903 3273 82 4811 3087 7781 7687 497 9829 1942 1402 8641 2896 5397 831 6762 3955 7910
19 7868 3352 4348 5589 2464 1456 8504 5508 4834 7409 1648 9923 5341 9414 1605 5691 7474 5802 5526
20 7895 9681 475 8970 8277 2693 2261 2829 4745 863 9690 2381 8792 8405 3445 9695 1018 4905 4708 9305
20 7991 8882 1148 2752 8744 530 8746 4528 1335 7029 770 5176 6243 9148 2009 1317 8427 4666 4689 3577
20 8199 6352 9885 9668 6608 3865 3236 7994 5006 7287 5728 6391 5961 1585 2486 9450 7727 1227 6398 6399
20 8421 61 4944 4883 5906 5349 1813 2367 8586 2074 5706 5270 191 3189 1882 7468 2897 6929 252 6984
19 8430 7027 3382 8935 1339 936 465 3058 1869 6309 4910 8764 6486 1613 9770 1878 408 8594 7159
20 8480 4582 1930 8758 3378 2363 5076 5487 344 5518 8465 544 2325 2050 8481 9852 9654 7697 2773 487
20 8672 8060 5944 1307 8986 2145 3224 9199 76 7449 7544 1987 5252 871 6540 6396 8140 6698 2034 8372
19 8683 9080 782 5262 9353 715 5064 6566 5396 6281 6106 8100 6232 8602 1320 307 1156 7084 8900
20 8762 9985 7777 9991 9024 7180 3876 5133 348 6720 6526 7230 7597 6761 321 5194 8515 3604 8597 5984
20 8833 5732 5932 5338 3848 6611 126 1716 1489 846 6532 1523 891 2452 1847 3024 764 817 1948 4647
20 8916 1394 9082 6137 4464 4351 6575 5308 3984 1819 7551 5004 3882 6553 1856 6555 4571 4279 9838 7640
20 9007 7261 2327 6278 7264 4950 4891 9595 3648 7588 6310 4496 713 2650 8658 3280 6811 2217 7876 4813
20 9095 7080 6404 6557 7377 362 3307 2956 5724 4797 5847 8007 4397 8329 2594 1481 6719 6222 2560 6574
20 9279 8314 2002 1354 522 4656 632 6415 8454 3508 5188 8512 9602 9292 4710 3255 4084 4793 3975 9716
20 9349 8629 4621 8943 51 9920 3384 1356 4683 3667 598 9441 1162 1401 3879 2620 9336 1363 2854 7270
20 9421 4061 842 9507 9892 7673 7081 7515 6117 102 698 1444 577 5443 593 1552 9883 9810 9864 5753
19 9527 8852 8040 5542 4324 2159 7061 219 8688 9709 3144 4751 2492 835 7454 7197 6637 6670 162
20 9582 1113 2602 1785 6750 1788 8287 7042 9774 1592 8953 4955 1924 3662 9947 6308 7555 3512 8918 4453
20 9620 5876 5909 8449 1304 5297 3234 2915 7699 2339 8892 6883 1572 405 4353 4635 1593 3251 4638 3703
19 9751 9704 345 311 3201 5302 8957 7768 8132 2397 1963 7570 1914 5240 4618 3134 9495 8775 8122
20 9760 1463 3492 9663 6803 4570 757 7472 9379 62 4081 255 1380 3353 4716 3815 3356 8505 6854 6435
20 9761 6539 6902 6995 7415 2215 3004 3472 6569 9750 970 2991 4753 9412 2826 488 1599 4692 2831 7445
19 9813 2167 5721 8479 5227 1022 1206 1207 7721 2672 9040 992 8156 8003 2653 3118 7790 6584 7977
19 9839 1410 2922 6737 3978 3645 6093 8816 3609 4248 8491 1745 85 2994 7953 3916 1756 1764 2880
20 31 4022 9088 3456 2607 39 4545 3784 2448 4752 8890 7246 5982 7142 5318 982 9070 5585 1318 6885
20 89 4037 4127 806 8975 8929 7613 6935 1565 149 150 2426 5026 8412 154 6933 7324 7257 5553 3521
20 267 572 7357 6372 4275 5645 8368 5901 9878 2863 2966 8391 7008 9516 8874 9399 7528 3722 6615 4837
20 285 7322 6529 4769 4360 3760 1352 7593 4925 967 1294 2875 8657 2102 6610 9585 5658 7219 9802 5621
20 386 703 622 4674 5256 6910 766 3386 9042 5489 7806 3944 2103 3921 8827 4055 8971 7378 3593 9739
19 617 166 5273 3532 7873 3402 1166 4079 2677 2567 9270 1734 169 3203 6756 9275 5392 4372 5730
19 733 7642 5729 8883 4764 1040 5220 3323 954 5229 2417 8290 9077 7291 4139 3271 996 2731 7492
20 1059 2094 5920 6697 7550 7299 1576 8945 5903 9488 9406 251 1039 3685 7848 1789 4273 7838 5105 7834
20 1069 5401 6115 983 4458 2574 9411 5411 6077 520 9807 7268 4863 2695 6846 6860 3475 7930 1628 1899
20 1214 4702 2405 9173 7801 5378 1373 9139 3697 7561 8356 9428 2656 1975 4148 8555 8308 4460 7227 8559
20 1400 9124 9289 1085 5739 7717 4214 1740 9666 3611 3021 6763 7353 9338 3502 1711 7144 1472 9378 5451
20 1429 5556 7747 4951 528 8645 3479 3895 9728 9796 9730 9731 4024 4294 3332 9735 5936 7116 9778 2309
19 1485 1275 7602 4309 2085 3198 8711 3174 2601 274 8264 9968 9990 2107 5465 6045 8034 7254 9510
19 1580 4226 2799 7897 2117 3005 3531 1204 5965 707 1877 2065 9630 6859 3592 2559 5539 6015 334
20 2471 2610 142 6122 8153 6325 9283 8575 8478 8513 6230 515 7463 7913 5249 9221 4608 7861 663 243
19 2882 6061 1353 1101 2483 7825 9543 7827 2070 2924 7138 2229 4292 4406 2866 7540 9798 5852 1493
20 3148 821 838 4363 579 4885 26 7406 546 569 8994 46 6408 5470 3985 1469 9539 396 2518 4216
20 3180 241 4391 7835 3873 8991 9160 783 3951 5483 1425 3371 5913 398 7458 278 2392 8337 2558 7047
19 3464 5169 4691 8738 4067 4005 7780 2547 5626 7106 9278 7710 6890 3411 5150 2395 1296 5782 5748
20 3500 8930 5481 8895 8843 7965 6671 6603 5644 4755 7325 9391 949 205 413 2307 6065 2665 9294 6559
19 3540 4149 5322 3885 867 5948 134 2709 7088 2497 5595 2246 5774 8474 1937 5017 6913 7594 4946
20 3912 7944 3051 5853 2705 5013 156 1621 7715 3243 1195 4493 3211 5293 8341 5295 231 5160 7054 4222
20 4040 9981 9037 2529 9244 9245 2358 9429 8588 3730 1038 6195 432 353 5468 1966 9276 6088 5689 291
20 4388 5643 2019 895 5340 1843 7318 2711 5108 8487 3970 6954 8082 9043 9754 3226 3976 1475 2384 3979
20 4760 3544 424 550 9860 2660 4010 8012 101 8266 7650 8238 4068 3039 5077 5258 3338 4658 905 4629
20 4780 3926 754 4171 953 6046 2336 483 5607 5049 5050 6972 685 2433 4457 1106 5516 5517 1800 8239
20 4852 1105 4381 7481 3022 8445 8941 5347 5089 1983 3552 3256 3753 2008 5968 7918 9287 7894 5679 7342
19 5250 420 2742 6472 8187 8 7891 6789 5128 9341 190 6238 1534 7323 3426 1075 8353 5986 2061
20 5254 5420 8142 2833 8367 2209 9820 3218 6796 4302 5042 2998 8274 2874 9824 567 6349 8414 8373 6131
19 5313 9003 1799 2931 7664 5085 161 3451 195 4591 9430 3069 1432 4718 1618 9828 552 753 5032
20 5545 5081 5222 9197 9884 7620 9256 9887 5369 4089 7696 4059 2121 9893 3208 218 9181 9644 3946 3527
20 6147 7212 7667 775 6162 8014 3080 2135 2908 7368 5610 8039 1728 3826 262 564 1959 9159 3674 7902
20 6188 7564 6148 9410 3245 9359 7155 587 588 6873 4924 88 9377 2712 2900 2935 9004 5288 9997 4963
19 6303 1952 6726 6649 1367 6519 5870 1850 5237 2849 7763 4062 2348 5741 467 5747 5564 1372 8552
20 6358 6681 8733 3823 8651 2685 2686 208 4088 7783 2770 1193 866 5912 634 2944 636 6496 470 2703
19 6370 6442 3409 6018 747 9899 4012 9967 2342 1626 7252 5469 2139 9556 2948 7671 7534 8944 8838
20 6699 6927 4305 3981 5454 4175 9692 7589 3856 9486 2769 9511 2658 4404 1868 7864 6753 9514 1164 1457
20 6764 7216 6628 9459 7755 8605 8233 1667 434 9026 3561 6215 8875 5683 2039 5461 6546 1119 7531 9230
20 6872 8251 3513 56 6798 3781 4644 8778 9312 7569 7889 7571 514 7573 387 8463 5218 5771 6702 5433
19 7069 9764 7426 8995 4329 1596 3442 9311 8248 5329 6765 4768 5022 1167 2435 5005 5531 4858 4740
19 7548 2855 9142 87 3729 3415 3155 4488 6836 7759 5164 4346 5816 1536 9494 2879 3268 7498 186
20 7813 2138 7822 9281 223 3165 2349 3559 808 1190 182 6223 2289 4809 6965 535 5305 4259 6328 688
19 8433 7037 9402 6622 5496 9210 2181 6831 4108 4109 3043 1532 1491 4332 7332 8795 8978 4064 2972
20 8600 7494 8794 264 9418 4470 9869 6323 1614 3097 9566 9685 5215 6373 4583 7285 95 1014 8866 2037
20 8624 743 6039 9346 9671 7453 9951 4578 8488 3517 1979 7051 7052 3653 8877 3655 3656 5500 5333 4418
19 8676 8661 5521 6643 4256 3918 3246 6127 6100 4164 2419 4345 5078 6197 7482 8876 3878 8542 7796
18 8860 9859 2569 4851 5522 5749 7420 5410 4001 8295 2912 8346 8413 3747 1484 3278 4408 3446
19 8958 455 5460 3636 7949 7829 6343 1182 4313 6934 5174 8164 2515 9835 128 4927 8022 8847 7174
20 9034 8398 2959 2592 3861 539 3428 1078 1797 7162 5880 4207 5030 9732 1781 3934 8173 3141 2673 1859
19 9101 888 2539 4192 8490 6085 8923 1146 1349 4469 507 7243 2566 2407 7523 3476 5003 9717 8158
20 9370 2274 7056 144 8655 8205 3410 2148 673 8999 6931 8611 1389 2891 6081 7422 8616 4820 6403 2421
20 9688 9447 9422 4484 5408 6861 906 7847 375 7849 7706 1926 2718 6879 2691 3866 1490 4773 779 1157
20 9834 5701 4303 1397 1413 8408 6948 7722 159 1629 1950 9423 1610 250 1954 276 1956 5957 5151 8579
19 9999 5476 1055 9072 4123 2060 1386 2290 8202 2461 9930 3881 360 1660 59 1329 6701 4444 2118
20 310 9747 4130 9551 2266 391 4682 666 8179 2867 2916 3470 5696 7026 8181 6863 4555 762 7190 1498
19 618 9643 718 9471 8770 5931 5403 6103 5603 1689 5129 3316 7348 8473 1873 8459 7363 2702 137
20 803 6109 3293 8540 124 5278 3846 1547 5758 1409 3241 1411 7905 8976 809 8358 7194 378 1358 8619
20 1418 513 4211 7723 2973 2219 518 5826 3601 5067 4688 1483 8330 9233 511 4359 461 9060 3303 1681
20 1480 3628 7362 3994 9262 1931 7688 1913 2899 3806 3130 2841 3452 8503 4599 3483 6291 8748 9966 7743
20 1544 9393 7860 5304 9984 1509 583 5467 9528 8964 9974 9068 8374 3673 3238 9788 8675 3677 6587 9641
20 1707 5551 6342 5615 3205 4358 2647 725 2969 2056 2510 2511 2512 8799 4822 7182 9055 5132 9708 5862
20 1746 7223 1170 1772 6868 1601 6426 6829 875 5395 9321 7580 2468 2481 9752 6975 7552 4987 326 641
20 1972 3259 7030 361 6417 9045 4092 9166 3029 3570 2710 9568 4580 8386 914 915 4915 5036 6940 3253
20 2047 6264 7568 9136 2675 4765 4766 1097 1805 6525 3158 9769 5112 1152 6955 3789 5966 4021 5118 2216
20 2177 8633 7465 43 3020 9255 2706 77 6870 323 5152 7311 8252 3318 7735 3635 3812 3637 3081 5866
20 2319 6272 2958 6943 5970 71 6083 7218 8977 4880 7810 2475 3911 7638 6815 9748 8272 4250 1563 845
20 2817 7031 4478 9347 7382 9456 3678 2587 9900 6458 6295 9978 7606 1600 1894 9550 1029 5649 4158 944
20 2840 1501 2091 474 4742 4899 7226 8558 6571 1225 8403 7397 8054 2010 5040 8236 1573 9766 5630 7655
19 3120 9222 5884 3644 8118 4775 9340 4182 1054 2789 249 2791 131 6704 3579 33 7724 7053 4438
19 3265 5527 9648 4343 4601 5921 4270 4889 841 9624 1256 7526 6876 1091 9545 306 6136 4717 6476
20 3440 2551 4087 9100 752 2744 3143 4467 9172 7559 8008 7097 786 6443 3740 795 9324 9657 121 3555
19 3811 6384 2582 619 1704 5743 2585 2086 1089 8125 4637 5139 5475 5315 3026 8844 2243 7098 9546
20 3903 491 5142 8829 7585 7253 2360 5027 7957 6772 5046 7840 1452 350 4307 7164 9214 272 9186 590
19 3960 1830 7887 9803 9538 2087 2144 3997 3917 5053 9879 8002 6021 4653 3851 3793 3622 5572 4205
19 4057 7764 7455 956 7295 7423 1449 4572 2649 8209 1143 5023 8275 1518 1777 2095 5842 2097 6708
20 4060 1612 694 2694 2680 8625 8482 565 2921 4539 719 5631 7956 1186 4176 5635 2595 8270 44 8338
20 4235 7670 4442 9413 2322 8534 8267 9956 2242 1012 273 6991 5398 6380 2058 7222 999 440 5179 3413
20 4320 1153 2422 3902 932 8689 4230 8968 1184 580 4990 2945 3852 3853 7044 7511 8773 6585 3858 2257
20 4340 1989 832 7198 3910 5971 2157 6987 8316 3249 6639 2917 2644 1093 1094 4953 8059 1694 1098 6480
20 4412 7440 7577 9363 6855 8973 2463 6345 4491 6427 1053 3773 430 2235 3607 941 6911 4872 2412 3620
20 4568 5382 7733 5012 3499 2400 8936 6867 2214 6869 9048 2317 7914 8453 5947 8837 1122 9010 9831 9588
19 4761 2035 8032 4184 9134 9054 9504 8382 8469 676 3654 5101 2810 9075 1426 4938 4790 1821 1763
19 4923 2704 7354 6843 1579 6329 3046 6760 5714 8208 6318 7704 9109 9797 1171 1328 6218 2628 9618
20 5180 3586 7530 8225 6706 8072 9231 3763 928 3011 1259 943 2021 4893 5448 239 1721 1617 7429 947
20 5557 8492 5291 3925 6848 4247 2999 8627 6612 379 6350 506 7111 6386 811 6090 4197 8696 8830 6176
20 5762 6674 8416 2961 3691 2785 5367 8182 8219 7765 3657 714 4679 1405 1961 6471 8097 1627 3651 4110
19 5815 9628 5412 8642 5494 7238 7489 6971 9733 4680 7999 3652 6494 1732 834 8742 4474 1222 2442
20 6193 7547 385 6300 8417 8435 8366 5490 2713 5655 9307 5653 5819 5755 5426 5435 4377 508 5612 8018
20 6285 5651 6908 7527 9118 805 5895 482 4828 5102 4830 4831 8506 2233 2160 6779 2374 9806 3838 299
19 6650 7694 674 7901 6680 1685 4771 4936 5442 3012 3325 1651 7940 1653 1654 6477 3140 1657 4821
20 6922 2832 433 2728 785 4327 3300 1050 1726 3699 7101 2977 7982 1751 9194 9396 452 7087 1982 890
19 6960 9958 4162 749 6385 7341 7996 2120 6552 1517 9047 2331 1455 595 7584 2756 7938 8955 9758
20 7094 7334 9952 8162 6174 2193 8006 8717 3233 5399 3603 5482 6810 338 9649 1679 3184 8077 4477 6009
20 7112 3961 2697 5388 5824 204 4126 1957 7292 3973 5830 4341 3958 4317 8901 281 2439 4869 5838 5839
19 7242 6086 3824 2990 183 3152 7921 5723 3366 5069 1508 5303 1213 9229 2971 6178 7412 331 8298
19 7276 336 3890 5230 7244 2401 606 7247 4616 7703 7250 9131 3987 6892 5548 3850 1003 9154 6048
20 7464 6950 2359 1412 4174 496 6500 67 68 8263 7541 4609 3073 74 910 815 9496 6717 2321 8174
19 7942 2975 384 5225 3915 776 7952 485 210 3772 1044 1266 3306 1934 8521 86 5697 6800 8064
19 8571 3621 1832 4730 4032 4921 4099 950 7908 7909 4080 8361 2760 2493 1211 6656 7636 1183 5232
20 8780 1065 5877 4663 9009 7665 8927 6367 5008 5506 5079 5011 8483 3905 6214 5015 47 4623 4170 6508
19 8809 1981 6614 7993 8960 2517 4486 1911 9434 3954 9584 8532 2557 7845 9345 9655 596 977 978
20 8905 8561 6180 5827 4287 3391 6211 5244 7678 8517 6014 551 4421 6633 2431 4169 1619 6254 1090 887
19 9237 8931 2736 9407 2450 3441 9309 3230 4667 1068 3646 8511 6731 8305 9242 1602 5495 7123 9133
20 9469 9672 3320 9017 8564 4229 7878 9474 582 1073 7698 4219 5352 301 8570 7615 2391 230 3939 2123
19 9623 3501 2059 6002 8154 1338 1792 329 3417 7549 3330 5219 3832 9304 1125 6335 9310 2237 5764
19 247 3089 2334 8888 9746 5415 5092 176 3589 6449 1888 5029 797 4272 5355 5668 1033 9014 5414
20 421 1454 4705 3419 1251 3782 3679 1447 3660 5555 4210 9404 2373 2371 1964 69 9638 683 6551 1199
20 435 8825 5733 1674 504 7609 1507 3373 1212 7556 7126 9066 7484 4161 6682 1108 4492 9306 7844 3520
19 480 9808 9462 477 1773 214 5111 2099 4598 4049 4050 9217 4052 4053 7055 4733 8457 7390 7997
19 1229 295 3825 8777 4565 1458 3766 3145 4960 6744 5511 2376 122 7812 6434 6475 5916 1583 5918
20 1884 1936 4399 7855 4514 2671 9773 6759 657 4314 2111 5037 404 2609 3274 1419 9189 1479 9368 3711
19 1985 3390 9612 8730 2584 2545 9889 927 2988 1120 8426 8745 2284 9081 9400 3227 6393 1117 8578
20 2151 9861 4992 8335 8085 6865 1874 3725 1984 4428 3477 3818 3302 8189 5274 5228 194 1829 4557 8050
19 2305 6821 6723 654 8350 6814 5462 3296 7280 2052 4613 6116 64 8520 5038 6742 2183 9536 1298
18 2362 7114 9123 829 3610 5371 6119 7231 4480 1459 4641 1697 1863 3286 7136 1816 563 9866
19 2428 7267 4912 2678 4181 5280 5009 2188 6359 1768 4824 2232 4107 1312 109 9297 6030 8318 4506
19 2494 4101 7756 1362 6089 2437 3739 2434 6849 555 8291 6273 9384 3663 1474 8523 1708 959 4575
19 2519 3185 9264 8691 1647 9163 6946 72 9012 4932 9868 9689 9537 8079 9890 2570 8344 8402 7651
19 2659 921 6126 2926 3995 9767 2960 7300 9096 3909 3331 8442 8311 1818 3510 4795 8965 3509 3151
19 2816 438 1178 112 7592 2105 5456 8271 844 6365 32 2077 3172 5272 9313 5560 2368 7779 129
19 2951 6104 6082 2414 417 8857 4808 9547 9908 7179 7349 3057 2850 5093 3015 5286 3017 7842 8886
20 3305 7090 7075 3551 3704 3705 7284 7419 3708 7336 2909 7007 9291 216 2212 6992 4916 2932 4918 2642
20 3370 5124 2663 3489 3785 9277 7149 4856 2664 9909 4416 3351 6060 1620 7304 8755 8992 8706 7389 9554
19 3433 2476 8101 7771 4564 7286 5684 6694 4981 4299 1787 6771 3623 6773 568 4519 2790 4335 5818
20 3733 3681 245 2929 4919 7705 9821 4000 6276 7709 6662 3545 1088 4586 9187 9350 4132 6679 5845 5599
19 3780 6124 2531 623 8036 4801 4966 4967 6996 5654 2516 5734 880 8073 5402 5650 6143 533 3277
19 4160 2741 1169 5502 9564 7619 2520 6095 296 6251 5284 4156 6852 8310 5186 2195 3716 5130 4594
19 4328 3260 6412 3018 5505 2575 5289 6807 248 990 991 5803 3065 5345 9164 7874 9497 9498 9499
18 4517 4603 6101 9383 5025 9961 4532 8692 1684 302 5831 652 3407 9812 684 6436 1381 9398
20 4602 3726 4958 6563 6564 8679 980 3543 20 6445 7337 1718 6420 6076 6523 3615 3266 3206 2408 4396
19 4750 4942 6660 9517 2937 2465 49 1072 6778 9185 9135 2881 1548 9128 6437 2904 2153 8749 3993
19 5087 5449 5503 4334 3524 8821 9948 9647 4516 2480 8377 5623 9125 9822 3181 1200 7535 2925 6941
20 5878 988 8502 5298 8613 6884 5846 1384 5123 3787 9455 1703 2509 6700 4535 8112 9005 2389 7505 1656
19 5924 9734 4311 9083 9084 6527 7752 4077 8673 1009 7485 5938 7692 4625 7936 9433 6990 9457 9458
20 5954 5210 1879 6963 631 2023 8166 2530 1006 4141 8046 8486 8609 9093 2597 8375 1295 63 653 6998
20 5981 7903 8702 9701 4787 9836 8178 1343 4881 1530 1641 2996 9212 5453 5550 2082 4645 6091 3854 5800
19 6474 3518 5744 2798 9862 9129 5014 9067 7917 5978 7739 9152 8530 5707 3317 3560 1257 4413 2714
19 6531 9366 9925 8096 9232 705 4016 4986 3250 8662 9621 132 4842 8404 9571 9099 4280 138 139
20 6690 7968 5233 1784 8062 1131 9940 1158 5767 2396 9437 3605 3830 4293 3263 1688 7916 3671 297 7919
19 6754 9608 7542 607 7217 3624 7973 9468 2036 9470 3326 6460 4237 9784 8926 9476 9477 6321 1710
20 6769 9021 2836 6907 6161 3212 6191 9065 2911 8880 5301 2355 7043 7504 3914 6282 8420 3000 3808 4592
20 6825 5309 8241 8177 2326 1005 5898 1007 4935 3262 2369 9918 5153 1013 5421 7283 5702 2390 1396 9682
18 7060 6786 2682 6969 9263 505 8850 9355 592 6317 2890 6666 9573 9772 3743 2133 9696 4676
19 7108 5648 1905 5339 585 9579 7023 7525 6262 7070 1591 8284 453 3566 4338 2783 2057 6709 7122
19 7245 6481 2302 8107 7707 5206 5207 9669 5558 7104 5566 2472 6812 2474 1092 8041 9904 2379 93
20 7471 8332 7532 6216 5869 759 9525 7360 6146 3014 1644 6464 3188 9444 2018 3631 151 6177 6511 6179
18 7475 7072 4640 8741 6322 157 7317 5663 1024 5386 8051 3421 9640 7974 4948 3996 4375 4449
19 7680 2328 2382 3375 185 6236 1749 8268 9785 1391 6271 9950 6341 6274 5054 6732 2187 3706 3308
19 7751 8663 7395 9044 6524 6609 5326 5327 7049 3683 6301 5950 5868 6433 3953 9702 6886 6595 2028
19 7972 3514 1691 6799 5324 5325 4785 6451 234 2716 7400 7290 7132 4934 5028 2541 3067 9532 2205
19 8143 3491 5216 1778 7018 7025 3066 5671 1968 1969 1096 1971 4312 9683 5829 1234 8176 7656 9318
19 8180 3922 1623 8017 7387 6 6247 2721 6249 1808 7600 3100 3486 4839 4626 431 3247 9650 8519
19 8200 7235 525 7033 9993 9759 6716 6167 2619 7744 4668 9452 5070 343 1837 3594 9783 4163 6260
19 8360 7256 5899 9983 6112 5746 8126 8127 8397 6067 7374 1478 2455 9025 2265 1892 116 7652 5178
19 8462 5942 861 1155 325 6012 9589 7016 7388 9167 9660 3342 3030 2889 5893 9284 1977 4569 4553
20 8776 5422 4840 9570 4502 8276 6066 7120 2605 549 9500 4806 6952 6953 7099 1810 9929 4262 8869 6448
20 9162 2049 5682 8343 4212 6072 6746 2887 188 2572 2504 3900 9252 5146 5927 2862 9625 6253 2489 2737
19 9220 3282 9227 8339 5962 2114 2126 2267 6327 6311 3376 1742 1633 2634 7927 3354 901 313 8258
19 9540 3283 8148 6683 9924 8203 2648 9258 4888 5698 8021 9061 8494 6298 3229 119 862 5173 8282
19 9698 7021 8822 21 3744 170 2375 8000 4962 5471 2083 9680 1109 1066 8772 4731 9013 3237 5033
19 9886 5991 8342 6387 5677 3364 2947 4286 3930 392 3434 1738 1144 8803 6920 6774 7265 5158 5756
