16 3273 7421 1383 8380 6181 5181 8028 5040 7852 5978 4943 6615 4397 8329 3303 9644
14 34 5426 1513 2007 8937 6291 6712 1854 8955 8876 2655 9332 196 7053
15 57 5195 9422 1739 7117 3158 465 8853 3607 3238 3110 4617 276 2421 4651
15 280 3055 2302 1048 3053 5901 9878 5404 9750 1492 6784 7487 648 6457 4267
13 380 3390 9017 9502 5047 9550 9449 1150 3142 6705 9772 7540 2162
14 457 1050 8520 3010 6987 4419 2779 7845 4120 4539 74 6688 3579 9378
12 460 2732 7329 588 1218 2668 2012 8627 7792 7804 2735 7082
13 561 8460 6916 3470 6891 22 3331 9166 6406 8735 5562 4083 1280
14 615 6094 7365 868 7719 9528 2188 7399 4439 6892 6595 7978 2771 1092
13 635 5613 9173 7801 2542 6426 7976 758 9894 1693 122 5705 6787
16 680 7237 1714 8534 9637 8727 8099 2315 1821 3834 9455 7144 6887 6719 3229 119
14 727 4298 2686 9300 647 9966 192 1835 1626 9843 6335 9384 4692 2676
14 818 1203 3991 4737 4683 2308 2738 7697 2331 7759 7122 8576 7269 3140
15 858 1825 9286 9240 2649 1491 1968 517 5863 9968 9990 6695 4404 4396 5553
15 873 2086 3561 4632 6732 5063 2770 1193 7233 4794 1490 4773 779 6023 1157
14 893 9241 8816 6591 1236 6931 9748 3175 8964 6772 7192 3065 6274 4372
15 916 5476 126 929 4313 5232 2211 3929 127 3972 6287 9769 4837 4873 2236
12 1000 1061 9074 5166 7999 3652 2496 9369 463 8580 8506 9778
14 1099 2411 927 2244 6083 5244 3008 2229 468 2977 5844 8838 6860 1982
14 1111 168 3228 3858 7971 5982 9399 2533 7106 7350 9097 800 3093 5808
12 1255 5115 2984 8286 1616 1880 1727 5657 670 8911 9320 425
12 1258 3061 7183 8014 4379 3145 6466 3589 4756 8168 131 8497
14 1276 8130 4215 4244 1028 5286 590 2974 6337 1082 9288 5594 8585 7815
14 1393 4433 6417 2926 7387 3633 1555 6847 626 3271 8164 4283 8599 2987
15 1427 3573 2322 3638 5948 4479 5968 8768 9622 1232 719 7982 1751 334 5035
15 1428 1511 9107 404 1284 5022 9473 6996 9906 2175 9158 7635 3564 9390 281
13 1464 7770 9076 1023 2085 3832 432 1417 2221 9997 4777 8057 2597
12 1520 8251 8551 1311 908 1346 5188 364 3893 7790 9150 4290
13 1652 3089 3980 3705 5886 2588 8444 3239 4610 3730 1162 5131 6802
14 1786 2024 9722 3129 9430 990 766 8483 8632 397 3680 3075 9739 8654
14 1803 7881 4982 2726 8354 723 2727 4269 4459 1775 8365 8084 9783 5162
13 1827 730 5378 5428 6135 6840 6339 3707 8715 442 8358 1452 1237
14 1902 3788 9334 6463 9818 9530 3004 8328 1133 1159 3688 2590 8998 3101
14 1928 82 5322 3885 123 1515 6409 4546 3932 3772 3125 2264 2719 2824
14 1944 5991 845 2877 2070 9793 8473 5576 4205 4066 8947 570 8925 7535
15 2173 6977 2715 9108 8910 7811 6760 6515 4999 8411 445 6544 697 4864 9336
14 2200 4325 9104 5311 9176 485 4580 1622 3267 4019 6967 3813 4293 5936
15 2213 5155 6209 3799 5659 6607 8549 2254 5838 4561 2889 1521 9207 7376 4492
15 2239 7223 5923 2856 6889 3447 4846 5753 5692 828 2259 2834 2329 5973 7798
15 2300 3546 7501 1093 5603 532 9807 6762 4863 6493 2451 5337 1627 3651 2759
14 2361 2208 9917 5743 8150 4880 9261 5139 4441 5482 2566 3947 7912 761
13 2380 755 5885 5423 6593 4969 869 1649 8228 5857 5373 5205 499
13 2460 7622 219 1806 7085 5504 4713 3537 4954 1694 8475 3629 8498
13 2500 1116 7041 2109 9260 134 3806 7594 2033 7730 9296 4289 5796
13 2546 682 6903 8081 6646 6307 5620 2780 1659 7700 109 9496 1656
12 2603 7001 4350 6932 4525 671 2730 5294 9854 9141 7762 7200
14 2687 9643 9403 1748 1102 4457 6652 9646 8376 3754 3755 3761 5943 3692
15 2723 2610 534 6731 8323 6885 598 4558 5316 7197 6637 2243 7098 9523 3312
13 2860 5522 4499 1794 38 3708 8019 1605 4170 1120 1165 7203 1954
15 2873 9674 1201 6439 9956 4643 7405 6120 489 6540 4818 6921 7750 4227 4216
12 3169 1394 8664 9908 3767 4321 3031 3533 3272 5219 2844 6696
13 3261 1665 3876 2709 3230 951 969 7164 6594 2149 8556 447 4594
14 3412 9522 7738 3095 9773 1953 215 7262 3892 8976 809 1265 6536 9204
16 3495 478 6427 4742 5469 7495 94 1333 6794 9549 5712 5778 1519 1019 3367 6366
12 3701 2527 9789 7240 253 9858 506 7397 613 4710 2906 739
15 3898 8314 9967 1631 677 8914 3033 405 5804 3862 1966 9276 6088 4011 6306
14 3899 2869 2744 1323 4963 3249 160 8919 6429 7459 328 9797 9444 8750
16 3940 1112 64 1726 5288 1494 7908 3878 9649 8237 3604 6952 6953 7099 1810 7283
14 3971 4910 6685 6611 7488 7686 1800 5847 8131 2069 5209 1496 3803 2489
14 4045 6596 577 3386 2868 6343 7924 3070 6489 8724 2429 8813 4917 3498
13 4165 8217 6807 1446 9103 2654 4017 6923 6169 6065 6982 9659 8466
14 4400 5161 9042 5057 3595 8111 4043 7914 5719 4490 236 6634 5272 6497
15 4420 5497 2510 2631 6072 1996 6810 9451 1909 4218 5080 5807 1057 9587 9267
16 4436 6305 7800 6238 4872 3425 1883 1007 9682 3826 6060 9851 2674 3864 8523 8562
15 4560 6005 7858 8463 5602 1529 2032 5683 2881 3306 2418 2100 6678 6298 6222
15 4659 5906 9030 1785 4620 5737 2127 3242 1317 4689 5051 3805 133 4403 7931
15 4686 7272 7637 7604 4113 7514 7683 944 5636 2598 738 286 5171 4877 8375
15 4870 3492 9490 819 6143 5237 8657 8658 2160 1641 2996 2077 2161 4845 4905
14 4908 8889 2079 2933 2934 373 2307 411 595 5312 4207 3151 8493 4453
16 4930 6109 3066 814 453 8280 8725 4967 5855 8100 5135 5658 461 5996 1526 4446
15 4939 8573 3532 7783 2141 2217 7876 7323 2733 9099 6535 9120 212 7646 3082
13 5020 41 2930 2419 3574 309 5640 5400 1029 9397 9621 9513 9324
13 5082 2167 6720 1807 1890 5190 3830 8043 1643 926 258 4995 8049
15 5292 1387 7137 8386 5478 2579 7213 1414 6689 4246 5795 2917 9110 3473 7634
15 5389 8663 5877 4291 4263 2908 7966 4842 3601 3119 8024 6035 6233 7935 9298
15 5581 5930 8617 8543 5645 3901 1553 4454 5033 5395 9321 3073 498 5789 8918
13 5646 8001 9478 1907 4514 6743 1875 2447 8596 4928 2611 9927 4555
15 5662 1817 1253 7880 7806 1009 5880 7368 2282 7893 2201 333 2790 7902 7403
14 5731 8669 5355 7050 5680 6986 3957 5194 7330 7511 8620 9070 3023 6781
14 5940 3585 8509 5740 3006 3179 9962 2424 2880 3164 9980 1455 8341 9064
14 6003 8801 2506 3915 3453 3315 6066 6009 9339 9387 5287 2788 5186 8244
13 6140 7797 9319 4849 1073 591 7810 1037 8077 4121 4370 4790 1457
15 6207 8347 2366 9434 763 2232 4392 7766 8364 5501 6550 9954 2904 2153 186
15 6235 6554 4605 1667 6219 9930 7229 9195 6534 5600 4048 459 8754 8505 5618
15 6280 361 6 777 4407 6623 3752 5908 3612 1899 602 9284 7380 8020 5342
12 6284 4036 1577 111 2386 4506 8392 948 2317 2516 4259 7118
15 6320 4630 368 5506 423 8783 6632 320 4991 2195 4767 827 8106 9578 3206
15 6353 7476 586 5084 4366 9338 1591 2468 7425 5229 8804 904 931 5818 2707
15 6542 2501 6486 8764 2585 1737 1791 7562 3330 1628 8039 1728 8739 1581 9855
15 6560 8134 1331 2112 486 5485 4432 3685 7848 1789 5998 8092 7461 8171 6165
14 6578 7306 2475 3280 5983 3113 7392 6159 4635 5814 9536 14 7304 2377
15 6579 3544 7357 2724 9733 2286 5069 67 4449 8033 2532 9494 4608 6349 95
14 6592 4101 6895 2046 6374 1263 4827 4069 1922 7196 9941 5276 3716 4039
14 6640 7932 7426 8298 2152 2148 3287 7989 2618 8830 79 1863 4462 6757
13 6755 4976 8308 2927 667 4924 3278 5468 1568 6957 4599 9251 4128
14 7096 6820 3246 3802 911 2932 5211 6692 2593 8572 2972 3711 2226 319
15 7224 4665 2262 5019 3399 7666 3111 5239 6317 2879 1948 1403 5352 301 5121
15 7402 6402 4414 9579 6322 5143 3118 5308 1648 5191 6721 3429 6240 1633 2379
14 7443 6051 2376 7885 353 1436 9392 4491 8470 872 5318 9713 5202 2249
13 7872 7744 9709 8553 4025 8055 8128 5102 3833 3618 3035 1219 4876
14 7954 7261 6912 2526 1632 4468 4214 6870 323 2497 6670 8763 8455 2399
14 7985 1178 794 4482 1684 2025 3516 8307 6200 2155 2768 9246 4139 3359
10 8037 5590 9375 4513 4327 3300 7259 6379 1493 6254
15 8165 8922 4467 9799 9364 2130 7171 2006 2123 5849 3786 8700 7583 8752 7854
14 8175 6381 7986 3052 6507 6866 3253 753 2237 6672 3002 2928 533 3724
12 8232 788 4410 9191 8885 2671 176 3508 7051 7773 8954 9388
16 8495 4671 6893 7981 8115 2650 2957 898 2444 2184 9178 865 8340 1705 7998 6701
13 8538 6681 7558 15 5445 1932 4847 343 7900 4431 6913 1376 257
15 8554 1049 8260 8016 8659 4166 9715 456 4338 6765 8560 2822 6915 9881 312
15 8606 5538 2002 5321 5008 197 3789 3286 7136 9154 6048 139 6896 2635 3034
15 8680 4297 8511 981 4968 8318 7079 7983 4860 1831 5926 3795 7861 8336 5145
13 8810 1349 1385 9026 1598 6790 1679 3184 3880 5489 978 5159 3877
15 8979 8022 749 3446 6099 5872 6125 6547 741 2802 6758 194 901 9398 279
15 9000 4224 9541 7346 5555 7358 6311 3376 6991 143 9998 6981 4949 9354 2995
13 9008 437 3622 9889 8352 2508 5097 6665 4537 6363 6346 3196 4438
12 9049 4582 4130 4775 9860 4828 30 6976 1715 7655 5715 2197
16 9058 9179 5977 2971 1056 6468 332 850 1542 3976 7140 6248 6074 8626 9157 237
14 9126 8348 1962 9411 3938 7878 8407 9822 7565 2224 1459 4219 9368 4474
14 9208 4385 8177 9742 2994 5104 7587 6220 3672 8802 4466 6464 3188 976
14 9234 3393 3176 9125 5868 3969 9631 852 7076 7409 6227 1322 8145 116
14 9250 2327 9936 2385 3792 7149 1377 1793 3214 100 7640 19 3170 7628
15 9420 5575 2602 7385 1998 4907 1512 696 9073 3154 3690 1992 8881 999 6647
15 9425 9567 2973 9921 2365 3418 7243 1534 7641 260 4717 6476 4038 1119 2819
14 9533 3485 9671 3581 330 9028 348 2103 5873 5414 8766 6992 4916 2318
16 9626 4258 2584 3029 9779 7584 3592 1504 6629 7828 7379 737 6016 9313 4708 6975
15 9694 1356 1578 7167 1395 9199 3689 3097 1734 8414 8373 6131 7271 1144 9325
12 9697 8903 6522 2117 2760 4296 2989 6116 8795 458 6704 4629
14 9744 4702 5011 2414 352 1266 8030 1453 9055 7211 4647 6739 5285 4013
13 9800 1101 952 2837 5198 885 9900 1781 1488 3291 1570 553 6279
15 9891 2396 9706 7478 6599 4918 1858 3071 5781 771 7639 812 3765 3202 6321
15 9953 3948 6480 8435 9426 9639 6077 6331 5258 3338 897 9575 4753 6521 4947
15 3824 7111 2514 9169 1256 2522 934 1537 746 7590 4138 3103 6888 3631 6029
14 1704 6326 3482 3400 1226 1086 1368 6359 1081 7739 2140 7578 7832 8050
15 24 4209 8070 7960 4782 4147 4122 3538 523 5934 663 243 7830 7536 7260
14 173 3161 3587 5511 2672 714 7230 3133 4824 4041 9870 8117 2644 5776
13 454 2762 9372 1468 9214 1813 5654 2204 7516 5854 466 6679 2205
15 462 5651 8152 683 4766 1381 3998 4776 8258 8800 9521 6666 3030 5356 4575
15 495 7366 3115 2708 5307 472 2890 4729 4669 8803 5536 8372 7599 6708 503
14 500 8471 8419 5694 2924 8076 2010 7396 8325 5709 9409 1551 2783 9060
15 509 2490 606 711 6989 3594 4070 6662 1435 9510 4626 8378 8639 6034 2491
14 540 6416 6180 1600 8525 5366 2303 4578 3609 7736 1432 4638 2651 3647
14 678 8564 3531 2067 9723 3284 7647 8361 2591 1122 9699 5086 7938 4821
15 773 61 7295 7624 304 6985 2891 6081 7422 2745 1450 2703 1635 8429 1372
14 837 5472 140 9933 2371 4543 7438 9705 6368 7131 5078 6197 7482 1475
13 1016 4978 9790 5722 2199 1089 941 5811 7898 8775 4940 2407 1865
15 1180 3557 1423 2027 8533 9916 632 6484 8239 1309 7939 5204 4607 9554 8897
13 1196 3282 535 3424 3691 1191 6936 5438 4731 3459 6296 3560 905
14 1420 7065 8777 8697 1291 8757 8283 2664 946 2250 9679 4098 4838 4268
15 1516 1885 47 4623 8847 5103 1375 7816 5151 7374 8140 874 995 2914 5277
15 1543 2064 4363 914 4510 6585 4251 7712 2794 1315 5861 3317 8255 3566 3266
14 1560 1634 2335 2803 4153 5364 8503 7381 5149 2021 1426 7714 2839 2131
15 1575 7653 2619 3467 9707 1487 3583 9205 9519 9838 7657 3432 4678 2776 4364
16 1650 735 2482 7110 4241 1768 8178 2461 4337 4312 9683 3702 8420 278 2392 6340
13 1783 2035 6199 1979 9702 3944 6194 2378 1573 3547 2679 9011 1388
13 2022 3608 484 8395 6376 2333 5606 9185 8812 1422 3743 8059 6471
15 2043 6121 4758 3347 6021 6906 9138 5894 7321 2811 9562 6538 7896 8522 6400
15 2066 5944 7948 3659 9897 7819 4733 7837 5177 3764 3603 1965 3127 5912 7958
15 2132 1440 7856 4757 5172 3496 2449 1128 1230 8644 1752 1070 3979 1281 5269
12 2320 6945 7462 2225 9989 6901 8673 7163 6658 5518 3807 8031
13 2453 7791 8203 8147 8181 8836 3731 3132 7332 5433 903 2436 4494
15 2469 1275 2963 8796 4047 4072 7107 7567 3068 1090 3555 431 135 2774 8282
14 2964 1745 5251 1072 7817 6586 1228 8207 9186 9333 7840 8756 524 6179
14 3054 5727 7668 6567 2190 8611 7249 4641 8971 5728 3753 2176 4677 4354
14 3060 2751 5622 9383 7411 6218 3928 984 3308 1442 4193 6129 8306 5514
15 3088 900 9745 4014 6017 6641 8370 1343 8159 2187 321 5091 7863 488 396
14 3139 6741 9642 5759 7169 54 6168 1103 2178 7393 3934 9350 8418 326
16 3220 3408 7866 5388 2212 6033 6062 1834 2486 9450 7727 1227 6398 6399 4444 2154
13 3334 9597 2098 3614 2857 3989 4650 5118 3627 6386 1938 9652 7254
13 3423 9661 8730 3216 9172 4523 7179 4843 410 2015 7915 2223 7429
15 3554 6821 4073 5589 3616 1278 6898 8993 8913 6859 3351 4586 9022 7342 8402
14 3580 1952 1889 2808 9408 3490 6853 7857 581 2316 1154 724 8197 3413
16 3600 5766 7648 9006 1586 1759 9883 9810 9385 1897 1235 5887 8330 7468 1945 8351
12 3778 2094 9441 8230 5572 9656 1183 8934 7538 6010 5630 9193
16 3840 9295 5283 5334 4217 1910 980 7302 9853 6057 5385 8839 9546 2441 3620 6862
15 3843 7039 6568 2105 3210 4416 2872 3207 8113 1379 5552 1222 2442 1011 5179
14 4074 6221 5503 4526 5559 2065 9974 942 7905 7436 355 1824 262 4569
13 4152 7756 6612 3700 3212 4213 4984 6247 9817 839 2456 2409 5077
13 4277 6098 6583 9278 9013 7957 5965 8424 5653 9032 1816 8023 2623
15 4429 1680 8794 8872 2394 8450 1075 1702 2567 6941 1590 1437 2804 9625 6253
14 4500 8332 4225 5358 8025 8544 99 16 2139 9556 3553 2352 5201 9439
12 4548 8220 7284 2717 4811 9920 1877 6962 2246 5914 5779 6187
12 4554 9489 9437 1498 8566 3279 3509 1407 1398 3819 2133 9112
14 4589 1611 4676 6407 2125 8461 7566 8156 4831 198 878 2433 487 1366
15 4614 1095 9268 1717 938 1481 115 9415 6663 849 3401 1939 918 1357 6177
15 4660 2056 1430 9655 665 2360 1912 2074 9147 5913 6537 9143 2814 6919 8932
15 4706 3431 9568 3632 8410 1760 6053 6636 6185 6428 4451 5253 4920 5060 4592
15 4732 4721 8835 4579 813 7204 171 3965 8677 9149 3445 9194 2658 13 9235
14 4854 4234 5554 6216 2981 4627 1449 846 9038 1733 1561 2538 8327 6396
14 4886 5005 2886 3474 5656 3087 9516 3192 6052 2638 9465 6602 3526 314
16 4945 1382 4212 7481 8938 162 6516 1629 1950 3732 2595 8270 44 6361 4245 4533
15 5348 7818 8559 9443 4624 141 8242 4557 4819 9563 7442 3914 6282 2897 2815
15 5362 2181 4143 4628 3486 7913 3263 9170 5785 7055 7745 7659 6990 9457 4035
15 5387 8635 6071 2785 1849 3695 8851 3577 1592 1958 5140 2718 6879 73 2097
15 5446 3153 8567 9281 8563 7007 6047 7776 7674 7774 3745 9326 2124 4792 1139
12 5473 8582 822 7280 651 652 3407 2493 28 4974 7545 5593
13 5571 4253 4534 4604 9460 9542 593 1552 1340 6069 9290 977 9599
15 5669 2194 1335 372 5363 322 9331 7292 6013 1796 6774 7265 5158 4238 8706
15 5688 9668 8040 1571 973 9463 9238 516 7083 4198 9161 7470 4125 7823 9305
16 5765 7833 8719 5774 8276 3397 3117 8363 6281 1010 3849 2368 7779 129 6043 4519
13 5801 6027 8356 5757 7485 2071 8406 3383 3130 7767 5897 3727 2652
13 5825 7343 8265 4401 3487 9725 9788 8675 2260 5512 3558 1347 2560
14 6078 2741 7720 6269 6215 4180 300 1098 3699 9829 1942 3854 1798 810
15 6079 9222 3416 158 1002 3996 7333 6676 5783 9505 650 5839 4006 7888 3815
15 6153 6797 6362 77 545 9299 9078 9466 2557 9059 7663 9497 9498 4046 620
15 6255 9086 5605 4484 9137 9691 7026 3796 8086 7294 416 831 8443 3939 4076
12 6576 6421 1302 4287 5661 717 3494 200 1044 804 436 8519
14 6613 2848 5349 272 3450 3722 856 4768 4933 5697 3598 2714 4406 9775
14 6841 5081 9842 9063 4971 104 8224 2198 7418 7600 2063 7067 3975 9949
14 6900 27 8223 8474 5660 9611 7172 341 7049 1030 313 4104 8334 7988
14 6997 6229 1129 185 7977 5206 6937 5059 4973 8098 1535 4795 3337 8075
14 7195 406 3883 9089 2060 1701 2353 8091 6928 145 9212 8884 1161 5178
14 7277 4655 7180 9041 7024 2758 8634 2665 555 8779 5330 4892 7296 3355
15 7298 7339 1327 6561 6391 8622 6056 1360 4895 2485 377 291 5738 1421 6767
13 7435 5000 5070 387 6350 1003 7128 2434 9151 2082 552 2107 4262
14 7560 2342 9133 4730 4871 587 7191 4117 5823 3063 6351 1845 8946 8866
15 7610 2616 1933 2806 3953 4282 4383 379 7526 3062 9287 2831 3462 6283 9929
12 7612 1769 1647 5531 2235 882 9068 8488 6844 7187 4805 7148
13 7725 2281 9139 5335 5681 7889 6275 3984 668 6710 716 2183 8048
13 7740 4723 4944 8618 3656 8426 5611 1107 5966 5031 762 687 2255
15 7820 7127 2087 4208 7227 4751 2750 6393 3157 7523 5953 4704 5354 9987 2134
13 8090 2621 2169 4111 8003 6671 6603 745 4495 3571 5461 9487 1892
14 8160 6514 6867 9892 2284 9969 5771 6152 2011 2845 7159 5030 4524 9503
12 8170 4858 6600 2798 1130 5995 1692 283 710 6813 4684 889
15 8172 921 2562 628 1190 1995 6809 796 5667 7575 2092 3084 8612 3658 8732
14 8210 1465 4980 8696 7472 4850 8294 6186 7757 9849 5475 5345 3289 4335
13 8528 6979 7554 8458 3653 8877 6132 4668 3655 7314 2488 6431 9825
12 8656 1330 4621 7363 1615 148 7937 5405 1068 7391 3794 6570
15 8693 6338 2219 3478 9557 1935 4749 1747 2599 5275 6725 4178 7045 1974 3350
15 8740 601 9424 5822 8771 6006 5456 3987 5495 8603 2756 2301 3769 3226 9754
14 8928 3283 2561 9373 1888 5644 3358 8743 8253 1260 1999 3217 4136 7553
13 8962 979 354 8468 8857 5809 6488 5038 8684 8500 3906 5922 728
12 9079 5941 2435 8456 4993 4752 8890 5457 675 5240 3227 5130
14 9236 2820 11 2467 5833 4875 3676 1462 5957 1767 8712 7057 4878 887
15 9253 4394 2787 551 7925 864 4728 4285 4652 4233 403 7874 3361 6616 2835
14 9329 4815 2330 7543 7979 8254 9361 7347 3771 1328 7184 2913 2018 5879
13 9448 5935 1802 6422 8005 1873 1566 7525 5375 5516 8346 6172 5821
15 9762 7334 504 7162 1514 3543 8404 5992 4977 9571 1185 820 2455 9025 4778
15 9780 9304 9297 4033 7661 7388 9692 1160 4276 3596 8790 7355 7814 1903 6828
15 9912 5420 6390 7922 6656 5915 9638 2113 6569 4132 9156 5845 5599 2101 3808
12 9931 1017 305 2088 146 6413 69 987 3186 5874 2968 6000
15 3009 7447 7967 1348 7377 7825 1359 6246 2830 7775 9763 6175 9678 2499 9394
15 40 4031 7550 3565 5856 5585 2416 1080 1706 3927 6854 8158 6506 3635 2062
15 220 1021 3507 214 1841 2648 9322 4572 7643 7139 7650 4654 4374 2321 5596
16 357 8472 3542 7710 1031 2267 9258 4888 6205 5614 1071 1721 1617 8552 2859 1329
15 359 3149 4042 8453 8073 3026 5315 9641 1461 2492 835 6876 2296 5843 3894
14 449 1582 4701 8339 4576 3183 8874 5999 5798 9848 7474 5156 7531 4359
15 502 9561 9544 9144 1584 4469 621 920 3626 6555 876 9396 2174 5098 1959
15 529 5213 616 1528 685 3076 9565 256 2737 1051 4027 8856 9995 5247 151
14 584 5515 8366 5278 2515 4826 81 7252 6684 5699 9865 1946 8907 765
14 649 1076 409 2626 7507 514 7325 1866 8442 9259 6150 5168 7473 5969
16 802 7962 1832 6122 5027 5013 7917 7505 1510 8464 6920 5986 2061 4799 3067 6477
15 824 4593 2556 2782 1482 1125 9348 7214 6917 6533 9690 5829 1234 8176 3356
14 940 5413 6328 6192 7519 4175 6829 875 9955 3100 9310 8189 9230 5432
14 1079 1341 6714 7028 2912 4504 5429 4727 1292 701 8974 1895 1970 1217
14 1110 3469 975 4946 6571 2248 2942 8915 2050 661 2692 4393 4909 4658
14 1137 5296 3617 7510 6824 1312 48 6295 9315 9531 2297 589 6738 6736
13 1220 1151 7062 5017 8313 1602 6454 8316 316 1419 7078 8542 5137
14 1240 9738 2706 1623 9624 9200 5819 5755 9553 3256 199 712 9316 8390
13 1268 1004 9004 811 597 2843 9052 2170 2179 1934 1833 3123 8698
15 1274 7178 9944 582 3451 1038 5079 7768 2769 9511 3104 9864 5295 9877 3539
15 1303 8136 8942 3739 4008 7974 8069 9766 464 4163 7032 3758 2720 7047 4322
12 1370 5629 4085 2289 2969 9035 7561 8465 8512 7058 351 6360
16 1374 6604 4879 6425 2271 3853 7044 4191 376 4368 444 9091 4161 6682 1108 862
14 1441 8718 7412 3134 5043 7518 2511 9610 132 4236 5218 3109 8742 9635
16 1540 4941 6729 3236 8728 5326 6938 9023 3717 6661 8074 1868 7864 6753 9514 8550
14 1670 5507 8691 7142 9711 1326 726 7850 8568 5100 5125 7241 9128 8080
12 1900 1289 5184 8144 4609 8368 6163 3472 4086 6722 4653 2854
13 1960 225 4755 6606 9592 7084 7794 8565 9243 7964 8071 4307 7445
15 2020 84 8578 5820 349 7904 2273 9896 6909 8990 3314 3703 448 1018 925
15 2106 7152 6849 9602 4003 6475 9593 4936 8457 2571 7997 4009 5114 2164 2925
15 2180 1410 6508 1869 4585 9770 6747 8305 7758 1688 7916 6319 8841 9515 6994
15 2231 6642 6364 1642 206 7020 7019 3213 9837 4110 7219 9802 6530 1474 9532
12 2234 4051 7068 9905 2976 9907 7289 4088 3776 7246 3237 1951
14 2340 5666 3562 9835 6196 707 5937 2795 9312 7799 9330 9252 5146 2037
15 2350 6261 6231 419 9019 3049 2612 4349 695 519 7138 5448 3933 7255 8638
14 2622 6965 9327 6026 1358 6654 750 1140 4690 9586 5314 9400 3810 9576
14 2637 5106 6878 5787 3497 5391 8865 5465 1569 1820 6058 8451 2013 7202
16 2764 879 9844 9072 4271 3605 6964 1212 4078 213 5859 3037 3038 7005 7015 6141
15 2997 3352 2480 2899 9726 1861 8151 6277 6620 4091 2470 3812 7672 5764 4553
13 3195 3642 3567 5852 2766 8105 2045 2667 2310 9488 4280 7839 8959
16 3360 7626 3964 6127 660 1046 1941 152 8967 5018 7356 4265 4622 7458 9111 1776
13 3420 1305 4442 3687 1310 7688 2358 271 1114 338 3747 9257 5588
15 3460 8385 4255 3850 4464 6119 7 1937 9053 7194 370 997 1686 3426 5451
14 3742 2778 3339 4512 7353 8848 418 2403 4743 190 5305 9758 9164 2439
15 3977 9577 6042 8722 8109 9098 923 249 9445 1859 3871 9898 7936 834 7651
13 3992 324 961 4784 229 8845 3968 2792 6151 7228 4461 5535 3775
15 4112 4662 7486 118 8977 4064 9165 4097 6130 1316 9840 560 6698 3231 4789
14 4114 7212 4315 3319 9714 5710 608 6504 9356 5698 7093 7022 9585 4542
15 4260 6149 8966 87 2193 2309 8643 9815 2420 2862 2746 4893 5249 9306 93
13 4352 2228 1722 2446 2630 9474 8619 1613 8245 1559 2084 3637 1731
12 5120 7221 1306 9119 2410 6377 367 102 2841 9484 6655 1708
15 5138 5700 9272 4443 246 2628 7101 955 5046 7348 1066 6304 9077 8902 1871
15 5360 9741 4201 302 7522 6030 8345 3444 7463 5578 4361 9475 33 8214 3380
15 5390 9975 3982 9048 1666 5167 6324 2220 5323 3039 5126 8434 2763 8636 8120
15 5794 1176 7755 8605 8723 9996 2670 2425 2093 1408 2754 8535 4781 6378 6315
14 5840 6491 3240 4960 9535 6258 6993 5528 5112 734 5357 4292 3897 1313
15 6020 4503 789 3402 1325 9667 2233 2374 6206 9440 1906 9910 1416 6160 381
12 6040 612 8101 1771 998 4567 1840 4596 1698 5945 1156 4310
14 6087 3163 2052 6025 9135 2039 2136 3937 1780 9269 6815 4345 3511 8034
13 6502 7822 4387 4529 9167 3234 4901 2656 6434 6584 7417 9798 6144
14 6589 2662 4004 2983 2356 698 1262 3921 8827 6659 6419 4746 12 1363
13 6675 1063 8185 3159 7606 880 7608 294 9866 2008 9010 8886 6630
14 6728 4549 5068 6865 1022 8748 1595 8459 2014 3657 8530 2773 2076 8123
13 6768 8852 4067 6018 1546 4809 4734 5851 5678 4645 2950 3522 7467
14 6924 1683 6367 4618 7413 1489 1797 137 315 9189 8122 1554 3166 3466
15 6947 6424 9833 5745 744 6090 3941 8949 3481 5742 8616 3187 9816 7782 7838
15 6983 5386 1126 8038 8772 6084 3105 8674 1829 6894 6435 4612 1738 2535 6574
14 7004 50 2625 107 8141 8517 8811 3955 9724 4185 5500 5333 5394 231
13 7156 3013 3774 6776 7175 5543 4481 4507 8745 7684 1548 1320 4376
14 7168 9942 5623 9036 5933 909 1792 7009 5888 1779 4068 6203 7119 8607
15 7273 2115 3223 5668 6598 5095 1550 6290 4697 9719 8269 75 2207 9657 8338
14 7274 9003 842 4084 4774 3435 8826 3895 1192 4169 6178 2312 899 3946
14 7351 8895 854 1166 3121 3385 2605 2920 780 8521 86 6348 8867 1657
13 7371 7086 5889 619 3829 5890 3822 7231 611 9495 7390 6782 5907
14 7394 9601 2725 8413 4308 8710 5862 3713 4186 6877 1756 5782 798 5635
14 7395 9859 3484 208 4562 2689 9882 415 3665 2051 7953 7367 8515 6496
13 7450 2476 4164 4124 5916 585 7728 8726 221 7454 1117 1732 1823
15 7457 8782 6845 6752 9708 1200 6756 1558 5266 9275 6015 2381 6929 1977 4869
15 7500 3719 9852 92 4380 217 1609 1064 3007 2998 3107 7844 3520 1208 7834
16 7846 7563 6968 1413 8379 2375 5238 8311 3041 9945 306 3090 7871 3663 1477 7161
14 7868 1027 4200 3199 6259 4239 8179 8173 7059 7671 7534 7097 9950 3258
15 7895 9163 6470 4725 8637 9395 5001 3817 1518 1777 7285 5679 9614 298 1472
14 7991 9121 9462 2960 8 7891 769 2825 6478 9183 3251 6110 4972 5875
13 8199 7499 7778 4540 673 1053 574 9923 4203 3887 2609 2537 5896
15 8421 8774 1373 417 6886 6890 7133 5976 5631 9221 5464 7940 641 4716 5975
14 8430 6801 759 5919 2772 4030 2577 8272 6436 2102 5099 992 6479 7552
15 8480 690 9175 394 1173 106 1352 72 8291 6114 7303 9545 6252 8041 5628
13 8672 7027 1755 9485 4745 8056 3342 9573 261 5673 8481 3475 6357
15 8683 4959 2900 949 9660 1451 1259 943 9673 3671 3737 2944 4144 5997 4355
12 8762 3335 2129 3889 6195 3124 6811 699 2080 4115 740 9506
14 8833 5955 8843 7965 8184 7721 1199 9654 9438 8773 6133 2657 7950 3674
14 8916 2799 2096 4518 3529 7571 7906 684 6956 2298 1811 5370 3541 440
13 9007 4422 9146 2512 3718 1294 2549 8586 8331 8029 25 7130 3215
13 9095 1981 6096 125 6134 1285 971 3292 6267 7597 441 1763 297
13 9279 8882 3924 2354 8879 1390 5963 8467 6625 4384 658 7386 2800
14 9349 7761 3997 3697 7699 565 3150 2828 2576 778 6528 9229 6054 5549
14 9421 2172 6107 7305 4229 331 8125 4637 8083 792 573 3590 6691 473
14 9527 6830 3096 9701 5902 7865 1976 8088 8008 1216 1729 2028 4053 8427
15 9582 1463 4883 5383 5430 4190 1296 4855 4024 4294 3332 9735 9736 5834 3913
14 9620 2324 1762 1527 8648 7165 4866 8828 7313 3619 6806 1842 7073 4257
15 9751 2855 1855 216 8231 3235 4417 1988 9856 9857 8747 6354 8432 9458 9213
14 9760 3926 287 2870 2108 2965 4633 4485 1470 7437 5938 7517 9201 5736
15 9761 8194 3085 3384 3348 2299 6911 3641 5075 3204 2690 8274 2874 9824 5842
15 9813 2712 4211 8017 3427 1547 8921 3191 1404 1818 2791 9939 9526 5689 959
15 9839 1661 9885 3536 6294 2935 4460 5053 3345 9198 5597 6443 3740 8135 6638
15 1062 1925 3378 2230 3193 3860 1033 2285 9386 6816 564 2583 2980 3162 5259
14 31 475 5493 1409 4284 991 1563 8778 3219 9127 8476 764 4887 5105
15 89 8401 8094 1919 1809 8808 9871 3503 2589 702 369 2503 3340 510 6228
15 267 6541 7742 6423 6411 9427 9879 2502 4377 508 5961 1585 7150 6244 578
14 285 7632 8655 8873 4804 2272 8018 1141 1025 388 1134 8840 2473 2258
13 386 9628 5417 4135 2661 7157 2534 8736 7309 7685 4028 393 6626
14 617 6677 8032 5007 7621 9039 1273 3506 3349 4953 5883 7373 5392 9417
14 733 8666 9471 3296 5904 8369 8438 3181 188 2572 7676 3634 6863 1175
15 1059 6064 4421 575 2563 6392 2218 2146 605 7869 8996 6588 4703 8415 1710
12 1069 9247 6100 1773 9771 9050 2185 6414 8526 3851 3114 1164
14 1214 9377 7154 1466 1083 1158 6369 2458 4107 1298 790 8326 4718 7894
12 1400 3950 1678 3270 6934 1146 2017 844 6365 6702 1856 3197
14 1429 4913 4426 4264 6601 4095 2608 6707 9618 7581 4347 8285 1736 8097
13 1485 4319 5548 5454 170 1687 1248 2257 8066 6970 2653 4232 1052
15 1580 6573 5216 2821 317 4395 8923 9617 5361 2600 8797 1168 7955 3759 3363
14 2471 5381 7503 1177 6492 3831 4915 8078 3141 9828 5800 9 1405 222
14 2882 4853 7897 7665 5860 45 7929 8900 8769 8815 5418 1754 9187 9805
15 3148 52 2116 8293 2878 855 9355 5197 182 289 8011 1337 4813 7389 2034
14 3180 469 4958 6577 9357 5980 3298 7291 179 226 7951 6846 4857 7574
13 3464 6648 3643 4077 2823 2448 8894 5453 6874 5696 7959 1106 4816
14 3500 7968 8604 282 7923 9292 2640 5537 175 8266 8965 823 5946 5116
15 3540 1239 2437 7943 8939 3534 3535 7207 8539 6271 4634 9650 3809 933 4273
15 3912 4318 2055 8592 1574 8653 3568 549 7842 5987 238 8042 2505 5134 3099
16 4040 9812 4424 8139 3942 9318 8569 3696 3973 6347 7753 7512 1735 8926 9476 6597
15 4388 2314 4964 2196 3748 1956 9280 6467 1828 8320 7945 9665 9109 7116 9477
14 4760 7248 8026 851 522 3678 9988 2988 3255 3276 536 7315 4176 5173
15 4780 6108 9630 7091 6971 5200 7186 7927 5616 6832 2509 8112 3353 6897 1599
14 4852 3194 7682 3468 5340 269 5094 3471 5274 5032 3017 6097 7883 8138
12 5250 10 4861 922 8625 1293 4882 964 1508 8095 7361 625
16 5254 1411 3908 5243 2126 9446 6558 1264 7104 3936 5568 3623 6773 568 4865 6022
15 5313 8201 559 3011 9670 2388 3523 5748 4489 5979 1681 3816 1991 2691 1847
13 5545 5021 8409 6686 6453 2004 9569 801 7336 4832 8104 1676 8035
13 6147 6786 5682 2643 8920 8973 2005 8355 1024 9696 6499 7344 5458
15 6188 8863 7166 5183 1709 5544 3881 3630 2462 1267 3956 3762 401 1469 9539
16 6303 6461 5637 337 167 6581 4511 1223 1295 63 4670 4600 2646 6469 6286 2095
14 6358 6316 8362 6740 1245 1914 6818 8997 254 6458 7410 6237 6808 439
14 6370 103 1350 1351 9461 7690 1700 4306 6966 9687 2347 8061 8310 2408
15 6699 833 1720 3517 1695 9737 7551 5004 3882 520 4409 8982 7132 3268 5747
12 6764 4817 7602 3983 2765 71 9371 6833 7170 9594 1557 2203
14 6872 2081 3746 5570 9239 6839 4587 1864 1132 5424 4571 4679 5293 2384
14 7069 7841 6039 8302 4365 8292 2573 4739 9452 4316 6785 815 4574 9051
15 7548 3394 9352 6524 6158 7528 9768 2294 4934 8195 232 8687 7734 8405 7656
15 7813 8301 479 4957 4841 3827 9065 5037 8396 4563 6800 6553 9850 2896 3512
14 8433 5773 5221 3599 2431 7636 2552 5925 5182 3550 8198 1401 4868 7919
16 8600 1354 7644 5072 5093 78 2901 2991 8649 2291 8129 4814 5791 9890 2570 9435
14 8624 4056 4673 1931 5792 4664 3483 6856 1211 4210 9404 1318 3247 2518
14 8676 7494 5409 2144 6485 3606 3250 8501 7176 1391 8531 1479 7115 3999
14 8860 2761 3597 3693 8646 1761 2495 6610 8110 288 8116 1471 5054 599
14 8958 5786 1637 2075 3966 9206 9414 5425 1655 2351 6779 6959 8425 4714
13 9034 4116 6309 8508 4118 3057 3710 3452 8319 9801 2955 6389 7652
14 9101 5450 5435 8791 7907 121 8972 2775 6212 4317 2083 9680 1109 8737
14 9370 7537 4550 2970 594 8537 8541 1233 3706 6262 9301 7737 6709 3584
13 9688 4096 9282 6831 9588 9391 1215 3909 6433 3301 1986 5331 3313
15 9834 3295 3493 3138 5491 6549 4272 843 9096 7796 4839 5579 1990 653 6998
15 9999 9271 9902 5341 6855 7408 4471 3698 4447 5056 2372 3993 1503 6711 857
14 310 6001 5133 327 2525 5402 9323 4793 4119 8701 912 3454 1179 9132
12 618 7080 5672 8491 3888 7549 3417 8186 9814 7282 5649 5365
14 803 3281 624 4344 3667 1556 9615 6837 4197 8814 3341 4994 1205 8353
15 1418 4336 9727 8532 8213 2938 1539 7910 1545 235 268 2734 8652 172 567
14 1480 3884 347 6944 6873 4699 1857 4286 2373 7713 6494 3398 537 9192
14 1544 3372 1524 1424 2438 3069 756 6668 8002 9040 4102 8284 6717 5621
14 1707 7741 8149 1054 8300 184 8236 6749 6128 1677 6791 4520 5828 6713
15 1746 9795 1967 9045 7250 2739 6113 265 4925 4418 7275 1723 9380 6266 937
14 1972 70 5716 1433 9547 9294 6559 1757 6883 4353 6332 3602 8087 4222
12 2047 4906 6388 2784 9831 7508 2850 1084 9188 2031 9381 174
13 2177 7301 5248 3845 6226 4829 7930 9895 9486 8296 4440 6242 2740
12 2319 9914 3954 9584 9619 8068 9115 4330 4822 3714 3277 8755
14 2817 166 5676 4759 1241 8951 2544 6438 4680 5374 4242 4573 7502 5702
13 2840 513 4965 9862 5513 5083 8844 3309 6546 3318 3923 9131 6045
13 3120 8909 8950 704 3677 6587 8015 8303 2158 8594 8312 2357 8699
15 3265 6352 9360 6341 3660 6751 7718 1719 8337 6933 7324 7257 5397 1620 5563
13 3440 4061 2937 6955 9633 5947 1753 1913 5734 4898 9242 1473 5127
15 3811 732 6126 3079 8054 4133 8202 494 7268 4177 5036 6851 9412 2826 7498
14 3903 8647 1074 408 1923 7952 3241 1876 5817 5754 2634 7234 4172 97
15 3960 4551 6622 9113 3015 7580 515 2057 5610 7338 4150 9482 1380 8357 939
16 4057 1336 85 3919 5650 706 4369 592 1438 1978 6184 9934 2423 5741 467 3967
13 4060 7173 5793 8548 8948 8799 7772 6763 5950 205 7875 1163 5573
15 4235 5332 4541 1843 8513 2041 3392 8824 9932 6718 6075 2345 9636 4711 1668
14 4320 4715 8831 6418 3205 2454 3773 4740 1808 6249 3274 2796 1741 8344
13 4340 9767 9248 4367 2789 4137 1758 1713 1152 8235 9467 3525 5260
13 4412 9228 2216 7980 637 9428 7576 8837 7933 5407 2866 4807 1396
14 4568 3005 4508 3874 284 5763 7308 3077 4597 2241 6875 1091 3024 1332
13 4761 731 4937 9307 1270 1587 2463 6345 5499 4356 3510 5617 422
15 4923 8989 1894 2387 5328 4021 4625 9066 7484 2344 4515 2642 9433 2253 4666
14 5180 5711 497 32 5164 1969 1096 9105 4179 7795 947 8749 4435 7591
13 5557 5431 142 7123 4142 2948 7596 3172 2716 8536 8183 6503 9499
14 5762 1246 6300 4979 8437 3673 600 2404 7689 915 507 3302 9695 4987
16 5815 6038 4544 8524 3160 6778 5122 8093 967 1837 9979 860 8868 339 5564 9181
13 6193 1531 9317 4082 6452 4486 4538 8374 5691 3294 8846 2389 9159
15 6285 9640 6608 7023 153 3374 4279 8238 2292 9005 3081 5866 6548 7695 8898
15 6650 4786 195 8555 7258 9548 138 4055 1852 5769 4800 3502 1711 5664 8608
13 6922 9753 1669 6951 5029 797 1549 7205 4566 688 1484 35 8869
12 6960 1026 6619 4105 8469 7190 1812 4331 1444 9274 7444 5730
13 7094 6145 2903 5303 402 1964 642 2202 7141 2731 5693 8281 974
15 7112 6562 5024 4221 2683 1297 2876 2666 9756 3098 4820 6403 6734 8196 8591
13 7242 5641 4402 1770 5058 3421 5881 4148 4591 1673 1764 6136 3521
15 7276 490 9145 2940 9743 8668 5509 9629 9335 7378 9406 251 1039 636 3712
15 7464 5643 1772 9559 5463 5831 7569 7787 6939 4452 3593 5002 9344 6260 3036
15 7942 5192 1047 7288 1389 3307 8662 786 9493 3625 4304 452 6004 2594 7087
13 8571 6481 5298 3709 6336 6410 1247 9509 3720 6123 8714 8650 4709
16 8780 1658 544 2325 5565 1522 7278 6103 5647 6014 4675 9061 9216 308 8716 3615
14 8809 9747 8721 2898 4333 7182 9978 1671 7743 9345 996 870 470 6511
14 8905 7769 8980 4154 8870 9210 2040 1287 5152 7311 5592 5949 5686 5891
14 9237 7546 9786 5869 5484 4644 5959 5119 7793 2277 290 18 6138 1272
14 9469 1299 2397 9504 5174 446 9182 6070 5707 7831 4413 8174 1961 7209
13 9623 7423 6799 3144 3288 3198 8216 2813 5900 9732 5150 37 3527
15 1353 4159 9102 7382 5014 6257 4158 2412 1186 2402 4741 5479 6092 7513 2985
14 247 1321 3019 7016 4174 6742 3021 4501 9520 9341 1486 8317 4904 795
13 421 2279 8215 4948 6633 8507 8431 4530 907 7310 7877 910 8249
14 435 5917 1975 6850 8854 5271 6940 3477 3818 1517 5212 8557 9846 9717
13 480 4108 1338 526 816 8383 76 8988 7675 6176 6293 2395 5199
13 1229 5073 604 9177 3649 3783 1782 4894 4929 3916 9094 4779 5034
14 1884 4896 8741 8052 4044 2029 1619 2304 2615 1697 1645 8944 9729 8992
12 1985 4762 3907 5586 4261 566 3476 1530 3723 7812 7969 5612
15 2151 1174 4899 6164 7692 512 4724 2119 6513 8640 8593 6812 2280 53 7598
15 2305 9376 4220 5540 4613 2349 9716 4141 8046 5587 3879 2620 2165 4483 5010
14 2362 9018 3252 6214 1499 1147 5148 2982 1618 5477 2143 8875 3411 5799
14 2428 6927 374 1221 7785 7677 1696 7307 3859 6462 4639 2487 2753 8570
12 2494 4851 3777 2163 9302 1927 3668 3422 4375 8065 350 571
13 2519 9367 9777 541 5462 5132 4986 7331 7851 9841 7836 7181 4844
13 2659 7524 5015 8193 3770 830 7687 202 3820 6881 669 6795 9970
15 2816 6234 4640 4405 7300 5836 6852 98 8133 836 3059 2457 6827 8615 2016
14 2951 7614 1804 1198 5208 1171 1893 5608 4 5107 5517 2875 3935 8579
15 3305 3886 1131 8062 9483 8064 5802 5526 8004 8359 5560 5160 130 6745 7054
14 3370 5045 7747 3112 4090 8681 4007 2001 6490 5550 2323 4332 5893 2952
15 3433 6518 4556 6055 1167 5353 9085 3455 1257 8209 5028 8703 5770 2541 3221
15 3733 8121 3756 4642 8924 8394 1448 4252 2852 6804 239 3866 799 3867 5775
15 3780 1334 6703 8234 5905 2186 2090 8787 2137 4736 4455 4938 1610 250 1014
12 4160 5713 6988 7934 3943 9106 3646 7210 3793 3828 5964 7270
15 4328 1355 5225 7466 8268 5265 6289 3436 4823 8279 1664 6761 5003 1439 6448
12 4517 9681 3949 5039 1036 8547 8601 902 5351 6223 8103 8917
13 4602 2554 9365 3918 7349 6263 4206 2954 7493 2256 1249 8805 2390
14 4750 859 2688 563 1663 8273 4250 5803 5850 9604 7631 7987 307 2391
15 5087 8629 8218 4415 23 6942 3988 2673 4536 4103 7251 1399 2558 5175 2767
14 5878 3768 223 4240 6073 1495 1058 4173 4223 5974 7492 5927 3694 2118
13 5924 3461 201 2443 2894 9453 4927 1896 3670 7882 9014 7638 7870
15 5954 6621 9662 7479 2698 1536 9092 4611 2695 6498 6155 6459 7724 292 6157
15 5981 2346 7064 2699 3865 1213 7520 3275 8021 1497 9033 7290 3072 3203 7555
15 6474 5169 3800 8908 6822 7586 2702 6792 7559 8089 7541 9512 817 230 3000
15 6531 5185 4109 3043 2147 252 6984 7439 6198 4339 3354 5228 342 6437 9558
14 6690 7731 209 7926 9603 407 7807 3369 5459 9973 596 7735 709 4661
15 6754 6041 8516 248 8651 88 8978 9806 3838 299 1853 8597 5984 3285 890
13 6769 956 6405 4812 4588 430 3821 2909 1878 9632 966 1604 8781
14 6825 9985 56 7570 3504 6449 9374 6744 3572 2150 7008 6914 7048 3841
14 7060 832 128 1562 7579 413 7660 7088 6572 2559 5539 7654 7615 275
14 7108 6297 9746 7701 7420 4477 7370 2907 3333 7174 7010 3225 1136 5639
12 7245 7903 4018 7419 8107 5368 725 3905 7573 2953 193 5359
13 7471 9447 8399 2042 1887 4351 2157 1124 1583 1839 3920 9069 7222
12 7475 3518 358 656 9118 3588 6871 8584 4408 2617 693 7297
14 7680 6063 2979 5085 4080 5055 5595 9291 2156 3911 3868 1406 266 5756
13 7751 8058 8403 5 9054 1963 5443 6487 3856 390 3963 1224 4798
12 7972 5865 775 7052 5882 4247 6036 6551 2786 378 2000 1940
13 8143 177 655 9710 8667 4516 8051 8377 2030 228 8013 982 9904
14 8180 7732 5918 5871 5652 8247 2553 6091 8695 7918 1593 9293 8289 2818
15 8200 6344 2528 5971 7105 9081 1094 3381 2191 8010 1790 8621 7375 994 8518
