2 2 61
2 3 71
2 11 85
2 14 767
2 17 367
2 20 124
2 23 921
2 25 787
2 28 601
2 38 554
2 39 191
2 40 391
2 41 613
2 47 883
2 48 204
2 49 271
2 50 67
2 53 193
2 54 74
2 60 375
2 62 887
2 68 632
2 70 721
2 92 380
2 95 335
2 96 381
2 98 937
2 101 174
2 104 348
2 106 794
2 108 383
2 110 137
2 112 597
2 115 640
2 117 43
2 118 668
2 119 234
2 123 446
2 128 161
2 132 343
2 140 917
2 142 555
2 145 211
2 146 489
2 148 908
2 152 6
2 163 194
2 164 540
2 167 130
2 168 87
2 170 9
2 176 585
2 180 901
2 182 929
2 183 811
2 184 299
2 186 559
2 189 114
2 198 948
2 201 22
2 209 103
2 212 157
2 213 355
2 214 376
2 221 468
2 222 817
2 223 121
2 226 206
2 229 31
2 233 534
2 236 73
2 238 257
2 243 326
2 244 703
2 251 269
2 252 399
2 258 379
2 260 936
2 261 918
2 268 30
2 272 250
2 278 673
2 282 331
2 286 12
2 287 441
2 288 617
2 295 56
2 301 709
2 303 205
2 310 493
2 311 86
2 312 181
2 314 429
2 316 979
2 329 516
2 332 99
2 336 612
2 337 823
2 340 228
2 342 10
2 345 196
2 346 473
2 349 642
2 350 438
2 352 812
2 354 290
2 363 659
2 369 541
2 370 126
2 371 129
2 372 208
2 373 477
2 378 532
2 382 491
2 389 248
2 390 256
2 392 753
2 393 965
2 394 504
2 395 274
2 400 100
2 404 550
2 405 52
2 407 608
2 408 58
2 415 1
2 420 153
2 422 107
2 424 64
2 425 843
2 431 950
2 434 82
2 440 832
2 443 237
2 450 417
2 455 829
2 457 296
2 460 242
2 461 934
2 466 679
2 467 16
2 474 273
2 481 97
2 485 149
2 486 971
2 488 90
2 492 325
2 495 91
2 496 141
2 502 704
2 505 780
2 506 880
2 510 589
2 517 83
2 523 55
2 526 224
2 528 976
2 530 13
2 533 139
2 536 744
2 537 59
2 542 216
2 544 63
2 546 162
2 547 76
2 552 277
2 553 981
2 557 34
2 558 521
2 565 109
2 566 341
2 570 267
2 571 339
2 574 169
2 575 113
2 577 156
2 578 159
2 588 219
2 590 276
2 593 353
2 594 615
2 596 218
2 607 217
2 618 748
2 619 178
2 621 279
2 622 254
2 623 88
2 625 318
2 626 639
2 628 713
2 629 319
2 634 247
2 637 568
2 643 230
2 644 249
2 645 351
2 648 388
2 649 344
2 651 175
2 652 69
2 661 781
2 663 320
2 664 483
2 669 398
2 670 358
2 674 428
2 677 410
2 680 439
2 692 765
2 696 513
2 698 77
2 705 600
2 706 177
2 707 654
2 711 728
2 712 245
2 714 445
2 722 603
2 727 362
2 733 452
2 734 690
2 741 717
2 743 444
2 745 133
2 747 384
2 756 602
2 757 490
2 764 347
2 766 192
2 770 365
2 773 387
2 775 567
2 778 283
2 782 531
2 783 610
2 784 449
2 789 154
2 790 500
2 796 374
2 800 598
2 804 518
2 806 231
2 808 409
2 810 185
2 816 853
2 819 763
2 821 397
2 822 535
2 824 581
2 825 694
2 826 435
2 830 736
2 831 463
2 837 539
2 840 543
2 841 729
2 842 892
2 844 624
2 849 809
2 850 423
2 851 487
2 854 545
2 857 572
2 858 464
2 860 458
2 862 562
2 864 484
2 865 614
2 870 305
2 876 529
2 878 751
2 884 877
2 886 561
2 889 569
2 890 476
2 894 993
2 899 15
2 902 611
2 912 215
2 914 827
2 916 324
2 919 868
2 925 881
2 927 494
2 928 750
2 932 867
2 933 907
2 938 631
2 939 171
2 942 967
2 945 616
2 946 685
2 949 507
2 956 447
2 961 665
2 962 509
2 964 905
2 970 769
2 972 697
2 977 995
2 982 512
2 984 666
2 987 519
2 990 72
2 997 875
2 999 675
2 0 903
2 7 963
2 8 293
2 21 888
2 24 923
2 27 944
2 33 32
2 35 957
2 36 662
2 44 910
2 57 657
2 65 716
2 66 980
2 78 909
2 80 869
2 81 779
2 89 882
2 94 959
2 111 898
2 116 583
2 122 930
2 138 564
2 155 93
2 158 79
2 165 973
2 166 924
2 173 469
2 188 872
2 190 667
2 199 793
2 203 989
2 207 470
2 210 879
2 220 926
2 227 480
2 235 4
2 241 994
2 265 225
2 270 18
2 275 478
2 284 289
2 292 84
2 297 579
2 300 131
2 304 202
2 306 947
2 308 672
2 309 195
2 313 805
2 321 508
2 322 315
2 323 586
2 333 638
2 338 686
2 357 386
2 359 239
2 377 720
2 396 799
2 401 760
2 412 520
2 414 527
2 416 719
2 419 873
2 430 856
2 433 356
2 436 658
1 437
2 442 426
2 448 454
2 451 807
2 453 459
2 456 266
2 462 813
2 465 897
2 475 187
2 479 839
2 482 134
2 497 515
2 498 954
2 499 151
2 503 913
2 514 900
2 522 915
2 548 102
2 576 253
1 582
2 587 285
2 604 885
2 609 291
2 620 259
2 630 51
2 633 904
2 635 958
2 650 232
2 653 263
2 656 525
2 660 988
2 676 421
2 682 147
2 683 991
2 687 931
2 688 281
2 689 317
2 691 573
2 699 427
2 700 563
2 701 647
2 710 960
2 723 551
2 726 627
2 730 330
2 735 584
2 738 592
2 742 264
2 746 418
2 752 511
2 754 472
2 759 580
2 762 852
2 786 45
2 791 732
2 792 646
2 815 144
2 818 255
2 833 599
2 835 803
2 846 471
2 859 702
2 861 866
2 895 814
2 911 749
2 922 718
2 940 135
2 952 200
2 955 776
2 966 125
2 974 795
2 978 560
2 985 591
2 992 695
2 26 636
2 29 737
2 42 715
2 46 160
2 75 906
2 105 797
2 120 606
2 127 240
2 136 969
2 150 368
2 172 771
2 197 768
2 246 848
2 262 863
2 280 725
2 294 893
2 298 975
2 302 605
2 307 731
2 328 891
2 334 801
2 364 179
2 366 549
2 385 708
2 406 37
2 411 403
2 413 361
2 432 641
2 524 327
2 538 595
2 556 655
2 671 774
2 678 785
2 684 740
2 724 798
2 755 402
1 761
2 788 772
1 802
2 820 951
1 828
2 834 501
2 836 941
1 838
2 847 996
2 855 871
1 874
1 896
1 920
1 943
1 968
2 986 5
1 998
