10 11 14 3958 1313 1067 705 1028 381 1452 3718
10 31 272 1337 3023 407 2878 1340 2897 2898 4160
10 40 496 382 3551 1322 4478 4057 3390 2443 1019
10 89 351 3190 1933 2562 183 2925 631 3481 1093
10 148 39 1986 1576 2072 573 4746 336 4720 442
10 169 672 1543 843 2343 895 896 3765 2696 3571
10 180 399 1763 1911 4434 1495 1946 1984 1948 633
10 185 541 212 1229 4745 4923 2945 835 3137 4889
10 197 35 3518 263 32 647 3873 2558 3934 1740
10 199 479 1020 960 84 4995 1385 2709 365 4763
10 202 646 1171 4480 244 2850 1136 3010 1253 3979
10 220 772 1044 4497 4503 1862 2315 201 3735 2163
10 223 77 561 654 3441 4164 150 4370 1448 4388
10 247 873 1614 426 963 3704 4969 1039 996 1468
10 251 309 4404 599 267 1357 2894 15 413 4168
10 312 836 4384 2205 2130 915 2902 1048 4137 4279
10 326 125 195 1640 4980 4102 419 675 766 1006
10 378 356 343 4663 2788 469 2203 4185 3252 803
10 383 1458 785 4427 2704 1845 3489 303 3208 2045
10 395 937 130 1061 490 285 4371 287 4458 3212
10 400 227 34 221 1258 461 3744 4003 1628 21
10 411 521 522 3598 1668 237 1807 3141 264 2022
10 414 1031 1766 2010 2654 3475 3140 2716 2810 4241
10 416 50 4842 4352 292 215 1935 1721 198 1382
10 423 330 1228 4190 1022 4345 4839 2672 498 59
10 448 295 2882 2324 1271 4445 3636 734 1462 3476
10 450 161 459 153 1791 966 828 80 2450 314
10 462 847 1641 4686 2988 2235 1950 3689 2150 1681
10 509 1036 74 2750 1444 3661 4155 2493 620 1889
9 594 141 375 2133 1118 3721 3183 427 2644
10 600 732 1598 768 1499 1160 2249 2594 2756 1306
10 635 1345 3022 117 2798 3875 2586 3797 862 4879
10 676 1331 4394 3618 4424 2132 2955 786 1384 829
10 678 340 773 4913 1172 1869 86 1717 2358 4446
10 684 1629 485 2333 1523 1381 886 1832 2331 2758
10 708 1052 2332 4084 1484 3659 4146 1487 2776 1968
10 709 1461 1447 2904 92 1140 2196 694 2757 4466
10 711 602 842 1361 4493 246 2497 2111 1374 3599
10 725 231 650 2056 4886 638 2286 4747 3435 1112
10 727 253 662 1890 994 1051 2016 2645 116 527
10 731 780 1330 2164 1009 1353 4275 3555 1315 1409
10 745 301 1299 470 1155 795 2256 567 3058 555
10 775 1 0 176 1471 4005 2884 957 3047 417
9 779 266 2305 784 3422 3730 1059 3577 3102
10 827 315 1622 1782 500 1222 166 2280 4418 2655
10 830 765 2626 2146 2592 95 1034 2175 3846 3164
10 849 685 1558 13 1195 3048 4326 1550 2550 3341
10 861 870 1325 2751 1318 4290 4253 1206 3072 209
10 868 1658 2170 1704 4300 4100 4638 396 4210 649
10 880 967 1958 2942 3673 2392 3025 906 2338 192
10 892 1013 2595 1189 3807 508 905 4527 3660 606
10 942 968 3994 1100 4790 467 120 1842 548 3970
10 950 1098 2952 2477 1169 1989 948 1311 4070 2689
10 955 1127 1544 763 2648 1233 289 2693 3407 689
10 961 871 502 1342 2996 641 4616 4738 4865 3007
10 971 473 787 2374 1844 4734 781 7 2068 2666
10 987 1217 1219 4726 593 302 4131 1714 4034 3001
10 1010 975 294 3820 1510 3152 1691 604 4835 4768
9 1012 1481 1393 724 20 831 3290 3253 3415
10 1024 497 1804 643 969 686 864 193 3385 834
10 1038 1733 174 2257 2186 1595 2073 1850 1821 3131
10 1045 1501 1738 989 175 1525 958 4529 626 817
10 1060 571 623 782 2454 840 1343 1371 1979 242
9 1068 661 821 4417 4559 1861 4209 2830 4315
10 1117 1164 82 1414 1303 4000 3972 2303 932 160
10 1120 2206 2658 550 439 798 3376 4192 3668 2785
10 1162 1351 2481 825 4514 2578 1111 4249 3758 3350
10 1170 1545 147 644 917 1126 2506 4874 489 2620
10 1190 1073 115 1149 936 717 4186 826 2570 2512
10 1236 1552 660 2962 2535 1405 3951 979 2048 1849
10 1245 848 2408 2571 2781 2155 1928 2601 3715 1265
10 1256 1506 1603 2323 1930 3479 1586 158 3391 1532
10 1260 1310 1003 1708 2508 3404 9 3250 1298 2210
10 1261 1153 3305 28 4840 3821 652 2656 2381 1000
10 1262 1208 2077 347 2085 3221 653 4167 687 2438
10 1305 2231 1590 1144 2248 511 4935 4536 2948 205
10 1312 1617 2739 4905 88 3675 537 3541 1440 2778
10 1360 397 882 3389 1657 3952 3083 1855 2677 2937
10 1366 1801 2307 308 1435 4291 1647 2107 998 1291
10 1370 1110 1069 2613 2259 605 2516 1014 859 539
10 1386 1242 2838 2913 2063 2128 1002 4411 1348 3629
10 1450 1383 4086 3086 2674 495 4130 4868 1599 1727
10 1500 1214 777 590 402 1767 3276 1758 1449 3777
10 1502 2302 2224 954 3081 1839 1097 1497 189 1569
10 1542 1661 325 2784 2195 4668 3648 4984 3009 1892
10 1546 1638 666 1150 3938 2328 4542 149 2607 3030
10 1568 1454 557 2165 90 3185 4807 2194 1489 1349
10 1588 1997 63 820 2229 2296 4933 4719 1888 587
10 1602 1240 1852 1966 3511 3855 1276 762 2919 743
9 1619 2263 1689 3064 4990 2390 412 1057 4630
10 1626 1810 2091 2346 3720 1232 2319 3307 2664 1961
10 1642 2161 774 964 2814 2815 260 2261 2818 4549
10 1650 460 716 2823 515 4304 1557 2029 3222 2335
10 1654 2041 1903 478 627 1336 2059 2998 2990 4011
10 1670 691 2951 3153 1809 4553 4697 4346 2944 1011
10 1707 2609 3750 1483 3342 3214 1204 4087 58 2067
10 1715 2820 2806 168 1094 3538 1096 1212 3092 2452
10 1750 1321 1181 4473 4748 1081 4184 2314 4917 3345
10 1751 1582 951 1534 2640 965 3234 1653 2909 3764
10 1759 2491 2001 1280 1874 1914 1778 1017 1581 2769
10 1762 2301 2466 543 2044 1834 57 901 3122 609
10 1814 2581 4460 4596 4294 4648 1843 1503 3688 2283
10 1825 791 2312 563 1241 29 2212 1732 742 1748
10 1894 2271 3034 1323 1719 1137 4436 1239 4066 4179
10 1899 1779 2851 4962 4727 3225 3507 4810 1191 4773
10 1909 2140 1774 1973 1101 578 3106 4871 841 3109
10 1916 1927 3300 1358 4774 3601 579 3147 1362 1404
10 1943 2989 802 4438 4924 2017 4096 1768 812 2829
9 1990 1934 4967 3198 2215 4943 4511 3719 1078
10 2000 2120 1870 1904 3384 3854 2472 1529 811 2959
10 2023 4278 392 1424 1819 1706 3795 3755 1600 1372
10 2028 2320 3828 3033 3946 3175 3180 2083 494 4922
10 2060 2621 3066 4693 1341 491 1716 4317 4443 891
10 2079 2598 1812 458 4318 1001 3591 1207 1491 740
10 2088 1648 3028 1983 154 2327 2486 99 3527 789
10 2090 1996 2434 4437 384 2190 749 2277 3582 2529
10 2099 2081 2433 2156 3626 2355 4296 3383 1279 4126
10 2102 4103 637 2121 4459 4099 3896 2646 899 109
10 2152 2710 758 3193 2098 3682 3226 4027 3768 3864
9 2159 1606 4195 4682 1213 1583 4406 2637 2295
10 2166 2489 2050 2905 3925 1042 887 857 4721 269
10 2233 4548 642 2943 2633 4520 2246 2247 1922 3438
10 2250 2015 1095 586 2054 3801 291 2057 1777 1235
10 2260 852 503 4986 236 1230 881 4052 1282 4711
10 2266 2676 1652 279 2117 2721 3954 1836 3043 514
10 2300 2078 2252 2046 2272 2255 3143 4403 993 3094
10 2311 4664 3338 920 3572 1985 2496 3323 53 3509
10 2347 1143 4441 1955 8 3209 1880 2793 2895 3989
10 2353 3388 1795 533 534 535 131 589 1395 2139
10 2354 2915 3533 4854 2474 4982 595 3881 551 4204
10 2371 2222 3306 997 4202 2564 632 1690 2475 2191
10 2376 2208 722 723 1167 2982 1288 391 736 704
10 2396 2148 2712 3757 984 4695 4793 1154 4465 1679
10 2413 2519 2652 938 2837 929 2813 1156 3093 3782
10 2424 2719 2336 2963 866 2399 1270 366 2144 3709
10 2447 3133 4398 2018 54 4897 4631 546 4786 3814
10 2453 1248 4082 3173 1398 4162 1041 2537 2538 2500
10 2470 1281 1135 844 4119 1033 3589 2007 475 1577
10 2484 1210 2009 3283 2262 4588 2906 1418 3578 674
10 2518 1268 528 1556 953 4343 726 3724 2826 2603
10 2539 3177 3787 3910 2805 2700 4242 1417 3534 4229
10 2559 2192 3220 4051 254 465 2954 3655 4573 26
10 2563 2821 1184 3210 4334 4257 4336 2070 613 1696
10 2587 1314 2825 429 2348 3452 369 4877 1720 2589
9 2591 3229 2688 974 1327 1090 1722 4701 250
10 2602 1662 728 4743 1625 3157 611 2836 1187 4754
10 2605 3206 2956 3775 804 1902 258 282 978 37
10 2614 2243 1924 875 3967 4165 4243 4535 4076 1699
10 2657 1711 1761 783 2584 2360 4263 4577 1494 4866
10 2680 3224 4906 1354 81 4653 3524 1579 4798 1151
10 2683 2492 4045 3004 1695 1851 2108 1344 3098 3099
10 2685 3670 4316 797 2344 1514 2395 2617 927 2540
10 2725 2610 4545 321 4354 3748 1636 1509 4266 1639
10 2730 2701 4072 3019 3104 3725 930 796 2774 3428
10 2732 2541 1977 4183 2593 1632 2694 2172 1434 1507
10 2740 3316 4156 3423 3020 1725 1519 4477 1220 2105
10 2768 3519 232 135 4286 4914 2636 4188 1304 1643
10 2802 3426 639 2596 18 3003 1225 288 816 2429
10 2859 3824 973 4383 4644 1785 1786 1676 4936 3916
10 2860 1826 182 172 2668 752 3872 408 46 3289
10 2861 2574 2092 1724 845 1335 2425 1645 3789 4069
10 2869 2216 3467 1180 2779 1677 4447 2437 3539 3128
10 2875 1800 2427 2325 2877 255 2483 767 1188 1087
10 2885 2071 2457 3608 1560 1104 3065 3592 3897 3462
10 2886 3731 2463 1477 104 2143 3856 3997 3549 1838
10 2893 2980 4976 4058 4812 3580 4502 1273 3326 1211
10 2910 3172 3889 436 3614 273 2219 3617 441 434
10 2911 2432 4902 1969 3537 524 310 177 3693 3965
10 2920 3977 2202 1266 203 1757 4055 1533 819 1161
10 2932 2670 1089 1054 4244 3981 468 337 3299 680
10 2950 4595 921 1456 2608 208 2699 1589 3450 2907
10 2964 2531 4767 2686 3329 1317 1355 4408 455 2310
10 2985 3871 3364 114 1857 2588 2225 71 2174 3818
10 3029 2616 2752 3616 316 1995 418 943 1139 2135
10 3032 2109 4942 3447 1244 1130 944 1426 4594 1237
10 3055 2241 2365 2997 3882 1168 3016 4350 4182 1269
10 3070 3929 3804 1827 4267 45 4048 1075 2523 398
10 3084 4681 2786 1848 1895 2787 2975 3458 4501 2754
10 3089 2801 4926 3995 1488 2214 3436 3437 2679 3439
10 3100 3361 194 2873 2363 2917 431 3232 3760 658
10 3110 3850 1992 1025 2804 1223 3115 3015 2808 4365
10 3112 2281 2770 324 794 268 138 2147 2790 3296
10 3125 2832 2134 3330 3677 3941 1776 628 3792 265
10 3160 3277 274 240 48 4037 1328 151 2755 360
10 3189 3416 3071 2379 2149 4495 2691 2177 2317 1099
9 3235 3553 2782 3240 3974 3103 36 4778 3354
10 3242 2762 2176 2293 421 3373 4678 1030 4208 3318
10 3263 3880 3565 3477 2356 409 2287 3174 420 492
10 3270 1179 2012 2339 3301 370 2822 3536 111 3069
10 3293 3000 3469 3788 1431 3398 1066 695 4007 2643
10 3295 3960 3370 30 1234 2715 878 437 2849 1346
10 3298 1551 2933 2623 4634 143 770 3887 306 1397
10 3312 3311 2929 733 2069 424 3412 107 4422 2459
10 3348 2799 1875 3200 3396 3646 3554 2406 4062 4189
10 3349 2566 977 335 4110 4101 4281 4522 280 1612
10 3358 3097 3061 531 4314 311 4910 2542 61 4166
10 3369 3087 2718 3593 1037 1538 2005 4847 235 2759
10 3400 3080 3878 1537 1056 4040 3785 648 2971 556
10 3420 3129 4219 2423 344 390 640 2448 4690 2037
10 3430 2560 1513 300 3272 1775 1125 4389 4068 907
10 3440 2972 3308 3699 2082 1607 3741 345 3703 139
10 3442 3603 4675 2773 2240 2027 4462 4974 1079 3379
10 3445 3913 3262 136 2809 3265 3116 1479 4569 3062
10 3456 2791 3702 3763 3851 4469 3166 2707 3761 4740
10 3515 3151 682 3504 4657 2422 83 452 4036 3837
10 3520 3912 72 3924 4602 2482 1536 1319 4515 949
10 3525 4207 4676 3615 163 1539 3843 1735 4474 3529
10 3544 3809 1562 751 1124 645 472 4770 4439 1713
10 3586 3171 2002 3647 1152 1829 4851 1686 140 1841
10 3600 2841 1667 1991 94 517 96 97 2965 1173
10 3604 3241 754 3309 2501 3285 2856 2049 4956 2947
10 3652 3195 342 4764 4674 1182 526 2419 3738 4358
10 3676 3101 3123 4292 3739 3805 4512 2157 718 1915
10 3696 3566 4133 1046 428 4310 2745 1797 2245 4093
10 3707 3501 4056 1294 2341 2731 3888 4269 4092 4283
10 3733 4432 3588 1427 1255 305 2766 2580 2723 1058
10 3740 3907 2036 663 664 1563 2708 3095 3993 3238
10 3784 4541 759 2089 3751 4805 1416 4289 1918 167
10 3798 3362 3968 127 559 4853 3266 4799 877 3679
10 3826 4425 1470 3219 4122 2284 2189 3857 2118 757
10 3827 486 2162 2187 4089 1893 1177 814 615 2692
10 3830 3503 3075 2682 928 1806 4376 2340 3249 999
10 3840 3674 808 1410 3314 2169 3405 79 4977 476
10 3853 4758 4691 488 2579 2375 1216 3745 1218 1771
10 3894 1478 2835 4414 3690 3902 4640 1975 1238 2391
10 3904 4561 3165 216 2976 655 12 3386 2100 4348
10 3926 3245 2062 190 2033 1765 1802 2876 3268 3502
10 3945 2889 353 2209 3237 2439 1646 1485 3 919
10 3950 3651 3493 2827 474 4120 792 239 1109 2642
10 3962 4361 4153 596 565 4390 4856 1693 275 2207
10 3976 3701 683 2234 1929 3455 529 4642 2428 42
10 3978 1611 3512 3248 4749 3227 911 1627 2370 2003
10 3980 4992 3303 3683 466 1535 319 2110 4760 4129
10 3984 4061 3236 4121 1734 3105 1567 4654 3911 2572
10 3986 3695 4251 3490 2921 3585 3862 4328 3987 4849
10 4001 4415 3202 2635 4154 2839 1605 3297 3444 3158
10 4019 3700 297 2743 2126 607 2567 2936 3918 4347
10 4020 3849 3906 2916 1882 2025 2994 4327 2431 4684
10 4021 3051 2251 4325 2387 925 1420 184 1680 1278
10 4038 4771 2871 2828 3211 4665 3146 3631 729 4064
10 4075 4685 1728 1133 3513 128 3949 1467 3418 3944
10 4117 3975 3774 3433 4049 4440 1123 1008 4461 2076
10 4123 4333 2545 4600 4063 1697 1530 3246 788 1864
10 4124 2934 3892 4098 3294 4945 1726 2702 1463 4205
10 4148 4163 1854 2783 1166 2846 1967 4666 164 3575
10 4149 4357 4200 1263 2984 2313 2329 2020 3548 4067
10 4150 3841 3842 1406 1369 1455 1203 4363 3119 671
10 4158 4116 4073 3008 4030 2520 2368 1400 4845 1389
10 4170 4928 1252 4524 3794 3903 4896 4611 103 839
10 4176 4206 1953 4043 3516 2021 580 2926 3024 3281
10 4178 4025 813 2978 4421 4860 1520 2747 2848 619
10 4198 851 1192 252 1926 2555 4610 3930 2528 1077
10 4213 4975 3542 453 2114 2445 2446 256 3714 2066
10 4232 1114 4658 1459 3091 760 3558 3759 70 1373
10 4256 4452 4890 4533 513 1655 1656 3038 3317 4819
10 4282 1391 3619 4864 1430 1701 1822 669 2040 1359
10 4337 4481 4574 1257 1251 2366 4276 4231 2290 3356
10 4341 3050 2842 179 1492 1873 1867 1122 2780 4041
10 4356 3282 2179 25 2398 2946 2521 4230 952 394
10 4375 4591 3867 1815 634 4585 3982 4827 432 4669
10 4378 3602 3448 858 224 1221 1744 1350 3669 1573
10 4419 4775 4832 299 4016 1194 3663 3135 4138 3012
9 4429 357 4211 225 750 3664 701 3705 2213
10 4525 3526 4484 1193 3324 1831 2949 2380 2678 4756
9 4550 4626 1324 2546 4792 1945 4700 2456 1083
10 4560 4081 2334 3957 902 1553 1794 2478 2927 55
10 4565 4742 171 2811 833 4085 2418 2267 3251 1694
10 4603 4261 4262 4374 1368 2035 3322 2727 2660 2669
10 4604 4571 403 2867 1254 1175 1249 406 4655 1710
10 4609 4312 1900 4739 4605 2352 3494 447 1367 3178
10 4613 4804 2890 3088 4454 4562 4145 1473 576 519
10 4617 385 4285 4753 477 1524 4938 1813 4471 869
10 4619 4951 2502 3233 2384 3336 1951 105 2599 2345
10 4620 3680 3011 4875 3914 1755 3886 339 2359 4861
10 4622 4111 3639 558 560 1615 4392 1466 281 2667
10 4649 3653 3581 2038 3767 259 3752 4349 2525 2765
10 4660 386 2650 1816 4114 1063 361 1564 3117 4534
10 4708 1685 3150 1411 3302 2435 2123 1511 3756 3885
10 4717 4941 1403 3772 2556 4870 860 446 2244 1981
9 4724 261 157 33 3793 3040 2141 4987 3374
10 4731 4125 4217 3443 317 3485 4912 4010 3382 3835
10 4744 443 3665 3923 2226 3491 3074 4972 3933 4846
10 4751 4187 4667 2473 4435 3947 4606 1877 3118 3057
10 4787 1671 2628 4491 3021 4097 574 3596 995 2093
10 4876 4859 2490 4955 3940 4765 618 2236 373 4507
10 4893 4615 2659 4797 4151 374 2857 1399 4401 990
10 4907 2151 3505 3641 2094 2772 1798 2362 4500 909
10 4915 4270 4476 4978 2880 1574 2008 3377 2638 1952
9 4930 270 1608 4940 1596 3694 3937 1837 3483
10 4944 471 379 4863 3810 2031 1669 916 2514 2322
9 4985 4450 3429 2103 4449 2981 3368 1272 4046
10 4988 801 4958 2585 883 1941 3286 2298 1674 1199
10 4993 4531 512 4486 2653 1082 1116 3453 1988 809
9 17 4881 2409 4423 3825 3213 3487 2238 4806
10 87 1666 2961 4645 3090 1498 4521 3583 1433 2720
10 122 4540 4532 3900 3215 4385 1970 3367 1906 2843
10 132 981 4234 2173 4624 3517 3053 544 1243 629
9 144 1923 4627 3723 1394 985 3478 2887 4451
10 191 4625 4733 4901 4175 3205 1246 4769 1879 2237
10 219 1781 1029 4453 69 354 876 2941 1159 1917
9 271 4781 4340 2047 4996 4433 4759 2415 3410
10 286 108 4898 2879 1074 2974 2279 3176 4083 4822
10 307 3711 3681 211 4949 3829 3488 4519 1672 249
9 327 4467 2420 2554 3363 2479 67 1998 3132
10 334 4869 2449 755 2912 2625 1018 3754 170 884
10 352 3766 2662 771 4 3964 696 2167 262 4899
10 355 113 4766 2807 2968 4498 76 278 4331 1585
10 444 1931 1292 2503 2504 1799 4952 4074 3988 1329
9 481 4837 668 3643 3291 226 1115 210 1138
10 499 4395 4963 4579 2641 3776 2460 1224 454 433
10 520 572 3247 3961 298 1333 4878 2966 2789 3883
10 568 73 257 4303 4991 4305 1659 832 3231 2958
10 583 134 2722 3408 3258 3510 2576 3590 4921 1402
10 584 68 4862 1769 233 1817 2182 1787 3838 1592
10 622 3999 206 1496 714 1295 1296 367 2561 2736
9 624 1947 3927 2349 2487 4409 3717 2852 4736
10 625 2274 2845 4796 1309 3260 2681 4009 4171 1978
10 630 1121 744 1250 2606 3813 912 4707 1913 4252
10 651 118 2547 3656 4134 1907 2735 837 3858 1165
10 670 2181 1163 2649 2611 4377 506 2695 3868 4169
10 690 1896 4240 4934 1146 4237 3860 3037 4054 2511
10 715 1438 3243 4813 3834 404 1937 3706 3331 1609
9 720 372 756 207 2624 4825 810 4904 1053
10 730 959 3230 1363 824 2795 1072 3983 4039 349
10 741 4892 38 2451 3722 331 1749 1635 2973 27
10 746 3939 110 3239 4509 822 4900 4587 405 2469
10 769 603 1446 333 2697 3288 507 2458 1145 2065
10 888 4705 823 2733 3770 4245 47 2939 710 2367
10 890 2221 4652 1439 2464 2509 706 608 1663 667
9 908 371 243 3567 4979 283 4468 228 1993
10 923 1811 3216 3078 4523 1119 348 387 1134 2383
10 924 1621 2239 4224 3654 2253 3966 2097 2777 2389
9 934 2289 3161 445 4916 2019 2543 133 4694
10 970 1971 1972 1818 3568 3672 3963 4482 3394 1301
10 976 4911 2575 2394 1884 3380 3134 2291 3042 121
10 980 1320 1512 3419 3808 2292 1684 946 1065 2930
9 1050 933 1412 1885 4687 4246 518 1956 2004
10 1070 1113 487 3471 4065 2631 1285 761 4505 3666
10 1148 2388 1347 1587 1773 1858 1886 3915 2703 2461
10 1209 4816 3514 1365 4381 2749 4273 456 3271 1259
10 1264 2411 918 1062 1457 3811 4981 748 3831 3187
10 1289 2304 4883 2565 3204 222 900 1868 4284 3556
10 1290 2357 1302 4215 3041 540 657 4203 4367 1739
10 1334 737 4071 2800 2042 530 1032 3671 1630 1429
10 1356 401 3482 2361 3036 3839 1108 2763 3573 229
10 1375 2524 4551 1007 4718 4885 552 1231 4309 885
10 1376 2639 856 3870 1267 1103 1570 3319 2053 554
10 1401 2771 2568 4696 4572 3126 1789 677 2940 3609
10 1460 2522 982 713 3852 4670 449 2442 3142 4909
10 1490 388 1392 4761 4254 3218 2544 4143 4258 1526
10 1504 2006 4008 4135 4079 435 1197 1594 1561 3149
9 1508 612 1835 3749 2661 4031 1505 4689 3861
10 1548 4989 4780 2847 904 1443 1565 1942 4814 22
9 1601 4013 4379 65 2908 3771 4656 4023 3451
10 1610 1102 3002 4530 3060 2530 1105 3217 2043 2230
10 1616 2665 290 4233 4729 4757 4196 4677 4618 3014
10 1618 700 2714 1700 1364 2471 1016 4583 213 293
10 1665 2417 1428 4139 3207 735 1846 2276 703 2401
10 1793 621 4416 3278 4983 1185 4628 3499 1388 3449
10 1823 2816 4344 3039 2444 318 2116 665 3823 3148
9 1840 1004 1887 2180 1872 145 146 2874 3859
9 1908 1541 2872 1853 3059 2485 699 2600 1432
9 1921 2551 577 4396 673 2269 1824 3747 4308
9 1925 1980 806 1441 1307 4366 2426 1049 1702
9 1962 4683 2404 1863 2115 2125 2058 2142 4297
10 1965 941 3559 3523 1866 1788 692 4582 3990 542
10 2160 3169 2467 4908 2096 3192 3627 19 4193 4319
10 2168 1183 415 2185 1604 66 328 1859 4247 4789
10 2201 1521 2350 1043 1035 1425 1196 1644 4826 2622
9 2232 1174 2369 1637 4457 4725 4715 1949 3736
9 2265 3353 3130 3402 2318 1730 1805 123 3698
9 2282 1474 3274 610 3917 2498 1987 3197 3909
10 2309 3521 4584 1200 4800 4848 346 1071 3778 4359
10 2553 4580 3942 2792 4004 2397 2967 3657 903 196
10 2590 2032 4646 4250 341 4570 3508 3167 3114 2629
10 2663 4918 4557 538 947 181 4517 4274 4078 4623
10 2690 2552 1469 2101 582 945 2533 2797 3874 4405
10 2705 2903 4932 3628 320 1176 3343 2853 1597 4239
9 2819 1549 1830 3411 4372 854 142 2104 3073
10 2831 3634 935 1756 3819 4960 4295 4633 3594 3498
10 2863 2131 2014 3921 616 2055 2513 1547 4260 547
10 2892 1631 1709 1963 2999 2534 1940 2297 1974 3560
10 2931 1752 2724 3328 2488 1820 2986 2228 4475 4830
10 2935 1591 1352 3630 3457 815 100 3579 776 2855
10 2983 2455 4998 4393 3684 2993 2753 1944 3535 3865
10 2992 2410 389 4925 1528 1516 4226 1703 4236 2507
9 3005 106 200 3406 2734 3339 2011 1186 358
9 3013 3017 1415 3686 3085 3465 4106 972 1803
9 3018 241 874 939 4194 3111 3848 1158 51
10 3035 4222 277 1480 4702 1897 3366 4948 313 284
9 3155 2583 992 2953 4844 3901 3545 2573 2858
10 3170 1107 2075 2883 1274 2987 230 4255 681 4544
10 3184 1141 422 3273 4546 4499 2052 484 3943 2223
10 3191 1297 872 3162 585 3762 3543 2577 2416 1157
8 3264 3847 1475 4818 3424 214 1015 2258
9 3275 2074 3163 1753 3530 2095 4268 2597 4950
10 3325 2382 3692 1380 3658 4855 2794 2737 4410 4999
9 3332 1964 2377 4191 4518 2729 4470 2854 1338
10 3340 3027 3269 4528 1566 3734 1482 707 1040 3096
10 3351 3359 4937 3816 1664 1284 4265 296 4107 4109
9 3365 2441 1522 4248 4661 3640 3417 4320 4483
9 3470 2817 2549 4732 1957 2275 1275 4277 1080
10 3531 1745 2991 2960 4494 2865 4496 1493 4537 4538
10 3540 3403 4791 4833 4834 1421 3468 2061 3625 3310
10 3550 4035 3292 2211 504 1675 4053 3454 3969 49
9 3650 2051 2922 2536 364 3425 3712 3124 4223
9 3685 4426 4607 2373 1308 2321 2896 3817 2198
9 3691 3557 3392 1898 988 1387 2086 4324 1339
10 3737 3381 4012 1005 702 2615 4872 3876 2698 1437
10 3769 3563 2675 2278 3127 1770 1091 4808 4608 1476
10 3832 3399 3532 1673 3716 4022 2364 1613 2738 2200
10 3833 2527 2137 2711 4216 3472 3998 1379 4380 4287
10 3890 1954 1905 659 1396 3806 3992 3334 1731 1286
10 3920 2557 4420 2713 3562 3753 3056 1378 1293 4431
10 3956 4526 2122 3955 2273 3179 747 588 2440 3360
9 4015 3728 601 712 3803 3107 3500 4777 3790
10 4080 4402 3845 4044 4894 3315 2188 853 4589 4762
10 4088 2119 3387 4973 2868 1790 983 2080 4391 2468
9 4091 3779 2342 4444 3463 4651 2918 62 4489
10 4095 3049 2532 377 2124 790 3203 2619 1746 1559
10 4104 2199 4463 1860 4741 3595 3484 2864 2385 1515
10 4118 4567 245 2744 1994 4994 1976 1026 4142 1198
10 4181 2499 4112 1518 2760 2687 2891 897 898 3570
10 4218 3547 2106 4716 4576 2517 2476 2741 4090 60
10 4220 3113 3569 4662 3893 1743 516 1747 3427 2569
10 4235 3729 3201 4313 3649 3905 1472 1178 2900 2138
9 4302 3971 2330 3953 4783 4919 1451 3044 4127
10 4335 4641 4330 3052 1106 4895 553 4159 721 2914
10 4342 124 1540 3791 4360 2494 4026 3624 4028 4510
9 4364 3464 1959 913 4590 2881 3638 3899 3781
10 4373 3401 3006 204 4351 463 1486 1226 4322 156
9 4464 3181 867 3244 1283 1147 3026 1084 3228
9 4490 4306 3574 697 64 234 1436 4903 1202
10 4492 3985 2899 591 4954 4965 4828 2618 3746 3136
10 4506 2901 2393 482 2995 4221 1723 3327 2515 2526
10 4516 3431 1742 4029 2767 1705 376 1878 3564 4032
9 4592 4442 4397 3496 2154 4077 3667 43 2647
10 4639 3783 4042 3186 688 2412 805 78 359 3168
10 4706 3948 549 4601 3612 2462 922 4843 2840 129
10 4709 1754 4880 4050 807 1871 4227 3796 2013 3280
10 4737 4961 3261 2923 2924 3046 2217 570 1687 3879
10 4782 3480 1982 698 2193 1624 4680 4047 3780 338
10 4784 4647 3460 693 4321 4829 323 3182 991 4132
10 4815 4382 4173 926 1086 2632 1027 2634 4199 2582
9 4824 3931 4157 1833 4692 155 4929 1584 1741
10 4841 276 2742 4997 430 855 4710 1580 3687 2761
10 4857 3991 3786 3414 4722 2824 3413 4329 1633 879
9 4882 4698 1407 41 799 393 4386 4413 101
9 4970 3254 3045 4201 1792 2970 3742 4752 4508
10 162 4593 3642 850 457 4735 4927 4141 4598 3815
10 188 2171 2402 1939 2378 1772 2726 91 4836 3884
9 410 2158 4147 3145 4614 2833 4755 3492 2270
10 438 4703 562 1131 2299 4850 1698 2969 4448 329
10 464 2870 1332 4387 4852 3622 2866 3713 4113 846
10 480 1092 753 4643 1784 1215 1634 2834 3710 4650
10 493 4552 2 4136 3067 4323 4017 3395 1729 4953
9 525 4430 362 3313 2627 4339 4635 3337 4728
10 545 3633 1575 1737 3662 1847 1764 3031 1300 52
9 617 4487 2717 910 3144 2084 1132 3335 3497
10 636 4794 3079 3120 4014 2145 425 3397 2430 3495
10 656 4831 1649 4612 4407 4968 178 4578 2184 3188
10 940 4456 4353 10 4018 3936 2064 4455 2030 3552
10 1064 3321 3611 1623 3743 4714 1408 1047 4094 818
8 1377 4947 4412 4564 894 44 1796 3932
10 1390 3352 592 3697 962 523 2386 4586 597 2436
9 1464 4795 3076 248 3357 865 4575 1683 2548
9 1465 4002 3973 566 4259 2220 3378 3576 4543
9 1527 4659 4355 1783 1247 4225 3320 2337 4238
10 1912 1881 1901 1920 3996 3605 3606 4788 2604 1960
9 1932 4311 4779 2888 2183 3255 3256 3844 3121
9 2024 4957 3802 2796 1055 536 581 1620 2812
10 2227 4632 4867 2706 1554 4884 1919 4558 1883 505
9 2268 4428 4671 4679 16 2316 186 322 4479
9 2405 3154 532 2400 3473 363 440 173 1571
10 2421 165 4174 1828 4555 4362 1201 2977 4563 889
10 2612 1023 4699 4504 304 4873 3347 3139 1682 1326
10 2928 4472 1076 1578 2112 2510 93 4946 2746 3284
10 3054 137 126 3375 2764 501 3156 3108 4228 368
9 3068 2844 2178 2127 1423 2684 1085 2308 1938
10 3287 4332 4272 1891 2153 1142 4672 764 1876 793
9 3346 4566 4823 3461 3486 614 1531 217 2087
9 3474 3196 719 4293 102 2480 4547 1856 4400
9 3546 4485 3822 2803 1205 2351 1413 3223 2979
9 3597 4581 4712 4713 3621 2034 4597 4368 4959
9 3613 4891 3466 3645 4776 1422 1316 75 3726
10 3632 4723 564 3333 1572 3935 4554 1287 1760 4108
9 3800 1651 1692 5 3607 1936 4599 4636 679
9 3863 218 3732 4161 4338 332 3898 2326 4809
9 3869 893 3434 4172 3194 1712 1445 1593 3522
9 3928 1128 4299 3063 3304 3446 3506 3895 2197
10 4180 4637 2026 2407 956 2136 986 4673 2748 23
10 4264 3199 1688 3959 575 187 2285 4920 4488 1517
9 4280 4802 4772 4152 4105 931 2673 2242 159
9 4556 3637 2372 4006 3644 3372 4730 119 3159
8 4621 4811 4931 2495 4060 2938 3459 4288
9 4688 4964 4212 6 2862 4887 3727 3257 483
9 4704 4033 3866 2630 3344 380 1718 1419 3393
9 4820 4971 4785 3267 3409 1277 2113 1808 56
9 4821 2671 24 3584 4369 4966 863 3279 3877
9 4858 4301 238 2651 4024 2306 510 3891 152
