19 34 1063 3147 7892 2556 2227 5687 6080 2303 5335 575 2837 1995 6033 6034 425 4709 5177 4310
19 57 406 7800 2842 340 7188 5546 3968 8487 3970 6954 8082 9043 9754 3226 3976 1475 2384 3979
19 280 1004 5768 5141 8278 246 6192 9547 3928 4782 2344 6444 2455 9025 567 6349 8414 8373 6131
20 380 2115 3223 3310 659 3091 9976 2967 5994 2128 66 1898 828 2259 2834 7403 7200 7583 8752 7854
18 457 1289 4145 7711 8107 7707 5206 5207 256 1034 1044 1266 3306 1934 8521 100 8418 6713
20 460 2732 3135 6164 3715 2141 6565 2210 4459 269 7650 8238 4068 595 5314 8998 1297 4820 6403 2421
19 561 979 4890 4343 4601 412 6777 9712 7601 3664 1143 5023 8275 1518 1092 8041 9904 2379 3658
19 615 2281 1947 4228 5766 9921 5321 768 7490 182 6951 9535 5904 9438 2130 9 2657 6800 8064
19 635 2778 9994 6245 4657 2689 9882 9265 6552 1517 8183 7566 436 8193 8194 367 4415 2981 5504
19 680 41 6171 2343 9792 3177 9389 9419 1834 9658 9590 9591 9781 9928 5975 9558 4257 292 8804
19 727 1341 1870 6008 5336 1245 1915 1202 1248 6152 1181 3187 4178 4027 6921 9578 4677 9257 5850
18 818 168 9002 6312 935 9219 1138 5993 2189 8446 5265 8055 193 7028 7370 2907 197 3481
19 858 2762 8617 1250 224 6949 5268 3010 8219 7765 3657 714 7009 737 7375 994 9881 9775 7379
19 873 1611 2482 6268 4841 4401 6466 9191 8885 6168 5184 7020 8914 3033 3525 5544 7229 8585 4193
20 893 4721 8835 5759 7668 7328 1826 4357 96 6710 8726 2051 8872 8724 9463 9238 2456 9158 2458 1677
18 916 225 2963 2464 1445 8685 1218 3710 4344 1151 7085 9544 1154 1471 6336 4246 6237 4122
19 1000 2761 7693 8819 5 6454 1740 9666 3611 3021 9028 5038 6742 7774 9240 7643 7083 4198 9161
19 1099 2411 2335 6338 6096 848 9260 2949 8088 8603 5537 7019 3792 5943 5705 4571 4279 9838 7640
18 1111 1116 5989 2354 7625 9726 1695 9737 7629 7630 6857 9645 8682 7634 9380 308 3038 7005
20 1255 1885 1302 4309 8350 3116 7496 6204 1608 8152 7381 1168 7955 6663 4894 2190 9711 9841 2040 4271
20 1258 1665 1314 4874 884 6059 8653 3568 5440 2478 5979 7477 892 120 4243 8638 2092 3084 8612 3520
18 1276 324 4982 2943 7941 847 9340 8968 1184 94 9676 4510 7171 6534 8493 222 6537 9143
18 1393 4209 3669 7853 1801 146 476 5319 3496 1453 5391 5779 7278 7865 6369 3745 290 5204
18 1427 27 9001 4367 924 7563 7666 9432 9922 2069 3331 8002 6619 99 16 5857 7923 81
20 1428 3013 7726 3003 4426 1750 5441 2367 8586 2074 5706 5270 191 3189 1882 6157 4798 8644 1752 459
18 1464 3163 3746 3190 9675 2025 8711 6635 4223 7713 7167 7660 2591 1781 3934 8173 3141 2673
17 1520 2501 3389 4082 9352 6999 2701 1025 388 7824 3398 2407 3075 5370 8281 7590 2131
19 1652 2172 9342 9343 8144 5627 8146 5062 9039 5061 7207 515 1340 5107 387 3996 4375 4449 8033
19 1786 5115 4402 8047 4194 6561 1495 3791 2220 5323 9409 2241 1833 109 9297 3278 4642 9896 9183
17 1803 5613 3009 2616 4204 2843 2838 8392 42 255 9875 6233 7714 9335 8537 4019 137
20 1827 6305 9642 2109 4544 9767 2269 4547 1103 9819 7551 9152 8530 5707 3317 8285 648 6457 6187 6459
19 1902 1027 4762 4763 2705 4765 4766 1097 1805 6525 4770 98 8133 1567 8135 6638 6029 8138 8425
17 1928 5727 7062 7305 5886 5905 7479 7213 9249 4538 8951 4008 593 407 3118 7790 202
20 1944 1661 1238 7509 8786 8213 9962 5638 8648 4849 8253 463 7969 2233 2160 6779 2374 9806 7174 2404
19 2173 788 8260 8859 6819 5806 9569 6037 6964 896 8470 6659 9397 8473 8237 1263 1550 1185 820
16 2200 3153 9842 2521 9529 171 3076 7160 7359 5212 187 5181 661 47 1262 5854
19 2213 2194 4398 2631 6107 2686 9502 673 8999 6931 8611 8840 9006 9941 9138 5894 9394 257 4876
20 2239 1769 8246 7320 2003 8369 6202 8789 7920 6462 4639 2487 2753 1554 7294 7115 9354 7297 4741 6431
19 2300 2751 1802 2024 1279 6770 4606 9196 5567 6355 3596 8831 9291 1613 535 5668 1033 9014 5414
19 2361 5515 5805 7343 9478 3393 1666 7981 395 3698 1242 2466 4566 5366 4454 484 5974 5358 6993
19 2380 755 1047 6241 5792 4664 9653 1522 8028 180 6473 4838 2250 9679 6493 2451 4792 7073 312
20 2460 3149 4042 4456 5561 7673 9826 1646 6793 2669 5284 4156 6666 9573 9772 3743 2133 6722 8456 2780
17 2500 2621 4201 5243 704 9858 7284 7419 323 5757 5742 213 235 9825 4354 5628 6828
19 2546 4051 7068 7843 6387 5677 3364 2947 4286 3569 7937 5851 3612 7410 6025 8812 9848 4847 4461
18 2603 6221 9541 1367 6519 5870 1850 5237 5655 9870 1912 8331 8029 3963 8908 8216 4843 107
19 2687 3408 5455 8873 4804 8105 227 7748 881 4020 4295 377 8024 2635 9110 4607 5953 4704 93
19 2723 7881 3493 7154 7884 7885 6942 7110 1 9206 4974 7282 8870 9361 1964 69 9638 411 3901
19 2860 3061 5703 8053 5299 6139 3480 9327 1715 23 7586 9428 2656 123 6847 8296 1466 3602 3497
20 2873 3469 6842 6455 1067 7995 2748 7158 9964 7469 1712 90 3625 7915 8306 8522 3466 8432 489 6538
19 3169 5195 8731 5065 5810 5642 200 8268 9785 5447 4063 4497 2045 2667 2913 7758 4097 3523 2388
20 3261 5497 7316 3686 6567 8044 7143 7645 7352 6049 8972 771 492 742 7883 3659 6220 899 9756 3098
20 3412 1021 3094 2122 2581 2596 7691 7281 7330 7893 2895 3870 9932 6718 6075 9523 4076 4778 836 3059
19 3495 4325 7206 2636 2 8818 486 5485 3078 5255 9919 8587 871 6540 6396 8140 6698 2034 8372
19 3701 2324 1762 5246 7664 7665 1967 6932 5889 6873 4924 64 8520 5093 3015 5286 3017 7842 8886
19 3898 7833 4424 7754 2129 6051 5620 9030 2397 1963 7570 1914 5240 5680 7517 9296 5457 5745 9299
18 3899 1176 3044 7240 8614 6554 9777 22 3880 9430 3069 216 2212 6809 796 4083 798 799
19 3940 2869 2338 1904 3990 2394 5074 3969 5660 5569 813 7204 8365 3274 3275 9310 2237 5764 5887
18 3971 6064 8878 2699 201 5565 9518 4866 6275 3776 5351 7817 6586 7259 7064 4405 1358 8619
20 4045 7653 493 4026 9779 1525 4646 8256 4252 3731 5125 6763 7353 7689 1114 18 498 3783 1782 5579
19 4165 4549 5376 8577 7738 3095 2632 4407 2260 9078 4964 6223 2289 4809 6965 4135 260 7828 5121
20 4400 6149 8262 8440 4871 9542 586 5084 626 6277 7400 7290 7132 4934 5028 2541 3067 9532 2205 2184
19 4420 5629 1301 3322 4244 8484 4505 3443 5797 4066 9955 442 9516 8874 9399 7528 3722 6615 4837
19 4436 4662 9146 163 4075 8660 6377 2467 5836 5558 7104 5566 2472 6812 2474 2441 53 7598 7599
19 4560 3788 5044 4475 9847 9483 4392 9937 8598 2986 7129 3849 886 6299 5584 3584 6389 5159 298
18 4659 8385 1637 4952 3168 5725 7312 1682 696 2861 132 4842 8404 9571 9099 4280 6623 3345
18 4686 3335 3368 4897 9670 6961 6985 372 8836 8572 574 5640 9725 9521 8438 8846 712 702
18 4908 6797 7679 2681 429 3528 6170 6547 4796 3458 4720 8761 4155 467 5747 5564 2623 7798
19 4930 6424 4255 6063 2536 4151 8820 6752 5858 1497 9971 3242 2598 6356 697 4864 7321 7513 9562
17 4939 6830 6142 5048 5656 9272 9742 1642 5423 240 1141 3550 9440 1581 7045 1974 286
17 5020 4297 543 1412 4174 78 2078 2827 2191 8010 5949 390 5699 7762 3196 1388 2062
18 5082 3608 4788 4998 7529 8460 1387 6127 7263 701 2063 8084 8580 3534 4370 408 5576 4633
19 5292 4959 4541 814 9860 2660 2166 6895 8467 5785 337 7433 2272 9897 7646 1537 4892 7262 8779
19 5389 8401 2222 4199 2306 6154 5096 4498 8321 6667 3146 6877 8763 4784 3191 596 9810 9864 5753
19 5581 5472 140 9933 9218 5625 8938 8987 7134 4836 6130 2571 3933 6725 239 1721 1617 7429 947
17 5646 9741 3591 4111 8389 2905 4054 4803 4468 7856 6490 951 553 8103 616 217 317
18 5662 6108 4956 5711 9113 2724 8610 6488 4910 9441 1162 1401 3879 2620 9336 1363 2854 7270
20 5731 7001 3362 7835 3873 8991 9160 783 3951 5483 1425 3371 5913 398 7458 278 2392 2444 7467 3363
18 5940 9121 8348 3991 7572 1378 450 841 9624 961 3125 591 2615 79 7621 9673 328 4242
20 6003 7791 2096 2645 4989 3346 5846 2099 3290 7729 2888 1609 6133 3714 5056 2372 5287 9604 6784 3253
20 6140 7065 58 3567 2555 5540 3156 5190 7128 2004 6036 4901 3893 6113 9603 1552 5673 8283 6806 6866
17 6207 1582 9567 562 2962 2708 1675 2459 4189 6483 4191 7491 1066 8772 4731 9013 7910
20 6235 6261 1589 6224 6313 4735 721 3505 7208 8729 8788 5812 5051 3805 133 9132 6767 8737 1264 8739
20 6280 10 4861 6422 8005 1020 5166 3847 8370 708 4278 4611 4098 1798 9147 9011 7140 6248 6074 6497
19 6284 70 720 6820 3964 3006 9050 4315 9771 967 1294 466 7983 4860 7737 3803 4490 1398 2786
19 6320 6491 4195 1043 8956 7165 5763 2026 8708 7460 2192 943 2021 4893 5448 1676 7390 6782 7775
19 6353 4422 2238 6838 7486 8422 2846 7472 9379 62 4081 4062 2348 5741 1481 6719 6222 2560 6574
19 6542 735 1282 2793 5317 7480 203 6937 5059 6765 8066 5200 8242 6894 1333 5770 6897 5432 524
20 6560 8782 6845 3823 8651 5196 5474 4434 2758 6429 7249 3342 2161 4845 3942 8497 4819 9563 7442 1217
20 6578 4976 4848 2803 3888 2805 2806 5308 3984 3619 9301 7924 3070 3627 2108 4215 3272 7804 7141 6099
19 6579 7421 1383 3138 5491 3212 36 4231 3321 3235 9874 4835 2252 2253 2906 2775 6212 5365 3099
20 6592 6541 3171 6423 6411 3948 6426 7166 7326 6374 4928 2611 5058 8093 8099 8997 7436 2617 2618 4779
19 6640 6316 7279 3055 4787 8984 7416 7805 6225 2564 6132 7538 6604 4263 7241 9195 2828 2782 2739
20 6755 7272 5016 5306 5633 7428 6631 1765 5967 9945 9015 7133 4940 608 5430 1107 5966 4021 5118 2216
20 7096 3295 1385 8423 9833 8545 4503 9367 8921 907 830 9151 7932 3418 8355 8459 6030 8318 5418 8394
19 7224 4319 4157 5520 3347 3053 6163 1177 8961 5257 4380 5037 404 669 6258 4979 5945 3827 397
18 7402 6381 6382 8409 1907 3966 4467 9172 7169 8345 1706 2124 6695 2980 4776 9652 2147 8982
20 7443 2490 2302 4730 8036 4801 9525 7360 6146 3014 1644 6464 3188 9444 9719 3775 8652 7870 5593 2952
19 7872 5021 1636 7986 3896 3155 4488 9574 9203 5501 9791 4520 7951 6498 6155 4267 7082 3692 1163
20 7954 8666 8250 8188 5574 4685 2054 293 3750 3048 7293 4584 4131 4693 8639 4850 1702 4697 4462 2824
19 7985 7127 7708 1008 1844 4508 671 2067 9723 3470 7067 6815 8038 1545 2485 4904 7459 5748 4147
20 8037 7818 2263 531 8563 4033 6032 6835 4447 4177 5271 5855 3072 650 6620 1106 5516 5517 393 2968
15 8165 7476 1299 9559 2604 114 4528 2619 5072 271 8363 915 4120 7361 765
19 8175 6402 4414 7961 5634 8952 638 7407 8297 303 3839 472 7871 7591 5896 5658 7219 9802 5621
20 8232 9597 1917 4183 8485 5480 7107 1311 9427 4469 507 7243 6810 7373 4954 6712 7309 2989 3828 1998
18 8495 8718 8371 1423 0 134 5133 327 1598 6790 1986 6792 8431 621 6795 3807 5914 665
19 8538 8669 2807 5157 3121 7446 6397 8527 6905 9205 4409 3734 1492 7631 2015 7766 8325 8443 6915
19 8554 9179 5977 4443 6334 6814 206 7092 1571 6956 3773 430 2235 8894 3113 1406 7344 1948 4647
19 8606 8989 2240 7533 3908 4867 4143 3548 4306 409 410 8220 9145 7907 5363 1922 6837 4513 6169
19 8680 8301 479 4957 7063 3886 3284 5039 793 9188 698 1444 1975 4148 8555 8308 4460 7227 8559
18 8810 5332 3542 1172 3738 7809 294 8428 2523 3836 2084 7079 8300 4090 2204 6839 6707 3186
19 8979 8863 3857 4512 2757 4859 2946 4672 6190 366 5533 6735 2068 232 8687 3560 1064 5678 3252
19 9000 9661 4350 1095 8399 3799 2883 9669 6788 7350 9097 9073 5320 8023 7176 6914 4466 2158 9198
17 9008 4817 6288 3983 2163 3687 423 600 7117 3136 60 7113 4947 6228 2201 905 4629
19 9049 9247 2055 1283 6834 4430 9442 4559 2479 8227 5148 8439 448 9417 5175 2767 9970 6357 7150
17 9058 730 4870 9228 8963 161 48 1655 6705 1698 2561 9373 9374 9375 9376 3129 1673
19 9126 7632 2445 6944 7295 2886 9446 8147 9038 38 32 2077 9320 5683 2039 3831 683 6551 2526
18 9208 9674 5622 9383 9485 148 6006 7151 8307 6200 2155 1380 3353 4716 3815 1057 9587 9267
16 9234 8801 1123 883 2270 3126 6856 4680 7999 5482 1534 4038 8539 2590 2731 9259
20 9250 9601 9382 8137 2614 7925 7926 5311 45 7929 7960 8451 9293 5057 7877 4086 8052 7105 1890 7365
20 9420 4116 6111 8966 4329 1596 3442 9311 8248 5329 3392 1538 5592 9288 5594 8725 9883 5802 5526 8004
19 9425 9577 6042 6568 6450 5349 1813 9168 8319 7576 88 4159 9304 1125 3271 996 4154 7024 9687
17 9533 6001 8027 6011 3344 2685 4644 5959 5119 1861 2088 2955 3490 14 86 5697 1133
19 9626 50 6102 7880 5344 4229 7780 3763 928 3552 3256 3753 2008 5968 7918 7938 8955 9758 4684
19 9694 900 8767 5601 4410 7741 8646 2508 349 1932 864 7417 6413 6414 2273 6416 7772 8697 6480
19 9697 177 5923 5666 3562 4433 5885 7218 8977 4880 8230 902 8632 7205 5345 9164 7874 6717 1070
19 9744 4630 1062 3468 4366 8848 726 4986 2954 7624 347 975 8011 5926 8049 7130 6886 6595 2028
19 9800 3950 2089 8759 8352 2075 5780 8501 4969 7520 5578 2589 5264 369 2503 3340 510 1396 9682
18 9891 3161 6878 1814 7109 6645 2730 5167 2393 4269 7046 3935 8813 8814 4746 12 8996 4432
19 9953 9271 1714 5437 8734 1456 8504 5508 4834 7409 1586 7411 418 8805 9251 6906 5083 8594 7159
18 24 469 9936 3045 1209 9768 3336 3248 1696 6758 341 363 9243 741 194 1829 4557 8050
20 173 2064 7189 4323 8384 8009 9317 394 2544 2169 2170 6507 7875 6128 4759 2175 6058 9482 9487 6802
20 454 5930 9722 8862 5939 5165 3479 3895 9728 6105 7810 2475 3911 7638 4339 7815 8756 9699 5094 3471
16 462 478 4605 9580 3245 2585 8816 971 7399 4017 3115 9063 1404 331 8298 2218
17 495 4096 9479 7658 2332 1546 2795 3219 6974 8574 5737 835 7454 2495 7203 4489 268
19 500 2081 3327 7543 4124 4985 7866 9166 125 6209 1221 6871 9377 2712 2900 8879 6976 3907 199
20 509 2848 9662 8419 9224 1788 8287 7042 9774 1592 8953 4955 1924 3662 9947 6308 7555 3512 8918 4453
20 540 4786 1541 8468 9830 9863 7501 3757 5767 2396 9437 3605 3830 4293 5249 9221 4608 7861 663 243
18 678 3884 1678 3837 214 5111 948 7785 4261 7676 3634 4827 1853 2402 9763 7502 3867 8959
17 773 8922 9286 9598 2159 7061 219 4632 111 506 7111 6386 2014 1573 9766 5630 7655
18 837 1825 5892 4757 282 2821 4707 846 6532 1523 5171 4877 4714 6283 8856 8593 4136 5002
18 1016 4978 83 4067 2808 7579 7699 6651 4824 2232 4107 1312 3887 3228 4132 6679 5845 5599
18 1180 3557 5346 3889 4264 6265 4914 1587 9827 942 5543 3821 4213 7183 4948 3574 138 139
19 1196 5450 8149 2245 2364 9963 5226 8558 6571 9174 8532 6425 1604 4011 6306 8390 8654 1935 2599
19 1420 7178 9319 5786 6601 5045 3666 4993 882 707 9974 9068 3077 879 8771 6909 817 5838 5839
18 1516 1239 8906 3650 1980 4700 3016 1489 1409 2410 6379 5443 1241 9035 9036 5605 1430 6740
17 1543 9753 3269 9223 9116 9225 9226 4326 2688 370 8013 4292 4406 955 9330 9137 7329
18 1560 6514 3982 9677 3578 5921 4270 4889 580 4990 523 6097 870 4994 2876 5875 3713 4186
19 1575 4318 6693 5334 9436 8288 8950 3467 4003 2480 1979 3348 8544 6434 5882 5183 2665 9294 6559
18 1650 5773 112 1002 4719 1449 4572 706 7979 9089 6246 4777 3670 8853 6196 4826 300 763
18 1783 9795 3122 603 2432 234 2716 4196 9572 9901 7802 1533 578 6366 8562 5458 7161 2987
19 2022 5431 9268 6843 1579 6329 3046 6760 5714 8208 6318 7704 9109 9797 872 6898 6055 532 127
18 2043 731 534 4221 5619 9365 1373 373 28 3668 3616 4971 5719 4727 1309 456 571 4048
18 2066 8201 2979 6600 5695 1506 9889 72 190 8659 5817 5239 5934 8429 9736 5834 314 8244
20 2132 9942 2978 3040 9314 6627 9876 4094 6100 3730 1038 6195 432 6684 4180 1941 6503 8915 265 8828
19 2320 7248 8665 4300 660 6364 597 8688 6744 9906 6269 8592 5438 464 2447 8596 8061 9033 8599
19 2453 5192 3176 189 5784 6805 6019 6307 4439 4095 8026 284 2933 2934 2935 9004 5288 6939 4650
20 2469 6648 5777 4631 9056 3083 2683 877 4696 7787 9460 5925 7478 7675 7314 2488 7799 4028 668 9505
20 2964 1026 3875 9443 2984 679 6047 7427 1875 8157 6832 8751 6060 1620 7304 8755 8992 8706 7389 9554
19 3054 1925 6988 5224 8118 4775 1795 426 3264 9215 646 6238 3826 1723 2879 3268 7498 186 339
20 3060 3394 3102 9977 4576 3183 8221 4284 1524 1687 6270 8531 5294 3547 3529 4518 8424 6853 7857 419
18 3088 6145 6028 7125 325 3001 5244 7678 8517 7971 6591 3833 2553 1224 8815 4133 9451 4846
19 3139 5155 1231 7398 5203 2624 6066 68 8263 7541 4609 3073 74 910 815 9496 9497 9498 9499
19 3220 1440 3575 15 9920 8927 6367 3250 9593 2885 8383 2357 1414 7900 1649 6982 8948 4418 7275
18 3334 4253 8704 9136 2675 9720 5685 2784 3752 3957 5091 3123 1664 441 198 494 3993 19
20 3423 612 1201 9703 7441 6598 7095 3027 3028 6918 3801 5577 1943 8349 5416 8550 3036 3037 8716 439
19 3554 5955 6182 2398 157 5895 482 4828 5102 4830 4831 4832 8476 6689 266 1959 9159 3674 7902
18 3580 6741 2330 787 7383 3415 2749 2242 4069 8910 4726 687 1165 8395 8396 5172 6348 92
19 3600 4715 2098 7607 3782 3679 1447 3244 554 934 8104 8622 1288 2800 7683 9625 6253 2412 3620
19 3778 6596 4521 4636 7633 9935 481 365 2549 7186 7234 3041 6257 9714 2756 9287 7894 5679 7342
18 3840 601 3064 5911 8667 6239 7506 7507 7508 4723 7510 8437 1215 25 516 517 313 8258
19 3843 5507 8690 3216 4382 2629 1197 8760 7432 7034 4970 6024 5535 8224 1727 1775 2788 6259 4652
18 4074 5538 389 7346 9960 9718 7364 1699 3381 1096 1971 4312 9683 4661 5692 5260 7380 2714
19 4152 3546 6703 2870 9845 9633 9248 1076 9182 1901 7739 5004 3882 581 8549 9729 3626 9801 4232
19 4277 7039 7462 9337 8222 6505 2871 1838 7716 4058 6510 259 8595 6513 8640 6515 6516 3355 2146
18 4429 7301 8940 1345 5670 5602 7003 9905 5813 3665 228 6665 320 128 4927 8022 2438 4756
19 4500 7366 9102 3599 9917 8471 4282 9481 4395 7649 1820 1048 7493 2202 2898 7363 2702 8578 5499
16 4548 1061 9074 4184 427 6501 5187 4722 6936 611 8507 192 2033 4699 7058 8444
19 4554 8573 1973 4712 614 155 2540 6345 4491 6427 1053 652 3407 9812 5355 4137 9632 3892 254
17 4589 1246 368 9119 1889 3232 9282 8508 6594 6583 512 695 519 3401 288 8808 9871
19 4614 8647 3587 2929 4919 7705 9821 4000 6276 7709 6662 6110 6602 6535 322 6092 3999 8699 3217
19 4660 2755 5752 5929 6593 945 2406 3736 8273 178 7230 7597 1536 9494 8357 2292 3817 6887 2651
19 4706 6573 9700 5793 2244 8589 2276 7451 1988 2902 3154 3690 1992 9331 1741 503 1014 8866 9235
19 4732 6562 358 5822 8218 5575 7807 5221 4437 4185 8766 7757 9170 1326 2347 7850 1003 9154 6048
20 4854 3797 8223 4146 4562 1005 5898 1007 4935 3262 2369 9918 874 995 2914 6141 3967 3380 422 9192
17 4886 4906 6388 80 4464 4351 6575 1182 4313 6934 598 3507 5100 5307 3002 912 1051
18 4945 6461 1300 1663 7286 5684 9266 1921 8294 6186 6864 9986 4573 8035 5305 4259 6328 688
20 5348 7011 8243 5956 6724 9581 4288 6727 1001 9757 9867 4641 1852 693 5468 1966 5539 6088 5689 944
20 5362 437 4879 6201 3379 5235 5983 4900 547 3909 1648 9923 6731 8305 9242 1602 4316 7123 9133 5063
20 5387 4336 1933 2865 9184 4758 1923 2851 8949 7196 5874 5734 880 3653 8877 3655 3656 5500 5333 699
18 5446 1321 2527 1578 417 8435 2915 1080 7690 6687 1503 6616 2835 8826 9783 4163 6808 5563
18 5473 4029 9076 5492 8154 4005 9411 5411 6077 520 9807 7268 4863 2695 6846 6860 4546 5883
19 5571 5296 6908 8895 1647 7385 8567 4387 3638 2813 3130 2841 3452 8503 4599 3483 6296 7307 4567
18 5669 3768 3488 3463 3595 3465 1050 1726 8254 3142 5007 1863 3286 7136 1816 563 7184 8790
19 5688 7841 4015 8832 2684 9020 5088 4695 8671 5990 2127 5992 4977 2774 3712 8080 5997 5998 8092
18 5765 9914 2893 639 8705 2864 3931 6751 5863 4577 9153 4346 5816 4718 1036 9615 447 4121
17 5801 8909 7220 9938 8 6236 1749 592 6317 9755 1292 4091 1535 5201 6630 4322 3285
19 5825 6421 9789 9880 8722 7345 9405 7347 7232 1190 1193 7233 2700 5034 1823 4703 2249 8591 1940
18 6078 1465 7239 5223 1236 6899 65 3323 954 2966 8391 7008 8787 823 6289 3277 6938 8967
18 6079 7962 9422 9507 9892 5444 8400 4825 3723 7101 5976 4973 7139 321 1435 7144 3231 4789
17 6153 5213 8452 3096 7592 2105 5456 8271 8488 458 2983 343 6610 9585 1977 4569 4553
19 6255 8130 2275 5231 917 2060 5350 6409 6213 5988 9290 5823 3063 1748 5798 3718 764 856 8560
20 6576 7173 5920 6697 7550 7299 1576 8945 5903 9488 9406 251 1039 3685 7848 1789 4273 7838 5105 7834
17 6613 5941 8516 2627 640 7770 3583 565 2199 7989 3720 1152 6955 3789 926 2100 9979
18 6841 4031 7948 167 6581 4511 8309 5960 8849 8315 8851 2473 1175 2491 7048 8145 3453 5611
20 6900 52 3582 9534 4342 1916 7434 5811 7898 5769 4800 1496 4561 8902 9386 174 8824 9851 4873 6626
20 6997 4551 962 3329 7922 4531 3721 2633 9468 2036 9470 3326 6460 4237 9784 8926 9476 9477 6321 1710
17 7195 7614 7742 4552 185 7891 6789 5128 9341 1233 3302 8189 5274 5228 1381 9398 6242
18 7277 8136 8942 5958 4105 6430 4266 67 3406 2053 2152 5019 3399 5860 7904 3597 5856 5043
18 7298 5106 3825 8777 51 7225 7226 588 7007 5055 7776 3853 7044 7511 8773 6585 3858 2257
19 7435 5000 4902 9957 136 7943 8939 1720 6294 3802 911 1997 1416 8171 6165 6160 381 7869 444
19 7560 9561 7554 3019 3339 9273 1487 6017 8068 8069 8070 8071 4965 364 106 4980 6393 3838 5331
18 7610 1634 822 6463 5837 5245 826 164 2722 1549 4882 6084 8247 104 9927 4047 6967 4917
18 7612 1658 7539 7720 6118 9583 3246 4984 5681 3536 5122 8292 2573 1791 7685 9360 1318 6885
16 7725 8472 609 5827 2437 5963 3767 7499 9167 5469 1946 778 756 6668 6485 1996
20 7740 6977 4922 6292 9090 8124 5790 5279 159 1629 1950 9423 1610 250 1954 276 1956 5957 5151 8579
17 7820 2279 794 1330 2446 2630 3617 102 1084 7792 9553 7794 8076 4283 7912 3511 2982
19 8090 1174 2337 5163 4065 5208 2647 1556 5189 4141 8046 8486 8609 2207 4417 9091 5588 9094 8293
20 8160 4665 633 8983 6330 8985 2853 7452 8988 6599 1115 9557 1686 7750 7978 8802 3541 3429 8378 7553
18 8170 1355 853 3959 2941 3962 6394 7558 851 7644 2668 5303 2492 804 9548 4166 3975 8239
19 8172 5865 1505 6383 932 8689 4230 4182 8736 6749 2516 3105 8674 2013 6655 2101 3170 179 226
17 8210 2662 1261 9664 7221 5052 7456 176 3508 5188 8512 973 3204 6957 1570 4624 1539
20 8528 6979 7199 4360 3760 3198 6822 8842 7392 8489 1086 6159 9865 6785 3298 6917 5796 937 1668 5799
18 8656 7626 6605 6183 5144 332 6826 9809 8436 9596 790 8056 7959 8947 570 3166 2032 5373
19 8693 5917 9104 8899 9424 4298 9944 859 1089 8125 4637 5139 5475 5315 3026 8844 2243 7098 9546
19 8740 9489 4862 9749 9401 26 7406 546 569 8994 46 6408 5470 3985 1469 9539 396 6286 4651
19 8928 7731 8709 3519 908 5383 7701 4812 7258 6504 1132 2090 2371 1894 9550 1029 5649 4158 6360
19 8962 7769 6817 2639 5972 2923 1476 2543 7017 4649 5400 9449 8980 9637 1807 3270 9032 8719 8934
17 9079 6038 5372 1817 1704 5743 3784 1812 750 8141 3239 1448 7473 5616 5617 5618 3702
19 9236 8347 2366 7077 5772 233 4713 4627 9098 2110 6301 5950 5868 6433 3953 6090 3700 6549 6363
18 9253 8861 5928 4208 335 9046 8628 2496 7466 536 9691 4393 4909 9396 452 7087 1982 890
18 9329 9524 6482 4529 1074 3052 6026 6487 3856 9486 7562 6351 2901 9526 3510 1403 4743 258
19 9448 5935 919 7497 207 4333 6748 5841 2664 9909 4416 3351 1273 7214 6570 7888 7470 4125 7823
19 9762 9018 7821 8447 3343 3581 2580 7760 9740 7135 5117 1867 9280 5509 1179 8042 7255 7958 976
19 9780 1334 3790 84 1669 8533 7886 7215 7702 1041 91 7623 6653 8881 5775 6647 97 3082 6544
18 9912 732 4748 672 3924 1433 6617 6694 4981 4299 1787 6771 3623 1777 7285 95 2720 3758
20 9931 2507 6509 2440 5835 2965 2960 7300 210 5489 7806 3944 2103 5493 8109 5495 7578 717 351 9193
18 40 3194 3741 9560 5554 7423 725 2969 2056 3561 6215 8875 1553 7175 2198 5657 8094 5659
20 220 7086 722 6210 6644 3328 1434 9667 7488 5698 7093 7228 6572 2692 3592 2559 9276 6015 334 6787
19 357 6094 9613 2607 39 4545 8382 8469 676 3654 4794 1836 1136 7782 8535 4781 3765 4600 2646
17 359 2228 4671 4937 6766 2725 2726 2727 894 7147 2125 1081 2143 4829 9103 8128 1840
18 449 8058 6882 558 1640 1346 7306 582 1073 7698 4219 5352 301 8570 7615 2391 230 3939
20 502 5641 1431 2993 6044 3435 4034 3387 3388 700 8514 5788 211 9480 5708 3395 8351 7148 6244 5277
17 529 8774 6677 5343 3744 71 6083 5661 3697 7561 8356 1432 6761 1780 4711 8364 761
18 584 1531 8635 9017 8564 9844 3230 4667 1068 3646 8511 5341 1618 9828 552 753 5032 1845
17 649 3573 5393 7970 819 7089 6850 2911 8880 6230 8100 6232 8602 1320 3447 8117 3680
19 802 6518 4556 5542 242 8393 1286 4450 4187 1390 354 4296 3921 5318 982 9070 5585 9817 3859
17 824 2820 4362 270 6401 3025 1023 6901 3422 6134 651 2079 9300 647 7976 6376 637
19 940 3719 736 3643 9328 7453 9951 4578 8543 4448 2413 8590 5848 8376 3754 461 5843 7118 7119
18 1079 2346 6522 833 2992 4085 3576 208 4088 7783 7138 9898 1109 1688 7916 3671 297 7919
18 1110 8387 6945 1772 5454 4175 9692 7589 7280 2052 5511 2376 122 1557 1216 6804 7997 1219
20 1137 9975 3222 3883 6405 8670 9351 7335 9988 9989 6206 6692 9992 7814 1903 9995 5247 143 9998 6981
18 1220 400 3682 2606 960 843 6205 6958 2797 9452 6021 4653 3851 3793 8735 7773 1316 537
20 1240 5073 6582 1528 7177 1949 1766 8569 1606 5751 9605 4997 7786 3324 1774 3074 1776 237 2995 6340
18 1268 2208 3382 8935 1339 346 4737 4683 8134 9610 5330 3127 5912 634 2944 3350 4403 6588
17 1274 7732 1319 8163 2680 8625 8923 1146 1349 628 3558 309 1849 3695 5131 4474 2162
19 1303 8121 6441 1862 5300 7717 4214 9555 5248 1203 8286 9467 8911 9799 5150 2395 1296 5782 605
17 1370 4224 1955 103 496 6500 7593 3806 7522 5161 6438 9338 3502 1711 849 7964 8313
20 1374 8161 5541 4023 4926 7319 5674 3042 6432 5427 7746 963 7984 7035 4754 4035 8415 3202 8732 4039
19 1441 9086 1443 9372 4123 9592 8798 9508 6796 4302 5042 2998 8274 319 2093 1408 6757 4128 5639
19 1540 3304 6642 791 4565 8821 9948 9647 1149 1150 4385 2185 5809 5873 3207 1824 3897 4610 5407
19 1670 1500 6440 5750 7137 5609 6671 6603 5644 4755 7325 9391 613 4018 4597 6291 4440 6332 2679
19 1900 4913 8167 9403 9426 4802 980 7302 6068 2608 9176 7648 4441 2000 2403 1161 5116 8608 5162
19 1960 6234 8212 8738 6608 3865 3236 7994 5006 7287 5728 786 6443 3740 795 9324 9657 121 3555
19 2020 4394 3482 5580 9303 305 6135 6759 6836 7759 5164 9968 9990 1377 1793 8087 6711 5730 2802
16 2106 4941 4783 2038 6624 3391 6211 594 2224 3276 6484 2429 6986 3868 1183 5232
16 2180 9241 1042 1254 3504 9163 8407 3167 5647 6014 7211 938 3663 620 857 2462
17 2231 8981 1369 3691 2785 5367 1913 4925 4898 8541 7010 2830 9150 941 6911 4872 291
16 2234 7237 9902 8796 4585 5085 3311 9520 1058 4173 7839 3110 1421 37 9465 4419
20 2340 4896 5217 6189 1145 181 6926 5380 6543 1958 6930 1828 8320 7945 9665 3526 827 3920 6227 2454
19 2350 4593 7778 6683 3848 6611 126 9362 6783 6966 1256 7565 2940 1347 6734 1858 3071 7811 7461
18 2622 7152 7617 9413 7377 7825 9543 7827 869 5871 1548 9128 6437 2904 2153 8749 8158 3703
20 2637 7339 556 8623 3863 4425 3989 4427 2729 9793 8113 1630 4648 9093 2597 8375 1295 63 653 6998
19 2764 9627 3798 8477 7873 3402 1166 4079 2677 2567 9270 713 2650 8658 3280 6811 2217 7876 4813
18 2997 4056 3403 1277 8192 1194 5281 8768 9385 6106 2892 160 9381 6114 8031 5964 4725 816
19 3195 8304 4140 263 5530 9607 3369 1568 1819 8854 8078 7059 3769 2814 2815 5596 9051 2818 2819
18 3360 1511 662 7901 9024 7180 9041 9656 3820 6747 5774 987 7728 5374 5275 1376 1450 4078
18 3420 3431 6880 6673 5340 1843 7318 2711 5108 2385 6203 9274 3039 5077 5258 3338 4658 904
17 3460 2554 5242 8604 8871 8765 527 2858 2287 5510 1521 9207 6928 2533 716 2001 7934
19 3742 5185 7000 8441 1243 2781 3739 2434 6849 6458 2770 5176 6243 9148 2009 636 6496 470 2703
20 3977 1305 6669 7327 4044 5726 8834 3749 7808 9796 9730 9731 4024 4294 3332 9735 5936 7116 9778 2309
16 3992 682 361 7967 6556 8723 3086 3660 5555 4210 9404 1337 3866 1490 4773 2754
18 4112 3377 5867 2072 3945 686 968 5075 4988 9493 2297 3564 9614 5969 275 6252 6994 7639
16 4114 6005 7858 9946 7404 7340 1124 9913 3689 1734 169 2594 2203 3894 9178 9805
16 4260 5381 8362 528 8645 2104 3601 5067 4688 1483 8330 9233 511 4359 2329 403
19 4352 5713 1035 2415 5109 428 2142 751 9888 4301 7795 8261 9190 3173 6287 2796 2771 5354 7271
19 5120 6297 5716 7928 7992 3124 9107 758 9894 3349 946 6688 9484 3794 9475 5888 6791 196 1951
18 5138 5700 6302 6250 9180 6156 443 3640 3439 5041 7990 5071 9823 2265 1892 1222 2442 974
19 5360 6041 8322 7100 5384 170 2375 8000 3249 6639 2917 1452 350 4307 7164 9214 272 9186 9333
17 5390 4853 7662 7153 5591 9130 7420 4747 1462 5211 8198 809 8463 5218 5771 6702 5433
17 5794 6229 8969 691 8299 6465 986 1140 4690 7966 4236 353 1835 4563 6499 929 7170
16 5840 690 9464 4604 3675 3234 141 6456 840 4595 4857 1854 5080 5807 2321 8174
18 6020 6495 1744 6390 7604 7605 5498 6775 9639 1768 7890 2278 3462 8954 3535 1260 1134 8797
18 6040 6121 9693 451 9209 6904 8012 101 7831 1730 4509 3696 7753 7512 1735 5514 7536 6347
18 6087 6371 9616 3777 5739 6609 4785 6451 1968 1969 1230 2747 1232 6185 1235 333 728 279
18 6502 9117 3409 6018 3844 667 9474 4655 6407 7091 8506 9292 4710 3255 1887 6027 1278 4471
19 6589 6621 9745 5452 2671 9773 4168 1994 8817 7674 4102 1561 7684 9141 1878 3622 7078 1659 9895
15 6675 4378 5521 2548 1931 2643 5405 9790 1293 2522 2719 2264 5783 135 3215
20 6728 7431 4071 7102 4473 3414 1597 4975 8067 4687 8631 4931 1564 9873 8336 5145 3034 6469 2518 4216
19 6768 8581 8582 8583 7447 4463 2534 1045 8536 5301 5720 9326 2254 4006 931 4238 709 8946 4933
19 6924 9600 8215 3532 545 2654 5353 1225 2942 6267 9315 2872 5833 5512 6959 431 3247 8075 6896
16 6947 3281 8707 1467 4581 989 666 8179 2867 2916 9556 1082 1790 8621 5035 898
20 6983 7546 2514 9972 117 9140 3405 6987 8316 1012 273 6991 5398 6380 2058 7222 999 440 5179 3413
17 7004 2314 424 550 399 9765 1771 854 5182 4113 7514 6290 6175 9678 5907 738 739
17 7156 8217 807 8187 3860 9169 9727 1228 30 8095 8186 9814 5570 855 7637 9997 4963
18 7168 6344 6447 2613 2295 4523 6439 9915 5409 4234 8051 3421 9640 7974 3160 5820 8303 9513
19 7273 4815 7947 4274 557 548 1142 9339 3032 1247 9322 7026 8181 6863 4555 762 7190 4558 8889
17 7274 3461 2742 6472 867 5948 1017 1562 4007 1415 8678 9954 2583 3356 8505 6854 6435
15 7351 6098 9885 9668 1046 4486 1911 9434 1350 1083 4041 3747 1192 2029 9127
15 7371 1382 4615 6978 5024 3300 624 656 670 6263 541 1758 9490 1529 780
19 7394 6801 345 311 3201 5302 8957 6923 9042 5436 8030 7580 2468 154 6933 7324 7257 5553 3521
16 7450 6925 5582 7963 585 4774 1797 5637 9982 9916 2505 1237 7181 8466 779 6023
16 7457 1049 3980 9295 3995 8458 7608 1335 7029 770 1127 885 7437 1619 6254 2600
19 7500 7761 4348 5589 8960 2517 6 4077 8673 2497 5595 3117 1701 7812 2007 9356 4485 8548 9716
18 7846 8903 3273 209 5241 1851 6181 5170 1210 4943 2945 3852 2674 3864 2676 1366 889 9204
19 7868 3352 754 4171 953 5832 3297 7784 9071 3936 5568 105 729 7557 4694 6597 1705 7998 8607
18 7895 9681 475 8970 8277 2693 2261 2829 4745 863 9690 772 1736 5686 7987 724 8197 852
15 7991 8882 9634 619 1310 7688 1876 344 4530 2284 9053 9710 6304 8131 1800
18 8199 6352 782 2970 5282 3179 2787 1054 2789 249 2791 2792 6151 54 2221 1739 9364 6479
18 8421 61 4944 4883 6326 9684 2648 9258 4960 745 8403 577 1866 3085 3533 6231 3150 5404
17 8430 7027 385 6300 8417 6527 2661 4728 4729 4669 1747 760 4586 9187 3455 2740 1477
18 8480 4582 1930 8758 3378 2363 8259 8823 549 9500 1926 6773 568 4519 2790 4335 5818 4807
20 8672 8060 5944 1307 8986 2145 1625 5434 9832 8893 8720 6512 147 3952 8240 8750 5736 4805 6144 1208
16 8683 9080 2682 3981 985 5718 1513 990 991 5803 3065 3279 860 8868 7251 1399
19 8762 9985 7777 9991 5740 7025 1160 8159 9829 1942 1402 8641 3432 7209 4612 9105 4179 8703 9980
19 8833 5732 5932 5338 2777 4365 6686 4220 675 1129 1130 6528 3478 4053 7055 4055 8971 7378 1379
19 8916 1394 6858 748 4202 4423 6946 7120 1929 3050 416 1978 6184 9934 2423 172 376 3258 7303
18 9007 7261 2327 6278 7264 4950 4891 9595 3648 7588 6310 4496 1638 8155 692 1372 8552 2859
16 9095 7080 6404 6557 4458 2574 5406 3997 1831 1558 5266 1895 6577 7950 1938 1939
18 9279 8314 2002 1354 522 4656 1957 7292 3973 5830 4341 3958 4317 8901 281 2439 4869 1267
19 9349 8629 4621 8943 6855 7408 8045 5428 5429 9307 5653 5819 5755 5426 5435 4377 508 5612 6696
20 9421 4061 842 4484 5408 6973 3904 2251 7369 9492 9686 9431 5524 865 8340 9435 2154 3647 4533 5549
19 9527 8852 8040 6969 9959 9062 6191 9065 2048 1290 3434 1738 1144 8803 6920 6774 7265 5158 5756
17 9582 1113 2602 1785 6750 632 2956 5724 4797 5847 8007 4397 8329 4795 8965 2174 5098
15 9620 5876 538 957 1359 2424 8634 8228 3291 3292 1577 6970 4623 7594 4946
17 9751 9704 3320 749 6385 362 3307 6415 8454 2510 2312 118 5357 7192 8312 378 1615
19 9760 1463 3492 9663 6803 3678 2587 9900 555 8291 6273 9384 6521 5135 5996 1526 5269 7202 5259
17 9761 6539 6902 6995 7415 2215 3004 3472 6569 9750 970 3337 2378 1551 1479 9368 3711
19 9813 2167 5721 8479 5227 2565 2743 3396 7789 7867 8164 7647 5937 3919 2653 4915 5036 6851 8098
16 9839 1410 2922 607 7217 2148 4888 4014 1595 8054 2690 2226 5987 7289 1037 9323
19 31 4022 9088 3456 7244 1060 1284 9357 8865 8785 1542 972 2847 8120 7425 5804 977 978 1616
20 89 4037 4127 806 8975 8929 7613 6935 1565 149 150 2426 5026 8412 9752 6975 7552 4987 326 641
18 267 572 7357 6372 4275 5645 8368 5901 9878 3437 7852 9022 7323 4749 6013 1796 3956 3762
17 285 7322 6529 4769 5869 759 4012 1632 2710 9568 4580 8386 914 1733 4816 3538 8110
17 386 703 622 4674 5256 3257 8686 1684 302 5316 2877 2010 5040 8236 1709 6940 7487
18 617 166 5273 677 6865 1874 3725 1984 4428 3477 236 7700 9707 2443 1574 8637 9949 1871
18 733 7642 5729 9083 9084 2171 1325 9254 4118 1737 2286 8526 8743 6194 1395 7386 6123 8015
18 1059 2094 6715 9517 2937 2465 49 2709 7088 5518 8465 544 4291 2082 4645 6091 3854 5800
17 1069 5401 6115 983 4281 3384 1356 2672 9040 992 8156 8993 5890 3822 642 3288 4543
18 1214 4702 604 9171 6046 2336 483 5607 5049 5050 6972 685 1093 1094 4953 8059 1694 1098
18 1400 9124 526 6395 9651 4698 329 3417 7549 3330 1605 3832 6916 6874 446 9052 5413 1753
20 1429 5556 7747 4951 5324 5325 4903 5001 2288 958 1510 8464 5529 2293 9325 2532 2296 9060 2399 2037
17 1485 1275 5136 2717 3372 253 5328 7518 2919 9106 1306 1191 4190 4308 6293 402 8525
16 1580 4226 2799 7897 2117 3005 3531 1204 6968 9854 9334 2248 8003 2256 2187 590
17 2471 2610 142 576 2225 5103 1375 7816 7414 5534 560 2718 6879 2691 2804 2345 9216
15 2882 6061 1353 1101 2483 1031 3474 6870 1690 1504 9156 1970 876 1257 4413
18 3148 821 838 4363 8864 922 7503 8328 5459 4142 2140 6652 2316 6335 8576 1368 2938 3598
16 3180 241 4391 5604 8017 7387 4092 3427 2578 1351 2866 1897 2897 6929 252 6984
19 3464 5169 4691 6002 8062 1131 9940 1158 1976 7559 8008 4207 5030 9732 710 5672 8245 1322 1965
16 3500 8930 5481 747 8265 7524 4258 3301 3175 4675 4070 3318 5156 4265 3522 8359
19 3540 4149 5322 3885 2322 8534 8267 9956 3097 9566 9685 5215 6373 4583 6862 6400 812 6378 1223
19 3912 7944 9082 6137 8843 7965 8184 1716 1530 1641 4104 4679 1405 1961 6471 8097 1627 3651 4110
18 4040 9981 9037 9983 3205 1509 583 5467 9528 8964 1877 2065 2113 153 1760 4537 2365 4991
19 4388 5643 2019 9363 936 8496 7038 3869 17 5587 8381 5261 7975 4844 9855 9856 9857 8747 6354
17 4760 3544 4211 7723 2973 2219 1794 4616 4304 471 1438 8781 9344 9387 6198 6368 3871
16 4780 3926 6614 3079 6417 9045 3209 3941 777 4507 2246 1584 8721 4084 4793 966
17 4852 1105 4381 264 9418 4470 9869 6323 1614 2206 2484 3613 1011 3694 6361 4245 2164
19 5250 420 7455 3448 3705 2046 6173 8295 3011 1259 3986 4368 7911 7862 9635 2457 6827 8615 2016
16 5254 5420 8142 2833 4570 757 2524 3835 8257 1729 9907 5693 5694 2112 1090 887
18 5313 9003 1799 2931 8169 3800 8806 1667 434 9026 5872 6125 6341 6274 5054 6732 7313 1645
20 5545 5081 5222 9197 9884 7620 9256 9887 5369 4089 7696 4059 2121 9893 3208 218 9181 9644 3946 3527
17 6147 7212 7667 775 6162 8014 3080 2135 7957 6772 5046 7840 2294 7734 7439 2957 1859
19 6188 7564 6148 9410 5910 7185 2550 1672 4738 6375 9565 551 4421 6633 9770 8727 1422 2409 184
17 6303 1952 6726 6649 3200 7012 8904 4527 2562 6365 2449 9926 7663 2950 6492 2178 2179
16 6358 6681 8733 4540 1102 1872 8151 7495 7146 7611 330 1873 3315 2262 9708 5862
18 6370 6442 8101 4192 8490 6085 8482 3708 7336 2909 2325 2050 8481 9852 9654 7697 2773 4524
19 6699 6927 4305 2283 4287 5598 2706 77 9096 1024 6449 1888 5029 6478 4628 9461 3553 3210 5285
17 6764 7216 956 6089 4036 9619 9724 6158 964 2552 6452 6824 9345 9655 2353 9818 1757
17 6872 8251 3513 56 6798 3781 9706 7438 7288 2498 6632 6636 2150 4043 3588 9696 4676
17 7069 9764 7426 8995 993 1287 4501 2769 9511 2658 4404 1868 7864 6753 9514 1164 1457
18 7548 2855 9142 87 3729 1126 5478 1121 6309 5831 8783 3267 3487 3614 7197 6637 1486 8317
19 7813 2138 7822 9281 223 3165 2349 3559 808 7106 9278 7710 6890 3411 3181 8742 1360 9586 4239
14 8433 7037 9402 3774 1327 8920 3416 1555 2823 2156 4115 6641 4435 1159
17 8600 7494 8794 7481 8744 530 8746 1770 4431 2419 4345 5078 6197 7482 8876 3400 5787
18 8624 743 6039 9346 9671 1348 981 7622 158 9631 1451 4855 4868 2255 4290 9388 2258 2499
17 8676 8661 3051 3484 3485 9501 6247 2721 6249 1808 7600 1842 5295 231 5160 130 6745
18 8860 9859 1342 2042 5283 7424 3649 5154 1364 5717 4373 4574 3877 7574 9846 533 1569 2041
16 8958 455 5460 3636 7949 7829 6343 1547 7719 1391 2373 2431 4169 1583 5918 5919
19 9034 8398 2959 2592 3861 539 3428 1078 9908 9709 2875 8657 2102 1837 3594 6546 1119 7531 9230
18 9101 888 2539 5234 6545 8845 4134 3549 2863 2381 8792 8405 3445 9695 1018 4905 4708 9305
16 9370 2274 7056 144 8655 5445 2299 1983 2229 2137 5562 2315 4736 2119 2318 5636
19 9688 9447 1832 9551 2266 391 4682 1920 4465 630 8190 4920 5060 8867 4678 2776 4364 7054 4222
20 9834 5701 4303 1397 383 913 8912 8139 6281 1010 2370 9903 8114 5973 13 8649 4103 1332 3303 1681
18 9999 5476 1055 9072 1324 965 7489 6971 3062 602 8546 1908 1371 5466 1708 959 4575 925
20 310 9747 4130 6122 8153 6325 9283 8575 8478 8513 4681 6331 1700 2735 9843 9144 5676 8748 9966 7743
16 618 9643 718 8858 1285 9504 9369 5193 7401 3459 2856 6658 7163 3374 9332 2006
15 803 6109 3293 3047 1308 8406 3383 3517 2881 7463 7913 2862 3425 2670 2425
16 1418 513 4442 2926 9862 4445 1692 3589 5386 7331 7851 2116 1328 6218 2880 3164
17 1480 3628 7362 9471 3632 3938 7878 2070 2924 8565 1742 1633 2634 7927 3354 901 3151
18 1544 9393 7860 5304 9984 4358 7752 5547 6489 2572 2504 3900 9252 5146 5927 3816 1991 73
18 1707 5551 6342 3756 5722 1566 1848 8990 3182 5149 4617 6733 2734 8897 6736 5922 6738 6739
18 1746 7223 1170 829 6174 5462 3296 8588 7933 1896 2715 4030 4240 4895 7939 8944 8838 8168
15 1972 3259 7030 8001 6729 7145 2012 3358 6654 3112 7022 2779 3923 4379 3159
19 2047 6264 7568 82 4811 3087 7781 7687 497 6823 5606 4673 7308 4153 4596 2655 2538 9969 4289
18 2177 8633 7465 43 3020 9255 1352 4516 7179 4481 8374 3673 3238 9788 8675 3677 6587 9641
18 2319 6272 2958 6943 5970 1507 8891 3728 4772 2884 1886 3732 9794 1317 8427 4666 4689 3577
20 2817 7031 4478 9347 7382 9456 7266 2696 6062 7066 9811 9031 5735 2280 5738 9395 8925 8410 5238 2750
18 2840 1501 2091 474 4742 4899 1962 3563 2918 9246 175 9519 4654 2436 3361 2282 1731 5168
16 3120 9222 5884 2313 645 5760 2386 7946 1071 3684 4522 3426 1075 8353 2061 4799
18 3265 5527 9648 1778 825 9899 1384 2268 2073 5191 6721 1473 3114 7355 2638 3947 7358 8289
19 3440 2551 4087 9100 752 2744 3143 9967 2342 1626 7252 2948 7671 7534 4349 4724 8043 1643 4767
17 3811 6384 7602 7603 1468 6093 2868 1291 7391 9473 6629 3998 8695 7396 5828 6634 499
18 3903 491 5142 8829 7585 7253 2360 5027 3872 9348 5614 2641 7899 4487 2095 5842 5986 939
18 3960 1830 7887 9803 9538 2087 2144 485 1869 7569 7889 7571 514 7573 5017 6913 8847 1559
16 4057 7764 9264 744 2525 4588 8302 6903 2030 3771 4907 1512 4009 8196 2304 9261
17 4060 1612 694 2694 3404 7384 4188 2528 7744 6116 7606 1600 4875 7745 5104 7587 8018
15 4235 7670 9289 8206 2401 606 7247 3556 2746 866 1906 9910 445 5808 3498
20 4320 1153 2422 3902 9232 705 4016 3058 5626 9012 4932 9868 9689 9537 8079 9890 2570 8344 8402 7651
17 4340 1989 832 610 3240 5066 7448 8185 8529 3676 9120 3093 1767 5781 4144 4483 5010
20 4412 7440 1169 5583 1724 5377 8388 9804 7712 8266 1118 8557 131 6704 3579 33 7724 7053 4438 9599
17 4568 5382 7733 5012 3499 2400 8936 7567 6031 8547 2511 2149 8556 5031 3023 9840 2811
17 4761 2035 8032 2894 664 6646 9530 3444 6324 2301 8713 7616 5709 9646 3162 1281 6279
17 4923 2704 7354 895 6524 1792 1343 4881 3683 2111 1779 2794 8255 1128 897 9575 9316
18 5180 3586 6628 5388 5824 204 4126 8127 8397 6067 7374 1478 4052 3263 2563 3748 9112 299
16 5557 8492 165 4961 8111 5143 9466 5486 7393 5652 6813 1446 4356 7474 3706 2351
19 5762 6674 8416 2961 2584 2545 5092 8182 3709 8021 9061 8494 6298 3229 119 862 5173 8282 5879
16 5815 9628 5291 7855 4514 3846 2188 6359 3450 4768 5022 1167 5005 5531 4858 2387
17 6193 7547 6412 3018 2168 3199 9579 2927 8083 355 2566 5715 7076 7315 9815 3081 5866
17 6285 5651 5682 7036 6217 6580 7006 8102 1918 7879 5690 212 2839 4916 2932 4918 2642
15 6650 7694 643 1022 1207 7721 3537 9611 7172 342 7672 6672 4929 2928 8900
17 6922 2832 433 2728 3751 55 8753 8784 5488 2310 2311 2878 9165 35 9201 3810 8269
16 6960 9958 4162 7198 7801 5378 1336 1722 3667 5174 3049 3192 6548 1472 9378 5451
17 7094 7334 9952 8162 2588 2126 2267 9509 2912 8346 8413 9649 5650 6143 3506 3237 5033
17 7112 3961 2697 8509 1226 7074 9416 3735 8204 4129 3639 5951 4361 2435 4200 3949 7041
19 7242 6086 3824 5853 7682 4701 5068 5267 4 6889 3144 4751 8311 1818 589 2612 8800 2972 8450
16 7276 336 3890 644 1206 2649 8209 3056 8211 4002 4046 8214 3630 5573 7628 8626
16 7464 6950 7577 785 4327 6119 2448 7310 8757 3571 3572 2470 7863 4285 6875 2123
18 7942 2975 384 7527 1338 1806 9115 1112 3585 7051 7052 9239 7516 1671 5425 8122 2323 5795
16 8571 3621 2359 1032 9027 5632 7372 7040 6607 969 2352 5477 5394 5776 2759 6530
18 8780 1065 5877 4663 9009 8408 6948 7722 1893 1461 7730 5754 3314 3473 8498 8123 4865 4376
18 8809 1981 5909 2430 5013 156 1621 7715 3243 1195 4493 3211 5293 8341 3761 5126 8434 2763
15 8905 8561 6180 3106 8681 9782 2908 7368 5610 8039 1728 3672 5859 4818 8917
18 9237 8931 2569 6216 5906 2765 9231 1860 5214 2745 6844 4452 6419 3341 4455 4515 5114 75
18 9469 9672 5503 4334 6848 4247 2999 8627 6612 379 6350 2512 8799 4822 7182 9055 5132 1864
18 9623 3501 2059 3137 627 5147 5123 3787 9455 1703 2509 6700 4535 8112 9005 2389 7505 1656
17 247 3089 1623 1527 2005 4579 1909 1910 8769 261 1693 8475 5528 740 1417 6053 878
18 421 1454 4705 3419 1392 5952 9108 6050 9743 5665 7681 3834 3764 215 8327 3107 1990 4670
15 435 8825 5733 1104 7627 3855 8566 468 2698 2845 2176 6052 3008 3109 5995
18 480 9808 2582 8691 5110 9308 9453 4479 3772 2910 9202 5356 4337 625 6000 8754 7988 7269
15 1229 295 3814 6799 2625 2086 6470 4383 3397 2640 3007 2416 9010 9831 9588
14 1884 1936 4399 3925 3524 1809 1361 5600 1269 3100 3943 9175 490 3446
17 1985 3390 9612 8730 5025 1761 8896 4620 6327 316 5205 2418 5095 7980 5097 9853 8115
16 2151 11 1198 5463 8551 1212 7556 7126 9066 7484 4161 6682 1108 4492 9306 7844
17 2305 277 1270 1252 4996 108 3 110 4093 5519 113 6794 9549 5712 5778 1519 1019
15 2362 7114 1639 6208 776 7952 3029 3570 3818 3030 2889 5893 9284 4013 5337
15 2428 7267 4912 2678 6606 781 6166 6167 1120 2593 2920 5099 2628 9618 1899
17 2494 4101 7756 1362 1683 7797 3451 4752 8890 7246 2515 9835 3607 4197 8696 8830 6176
18 2519 3185 1135 3515 1365 7803 3457 4619 3108 6391 5961 1585 2486 9450 7727 1227 6398 6399
17 2659 921 6126 7993 1755 7191 5364 7210 8618 2772 4073 7537 559 6406 7 3618 352
14 2816 438 1178 1413 1855 4106 3128 3376 3796 8086 5137 9850 8698 487
17 2951 6104 2405 9173 3910 5971 2186 4117 6069 6070 1491 4332 7332 7793 5881 4534 283
18 3305 9861 5216 1624 2575 5289 6807 3699 2339 8892 6883 8252 6138 8354 9149 3197 9877 8249
16 3370 5124 2663 3489 1502 850 5229 2417 8290 9077 7291 4139 7356 4622 6919 1052
16 3433 2476 1015 8613 6884 1607 7103 6816 1030 9939 7657 1474 8523 3221 8518 1945
20 3733 3681 245 7483 4004 9302 2801 3299 195 4591 7736 4203 6743 5710 1494 8795 8978 4064 289 3308
16 3780 356 8664 579 1883 2044 1993 8630 2996 9212 5453 5550 3906 415 6818 6685
14 4160 2741 1603 1482 4241 1822 8694 9609 1815 6533 2481 3755 2377 401
15 4328 374 1251 3624 7973 9211 7819 3652 1697 6150 8326 1419 1839 3593 9739
18 4517 4603 7530 8225 6706 7618 3224 9199 76 7449 7544 1987 5252 1344 5134 6781 3737 5127
17 4602 3260 1680 4212 6072 6746 2887 188 3241 1411 7905 8976 2071 221 7581 6337 920
17 4750 4942 6660 1271 7521 2196 6392 315 1470 2766 8411 5552 4938 4790 1821 1763 1999
18 5087 3726 1631 6893 5278 8366 5490 2713 689 3786 8700 6618 5829 1234 8176 7656 9318 6004
19 5878 6821 6723 654 2450 3441 7155 9139 3930 392 5464 7940 1653 1654 6477 3140 1657 2558 7047
15 5924 9734 2334 6907 6161 1927 8524 5608 4330 4331 3516 8684 5559 2356 2930
19 5954 5210 1879 6963 631 2023 8166 2530 1006 4962 5471 2083 9680 4172 4643 7405 6120 2985 5140
15 5981 414 1331 8205 3410 2605 1590 7071 7193 6980 4355 1280 1313 933 4878
15 6474 287 8234 5251 3357 2308 9408 7703 7250 9131 909 3035 5915 2277 1919
15 6531 521 1424 4921 3066 5671 3449 2977 7982 1751 9194 307 1156 7084 3157
16 6690 7968 5233 1784 1662 8937 9085 2936 5018 4251 3213 3214 8884 3641 4887 3385
16 6754 6124 1717 1953 465 2852 7788 8108 5101 2810 9075 1426 1635 2733 3809 1205
18 6769 9021 2836 7033 9993 9759 248 587 9358 4739 3111 4384 2285 5194 8515 2577 8568 2579
16 6825 5309 8241 8177 2326 9129 3178 746 6730 4590 2666 2874 9824 5536 8898 1272
15 7060 542 4851 5522 9787 2230 5758 3158 9769 5112 3494 6240 7896 9713 2197
14 7108 681 5236 6520 2027 3917 5053 4587 3633 5368 8323 6881 903 5484
14 7245 7090 7075 1253 2157 4411 8207 3530 4371 7596 7832 5461 3509 2211
18 7471 8332 7532 2990 183 2383 4884 29 9837 2991 4753 9412 2826 488 1599 4692 2831 7445
17 7475 3518 861 623 4032 5280 5009 3233 5399 3603 891 2452 1847 3024 9798 5852 4072
17 7680 2328 1743 5439 371 6664 629 6676 3974 1244 2247 5479 6081 7422 8616 4138 3103
16 7751 8663 2529 9244 9245 2547 7686 3436 4823 2139 9973 1442 3932 3819 6912 1199
16 7972 3514 1725 5624 4100 9200 5590 3874 6010 229 2576 3294 5691 3878 8542 7796
16 8143 3491 2531 9570 4502 8605 8233 3430 4390 8461 3486 4839 4626 2420 4227 4972
17 8180 988 8502 5298 1594 1189 6657 9087 5290 4911 1660 59 1329 6701 4444 2118 2236
15 8200 3922 2182 1601 1515 3987 4225 5586 4025 1754 5814 3475 7930 1628 7545
17 8360 7072 7542 1499 2626 6829 875 5395 9321 1572 405 4353 4635 1593 3251 4638 5789
16 8462 5942 1804 1846 1880 9911 6073 930 9552 3438 4949 9659 6558 7187 3813 7492
16 8776 784 1460 5310 3365 318 8510 9016 6590 9057 1087 6314 3092 6022 9157 2223
17 9162 2049 2341 8324 4099 927 2988 3333 8231 7367 6678 2134 5844 2136 3937 5312 2768
17 9220 5422 4840 3842 6446 6776 9392 8025 2502 3693 3132 3133 1249 3604 8597 5984 3119
16 9540 7235 525 3193 2358 9429 3954 3043 1532 3203 6756 9275 5392 4372 8932 8636
15 9698 789 6362 767 4249 2568 3606 3287 5011 8483 3905 6214 5015 3031 998
15 9886 6481 9943 1891 2477 7050 4480 1459 6468 3929 4338 2783 2057 6709 7122
