8 11 356 2652 724 3156 3299 1777 1581
8 31 4683 558 225 447 1367 1813 4090
8 40 1552 774 4393 4060 3668 2785 55
7 89 2009 2786 2360 4263 1999 1053
7 148 968 538 1609 3741 781 3053
7 169 2231 2731 4089 4493 2498 1906
8 180 399 4812 3659 420 3174 4146 1487
7 185 1458 785 2248 3484 4445 3898
7 197 153 1837 984 675 3436 881
8 199 1110 2978 249 2343 417 692 3726
7 202 2915 770 1817 1967 2555 1157
8 220 4561 3422 2943 2124 3970 1154 2037
7 223 1629 485 4151 1463 605 4635
7 247 1611 1144 2351 3795 3755 4046
7 251 1997 402 3957 1267 3963 1088
8 312 937 618 595 3881 2645 1526 3231
7 326 125 1354 3608 3441 4164 3768
8 378 1351 1530 1756 2629 3627 2702 1359
7 383 1607 3300 432 1328 151 1865
8 395 4278 2968 2025 4666 757 3744 4113
7 400 301 524 398 2700 4242 2285
7 411 2081 3364 862 2878 4309 2580
8 414 2181 2387 3391 1532 166 2849 4140
8 416 3000 3338 3228 3252 3854 2472 1529
8 423 3344 619 1729 1948 3792 4446 1379
8 448 1242 2595 3683 3537 184 2937 350
7 450 1073 459 1177 3946 800 2678
8 462 505 3061 2044 1834 3817 1139 2135
7 509 1638 666 1150 3938 3188 1165
8 594 3999 359 1291 2914 1344 2818 2526
7 600 2541 623 2112 792 983 1644
7 635 1791 3216 4328 4848 1698 2458
7 676 2263 3033 1731 3425 3712 1536
8 678 4163 2333 1714 883 4746 3899 338
7 684 4664 1867 94 3176 4778 4231
8 708 4452 4890 4594 903 2795 2287 1301
8 709 3241 1093 1827 4267 527 4204 4950
8 711 4625 212 2960 2107 2027 2419 4770
8 725 1164 139 1744 4288 3062 2896 3297
8 727 2241 239 4360 2494 4028 4513 846
7 731 4989 2091 3738 474 133 1151
8 745 4225 972 1627 275 4322 3488 3727
7 775 967 263 32 647 4982 1855
8 779 1189 2739 4554 3858 318 146 2022
8 827 1208 874 2479 288 4728 361 1683
8 830 3689 1782 4130 1687 3879 1315 4189
8 849 621 1140 3663 585 1615 2476 3197
8 861 4333 2890 4011 1340 2897 4482 1202
7 868 1873 4200 2364 3020 957 3454
8 880 2041 256 2056 208 3405 3709 4508
8 892 4591 2057 928 4629 4896 4324 2594
8 942 4432 2276 3048 2111 3246 2316 2264
8 950 113 1929 3424 2228 4475 863 4094
8 955 377 3906 2738 2200 1655 472 4241
7 961 4013 1841 4172 3334 1389 4655
7 971 1314 1804 515 2837 1129 4616
8 987 3277 1071 1785 1786 1676 3911 677
8 1010 782 4979 2295 4254 2039 1282 3859
8 1012 1481 1347 2348 884 2020 809 1279
7 1024 3653 3529 1231 1550 1346 4298
8 1038 4579 2575 64 3572 1985 3578 1832
7 1045 1040 2329 4433 3844 3631 2703
8 1060 2531 155 4221 1914 1778 1017 1235
8 1068 661 2454 42 4210 3777 3790 4230
8 1117 2877 3942 2483 1770 4583 2403 4830
7 1120 4775 1652 2362 1272 1138 4243
7 1162 1801 738 3648 1597 4239 1979
7 1170 1391 3233 3974 2004 2053 1276
7 1190 106 200 3793 2080 707 3918
8 1236 3518 3326 4319 2292 649 4365 3549
8 1245 843 2303 3239 2428 4208 1030 4107
7 1256 3634 2558 1686 463 4919 879
7 1260 1617 4121 1007 3255 2440 1491
8 1261 1754 63 820 3395 578 3500 3660
8 1262 1518 159 833 412 1691 2708 4777
7 1305 357 232 335 4457 4023 2294
8 1312 3603 8 514 1083 3580 4910 2067
7 1360 1826 2497 795 3506 837 1220
8 1366 3758 440 1420 2666 2969 1628 4027
8 1370 479 2170 2759 2118 4455 4903 3367
7 1386 3562 3753 1988 588 1787 4039
8 1450 1534 2640 2707 99 51 3606 2569
8 1500 2658 2864 4750 2716 1975 2238 4359
8 1502 4758 2446 2398 1168 4888 1561 2261
8 1542 351 2697 748 613 3865 1693 839
7 1546 1779 1336 1819 1706 3543 230
8 1568 3588 790 1760 4523 3069 529 3318
7 1588 2934 4353 2948 3967 173 608
7 1602 2499 140 142 1674 798 838
8 1619 297 1324 1576 1632 2772 3864 1643
8 1626 2574 1641 1559 3495 4283 2157 3497
7 1642 3519 2402 71 3882 3415 3437
7 1650 1930 4524 3610 149 1656 1838
8 1654 2074 1226 4478 1747 3140 4578 4747
8 1670 2495 1528 24 1082 2512 85 3149
8 1707 672 4675 2789 4624 3124 4226 4109
8 1715 81 2409 4259 3226 1869 4544 3438
7 1738 371 2002 2477 4586 1968 3122
8 1750 1107 217 4049 694 452 4738 2436
7 1751 3564 3194 1831 2949 2599 2944
7 1759 346 390 1679 2618 4735 4927
8 1762 4814 22 2219 2040 857 4721 4003
8 1814 4681 4460 1966 2736 1203 2030 1620
8 1825 401 2879 4238 2974 3074 4145 2204
8 1894 1438 4063 997 958 4252 4070 2689
7 1899 182 701 3705 49 1515 2607
8 1909 2492 2872 430 2902 1048 1028 2758
7 1916 4742 1020 4391 2921 4734 4752
8 1943 4379 1903 3355 254 103 1047 1713
8 1990 4426 1270 1413 1978 4108 119 548
8 2000 3940 4165 2624 930 796 2540 2900
8 2023 4382 1076 550 2775 3831 2810 210
8 2028 3697 2069 1322 2908 337 1497 1362
8 2060 679 37 2514 66 1437 1355 667
7 2079 2182 2317 4223 1357 2230 2465
7 2088 1822 2734 938 4496 1741 576
7 2090 33 1755 3886 339 1137 4078
8 2099 3728 3028 698 4535 205 3117 2941
8 2102 443 3665 2938 1525 789 658 570
7 2152 933 1349 193 3385 259 1956
8 2159 4859 504 1430 4981 1049 1702 2254
7 2166 1122 3265 1600 2196 2214 1371
8 2233 4849 2092 2567 952 2190 4630 2723
7 2250 4316 1067 4407 3811 1701 3356
8 2260 2463 1547 490 2693 4168 2664 2597
8 2266 496 3921 3382 3135 580 2646 3132
8 2300 1141 797 2550 2966 129 1722 1269
7 2311 14 4101 262 3710 3576 2826
8 2347 612 1042 887 948 4462 4534 4368
8 2353 1345 3162 3001 979 1072 788 3232
7 2354 547 555 167 1633 2270 3992
7 2371 4404 4047 2750 3837 1433 4909
7 2376 4443 1398 3357 786 1104 56
7 2396 4918 1188 1435 3056 278 2480
7 2413 1835 292 1695 3714 1112 3735
7 2424 4626 2743 4229 4608 1482 4904
8 2447 3461 4568 244 2850 1511 3756 3885
7 2453 1240 767 2136 914 1350 3208
8 2470 700 4669 3583 1806 4057 3390 387
7 2484 3207 3973 3291 226 98 4255
8 2518 602 2433 4250 864 2093 3966 2097
7 2539 646 1378 4076 2284 4606 1771
8 2559 3406 3618 3404 9 3952 2529 156
7 2563 4685 4126 1142 2584 4331 899
8 2587 1248 3064 384 79 4977 1564 4488
7 2591 873 110 2011 891 1981 2442
8 2602 2410 1011 652 1647 145 498 123
8 2605 2386 4476 4570 1976 4390 408 4399
8 2614 962 592 4612 2468 1374 3435 59
7 2657 108 1935 875 516 4376 4542
8 2680 3236 2979 20 2048 1849 2212 3582
7 2683 1 758 4325 2098 2677 1589
7 2685 3240 2852 310 4800 4471 4064
8 2725 50 1421 1094 4281 4522 3896 454
7 2730 273 135 704 906 3661 2936
8 2732 572 4317 4159 4279 2986 3620 264
8 2740 4863 1330 4300 4275 2188 853 58
7 2768 1031 1766 331 614 1730 1669
7 2802 1506 1857 3304 3725 3134 70
7 2859 4207 1033 1194 3706 365 4817
7 2860 3051 325 1700 4074 4763 567
7 2861 959 1613 4142 3748 1636 546
8 2869 1648 379 3052 4370 1448 4388 3099
8 2871 4526 3462 3636 2469 1057 3555 3410
8 2875 374 1901 209 4289 3284 1227 1748
7 2885 2901 2838 729 1630 3003 3397
8 2886 1661 0 240 1462 3350 1970 3891
8 2893 2308 2372 4006 559 761 4348 2548
8 2910 772 1044 2778 4672 2461 269 3095
8 2911 4659 344 3320 1212 1186 3789 1218
7 2920 2161 195 965 1861 776 2945
8 2932 1721 198 4374 280 4083 4822 201
8 2950 1848 2633 1557 2240 4143 2029 3345
8 2964 3254 2262 2043 4558 3266 632 1158
7 2985 3401 842 2087 4576 4515 2757
8 3029 4002 4347 794 476 4786 3386 2138
7 3032 35 4878 784 1479 3780 537
7 3055 141 1471 2517 1592 1797 3168
7 3070 77 561 3276 3114 4500 4284
7 3084 3177 3612 3988 1595 2747 1710
7 3089 733 2804 4553 1878 1388 878
7 3100 1102 1891 102 1889 76 1680
8 3110 2816 3452 762 3951 3587 2619 3715
7 3112 231 650 1851 2003 1984 4680
7 3125 227 34 4806 1565 4031 4258
7 3160 1405 4646 4810 2620 3214 2776
7 3189 2913 1774 1973 3092 1509 3997
7 3235 3855 2258 804 3538 1790 4308
8 3242 2274 4134 1907 405 4946 289 3108
7 3263 870 909 925 3072 3916 2895
8 3270 4528 2742 4997 3301 1422 900 1237
7 3293 161 3305 1697 3807 1696 111
8 3295 851 2724 1895 1016 2695 3379 1339
8 3298 215 977 2066 80 2431 4684 2223
7 3303 486 2239 2173 3614 3838 4948
7 3312 1121 4532 3848 2669 15 4059
7 3348 2551 2722 2165 4853 4214 1300
8 3349 118 2036 4405 2774 3428 2572 4461
8 3358 2811 4127 4674 1182 3307 4755 91
8 3369 3129 1373 3499 242 3417 2672 2523
7 3400 315 4131 2017 2474 2242 4205
7 3420 4061 1402 831 2973 3747 3590
7 3430 3766 2167 1902 4807 4186 2147
8 3440 2552 4968 305 3813 2840 4129 4549
8 3442 2701 3539 3339 1018 1145 2834 4315
7 3445 1013 3862 3200 1238 2391 3778
7 3456 3049 2656 1221 4899 363 1338
7 3515 39 3076 3965 1577 4010 4400
8 3520 847 475 3067 19 620 3944 3969
7 3525 4541 2748 2691 2177 3703 1768
7 3544 521 2782 2565 1400 553 3693
7 3586 765 1957 176 2996 641 369
8 3600 2071 991 2987 154 2139 2990 4754
8 3604 3563 682 3118 409 4547 3541 628
8 3652 1192 4673 771 922 57 2891 3979
7 3676 1297 502 1293 4431 4851 615
7 3696 3948 2128 494 4922 2005 4451
7 3707 295 519 768 1499 1937 2939
7 3733 1098 1169 1605 2247 889 3718
7 3740 780 1950 3439 60 187 3874
8 3784 3169 3185 1815 1961 83 4740 116
8 3798 732 2925 3825 1335 1198 671 1311
7 3826 4593 1960 2059 803 437 1726
7 3827 4892 1288 3412 1883 3646 3657
8 3830 1383 4797 4098 2437 2500 2726 152
7 3840 272 1845 1560 4774 1452 998
8 3853 836 3173 16 75 313 1567 3031
8 3894 1781 2464 101 4725 3678 1027 1859
8 3904 1893 654 3935 2415 4100 4638 3279
7 3926 960 1205 4834 2856 404 2919
8 3945 2889 303 1737 1396 1678 4041 3868
8 3950 1521 4351 2967 3746 2780 26 834
8 3962 2151 3505 2809 517 2414 4247 3014
8 3976 1541 2101 3037 1555 1847 105 3782
7 3978 3521 246 616 1799 323 4690
8 3980 3479 3690 2359 4199 2582 329 695
7 3984 1127 3775 2064 1681 2068 2049
8 3986 3922 1874 2298 2104 2812 3561 3688
8 4001 1331 506 4960 53 3509 1065 4917
8 4019 1310 1496 1283 2085 2416 4610 4062
7 4020 3695 160 2323 4054 3609 4034
8 4021 340 3163 964 2814 2815 2600 4827
8 4038 2609 27 321 2926 3875 2586 43
8 4075 3229 3186 127 4538 3182 1584 284
8 4117 1361 3932 4726 817 2237 907 3142
8 4123 1934 3810 4936 902 3102 4845 3877
7 4124 2275 2352 3664 1457 4052 4277
7 4148 852 2923 2185 3250 1416 3178
7 4149 3381 1329 855 3483 4297 97
8 4150 685 1972 1868 2245 4843 4642 2647
7 4158 3975 565 4921 536 3383 131
8 4170 2491 3243 743 47 3103 1646 4287
7 4176 397 2957 1316 1531 4458 2144
7 4178 2571 2012 2126 1780 2286 680
8 4198 2140 3619 3360 2975 1612 587 1888
7 4213 2676 1251 4865 1074 1239 4536
7 4232 3316 4862 4668 1223 3596 406
7 4256 309 4224 4711 575 4498 3451
8 4282 266 2767 1101 911 3157 4689 3323
8 4337 1461 3202 1523 1381 1404 2395 4410
7 4340 3426 2337 3554 826 1278 2570
8 4341 473 2857 978 62 1108 589 1395
8 4356 253 3842 1406 4171 648 2971 296
7 4375 1036 3923 2226 1494 895 4999
7 4378 497 2350 1942 3109 2279 4380
8 4419 1273 4670 755 2207 1634 2172 819
7 4429 2989 2307 2452 3121 285 23
7 4525 460 4290 78 2984 2313 250
7 4550 2206 4195 1103 4871 3535 1285
8 4560 541 1712 46 4943 905 4623 3138
8 4565 1606 1043 3159 4984 4409 2198 1084
8 4603 1143 4545 419 4509 1788 36 4439
8 4604 1179 3593 659 2653 1222 100 1473
7 4609 2243 418 943 1434 1507 1520
7 4613 2301 596 345 1566 2073 718
7 4617 1280 1193 825 2696 2366 3625
8 4619 1810 1614 2462 1175 2110 4760 3698
7 4620 691 170 1096 4996 1476 2288
8 4622 2015 4 986 4949 3458 3393 3745
7 4649 2199 115 3453 609 2070 3187
8 4660 1767 1493 2373 1308 633 12 2515
8 4708 4115 147 1919 2668 752 3989 3846
7 4717 2302 1325 3175 2438 4756 1573
8 4724 2623 1887 96 4193 2189 3148 483
8 4731 791 4408 2042 530 1032 3671 539
7 4744 2820 1796 3589 4718 287 3319
8 4751 571 637 2346 2787 3407 1808 556
7 4787 3172 2269 2905 4710 2887 3872
7 4876 2719 1758 1772 919 120 1343
7 4893 330 4955 1535 4546 3082 4953
6 4898 1501 523 3158 3595 2007
7 4907 573 1069 2613 1740 3337 4296
8 4915 989 3796 495 4166 3289 927 1533
8 4930 2762 642 2253 213 4097 3528 1949
8 4944 3388 2511 2345 2667 4563 2636 4188
7 4985 1210 2970 3742 3599 1876 3281
8 4988 4548 434 3081 1839 1097 3943 4087
7 4993 4957 1667 2361 3368 2061 3857
8 17 1268 13 2184 4079 2947 995 3761
7 87 3133 4502 1716 3629 4411 2761
7 122 1281 657 4854 4096 4803 4912
7 132 1447 511 4935 1265 2290 739
7 144 1551 3150 336 2655 1880 2754
7 191 3553 1166 4248 560 2174 999
8 219 1996 2434 4596 3635 2631 4861 2876
7 271 848 3111 1254 489 3372 4106
7 286 1711 4967 1090 4192 2510 1026
7 307 871 872 3447 552 828 1296
7 327 2078 841 4798 302 413 1006
7 334 1662 3477 3873 466 2459 3444
7 352 1263 2506 835 3137 4889 3860
8 355 2566 4211 2513 4367 2906 1418 1419
7 444 2489 6 2501 2493 3776 1397
7 481 4005 821 4417 3498 367 4872
7 499 1217 4601 2055 4661 4413 4597
8 520 1927 353 1858 2617 1436 3815 394
8 568 1800 910 4813 1625 4569 3594 2331
7 583 1991 2047 3256 4759 2577 3012
7 584 975 1211 2611 4377 3575 4418
7 622 1321 1470 3219 1087 3947 598
8 624 3097 3123 2643 3371 832 4529 2638
7 625 3670 932 3545 2593 2155 3296
8 630 4531 2363 3259 2129 3622 2866 4448
8 651 2670 599 1495 1974 2955 3895 2692
7 670 3912 1603 4884 1699 4197 4182
7 690 4804 2001 1736 2753 1275 3167
7 715 3824 1206 3044 1798 158 4507
7 720 1286 2994 917 1126 3183 4346
8 730 2972 2280 1443 3040 4007 3432 4036
8 741 3278 3006 376 4730 912 3765 2709
8 746 2109 52 1884 814 3736 3560 3760
7 769 1454 2718 3375 4216 2601 4920
7 888 3903 3253 2156 3626 2355 4511
8 890 3954 2194 380 3814 606 1913 192
7 908 2791 894 4588 1039 4000 1134
7 923 2581 4215 2533 2797 3042 121
8 924 3850 2106 2608 4886 638 4295 3427
8 934 3871 601 1572 1994 1225 1915 2267
8 970 3682 1118 2008 3708 2855 2853 3141
7 976 1545 2585 1411 1517 196 4260
8 980 4086 557 3408 4701 2777 4177 4466
7 1050 1052 3887 3221 653 4422 877
8 1070 1955 4634 3280 4162 469 3884 2277
8 1148 3362 3063 4833 1327 4358 990 4846
8 1209 3195 3414 1708 4363 3836 4271 1727
7 1264 2131 2195 1769 2340 3096 2977
8 1289 4941 3964 1892 4469 3166 1599 542
8 1290 2271 3937 3919 3941 2793 431 674
7 1334 2222 3306 28 4840 4573 4839
7 1356 2473 4056 4959 2225 710 1199
7 1375 3731 3645 3478 128 901 4582
8 1376 713 2205 45 689 4185 4510 3909
8 1401 84 4741 1939 579 1569 4269 3222
7 1460 2980 4976 1911 4972 3821 492
7 1490 2281 453 2356 358 885 2538
8 1504 3503 3075 1133 3038 3317 2516 1178
7 1508 3087 867 1372 4392 1910 1015
7 1548 4312 104 2328 1109 2642 3026
8 1601 2148 1382 2912 3752 4349 2525 3579
7 1610 1153 1863 3237 189 3203 3030
7 1616 4103 3341 3091 3449 1871 4227
7 1618 2616 3211 994 1051 2016 4877
8 1665 3929 319 4050 3687 1298 2210 3876
7 1793 4567 4883 228 1993 3015 3024
7 1823 3913 2959 1091 3481 3936 3754
8 1840 2432 4934 2485 4835 2741 4719 4320
7 1908 981 470 2684 2846 3669 1058
8 1921 2799 1492 2828 4995 3147 742 3781
8 1925 3423 235 3902 4956 1079 3073 3251
8 1962 1733 174 2272 551 3577 2898 4160
8 1965 2807 3047 317 306 2460 265 665
7 2160 3880 4929 3684 1085 2862 3915
8 2168 1214 3802 2562 1639 1426 4866 2283
8 2201 1582 3455 931 1987 740 1824 3310
8 2232 2832 324 2790 1928 507 4141 3327
7 2265 4595 660 696 2197 876 4401
7 2282 2560 1852 1856 491 2108 3146
7 2309 90 773 1002 2544 946 2699
8 2553 2720 1905 3180 1123 1008 3234 1653
7 2590 3566 4133 2381 4702 2426 3366
8 2663 2192 175 360 2021 4138 1503 4868
7 2690 3151 1259 4940 4009 3694 112
7 2705 4032 1958 1132 681 1946 4336
7 2819 3402 2825 429 1136 3010 2874
8 2831 2365 759 4292 4055 1161 3083 1952
7 2863 2120 3309 949 1319 4694 3487
8 2892 3501 3925 706 1115 4762 433 3257
8 2931 1685 3376 3797 1594 3139 4389 3724
7 2935 2841 177 2475 1468 2520 2368
7 2983 4481 65 687 2625 3494 4483
8 2992 3526 3592 766 4722 4329 3394 3522
8 3005 2397 4167 4611 465 2737 2505 2698
8 3013 4415 222 1749 1243 2296 2100 4068
8 3018 2792 4788 4537 1423 993 4799 3773
8 3035 2770 391 107 1743 1645 4633 2765
8 3155 2821 1735 2211 381 2319 1690 1432
7 3170 2610 4139 736 631 4808 2854
8 3184 4384 1705 2450 3508 929 2813 1156
8 3191 3050 1986 807 2065 2169 2927 3933
8 3264 806 1746 1829 3654 86 4266 368
8 3275 2519 1877 2687 4067 1159 1409 1663
7 3325 3907 1080 866 4017 4066 4179
7 3332 2208 1035 1444 2338 4521 4406
7 3340 4847 392 1000 1116 1951 1703
8 3351 4425 1184 164 2965 1173 629 1224
7 3365 2216 4832 3972 2679 3843 2105
7 3470 3416 1086 3286 717 4856 229
8 3531 3080 966 2847 1204 4369 2326 4768
7 3540 4499 2052 484 2909 3764 4654
7 3550 2604 1191 2884 673 3987 2622
8 3650 4891 3819 2406 1440 3990 2745 4137
8 3685 385 1938 2425 2310 1764 1216 4589
8 3691 3809 4236 3389 282 3655 3377 1304
8 3737 2320 5 1807 4381 2749 4836 2314
7 3769 813 2094 2694 298 1333 4505
8 3832 2801 683 4268 435 1922 3238 4169
8 3833 4203 996 214 1207 4184 4479 2430
8 3890 3101 1181 3046 67 1998 1019 3993
7 3920 2621 467 2867 3897 1442 3413
8 3956 1658 424 3258 4114 2249 574 1739
7 4015 218 869 3908 1579 1453 1842
8 4080 2045 947 181 2843 2322 2528 4598
8 4088 3171 1185 815 3094 2858 2191 3713
8 4091 3311 2163 3558 822 3126 2507 4128
8 4095 4206 1844 439 764 4069 4527 3624
7 4104 3245 1246 4769 283 2383 1803
7 4118 2598 2603 2713 669 3468 3573
8 4181 3078 4809 2146 3812 2076 1720 2589
7 4218 4771 1649 332 3571 3829 2958
7 4220 3849 3328 136 3268 3491 2142
7 4235 4951 1105 3818 1417 2390 2244
7 4302 1505 611 1385 898 3570 260
7 4335 2710 4435 2257 1846 554 829
8 4342 1320 4465 626 2982 1836 3043 1718
7 4364 4705 2721 1944 3489 1820 3223
7 4373 1234 1196 2130 569 4093 4276
7 4464 3680 2256 2213 1078 1021 3719
7 4490 3977 2202 4945 1309 1660 4736
7 4492 1578 299 4016 255 4539 1326
7 4506 4125 4037 4773 1466 281 4879
8 4516 3282 3524 3212 2760 4371 3271 3552
7 4592 4975 2291 4191 703 2401 2218
7 4639 3616 4826 920 2998 2830 4132
8 4706 4261 3260 2993 1773 3472 726 859
7 4709 2784 2408 4952 4697 4092 916
7 4737 2918 3007 2755 3983 1553 1794
8 4782 3602 2588 366 2273 2573 455 1077
8 4784 4816 3512 4677 18 1429 4618 1287
7 4815 1303 2251 735 1586 945 3450
7 4824 4577 793 4636 3476 2236 373
7 4841 471 316 1995 3036 1455 4489
7 4857 3193 4043 4801 2681 3249 4974
8 4882 3217 2050 1879 186 322 4720 442
8 4970 4187 3638 1445 1593 396 1187 4587
7 162 2674 3342 2940 314 1306 4274
8 188 3516 3888 533 816 3057 1805 3492
8 410 3206 1870 1483 2380 1449 3009 1348
8 438 3448 1809 2596 1917 2123 1789 2763
7 464 4928 2324 3380 1585 3058 2335
7 480 3934 61 3418 4436 93 3459
8 493 2981 2393 1717 2358 1694 2808 1682
8 525 3065 744 2561 3548 3949 2727 4987
8 545 4450 4767 4085 4789 1317 21 778
7 617 3711 1352 1989 2746 2673 2013
7 636 2781 2579 2018 1732 3805 2315
7 656 1252 4699 850 3164 3861 3785
8 940 1486 3161 812 2829 293 446 3374
8 1064 4971 2305 3883 2429 3131 1821 3098
7 1377 4811 1337 3106 1570 915 721
8 1390 4395 4291 163 2660 3556 1918 4939
7 1464 3939 1543 3421 734 3679 3799
7 1465 4270 2637 1249 818 2543 3354
8 1527 4540 4304 2836 3093 3347 896 4707
7 1912 4869 3136 150 1940 2297 3507
7 1932 3361 194 407 3662 2729 109
7 2024 4357 4004 4326 456 2031 1467
8 2227 3116 1941 3041 4819 2907 2576 4501
8 2268 4615 544 1635 4765 3536 2448 3823
8 2405 2344 1514 44 2384 1075 2756 4144
8 2421 737 2367 2399 3510 4343 3930 604
7 2612 4881 422 4470 597 1230 3331
8 2928 3290 1384 4874 4327 2443 2769 2175
8 3054 3774 1201 705 4900 3077 2385 4350
8 3068 2404 2868 4864 3127 2150 4700 2456
8 3287 4580 308 3640 4805 349 4209 2083
7 3346 261 3502 3128 508 3901 1489
7 3474 3224 3060 2530 7 581 2537
7 3546 3651 4249 168 2370 1571 2542
7 3597 386 3335 436 4983 2848 3527
7 3613 4781 3866 4474 3835 4253 811
7 3632 4111 4468 4650 1850 1063 4519
7 3800 3674 2744 714 370 2822 1672
8 3863 1113 610 3982 1866 3759 1485 3
7 3869 1621 4338 143 1451 1099 2389
8 3928 1881 3839 1399 1864 4640 4887 2728
7 4180 1980 3330 3617 441 1580 3717
8 4264 270 4307 4543 1253 897 3143 2930
7 4280 1947 157 3534 4599 3734 4838
7 4556 1752 2796 1266 3666 2509 3378
8 4621 801 858 3961 427 2644 451 4228
