20 3273 7421 1383 8380 6181 5181 8028 5040 7852 5978 4943 580 724 8536 8183 6236 1749 5282 4423 8382
20 34 5426 1513 5527 597 2843 9182 6070 1780 9269 6815 7017 4649 4183 159 2255 2252 2253 3114 1473
19 57 5195 9422 1739 7117 3158 465 8853 2729 3830 3861 79 2748 9270 1741 503 9823 729 1657
20 280 3055 2302 1048 7383 2844 7687 8711 6617 9607 1891 2176 6052 1625 6444 8310 7994 5006 7287 6697
20 380 3390 9017 1505 8544 9924 8303 8983 6330 1950 3732 4584 4131 1280 492 742 1853 3413 834 240
20 457 1050 8520 3010 1814 9345 4765 7164 3959 4552 9848 1488 9598 7721 2805 8887 4440 6795 2133 8500
20 460 2732 7329 588 1218 2668 2012 9803 8828 9732 8045 3102 1279 6430 7341 930 9552 3438 4227 5927
20 561 8460 7431 356 5047 9550 654 4874 5357 877 7441 9946 9266 7340 4079 5984 7861 760 262 392
20 615 6094 7365 868 7719 9528 5302 9054 619 7064 9427 3860 9972 3351 4586 4372 8932 9498 4838 3553
20 635 5613 8360 8161 3487 9725 9788 5400 3535 7207 8539 6271 7428 933 4878 1732 4024 382 7193 8226
20 680 7237 1714 8534 9637 8727 8099 1123 8529 1359 9677 323 1615 1106 8271 8488 6162 9356 5698 3502
20 727 4298 2686 5589 3616 1278 2171 1622 2888 915 5268 4587 1674 3551 69 4146 9501 2632 2483 9242
20 818 1203 3991 4737 9088 1553 4763 2359 4912 3374 4279 8238 5709 2436 8048 1388 4575 9805 5026 857
19 858 1825 9286 9240 2649 1491 1968 517 2792 7188 6676 5783 968 1711 1590 1437 2804 5967 8907
19 873 2086 3561 4632 6732 5063 2770 1193 7233 4794 1490 4773 779 6023 5114 4089 6460 4237 1940
20 893 9241 8816 6591 1236 6931 9748 3175 8964 882 9068 3077 707 3145 5463 1870 8132 2931 6142 5582
20 916 5476 126 929 9648 1727 5657 2938 1539 7910 1545 8701 912 4058 6510 259 6653 4938 4917 8198
20 1000 1061 9074 5166 7999 3652 2496 1556 9615 8053 993 8454 3589 3185 5025 6151 7199 2926 1362 1346
19 1099 2411 927 2244 6083 5244 3008 2229 7286 4743 1486 8317 6150 6287 5263 9876 3785 1378 1320
20 1111 168 3228 3858 7971 8890 1781 957 4796 7463 5578 4361 6335 1060 1938 5403 1225 6446 7021 3287
20 1255 5115 2984 8286 1616 1880 1778 1422 3743 596 8439 9128 3166 5539 7654 7541 1942 2763 8792 6793
20 1258 3061 7183 8014 4379 1342 1020 2793 8789 8098 1535 4413 9277 5077 1163 3734 2858 5502 5170 4139
20 1276 8130 4215 4244 1028 5286 590 2974 6337 1082 9288 7317 1820 3344 2017 5136 3003 9426 9720 2644
20 1393 4433 6417 1454 1598 6790 1679 8069 3890 3443 2883 6528 1476 5898 6952 6953 7099 1810 9929 9686
20 1427 3573 2322 3638 5948 4479 5968 8768 9622 1232 9765 9531 9821 4000 2503 3340 510 4076 1272 3527
20 1428 1511 9107 404 1284 5022 9410 7313 668 7319 8390 5365 3099 4935 3388 700 8402 7557 4694 8282
20 1464 7770 9076 1023 7530 4072 7107 6750 1788 3593 4926 8496 6146 8834 7799 7633 2357 4656 5331 1115
20 1520 8251 8551 1311 3467 9707 1261 4362 4664 3865 7145 4633 6137 8235 6201 7658 2332 3844 8822 9141
20 1652 3089 3980 438 9176 3582 5908 9140 1443 8939 5460 1470 7949 7058 5909 9555 6946 9046 7638 6958
20 1786 2024 9722 3129 9430 7522 6086 9220 9117 9264 4005 9922 42 5816 2084 7100 7829 7456 5831 8470
20 1803 7881 4982 2726 8354 723 2727 4269 4459 2660 6838 4752 3293 5439 4531 5490 2713 1415 7870 5593
20 1827 730 9162 9462 4381 6668 5481 1043 458 7077 6117 2575 3896 7398 9224 2684 6535 37 7886 3247
20 1902 3788 9334 6463 9818 9530 3004 9750 1492 6784 3477 3598 2714 4506 875 1204 263 8297 4779 8945
19 1928 82 3377 1146 5743 8150 4880 691 4836 1860 3341 6464 3188 3177 6580 1581 8338 2774 6029
20 1944 5991 845 2877 2070 9793 8473 5576 8125 238 5813 8790 7355 3364 8616 4820 2311 5718 4888 1459
20 2173 6977 2715 9108 8910 7811 6760 6515 4999 2310 9488 7409 6218 3928 984 3308 2786 2235 5441 8821
20 2200 4325 9104 5311 4367 2789 4137 1758 1713 9997 7350 9097 2861 1219 5369 9832 4243 8638 7834 5808
20 2213 5155 6209 3799 5659 6607 8549 2254 5838 2143 7629 3931 9445 4536 4103 7251 1399 3664 1959 6222
20 2239 7223 5923 420 8319 1487 4469 621 920 3626 6080 9392 4321 1243 3239 4610 5407 8440 8148 7092
20 2300 3546 7501 1093 5603 532 9807 6762 4863 5377 8388 901 9939 4346 3289 1421 425 4806 1447 5498
19 2361 2208 9917 1373 417 6886 6890 566 3476 4859 5658 461 5770 2541 6282 2897 8097 4046 4359
19 2380 755 5885 5423 6593 4969 8072 1036 8547 8601 902 8442 9259 1645 3564 5741 5098 9203 524
20 2460 7622 219 1806 7085 5504 5437 9343 6245 2880 3164 8933 2296 1672 9809 4638 3434 5584 9060 3303
20 2500 1116 7041 2109 9260 6482 202 3820 1784 2678 3962 3944 6194 2378 2993 5487 72 6670 3225 5359
20 2546 682 6903 8081 6646 6307 5620 3171 6811 699 4272 277 2317 5580 5873 5414 5824 3624 537 3426
20 2603 7001 4350 7564 3126 2540 6053 6636 6185 6428 108 5596 9051 2818 2819 2062 1599 2740 4222 4376
19 2687 9643 9403 1748 6902 3612 3891 4163 7032 3758 2720 308 3038 7005 7015 3312 439 5121 4905
20 2723 2610 534 6731 8323 6885 2682 161 4305 2090 538 8733 8787 1811 5370 4790 1493 3407 8931 3250
20 2860 5522 4499 1794 38 9055 1857 4286 2373 9959 3610 5371 4942 474 8999 8222 5257 5528 4194 9429
19 2873 9674 1201 6439 9956 4643 7405 6120 489 6540 4818 6921 7750 5002 1597 9986 4772 2044 6298
20 3169 1394 8664 9908 3767 3348 2299 9593 4936 8457 2571 4975 8067 4687 46 5259 8994 5451 9901 7802
20 3261 1665 3876 2709 3779 4213 385 4525 7408 6898 2942 8915 5565 1522 7278 5267 7455 9021 3491 9700
19 3412 9522 7738 3095 9773 1953 215 7262 3892 3299 1150 888 4010 5325 1097 815 2413 3692 4371
20 3495 478 6427 4742 5469 7495 94 1333 6794 9549 5712 5778 1519 1019 8514 5788 211 9480 396 3208
19 3701 2527 9789 7240 253 9858 562 8690 6772 8422 2796 9825 8466 4144 5997 4355 7208 8729 4290
20 3898 8314 9967 6539 3053 5901 6805 6019 9473 6996 9906 1170 2738 948 2019 4065 8191 3781 8253 9915
20 3899 2869 2744 1323 4963 3249 160 8919 6429 2852 6804 239 3866 799 3867 7502 1871 3520 1208 6980
20 3940 1112 64 1726 5288 1494 7908 3878 9649 5634 808 4384 658 9792 9444 8988 7675 3366 6385 362
20 3971 4910 6685 6611 2275 7794 8565 7330 4559 4677 8233 3721 6852 98 8133 1567 3078 5255 9919 7035
20 4045 6596 577 9634 2685 3645 5739 6609 5494 5846 4785 1829 6894 9804 3151 5036 6851 9412 4542 1653
20 4165 8217 6807 1446 9103 2654 5353 9085 3455 1257 7920 5086 8346 5569 8542 8095 2179 7796 7410 9040
20 4400 5161 9042 5057 3595 8111 2211 3929 482 8012 520 4409 8982 9512 6957 8324 990 5551 6342 750
19 4420 5497 2510 2631 6072 9100 6721 3429 6240 7896 7955 1290 5764 4013 6626 4438 9599 1425 8214
19 4436 6305 7800 6238 4872 3425 1883 1007 9682 3826 6060 9851 4404 4396 230 765 7941 630 5050
20 4560 6005 7858 8463 311 7101 955 5046 7348 9621 9249 7792 1549 7205 4566 5231 950 183 390 6785
20 4659 5906 9030 1785 4620 5737 2127 3242 1317 4689 3577 1592 1958 5140 5153 1013 1718 6420 6076 4216
20 4686 7272 7637 7604 4113 7514 7683 944 5636 2598 738 8996 6588 8102 5690 1997 445 6544 7222 6543
20 4870 3492 9490 819 6143 5237 8657 8658 2160 1641 8258 4349 835 3515 7311 8252 5064 9064 5573 3092
19 4908 8889 2079 3586 8686 843 5197 182 289 2113 7525 1673 4170 2089 7036 2218 5790 8640 9794
20 4930 6109 3066 814 453 8280 8725 4967 8173 7059 7671 426 363 6154 5096 6144 9075 4189 8515 2243
20 4939 8573 3532 7783 2141 7686 1800 5847 8131 2069 2572 1596 5264 3852 7763 6630 4322 9306 7844 9811
20 5020 41 2930 2419 3574 309 5640 2122 2581 9513 164 8169 4691 1098 7206 867 9185 7141 6246 7698
20 5082 2167 6720 1807 1890 5190 6964 1212 4078 3672 9964 7469 1990 8953 4955 1924 3662 9947 9893 2518
20 5292 1387 7137 8386 5478 2579 7213 1414 6689 4246 5795 2187 321 5091 2078 8946 1405 1961 6471 33
20 5389 8663 9540 6925 2338 9418 8018 2891 6081 7422 2745 8504 4777 5952 1328 4653 6844 7490 1686 4295
20 5581 5930 8617 8543 5645 3901 1298 2664 946 1209 9768 2294 571 2822 5147 2268 8798 2466 6627 4406
20 5646 8001 9478 1907 4514 6743 5625 2051 6208 9330 6270 5535 6558 4741 5479 943 8742 2455 7956 9970
19 5662 1817 8462 4291 4263 2908 7966 4842 3601 686 2677 4176 75 2207 319 9148 5514 6308 7555
20 5731 8669 5355 7050 5680 6986 3957 5194 4050 1676 3279 823 7093 5144 7122 2183 4681 2657 1775 5392
20 5940 3585 8509 5740 3006 3179 5892 2864 1909 8645 5314 96 9505 650 7400 2389 488 9378 925 7706
20 6003 8801 2506 3915 3453 3315 6066 8904 1002 3996 7333 4735 3187 9816 4726 687 294 8428 3050 7158
20 6140 7797 9319 4849 1073 591 7810 9663 3321 3406 583 5562 1613 9347 2769 5207 9669 4395 4727 9110
20 6207 8347 2366 9434 9002 5373 3738 481 139 5574 2403 1723 3703 1593 3251 6110 7390 9840 5936 5488
20 6235 6554 4605 1667 6219 9930 7229 9195 4505 3291 2082 9274 6203 5033 345 1283 8724 5558 9971 3775
20 6280 361 6 777 4407 6623 3288 3198 647 9966 192 2202 6453 7493 7393 839 3123 9158 6499 9836
20 6284 4036 1577 111 2386 2364 1557 2456 6904 4043 5102 3833 8660 1685 8267 429 6254 800 3590 6691
19 6320 4630 9698 2755 4204 7853 4611 2695 6498 6155 6459 7724 9903 7113 4947 6228 5756 2669 5284
20 6353 7476 586 5084 4366 9338 1591 412 9417 6774 7265 5158 5818 7828 7379 6915 9881 1766 60 2987
19 6542 2501 6486 8764 2585 56 7570 3504 4603 6901 8673 2702 2502 5031 2600 1579 2473 891 6994
19 6560 8134 1331 2112 486 5485 4432 3685 7848 1789 5998 8092 7461 6160 381 8535 4781 6378 8591
20 6578 7306 2475 3280 5983 3113 7392 6159 4635 8929 7613 1538 5592 2711 9152 4981 3503 4647 6739 1386
20 6579 3544 7357 2724 9733 2286 9123 3691 7693 9617 5361 3068 1090 3555 431 2846 8823 2638 9465 5601
20 6592 4101 6895 2046 6374 1263 4827 4069 1922 6837 9281 8563 7007 1238 2188 5484 7170 2049 7051 9309
19 6640 7932 7426 8298 2152 9749 1375 7816 5151 7374 8140 874 995 2914 5277 890 5342 3367 9435
20 6755 4976 8308 3591 302 6737 3232 3981 1612 1319 2400 896 5338 2030 9452 2777 3806 7594 787 801
20 7096 6820 3246 3802 911 2932 5211 6692 2593 8891 3728 7095 2276 7451 9091 4161 428 7389 9454 7871
20 7224 4665 2262 5019 8206 9511 2003 6225 4418 7275 1921 1926 2718 6879 7652 7477 892 120 9784 4754
20 7402 6402 4414 9579 6322 5143 8956 2697 684 7780 1691 4214 5836 2429 8813 8814 8299 6803 2498 5408
20 7443 6051 2376 7885 4162 170 8646 1761 7102 4473 2568 1005 2566 554 316 1419 4370 5351 6379 983
20 7872 7744 9709 8553 6241 3238 7003 6130 1316 7973 9015 8455 9202 6711 8804 904 931 4238 6138 8264
20 7954 7261 6912 2526 3463 7877 8207 4530 907 2705 4461 6788 8952 716 8477 7124 8997 5929 9935 1251
20 7985 1178 794 4482 1684 2025 8292 233 7887 2934 8879 5835 3405 4803 1994 2409 2336 9496 1572 3525
20 8037 5590 9375 4513 662 3837 9798 2555 1130 793 6660 6869 5611 3222 6386 9675 4153 8192 2031 3174
19 8165 8922 4467 9799 9364 2130 7171 2006 2123 5849 3786 8700 7583 2128 5848 6655 2101 8641 1475
20 8175 6381 7986 3052 6507 6866 3253 753 2237 6672 3002 3715 7545 1833 7743 1 5433 7884 8892 7762
19 8232 788 4410 2785 1849 7607 3634 8818 12 286 5171 4703 8415 3202 8732 7838 9873 8429 147
19 8495 4671 6893 7981 8115 2650 2957 898 2444 2184 9178 865 8340 1705 7998 8607 9192 3395 8869
20 8538 6681 7558 15 8995 8832 7843 199 1045 1292 3988 1100 9187 86 5697 2609 7067 3975 7203 8035
20 8554 1049 8260 8016 8659 4166 3091 4091 1920 4465 8636 6919 1052 2753 3619 9301 3047 8735 7492 6796
20 8606 5538 2002 5321 5008 4195 3646 7532 4351 2157 8137 8263 7839 3110 4617 8802 5480 9509 4274 8315
19 8680 4297 8511 981 2704 9899 825 2780 8506 3421 9502 6334 6814 4127 210 7627 4203 109 2838
20 8810 1349 1385 9026 3966 9206 9414 9895 7930 1605 1104 8984 7416 4914 7320 9846 9381 8436 4450 1458
20 8979 8022 749 3446 2681 5872 6125 6547 741 2802 6758 7304 8751 9487 1721 1617 8552 2859 326 9431
20 9000 4224 9541 7346 5555 7358 6311 5677 7303 8531 5294 6848 688 4902 3770 3752 9534 9551 2266 4476
20 9008 437 3622 9889 3682 3880 5489 4333 7182 9978 1671 5683 1552 399 8391 3349 8400 5699 9865 8448
20 9049 4582 4130 4775 9860 550 1460 1542 3976 7140 6248 4819 9563 7442 3914 3067 4799 3221 7468 6735
20 9058 9179 5977 2971 1056 6468 332 850 1361 5600 4048 459 8754 8505 9791 187 6905 9699 7863 3090
20 9126 8348 1962 9411 3938 9580 9518 6082 720 5556 423 8783 6632 6937 2135 3570 2710 6265 8475 3846
20 9208 4385 8177 3094 5523 6730 4590 2666 9756 3098 9419 7271 1144 9325 3457 3935 2395 1245 1915 9941
20 9234 3393 3176 9125 3686 5262 4339 3354 3323 595 5312 8044 6771 2034 6773 568 4865 5290 7254 4522
20 9250 2327 9936 2385 3792 7149 1377 1793 3214 1365 4929 9606 4288 7722 3654 5101 7135 5117 7646 244
20 9420 5575 2602 789 3402 1325 9667 3516 4472 1694 4086 8377 3018 8216 4843 4840 9570 2080 3978 5744
20 9425 9567 2973 8371 5809 6488 88 3850 4464 5905 9188 295 1715 7855 9638 6312 5866 9596 2048 2791
20 9533 3485 9671 3581 330 9028 7928 7125 9479 4017 9102 7382 5014 3873 906 7847 105 6667 3146 6034
20 9626 4258 2584 3029 9779 644 4193 3186 1152 2465 49 2978 2014 5281 5779 6555 876 6564 4807 8329
20 9694 1356 1578 7167 1395 9199 3689 3097 1734 8414 8373 6131 7445 3839 6360 2590 9927 2334 9770 7707
19 9697 8903 8776 6776 7175 5300 1506 767 4249 5189 8327 9949 443 3640 3439 5041 7990 2016 3034
20 9744 4702 5011 2414 352 1266 8030 1453 5459 3063 6102 4663 1566 4596 7238 4156 9404 3688 863 3173
20 9800 1101 952 2837 5198 885 9900 5457 3842 679 433 466 8588 7933 2493 9273 4454 3100 7008 5851
19 9891 2396 9706 7478 6599 4918 1858 3071 5781 771 7639 812 3765 6828 5577 1943 8349 5416 4262
20 9953 3948 6480 8435 6882 558 3143 6880 853 6093 698 3069 8896 2445 8583 5881 4148 6227 7809 4106
20 3824 7111 2514 9169 1277 413 4007 2001 5696 7959 2256 8159 6651 117 2323 4332 7597 441 781 4445
20 1704 6326 3482 3400 4674 5256 8978 2795 3219 5508 1635 9650 2459 1244 2247 6992 1742 8336 5178 7430
20 24 4209 8070 7960 4782 4147 4122 3538 523 5934 663 8321 2641 560 6698 375 2509 6700 4535 3894
20 173 3161 3587 5511 2672 7483 2050 661 4783 4952 1403 6114 4172 3528 315 7314 2947 2 9129 2928
20 454 2762 9372 1947 348 7024 2758 8634 2665 555 2696 3974 4893 5448 3933 7681 1763 3428 7078 4771
20 462 5651 8152 683 4766 1381 3998 7480 7356 8116 6456 9385 1010 3849 886 2408 6497 5035 6279 4520
19 495 7366 3115 2708 5307 472 2890 4729 4669 8803 5536 8372 7599 3958 3042 9468 1836 1136 17
20 500 8471 8419 5694 2924 8076 9863 6128 1677 1779 5123 4881 5921 715 4488 6836 9934 2423 7511 8029
20 509 2490 606 711 6989 3594 4070 6662 1435 9510 4626 8378 8639 3086 9769 7151 6658 2497 870 8717
19 540 6416 6180 1600 8525 2680 5823 581 2316 1154 4990 6615 234 5272 9313 2834 2153 7200 8120
20 678 8564 3531 2067 9723 7992 3124 3832 4095 5989 5869 609 9254 4597 2241 9647 7509 817 1948 6479
20 773 61 7295 6061 368 9952 4705 530 7758 9849 7773 7618 7748 1954 276 899 3740 4714 1205 7066
20 837 5472 140 9933 2371 4543 7438 9705 6368 7131 5078 3016 9287 2831 9215 5186 7427 4839 5176 6243
20 1016 4978 9790 5722 2199 1089 477 7448 3147 9896 3548 8815 2261 5319 5845 5599 5483 2847 7552 4987
20 1180 3557 1423 2027 8533 9916 632 6484 8239 1309 2485 350 5350 3489 1699 4357 6501 7840 4393 6525
20 1196 3282 535 3424 2422 3708 7821 7326 6173 4207 100 4068 3039 5126 8434 1402 3170 3854 3437 8174
20 1420 7065 8777 8697 6171 6085 3747 3391 1688 7916 328 8499 9296 5723 5785 7055 869 9314 6333 2032
20 1516 1885 47 4623 8847 5103 9401 8589 849 3401 1159 9029 4285 8965 5075 3611 7673 8103 7506 7568
19 1543 2064 4363 914 4510 6585 4251 7712 127 4961 2679 6687 1795 5090 6861 2468 7425 2013 9506
20 1560 1634 2335 1830 5734 4898 8971 5728 4427 1846 1406 18 5501 6550 9954 2904 6190 110 4093 7467
20 1575 7653 2619 2551 8162 9734 8969 9261 5139 5475 228 8013 6602 4280 1140 913 9925 942 5932 3670
20 1650 735 2482 7110 4241 1768 8178 9160 2372 3993 1689 194 3560 3196 3197 8510 7588 360 7798 9918
20 1783 2035 6199 1979 9702 6963 7197 4637 9641 908 9366 2608 3621 919 1310 7636 7873 9993 9759 7921
20 2022 3608 484 8395 6376 4327 2927 667 2186 5819 5755 455 7617 8212 3893 9651 3328 1434 1986 3534
20 2043 6121 4758 3347 6021 6906 9138 5894 7321 2811 9562 9998 2985 6930 8699 3217 1585 7150 6244 7014
20 2066 5944 7948 3659 9897 7819 4733 7837 5177 3764 3603 5826 9442 820 5471 3359 7369 8550 1533 6141
19 2132 1440 7856 4757 5172 3496 2449 1128 1230 8644 1752 1070 3979 3365 4629 4658 905 6074 7053
20 2320 6945 7462 2225 9989 1304 7025 6693 3267 986 556 3346 6065 8817 4619 5604 8237 5333 4966 5324
20 2453 7791 8203 8147 8181 8836 3731 3132 7332 5772 6119 4538 6472 4458 4 16 2139 3571 4342 7415
20 2469 1275 2963 8796 4047 6967 6961 6985 1141 1025 9312 137 2615 1697 3075 9739 2543 6239 5687 7909
20 2964 1745 8633 671 2730 4516 9703 4696 5591 1509 447 4121 8002 8459 9136 1431 4825 3578 8284 8266
20 3054 5727 7668 6567 2190 8611 7249 4641 6176 6293 5874 4925 501 3753 8423 9696 622 1390 5235 745
19 3060 2751 5622 9383 7411 8744 8083 792 5667 5088 2595 8270 44 6361 4245 8893 8720 6888 3631
20 3088 900 9745 4014 1632 4468 6582 4041 7649 2433 5854 3290 6552 8393 6273 6046 7635 6129 7672 6232
20 3139 6741 9642 5759 7169 54 6168 909 1792 7009 5888 9409 2865 2627 2990 5141 5518 8465 7235 7993
20 3220 3408 7866 5388 2212 6033 6062 1834 2486 9450 7727 1227 6398 6399 4444 2118 9591 9781 4453 4997
20 3334 9597 2098 3614 2857 3989 4650 8205 264 7029 8043 1643 926 258 5280 8521 1252 4996 6314 6299
20 3423 9661 8730 3216 9172 607 370 3065 468 989 1525 4646 7146 6097 8291 2634 7234 547 4092 245
20 3554 6821 4073 775 7052 5882 4247 6036 6551 7561 7817 9787 6454 8221 8272 155 6702 7282 1324 5939
20 3580 1952 1889 7542 4071 8406 3383 6174 5203 7 9009 5 829 8507 1759 9883 3530 6251 2867 553
20 3600 5766 7648 9006 1586 3519 3212 4860 1831 5926 3795 3119 3945 7144 6887 9868 9689 9537 8275 8119
20 3778 2094 9441 8230 5572 9656 1183 8934 4924 5428 3798 4411 6002 9940 2918 7650 7118 8807 8063 9829
20 3840 9295 5283 5334 4217 1910 980 7302 9853 7434 5966 4377 7057 8849 536 1601 8458 1913 9115 7385
20 3843 7039 6568 2105 3210 4416 2872 1662 6722 8456 4993 2238 4099 3451 1541 1750 5405 2591 2781 1888
20 4074 6221 5503 4526 5958 9393 197 3789 4023 3716 696 9073 3154 3690 3999 5864 2146 605 5127 3082
20 4152 7756 6612 8342 7360 8653 3568 549 7842 5987 4736 6105 8225 9992 4634 1633 7611 351 7615 4816
20 4277 6098 6583 9278 5867 464 4561 2889 1521 9207 9340 8968 3584 3277 1091 9545 4797 3629 4909 391
20 4429 1680 8794 8872 2394 8450 1075 1702 2567 6941 5067 8034 150 3211 5293 7826 9776 9230 5295 4301
20 4500 8332 4225 5358 7153 8614 9044 6359 1081 7739 2140 7857 2227 1568 9276 6088 3545 1088 3900 1337
20 4548 8220 7284 2717 4401 3677 6587 8015 6440 6384 6288 2823 8350 4028 7890 2849 8494 301 8570 9867
20 4554 9489 9437 1498 8566 3343 4441 3782 7449 7544 2597 7045 1987 5252 871 5105 8486 1363 3355 8650
20 4589 1611 4676 6407 2125 8461 7566 8156 2166 4082 6452 4486 9613 3887 4787 9114 2102 5099 6237 9875
20 4614 1095 9268 1717 938 1481 115 9415 6663 5442 1703 3473 8498 8123 2623 9087 7202 1654 6477 3363
20 4660 2056 1430 9655 665 2360 1912 2074 9147 5913 6537 9143 2814 2815 3 366 5533 8114 4494 1882
20 4706 3431 9568 3632 8410 1760 4475 9037 6161 7030 3845 6226 7578 9687 8122 442 2907 4507 4012 4256
20 4732 4721 8835 4579 813 7204 171 645 7417 8757 8283 3167 5970 9231 9693 2653 674 4026 4599 9232
19 4854 4234 5554 1744 4562 2689 9882 415 3665 8941 6727 695 7335 4455 9774 7513 9388 4273 4039
20 4886 5005 7642 3397 9460 8651 9847 6853 148 7937 7121 9154 2617 9245 3905 623 1878 8935 2917 8256
20 4945 1382 4212 7481 8938 162 6516 1629 8985 2853 7452 6319 8841 8522 3466 5775 4487 6862 6400 8612
20 5348 7818 8559 5382 7142 9711 1326 726 4986 7331 9196 5567 982 5950 5624 9943 8837 7018 3441 4331
20 5362 2181 4143 4628 3486 2757 4973 7139 657 9772 4390 4314 7489 3828 3131 7299 1576 1162 1401 4462
20 5387 8635 6071 3628 3517 1695 2958 3965 8677 9149 3445 3970 6954 8082 9043 318 231 5160 7054 1971
20 5446 3153 8567 6367 4618 7413 1489 1797 7162 1514 3543 9979 860 8868 339 5751 3762 401 2154 9181
20 5473 8582 822 7280 651 652 7860 5304 8778 388 1134 8797 1675 3809 5134 6767 8737 5276 9081 6789
19 5571 4253 4534 4604 9291 6115 4460 9239 5806 9569 2004 2962 2351 3062 6015 334 6787 9057 1087
19 5669 2194 1335 372 5363 322 9331 7292 6013 1796 5175 2767 293 9635 1092 53 1564 9576 634
19 5688 9668 8040 1571 973 9463 9238 516 7083 4198 232 8687 7734 8405 4708 9305 2520 6095 1798
20 5765 7833 8719 5774 8276 3448 5971 7105 5995 2085 2531 9413 6382 7165 2933 2325 5364 3409 1976 3823
20 5801 6027 8356 5757 7485 2071 9449 6817 7310 4951 4698 6133 3714 4679 4933 2916 6874 7474 4891 7364
20 5825 7343 8265 5322 3885 123 9045 7250 2739 6113 8899 5495 3045 3137 3317 1646 761 1139 3566 719
20 6078 2741 7720 6269 6215 4180 6313 8770 6896 6349 169 8678 5201 3521 2558 7047 3028 6918 3801 9336
20 6079 9222 3416 1282 6262 3972 3937 5707 7177 1949 4312 9683 3702 8420 278 5519 5973 6777 5829 4098
20 6153 6797 6362 77 545 9299 587 7191 9359 8374 9078 9466 2557 7766 8364 9526 8786 996 4974 8389
19 6255 9086 5605 4484 9137 9691 6455 782 6819 4712 7338 519 7138 6483 9614 298 1472 2377 2952
20 6576 6421 1302 4287 5661 717 3494 200 1044 6458 1899 8166 9311 4011 6306 5674 9571 629 3192 3314
20 6613 2848 5349 272 3450 3722 856 2159 7061 9994 8335 2690 6710 4657 9666 8628 1260 1999 5612 2018
20 6841 5081 9842 9063 4971 9303 4927 7114 9226 6683 7989 2618 7315 1929 260 4717 6476 1161 831 5814
20 6900 27 8223 8474 5660 9611 7172 341 7049 1030 7081 1664 2749 8572 1142 3711 2226 8886 5042 997
20 6997 6229 1129 6182 7529 4037 5222 5118 6489 7120 8367 3027 8897 1992 6092 2036 440 2452 3684 5566
19 7195 406 3883 9089 6099 8501 7176 4764 1040 3030 4810 7373 3549 14 1118 8557 131 6704 3579
20 7277 4655 7180 5217 0 136 5963 8467 6625 3847 6775 5200 1471 4601 2550 5996 1526 1945 8412 2676
20 7298 7339 1327 6561 6391 8622 6056 1360 4895 235 268 2734 8652 172 95 1014 8866 2037 2236 6597
20 7435 5000 5070 387 6350 1003 7128 932 7391 7805 3707 8715 5797 9830 9438 2589 702 369 4821 1439
20 7560 2342 9133 4730 4871 5242 5233 8812 6116 3329 2246 7325 1866 8187 9653 8684 8943 7226 9155 7279
20 7610 2616 1933 2806 8441 3031 8927 5732 5499 7508 1008 3051 9124 8858 747 4831 198 7737 4386 7236
20 7612 1769 1647 5531 7037 7072 2856 9766 6840 6339 4133 8202 1207 1570 4624 9595 3648 847 2673 7849
20 7725 2281 9139 5335 5681 7497 3704 208 4088 3116 5074 3207 8061 3904 6708 9874 5051 7782 2652 6757
20 7740 4723 4944 8618 3656 8426 4369 592 1438 1978 6184 7759 5059 1530 3723 6909 8990 5931 1517 2955
20 7820 7127 2087 4208 7227 4751 2750 6393 3157 7523 1621 1143 4129 3012 5354 9987 8007 3804 4813 5896
20 8090 2621 2169 4111 8003 6671 7225 3607 5521 7075 991 985 5693 2922 8262 9911 5675 5193 7401 6715
20 8160 6514 6867 9892 2284 9969 5771 2825 6478 9183 434 4675 2523 8248 9252 9735 9736 8593 9122 4844
20 8170 4858 6600 6529 4956 2138 2507 1666 5167 6324 4104 9332 1206 6634 5229 2417 7129 186 1332 2835
20 8172 921 2562 628 1190 1995 6809 796 3398 6211 9632 5374 8033 2532 3218 638 1122 6823 6969 8361
20 8210 1465 4980 8696 7472 4850 8294 6186 7757 4097 5467 2647 598 2315 355 7882 3637 5689 2348 6156
20 8528 6979 7554 1936 2204 6839 4713 6135 5336 1508 373 2307 411 1874 3725 977 978 3480 8009 9559
20 8656 1330 4621 7363 4334 3547 1589 3910 5763 2624 6936 5306 4718 1340 3311 7070 7404 1728 6432 9523
20 8693 6338 2219 3478 9557 1935 4749 1747 2599 5275 6725 4178 9256 4136 9379 62 4081 174 13 1731
20 8740 601 9424 9080 4769 3726 112 2277 6395 28 7220 4408 7347 2961 506 7694 4115 4802 5159 471
20 8928 3283 2561 9373 2382 5721 9362 669 8912 7957 5965 8096 7905 254 6012 3576 1105 246 6565 3109
20 8962 979 354 8468 8857 207 9692 3417 3369 6995 6295 1133 3316 6724 9950 2871 3695 8851 1823 8427
20 9079 5941 2435 7777 3588 6871 6104 2283 2935 3190 4080 5055 5595 6939 4452 3376 8425 5534 2925 1006
20 9236 2820 11 2467 5833 4875 3676 1462 5957 1767 8712 508 4254 9335 7378 9406 251 3101 7116 2407
19 9253 4394 2787 551 1256 2522 934 1537 746 7590 4138 3103 6512 8595 2318 2442 1011 6496 8124
20 9329 4815 2330 7543 7979 8254 9210 2752 9432 331 2994 5104 7587 6220 7714 4746 2312 3200 2722 4181
20 9448 5935 1802 1631 4523 4615 3922 2569 2803 2836 7033 4197 5240 1563 6770 4606 7851 4348 2274 8960
20 9762 7334 504 1300 3730 8526 1254 2040 7603 2552 5925 5182 3550 9440 1906 3805 1157 5639 2474 2095
20 9780 9304 9297 4033 7661 7388 8871 5391 8865 5465 1569 5663 626 6277 8773 19 5037 8396 4563 5671
20 9912 5420 6390 7922 6656 5915 3675 1404 4572 7643 8209 5028 8703 1188 8598 6521 2223 3663 8602 8357
19 9931 1017 305 2088 146 6413 8702 300 9619 8068 784 8089 2023 2301 3769 3226 7823 3371 9011
20 3009 7447 7967 1348 7377 7688 2358 7781 8444 5366 2949 7559 8530 666 9194 9396 2174 7087 1982 7013
19 40 4031 7550 3565 5856 5585 936 7446 3791 2220 5323 954 499 5706 5270 191 9928 3815 3356
20 220 1021 3507 214 1841 2648 9322 9363 8088 8008 4430 9625 7337 7598 653 6998 578 6366 8562 5458
20 357 8472 3542 7710 1031 2267 9258 505 6191 3609 7736 3001 3776 1879 5626 1863 5811 2701 2830 7775
20 359 3149 4042 8453 7387 3633 5902 7865 5928 5449 6966 9879 6614 6224 5719 4490 236 5234 4140 7198
20 449 1582 4701 8339 4576 3183 8874 5999 4979 8437 8888 9391 3673 600 2728 3751 6639 2367 6281 8902
20 502 9561 9544 9144 1584 8731 4025 8055 8296 4439 6916 8911 4382 5111 6301 9070 1839 9090 7935 8281
20 529 5213 616 1528 685 3076 9565 7424 377 291 5738 90 689 2707 1787 4270 3336 8585 8855 4374
20 584 5515 8366 5278 2515 6950 4175 3825 58 6792 3122 5630 5395 5418 4066 6069 9027 5632 7619 7269
20 649 1076 409 2626 7507 514 3040 5638 5542 5583 8560 4791 2828 5550 7804 4228 5454 7063 9861 8241
20 802 7962 1832 6122 5027 5013 7917 7505 1510 8464 6920 5986 2061 3243 1195 9645 8682 4553 4519 9888
20 824 4593 2556 2782 1482 6278 4218 5080 5807 9609 1815 5796 937 1668 1708 959 9752 6975 5621 3000
20 940 5413 6328 6192 7519 7666 3111 5239 6317 2879 2986 8290 9077 1859 3871 6443 8654 3541 6431 8760
20 1079 1341 6714 7028 2912 4504 5429 7835 6973 5440 836 3059 2457 6827 8615 5071 5421 7283 5702 2390
20 1110 3469 975 4946 6571 2248 6343 7924 367 144 3729 756 6723 7436 3851 3793 8850 379 2833 4293
19 1137 5296 3617 7510 6824 3456 1754 5285 1977 4569 8112 3353 4716 5975 9558 4257 292 5730 3635
20 1220 1151 7062 5017 8313 1602 639 6118 3650 4120 4539 288 4265 4622 7458 9111 9503 8626 9157 3056
20 1240 9738 2706 1623 9624 9200 9835 3418 7243 1534 7641 5419 6682 1108 4492 6445 2379 3658 9031 1457
20 1268 1004 9004 811 4862 2511 9610 132 4236 5218 5597 3835 8959 4498 243 3036 3037 8716 9439 6448
20 1274 7178 9944 9317 2059 763 1467 8128 681 3699 3245 6089 2813 3422 304 6415 2149 6250 395 1479
20 1303 8136 8942 3739 4008 2630 6090 1914 6818 7679 7730 6835 5204 4607 5953 4704 2472 3694 2092 4035
20 1370 5629 4085 2289 2969 8524 3160 6778 5122 8093 967 1837 26 7406 73 1638 1892 2162 3712 93
20 1374 6604 4879 6425 2271 3853 7044 4191 376 4368 444 6049 3505 4693 7553 6538 8075 3108 693 8071
20 1441 8718 7412 3134 5043 7518 776 3410 6132 4668 7526 9339 9387 5287 3812 1690 2257 2936 3794 6197
20 1540 4941 6729 3236 8728 5326 6938 9023 3717 6661 8074 1868 7864 6753 9514 1164 5529 2293 3325 1651
20 1670 5507 8691 8940 7859 1603 4094 4788 5937 4064 9165 3990 8594 740 8842 7244 903 3362 8923 7713
20 1900 1289 5184 8144 4609 8368 6163 3472 7976 1716 3563 6800 6553 5301 6045 5356 6389 4837 4233 8992
20 1960 225 4755 6606 9592 7084 2905 4054 5375 8795 3300 394 1173 7056 748 4205 4991 6059 1765 2054
20 2020 84 8578 5820 349 2365 9612 7726 664 5956 8827 9351 757 2580 6403 6734 6318 7704 7181 5875
20 2106 7152 6849 9602 4003 7708 3257 5729 4528 9355 9456 5410 1451 1259 9869 7931 7414 8579 5812 2206
20 2180 1410 6508 1869 4585 5401 9806 3838 299 7459 6329 3046 9910 1416 5714 8208 2642 9433 2854 7958
19 2231 6642 6364 1642 206 7020 7019 3213 9837 4110 7219 9802 6530 1477 7534 6304 6857 4493 5617
20 2234 4051 7068 9905 2976 9907 960 8949 5367 838 8054 7697 2331 4856 8838 8489 7074 9416 2142 9071
20 2340 5666 3562 9627 2516 9814 5188 364 8951 2544 8619 1692 4866 5496 3760 1461 2492 5076 1248 9010
20 2350 6261 6231 419 9019 7577 7345 9263 7609 5384 8479 5227 6332 7875 3882 101 7831 7376 7342 8353
20 2622 6965 9327 6026 5884 4627 1449 846 9038 1733 1561 178 2461 4337 625 6000 4798 8518 620 2068
20 2637 5106 6878 5787 3497 5910 4700 2352 8713 4661 5269 7786 3324 1774 3074 1776 237 2995 6340 7148
20 2764 879 9844 3949 5039 4300 7399 5376 3766 9464 283 6527 7752 2477 249 4770 2290 9353 1071 1847
20 2997 3352 2480 2899 9726 1861 7109 878 7572 2967 1970 7361 7372 958 467 5747 7161 1217 810 5843
20 3195 3642 3567 5852 2766 8105 2045 2667 1904 7187 2053 1145 181 7814 9887 5665 3727 7836 9150 1165
20 3360 7626 3964 6127 660 1046 1941 152 8967 6534 8493 222 972 8190 7854 599 6570 1908 1371 5466
20 3420 1305 4442 4029 3583 9205 2794 1315 5861 6493 2451 5337 1627 3651 9775 6566 3136 5553 1620 2783
19 3460 8385 4255 2328 593 2313 320 9405 5069 67 9265 9193 8753 8784 6782 6864 7134 2192 4515
20 3742 2778 3339 4512 7353 8848 418 4685 1993 4155 7815 1452 2633 306 6202 1939 918 9368 6876 5154
20 3977 9577 6042 8767 2073 5016 1740 7453 9951 9782 2005 7157 2534 6949 5516 3953 1911 2170 5474 4032
19 3992 324 961 4784 7754 2295 3875 922 8625 1293 4882 4793 4119 7535 2874 9824 7071 3613 7911
20 4112 4662 7486 118 8977 3605 1029 9397 8113 213 5859 1041 91 7623 7899 9470 3326 6177 6511 6179
20 4114 7212 4315 3319 9714 5710 2060 1701 2353 8091 6928 145 9212 5678 2999 106 1725 4578 1250 5945
20 4260 6149 8966 87 2193 2309 8643 9815 2420 2862 6252 8041 2406 3736 3604 8597 9201 4962 9578 8630
20 4352 2228 1722 2446 5422 9831 3889 2308 4391 4731 1640 3668 3829 5890 3822 6414 766 9977 9443 9843
20 5120 7221 1306 9119 2410 6377 2960 8 7891 769 6014 7211 5832 5032 3017 2479 156 9554 342 7473
20 5138 5700 9272 4443 3135 4841 3827 9065 2401 2440 5425 1655 6987 8316 3796 8086 8049 1554 9494 4608
20 5360 9741 4201 962 6747 8305 5092 8512 3256 3556 712 9316 5946 2635 7540 764 5411 1946 4302 3024
19 5390 9975 3982 9048 389 3399 3741 3191 6524 270 4573 2719 8287 4555 762 676 2906 6990 9213
19 5794 1176 7755 8605 8723 9996 2670 2425 2093 1408 2754 7869 739 8240 8171 6165 8750 2164 6357
19 5840 6491 3240 4960 9535 6258 1932 4847 4275 2015 2432 7640 242 1845 9475 4574 3877 7574 3104
19 6020 4503 2886 3474 5656 3087 8288 1515 1417 2221 6475 6911 427 6397 5128 2977 7982 4688 1483
20 6040 612 8101 1771 998 4567 1840 189 1080 3444 3430 8765 1077 9676 8576 9948 5009 2245 7703 7247
20 6087 3163 2052 6025 9135 2039 2136 6519 5870 1850 5003 5789 2892 5113 4150 9482 8306 1357 1288 5724
19 6502 7822 988 6275 3984 8085 3863 9604 7631 7987 307 6450 8970 3745 9326 3927 7951 6846 9850
20 6589 2662 4004 1113 9118 805 8078 3141 9828 5800 8066 6970 436 2989 8184 3156 675 1917 8936 5810
20 6675 1063 8185 3159 7606 5827 8545 8492 3790 2517 4463 6856 1211 4210 8800 9521 6666 1604 6808 939
20 6728 4549 5068 6865 1022 8748 1595 9098 923 2842 8307 7516 7793 1215 1937 6870 3021 9428 6545 9618
20 6768 8852 4067 6018 1546 4809 8861 7929 6436 4903 8925 393 2968 3320 5704 694 3227 4266 5598 5749
20 6924 1683 8581 9524 9167 3234 4901 2656 4734 8819 2405 722 5079 8709 1808 8610 104 8224 1135 4833
20 6947 6424 9833 5745 744 6908 2007 6017 6641 8370 1343 3680 290 8944 2601 6213 3522 2076 6826 9755
20 6983 5386 1126 8038 8772 6084 3105 2565 6435 3761 5943 6688 9484 7582 6563 8334 7147 2110 3458 2586
20 7004 50 2625 107 8141 8517 8811 3955 9171 9384 1730 2594 4692 8781 9219 5116 8608 5162 4335 3724
20 7156 3013 3774 3304 8981 5726 827 5482 6810 9451 8586 4682 180 3432 4678 2776 4364 130 6745 1366
20 7168 9942 5623 9036 5933 5273 2233 2536 5447 9713 5202 2120 9067 2161 4845 9246 7946 4289 6709 2487
19 7273 2115 3223 5668 6598 5095 1550 3414 2746 8108 9730 6736 5199 6781 3737 2944 6638 1313 6733
20 7274 9003 842 4084 4774 3435 8826 3895 1192 4190 1296 7605 3244 5715 4063 6283 5010 8024 6260 8274
20 7351 8895 854 1166 3121 3385 2605 2920 780 8769 5230 8758 7016 6434 2269 6139 3274 5205 8613 6010
20 7371 7086 5378 2091 4282 4383 451 9209 4192 2026 785 1262 924 5210 2801 3022 1973 9262 2941 9594
20 7394 9601 2725 8413 4308 8710 5862 3713 4186 2402 1264 7104 3936 5568 3623 6396 1478 9211 9112 5964
20 7395 9859 3484 9300 2663 6684 1854 8955 8876 2881 3306 6705 1698 4167 9872 7573 2953 7218 2809 1881
20 7450 2476 4164 4124 5916 585 7728 8726 221 7454 1117 3269 9223 8976 2488 4375 1391 646 603 2430
20 7457 8782 6845 6752 9708 1200 6756 1558 5266 9275 8527 5108 313 9398 1532 8443 3939 3337 9084 36
20 7500 3719 9852 92 4380 217 1609 1064 3007 2998 3107 7034 4970 6024 7729 5318 7133 2721 8084 4261
20 7846 7563 6968 1413 8379 2375 5238 8311 39 4801 9525 7850 7664 2975 3333 1078 3906 9229 3720 6584
20 7868 1027 4200 3199 229 8845 3310 5561 5112 176 1905 9308 8417 2909 8973 8806 1345 4684 6437 9153
20 7895 9163 6470 4725 8637 9395 5001 3817 1518 1777 7285 5679 9572 1660 9532 2205 2392 6310 4496 713
20 7991 9121 572 424 9174 5142 8484 552 840 5432 3297 9980 1455 3073 498 3032 5655 2533 2885 8766
20 8199 7499 7778 4540 673 1053 574 2326 1996 6274 8975 8418 6713 5396 8487 4654 6679 2863 2966 5220
20 8421 8774 6495 6216 6272 9737 7551 5004 3644 7354 5065 6628 3209 3941 1271 949 5436 4230 4196 9390
20 8430 6801 759 5919 2772 4030 2577 485 4580 4019 6170 1559 55 9757 1286 3870 1138 5061 4219 7115
20 8480 690 9175 3259 2431 4311 1484 5289 3710 6263 7944 941 6746 2887 9763 4497 945 9904 2251 9190
20 8672 7027 1755 9485 4745 8056 3342 9573 261 5837 7163 4399 2808 9408 6503 4356 9467 2675 1608 3488
20 8683 4959 2900 1468 9214 8322 6490 2576 643 7584 3592 6103 5670 7878 7316 224 4728 2427 2513 6106
20 8762 3335 2129 9672 5982 6196 4957 1436 134 3357 9041 2103 9962 1649 8228 5857 6526 9059 7663 9497
20 8833 5955 8843 384 6195 414 3666 114 1659 7700 1851 3524 528 6783 1035 5246 4719 3618 7625 7155
20 8916 2799 2096 4518 3529 2168 9052 6674 917 6167 493 2374 2736 8449 2450 4739 7232 6959 7978 8333
19 9007 4422 9146 2512 3718 1294 2549 7186 7927 5616 1897 1235 5887 4451 5253 4920 5060 8867 6972
20 9095 1981 6096 125 1231 8864 8937 6291 6712 3020 9255 1927 9608 3184 9053 2415 533 5720 992 3025
20 9279 8882 3924 2354 3327 3917 6586 2981 9382 1934 7185 6548 9820 7294 7432 1712 2489 3373 2264 721
20 9349 7761 3997 3697 6148 8328 3902 2434 3083 3049 2612 8146 8846 2278 3462 3810 1237 5130 4594 3869
20 9421 2172 6107 7305 4015 3415 8451 2057 5610 1916 6290 6175 9678 2499 5912 4695 1179 3127 470 3254
20 9527 6830 3096 9701 2893 3375 8245 9866 2008 8047 8312 4710 5402 9407 163 4075 3856 5206 1895 5761
20 9582 1463 3961 525 704 1998 4907 1512 7691 8257 9673 3671 5960 1886 9423 227 1109 1001 8805 9251
20 9620 2324 1762 1527 2163 807 5608 7189 8738 1989 9764 3533 7768 346 8277 6242 2104 1181 4722 1107
19 9751 2855 1855 216 8231 3235 4417 1988 9856 9857 8747 6354 8432 9458 9457 636 4648 9093 1974
20 9760 3926 287 2870 2108 8623 2383 8674 2743 3396 7789 7132 4934 8195 2329 403 5969 3264 1197 3411
19 9761 8194 3085 3384 400 8352 2508 5097 5850 6875 5129 4532 8011 7106 6178 768 7996 8031 3023
20 9813 2712 4211 8017 3427 6259 4239 8179 6629 3318 2150 2607 5125 51 2992 1314 1812 6605 7088 6345
20 9839 1661 9885 3536 6294 4123 2424 8820 9218 6694 4259 3819 491 1015 3934 5855 8100 5135 2946 7715
20 1062 1925 3378 2230 3193 7925 864 3106 5241 861 7974 6686 7362 6363 1813 8558 6372 778 7717 4502
20 31 475 5493 1409 4284 9191 8885 2343 2606 4398 2148 6858 3681 7538 6978 8503 7515 9032 4748 5196
20 89 8401 8094 1919 1809 8808 1083 1158 7000 1547 8921 3968 5863 9968 9990 6695 4873 4792 7073 6157
20 267 6541 7742 6423 6411 2699 7300 806 8998 9913 1965 573 8714 7569 2273 4811 6302 1816 6217 7824
20 285 7632 8655 8873 4804 2272 4470 1222 9731 1957 1127 5922 6532 4053 8986 7520 953 5109 9491 4738
19 386 9628 5417 4135 2661 6044 3641 2215 6559 1757 6883 4353 4884 1790 9016 6590 3808 4592 7209
20 617 6677 8032 5007 7621 9039 1273 3506 576 6505 5399 8519 6991 143 9472 2189 8446 4001 4397 3442
19 733 8666 9471 3296 5904 8369 8438 193 5695 3596 1307 9197 9884 7620 8375 2249 8309 297 7919
20 1059 6064 4421 575 2563 6392 6465 6111 4644 1191 5048 9096 22 3331 9166 6406 7947 4169 5100 1818
20 1069 9247 6100 1773 9771 9050 2185 8408 6948 6048 4570 6536 2347 6595 9217 8739 1347 2421 2824 3813
19 1214 9377 6371 521 2356 9588 6798 3508 7349 1737 1791 7263 9976 2693 8884 7097 1066 9945 4310
20 1400 3950 1678 3270 6934 1172 4419 2779 7845 1312 48 7913 3263 9170 928 2545 7266 7678 7246 8665
19 1429 4913 4426 4264 8707 2232 4392 65 5228 3683 1384 448 1018 7888 7470 4125 8752 5618 8698
20 1485 4319 5548 8930 8073 3026 7217 3920 631 7581 1407 1398 6569 4132 9156 1842 5994 398 9721 3539
20 1580 6573 5216 2821 317 2072 8404 5992 4977 7281 6678 8204 5023 8079 3841 9492 9159 3674 751 728
19 2471 5381 7503 1177 6492 3831 4915 6346 1822 8694 1057 9587 1898 5260 3162 7988 1269 5841 8059
20 2882 4853 7897 7665 5860 8025 4202 5911 9783 203 1114 338 1826 3803 6645 383 4690 7803 4709 7676
19 3148 52 2116 8293 2878 855 8142 8358 8736 7309 5340 269 5094 3471 483 5607 5049 2384 296
20 3180 469 4958 6577 9357 5980 3298 7291 179 5018 1856 9801 9047 3381 2191 8010 5949 9871 1364 9564
20 3464 6648 3643 4077 6673 7562 7589 4343 8761 9500 881 4020 9344 5844 790 8326 3275 2111 4448 910
20 3500 7968 8604 282 7923 9292 2640 5537 1504 9350 2829 701 8481 1199 9654 4995 9556 2470 6204 9724
20 3540 1239 2437 7943 8906 9184 8490 4316 4954 8829 7228 8278 6726 4537 2065 8894 5453 951 969 507
19 3912 4318 2055 8592 1574 7936 5985 6780 5320 2839 1376 3499 8556 3128 6050 1630 8135 9855 2484
20 4040 9812 4424 8139 3942 9318 8569 3696 3973 6347 7753 7512 1735 8926 9476 9477 6321 1710 3750 7862
20 4388 2314 4964 2196 3748 1956 9280 6467 1828 8320 7945 9665 9109 9797 872 710 6487 4581 5760 6834
20 4760 7248 8026 851 522 3678 9988 2988 5733 5758 4720 9310 8189 5274 2355 6832 3735 9025 6574 4583
20 4780 6108 9630 7091 6971 6891 6509 7914 5868 3969 9631 852 7076 9020 7575 6323 1614 8881 5736 1918
20 4852 3194 7682 7011 4667 6183 496 2418 4988 9898 7296 3014 7042 1867 9965 8381 4294 5179 5146 7367
20 5250 10 4861 6422 8005 1873 7785 7677 3133 4824 4828 30 9024 5236 6572 2270 2175 6058 7964 6500
20 5254 1411 3908 5243 2126 9446 895 6008 165 25 6759 3449 4324 4768 7950 3923 5486 4822 9973 1442
20 5313 8201 559 3011 9670 2388 3523 5748 4489 5979 1681 3816 1991 2691 6802 1903 9995 5247 1175 2491
20 5545 5021 8409 543 1412 9589 4145 9878 5404 8974 9321 1194 3657 6680 9538 9921 6993 8577 5044 271
20 6147 6786 5682 2643 8920 6404 1862 5543 4481 6300 6011 9660 8000 1012 8574 7517 9069 9517 4848 7533
19 6188 8863 7166 5183 1709 5544 3881 3630 2462 1267 3956 9605 6408 5470 3985 1469 9539 5708 3380
20 6303 6461 5637 337 167 6581 4511 1223 1295 63 4670 4600 2646 6469 6286 4651 2560 2265 8155 4059
19 6358 6316 8362 6740 21 9553 9294 4425 4345 5839 4006 8211 2896 1474 59 1329 6701 422 279
19 6370 103 1350 1351 9461 7690 1700 9963 353 6855 1291 476 7711 8947 570 266 8755 2481 2370
20 6699 833 1720 2582 8862 1226 1086 1368 6028 3470 5224 8118 6268 8685 7465 7586 4501 9520 7159 7832
20 6764 4817 7602 3983 2765 71 9371 2698 1536 9092 494 7268 1801 2250 9679 5510 5893 6935 1565 149
20 6872 2081 3746 5570 3653 8877 4329 6355 6158 3872 8279 965 4187 2929 1168 135 8145 5546 8734 8584
19 7069 7841 6039 8302 4365 7488 2217 2285 9386 6816 5327 4062 9515 5821 7830 7536 5830 4341 3387
19 7548 3394 9352 8722 8109 8878 5703 3481 5742 8675 705 4016 5858 9061 5379 5532 6007 2124 8020
20 7813 8301 1253 7880 7806 1009 5880 7368 2282 7893 2201 333 2790 7902 7403 2826 4889 2875 3182 5438
20 8433 5773 5221 3599 3382 9369 463 2923 8759 4157 5520 5315 1120 8746 2731 6494 4083 798 116 5842
20 8600 1354 7644 5072 5093 78 2901 2991 8649 2291 8129 4814 5791 9890 2570 8344 8351 862 5173 6373
20 8624 4056 4673 1931 5792 4897 4449 3224 8779 5330 4892 7038 795 9324 9657 6863 7716 3454 1644 2587
20 8676 7494 5409 3687 4221 6649 3916 9094 1821 68 9083 9870 8117 1607 1119 7531 8341 5776 2759 2747
20 8860 2761 3597 3693 7662 7904 4387 4529 2303 7660 9374 6744 3572 9810 9864 8331 4182 4168 2339 1706
20 8958 5786 1637 2075 2525 3419 1983 3204 1819 1502 7749 4829 9285 6030 9827 3230 8243 9227 6748 5895
20 9034 4116 6309 8508 4118 5124 2742 9302 9845 7196 9495 4231 1450 7556 7126 9778 9982 9127 5609 7963
20 9101 5450 5435 8791 7907 121 8972 2775 6212 4317 2083 9680 2884 3986 6631 2800 9180 3759 2651 6266
20 9370 7537 4550 2970 594 8537 8541 1233 3706 8219 9758 3510 4795 4652 2716 8197 9785 1265 3558 5547
21 9688 4096 9282 6831 9072 4309 4558 7527 8167 3260 1501 7259 2542 6426 4323 2559 9400 5209 7194 826 3627
20 9834 3295 3493 7031 4683 2117 4149 3667 1067 7528 8153 6325 9283 8880 6230 8620 3569 4900 7026 2504
20 9999 9271 9902 5341 9938 8424 5653 432 6409 4546 3932 1124 9134 7592 3757 1955 5383 6504 1055 3468
20 310 6001 5133 327 5780 557 3181 188 848 830 7608 3661 2613 4248 8632 397 3787 5352 2134 2391
20 618 7080 5672 8491 3777 8648 3403 1132 3152 6669 2898 5559 5942 8452 6842 3041 8596 4928 518 4994
20 803 3281 624 4344 8661 7667 7216 5455 1392 5066 880 4631 5768 6707 3201 7771 5633 6233 5961 7048
20 1418 4336 9727 8532 8213 2222 256 2737 1051 4027 8856 4835 8788 473 3313 3913 8671 5990 8954 2694
19 1480 3884 347 6944 6873 4699 5132 6387 5649 1034 9120 212 1379 7760 9740 4877 1039 6315 1344
20 1544 3372 1524 1424 2438 2333 5606 2114 4330 8483 7787 9880 6999 7801 5877 8561 9616 7547 7521 5619
19 1707 7741 8149 1054 8300 184 8236 6749 3537 9718 141 8242 4557 8050 4612 1738 2535 5145 5735
20 1746 9795 1967 5648 7440 3345 5299 5372 8304 83 2144 1639 9342 378 1358 1301 5505 9244 9841 5920
20 1972 70 5716 1433 9547 2628 1848 1318 6881 3818 5685 3301 2954 6868 8568 1121 7567 6031 3165 8188
20 2047 4906 6388 2784 3064 1085 5805 9981 2548 9142 7184 5746 8987 7997 4009 8196 6706 6914 5131 4474
19 2177 7301 5248 8060 5309 1308 1202 2797 9116 1102 7655 6962 3117 7995 966 5444 2773 5988 7264
20 2319 9914 3954 9584 158 5223 6943 5647 6152 2011 2845 6068 4495 774 3909 6433 4134 3963 9955 122
19 2817 166 5676 4759 1241 9035 7699 8642 1548 627 7616 7657 737 6016 5310 1281 2107 8785 4002
20 2840 513 4965 9862 5513 5083 8844 3309 2210 4347 8285 648 6457 6187 4267 7082 8590 8330 9233 511
20 3120 8909 8950 9402 2983 8771 6006 5456 3987 4547 8318 7079 7983 8246 3237 8168 3294 2807 6859 7130
20 3265 6352 9360 6341 3660 6751 7718 1719 8337 6933 7324 7257 5397 6719 3229 119 6523 3615 3266 3206
20 3440 4061 2937 6955 9633 5947 1753 8416 3771 9742 5445 5876 9151 45 5412 2692 6779 3911 6517 4932
20 3811 732 6126 3079 677 8914 3033 405 5804 1984 7359 5212 9909 7630 2939 7784 4911 2426 8706 9380
20 3903 8647 1074 408 1923 7952 8051 2965 6485 3606 9082 579 6546 7103 255 1380 2895 9585 2203 7634
19 3960 4551 6622 9113 3015 7580 515 5673 6267 758 9894 1693 2911 6348 1594 7253 3602 6806 2921
20 4057 1336 85 3919 5650 706 8670 6659 6419 5214 303 9581 9796 887 2703 7433 8411 8023 2242 5089
20 4060 7173 5793 8548 8948 8799 7772 6763 2404 7689 9293 205 4100 2574 5406 3995 4968 1555 672 3386
19 4235 5332 4541 1843 8513 2041 3392 8824 9932 6718 6075 2345 9636 6172 1249 3559 4855 4868 3093
20 4320 4715 8831 6418 2636 6556 2137 884 2919 8859 9728 204 4126 3879 2620 2165 4483 8917 250 7702
20 4340 9767 9248 9600 1743 8900 5627 2306 9243 3155 6616 275 4034 7645 7352 2478 2197 9566 9685 5215
20 4412 9228 2216 7980 637 3404 6635 7496 2788 7961 9323 964 608 9062 2521 9529 329 6351 5461 8295
20 4568 3005 4508 3874 284 9346 3255 7179 3501 1042 1148 9984 4358 8775 4940 6557 1352 5817 548 5163
20 4761 731 4937 9307 1270 1587 2463 5245 7593 6884 9186 2099 9337 3302 2658 2674 3864 8523 5799 6022
19 4923 8989 1894 2387 5328 4021 4625 9066 7484 2344 5434 999 6647 257 4876 133 9132 5261 7975
20 5180 5711 497 32 5164 1969 1096 9105 4179 7795 947 8749 4435 1224 9290 9854 6643 5914 6813 8036
20 5557 5431 142 7123 4142 2948 7596 3172 4338 6765 1724 6860 8575 2077 9320 4171 1875 2447 2629 2771
20 5762 1246 6522 4378 5541 3286 7136 5012 5347 3834 9455 3639 5951 2537 9216 5563 3262 1396 6253 5579
20 5815 6038 4544 718 3368 6205 5614 7143 5427 8080 2009 6981 4949 6057 5385 8839 7491 4052 7460 2913
20 6193 1531 7322 3044 6047 7776 7674 7774 2287 6854 8158 6506 4953 5883 1242 9508 365 841 5062 6738
20 6285 9640 6608 7023 153 5157 5149 2021 1426 4834 5903 6696 4354 5628 3048 7293 3952 9298 3498 8609
19 6650 4786 195 8555 7258 9548 138 4055 1852 5769 4049 1729 2028 8708 1523 2131 2258 5907 6067
20 6922 9753 1669 6951 5029 797 9583 102 7154 1466 5594 5156 8255 1234 8176 7656 6473 7119 6791 226
20 6960 1026 6619 4105 8469 7190 2448 8704 4022 9684 6843 8065 5329 7344 3268 2399 9235 3512 8918 3189
20 7094 6145 2903 5303 402 1964 791 4326 6383 8502 265 4174 7585 708 4278 4188 8961 80 5900 3921
20 7112 6562 5024 9001 3019 5291 3821 4471 3698 4447 5056 5717 4373 196 1951 5686 3475 3379 7336 2298
20 7242 5641 4402 1770 5058 3322 3272 4545 8793 8627 2547 7969 5777 3763 7174 4919 6982 3868 2564 539
19 7276 490 9145 2940 9743 8668 5509 9629 5525 2700 5034 8138 6664 6926 5380 3350 4403 5398 3084
20 7464 5643 1772 1153 4303 844 6365 565 3150 4950 4299 9022 4038 6620 1573 5226 4283 7912 7482 8875
20 7942 5192 1047 7288 1389 3307 8662 786 9493 3625 4304 452 6004 4509 1606 5564 1372 7429 8261 2097
20 8571 6481 5298 3709 6336 6410 1247 8343 3241 7002 5491 6549 3118 9961 5317 7444 7022 3072 3203 416
20 8780 1658 5251 1072 6441 8883 7745 7953 8163 804 5430 3700 6412 4867 2645 4989 5615 1876 734 8476
20 8809 9747 8721 3514 754 3772 1583 6466 5750 6438 4680 8259 3947 531 3276 6974 273 3215 1838 5552
20 8905 7769 8980 4154 8870 3389 3888 7549 1160 4276 7723 1624 640 9808 6910 5506 5346 4521 3994 7790
20 9237 7546 9786 6124 1877 7267 6829 8392 124 5187 7192 9341 5345 9164 7874 2827 9499 772 1736 1588
19 9469 1299 2397 9504 9013 3447 4846 5753 5692 828 2259 66 9267 7628 9877 8249 113 7043 7504
20 9623 7423 6799 3144 2263 7328 7089 5152 2393 2735 1032 4306 3669 343 7900 2341 5219 4756 4117 2337
20 1353 4159 6264 6889 6766 8151 9348 7214 6917 6533 9690 2381 6929 9695 1751 450 8157 4595 8087 9717
20 247 1321 1065 9173 2832 5174 446 6369 2458 4107 1980 8021 1497 9033 7290 7867 9639 1156 7705 4577
20 421 2279 8215 4948 6633 3513 336 1103 2178 736 3744 4707 2798 185 7977 3284 7647 2639 7241 9729
20 435 5917 1975 6850 2943 1503 564 2583 2980 4776 8991 9826 3361 2996 8478 3465 9486 4437 4185 9481
19 480 4108 1338 526 816 8383 76 3679 6877 1756 2611 4431 3292 4645 527 783 3951 4268 312
20 1229 5073 604 9177 3649 3783 1782 4894 4564 190 2038 2100 20 3285 5891 7260 4778 3332 5588 8126
20 1884 4896 8741 8052 4044 2029 1619 2304 8006 8763 6292 2524 5249 7695 8898 3231 4789 1656 7591 2288
20 1985 4762 3907 5586 5452 7012 1033 9014 6833 4313 5232 3807 6976 7576 7970 1864 3575 1339 3930 3511
19 2151 1174 4899 6164 7692 512 7437 5938 2195 4767 7659 6054 1610 9354 7297 7883 8104 8106 2209
20 2305 9376 4220 5540 4613 2349 9716 4141 8046 5587 8127 8397 6356 697 4864 8244 6812 2280 9658 9590
20 2362 9018 3252 6214 1499 1147 5148 2982 1618 5477 8227 9131 8345 4232 1187 6742 2538 2972 7201 1432
20 2428 6927 374 1221 1930 9168 9664 7090 1896 5462 1507 8840 7289 1799 4984 6247 2416 9436 9516 2214
20 2494 4851 6442 7210 4883 7764 410 7327 8407 9822 7565 2224 3459 9958 4744 8355 1024 6449 325 5468
20 2519 9367 9777 541 4922 6009 7876 7323 2733 9099 8830 611 9542 3918 2850 6892 4087 5500 6401 7901
19 2659 7524 5015 8193 241 81 9957 5798 6394 5344 5110 5339 3178 7669 5782 9389 4916 8057 6256
19 2816 6234 4640 4405 542 8398 8963 3142 2033 9474 7256 3452 8445 2495 6610 8110 6451 6899 9536
20 2951 7614 1804 1198 5208 1171 1893 2240 2573 5644 3358 6654 3925 5107 6520 610 5959 5119 6716 6223
20 3305 3886 1131 8062 9483 8064 5802 5526 8004 8359 5560 2368 7779 129 6043 8631 4931 546 569 3967
20 3370 5045 7747 3112 4090 8681 4456 659 5976 5631 9221 5464 7940 641 7601 6276 7709 8679 7160 4428
20 3433 6518 4556 6055 1167 9991 714 7230 1696 7307 3859 6462 4639 9937 4389 74 5705 4830 6594 987
20 3733 8121 3756 4642 8924 8394 1448 5725 7312 1682 4747 3526 8042 2505 3258 8289 2910 3836 4885 3233
20 3780 1334 6703 8234 4415 23 43 1872 1125 3271 8164 6601 3057 1155 1068 5853 3483 7384 7765 2915
20 4160 5713 6988 7934 3943 9106 8387 5822 6447 5492 4527 3070 2851 2614 4478 5085 5038 7812 3848 344
20 4328 1355 5225 7466 8268 5265 6289 3436 4823 6077 6331 5258 3338 897 9575 4753 4711 5828 5030 5784
20 4517 9681 7670 9289 4485 3636 4724 2119 6513 5279 8485 4466 2158 9198 1094 7938 4524 2950 8689 2866
20 4602 2554 9365 703 8705 2010 7396 8325 2292 9005 3081 935 7098 9546 2441 3620 7746 963 7984 692
20 4750 859 2688 563 1663 8273 4250 5803 6665 2683 1297 2876 7006 4128 6380 2058 5834 314 9394 97
20 5087 8629 8218 582 4998 4890 2198 7418 7600 2063 5654 5343 4636 3035 5512 7386 7898 9257 9817 1966
20 5878 3768 223 4240 6073 1495 1058 4173 4223 5974 5415 7825 9543 7010 6327 4972 1369 9399 8363 1805
20 5924 3461 201 2443 2894 9453 1397 4457 6652 9646 8376 3754 3755 9712 154 3140 7651 3647 4533 5549
19 5954 6621 9662 7479 2182 1844 6037 9189 4616 5972 8580 6575 8447 3552 7407 5530 9715 456 5137
20 5981 2346 9886 3797 7889 7571 7906 7308 1636 7239 2671 9328 4480 883 8482 2655 3248 8692 4992 6913
19 6474 5169 3800 8908 6822 340 5305 8603 2756 602 9284 7380 487 8621 7375 994 9754 8497 6618
20 6531 5185 4109 3043 2147 252 6984 7439 6198 8756 8384 670 5899 2529 1445 9358 1228 3857 8154 5767
20 6690 7731 209 7926 9603 407 7807 8186 1084 8182 7767 5897 2604 7397 613 7595 2464 1456 633 2596
20 6754 6041 8516 248 6907 9983 6112 9130 6123 6101 4281 821 5053 8431 6296 9 7318 29 4857 3862
20 6769 956 6405 4812 4588 430 6932 5889 1963 5443 3278 4565 4307 3330 1628 8039 5684 5165 7915 4887
19 6825 9985 9704 2398 175 9519 9838 2297 589 5150 4151 7827 1149 7965 4832 6166 8745 4102 9652
20 7060 832 128 1562 7579 3814 1169 157 1901 7046 3509 894 274 7735 709 6717 2321 1210 8365 9315
20 7108 6297 9746 7701 7420 4477 7370 9974 5962 5052 2539 7381 4598 4800 2578 1551 3168 4252 35 7215
20 7245 7903 4018 7419 8107 5368 725 3205 2454 3773 2588 6189 6637 1824 6375 5394 7040 9574 2945 4672
20 7471 9447 8399 2042 1887 544 8027 7892 1835 1626 7252 6942 6249 8957 6923 2868 8993 4206 1687 2363
20 7475 3518 358 656 8250 1213 2145 4242 1367 5168 7684 6032 5754 5993 1865 8901 281 2439 6897 1184
19 7680 6063 2979 7624 6134 1285 971 6644 3490 5424 4571 4177 9819 8854 5271 6940 7487 9926 970
20 7751 8058 8403 1500 9507 3125 4985 1037 8077 3749 7808 809 3655 9920 7733 4983 6761 9333 5517 2768
20 7972 5865 743 4229 5602 1529 614 6956 335 1648 9923 5393 6847 7685 9459 2959 2592 770 8229 5664
20 8143 177 655 9710 8667 4199 6257 4158 2412 1186 4697 9719 8269 5635 7270 976 2810 974 8587 2902
20 8180 7732 5918 5871 5652 8247 2553 6091 8695 7918 1189 7894 567 6035 1185 6657 7498 4869 8546 9161
20 8200 6344 2528 3705 5886 7539 5752 4591 6200 2155 9586 3479 1216 7788 866 7255 7879 4805 151 7696
