23 168 275 72 246 58 225 57 113 277 241 158 61 269 70 81 35 250 67 100 120 37 49 132
18 41 7 13 227 200 91 29 202 243 22 42 45 255 55 215 233 211 175
18 87 80 276 107 261 129 102 157 170 190 93 118 248 292 142 126 178 257
17 108 103 62 95 60 281 28 26 298 147 235 124 266 297 262 153 274
21 164 4 133 193 105 198 226 230 284 185 258 23 76 83 20 289 288 229 293 247 165
17 99 88 159 137 187 44 188 244 3 197 90 98 252 251 143 84 183
10 162 56 125 96 239 11 119 78 256 173
14 286 203 218 19 224 217 253 114 25 238 192 30 189 169
13 134 260 63 39 64 268 191 73 287 265 186 123 77
12 212 136 18 21 214 209 6 5 264 71 1 149
13 54 127 74 245 174 254 27 140 131 59 97 9 151
12 110 8 259 150 156 128 14 236 48 181 154 208
14 184 148 144 38 79 146 117 101 31 141 231 194 278 2
13 34 294 285 232 122 295 237 138 51 104 47 94 130
8 210 290 282 163 283 219 155 272
8 92 15 32 204 89 201 182 206
9 299 24 273 82 160 139 106 240 52
8 75 263 213 121 195 16 145 135
6 161 171 172 177 10 228
6 85 267 271 199 196 279
4 249 166 68 205
3 40 207 12
3 220 50 223
2 111 242
1 152
1 43
2 296 112
2 176 69
1 280
2 66 270
1 115
1 291
1 17
1 109
1 86
1 222
0 
0 
0 
0 
0 
0 
0 
0 
0 
0 
0 
0 
0 
0 
0 
0 
0 
0 
0 
0 
0 
0 
0 
0 
0 
0 
0 
0 
0 
0 
0 
0 
0 
0 
0 
0 
0 
0 
0 
0 
0 
0 
0 
0 
0 
0 
0 
0 
0 
0 
0 
0 
0 
0 
0 
0 
0 
0 
0 
0 
0 
0 
0 
0 
