11 2735 8227 1582 6623 9434 9690 8168 1732 5294 8910 6439
15 6689 1227 8713 6879 3635 3328 5355 4831 7408 6520 9883 7416 9765 6795 2845
21 3090 6654 661 6711 977 6886 9564 5405 2809 5219 536 133 5658 684 1525 5191 5728 5767 63 8531 1998
13 1209 477 4233 4299 4250 9116 3818 952 9028 7207 1417 6190 3224
17 6466 7455 2523 4920 3915 8155 8259 2119 3675 396 4247 6677 7924 8428 1395 1626 8364
30 5018 3245 4635 9382 7277 6182 1762 1746 514 5702 4227 138 6868 7610 2340 9506 4369 7735 547 5680 8828 2201 3350 1824 5512 5109 9277 4779 5547 4592
34 9313 3294 9666 1200 4558 3319 5495 6313 4331 3531 9248 6156 2906 7592 9300 3443 8383 2829 2153 6785 1466 1314 9835 4982 28 6224 7828 2674 6697 5075 307 9484 3111 1559
22 2519 6794 5049 318 9872 9761 6407 4130 4398 3133 8296 3621 9106 1709 6495 2039 6176 6758 1654 9924 5612 2445
22 549 7320 1995 9575 4409 531 2831 2187 9101 9222 8610 7037 3278 581 5217 6827 1596 9725 3568 7547 6233 8730
33 4525 1194 5377 3807 9410 2857 9912 294 8072 4916 880 1075 7286 5981 7879 6347 4166 5128 3567 2199 9351 5 5469 7540 3254 9217 6317 8013 1898 4479 4185 1055 224
21 5934 658 5517 9696 1550 6356 5228 7856 8737 3434 1004 2846 7167 9143 5664 37 9368 2632 8165 2590 6753
18 4679 3119 3970 4356 9963 6865 5610 3691 4014 1048 9321 4043 2936 8567 5468 6714 3337 4325
29 88 5971 8447 4207 1601 8187 6244 5437 3790 2804 2023 5329 6146 103 6578 8048 7377 9989 4505 2354 2752 9599 5949 3126 2185 6364 2238 3408 6650
33 7109 8254 4024 7263 7216 7150 2264 3372 6386 8261 4893 5180 4290 7402 3404 8729 2687 7598 2988 7486 7591 393 3662 5489 3942 390 131 6007 1403 1350 6461 4350 8884
26 2465 3546 4200 4349 2967 4806 4645 5913 7466 6279 7407 8494 4394 4264 5278 4523 6382 532 6214 9585 3652 5647 4883 8622 2103 8008
36 7957 9406 4575 8338 3375 1627 2741 5853 3098 2045 3896 4834 1532 2179 2040 4114 4498 2945 953 7564 151 1911 6823 5943 2405 2127 803 2022 7821 9540 418 9726 2819 4445 8710 3528
6 519 7293 2915 9927 4476 9716
31 4309 1838 5466 8410 2235 2077 9832 2613 1511 9132 1455 7984 7415 1338 8134 3295 2874 2154 1307 1154 1229 6226 6371 9994 1766 5121 1868 0 1473 1437 792
21 5970 8783 499 9754 4985 2148 1727 703 7313 5805 4526 4581 2705 9040 4952 4509 1126 9909 4040 3043 6944
33 4839 7140 8277 5757 7554 9511 146 9981 8938 4415 2025 7987 3610 5442 8268 4688 9043 1501 9630 1502 4809 815 3242 9415 8084 1661 4284 8304 6249 3665 9703 9374 1038
32 5324 1414 6168 5090 1792 2600 986 595 643 8945 808 1464 2268 3201 6312 8242 1870 3352 3195 9102 8172 5110 7893 2708 8756 2188 7850 1585 1173 9759 9865 5296
21 719 5352 4034 105 6161 1393 3561 1016 7904 7016 2197 5911 9578 8676 2980 8600 1270 1374 8934 9999 7460
29 606 1447 2742 6409 4291 2927 6809 9364 8782 9817 1431 7091 8516 8811 8779 5167 2364 1056 6651 1103 9253 9437 8352 7964 7888 5159 2267 9721 5020
28 423 1883 8979 1218 6058 3542 992 9276 3122 7562 5323 8987 9908 575 8906 3508 7930 6531 3206 9959 2629 2259 9210 898 2138 2286 2280 7472
19 1776 8020 1564 8637 4376 8128 376 8176 4300 244 2810 508 137 9006 304 7615 8593 6129 3491
24 6031 7097 559 3315 4244 2206 3421 3547 4582 232 863 5292 6940 4925 6184 3897 6014 3324 2298 4759 4399 8078 5273 1378
32 187 1228 608 498 4396 6601 2732 2394 691 9655 847 3507 928 433 6858 4694 8833 9739 5427 5270 5789 1329 8032 3179 9206 452 9371 6112 8417 3274 9317 3643
17 6663 2603 3424 5017 8747 1884 4485 7043 4006 628 1901 1936 31 4220 371 8238 3969
17 1066 2324 3176 839 2639 9135 8555 9570 1311 4871 4937 6548 2504 214 5484 1140 3755
29 5335 2296 5710 8448 3616 8368 9138 1725 711 2648 4689 7806 929 5004 3447 946 3387 3081 2258 9488 8658 1354 3310 1576 8327 5077 8877 3458 3125
6 8175 8965 9392 9080 6810 7025
8 1560 3826 2642 5182 476 8397 1191 4158
32 4758 3540 4196 3544 9524 607 3940 1211 1299 7894 7508 8963 2309 4033 8591 5385 4335 3374 9350 6506 3613 6429 79 1086 5269 6153 1961 7123 1472 5798 7111 2271
13 3817 3333 4084 8464 2651 2900 5124 9346 389 1238 2492 3431 5232
19 3580 3148 7355 7149 4407 7101 9250 1165 7734 3006 6187 9331 7593 9862 7954 5685 6005 9827 2755
19 6252 984 1864 286 6727 2141 52 1392 592 8599 8885 7338 4116 9808 7051 6616 2839 4049 7223
25 1273 7612 874 69 3885 3051 8353 2640 7729 8820 3722 8911 9462 4459 2139 2995 4118 6325 9713 605 1849 4275 3586 4091 4891
36 7499 6662 2975 6420 9002 475 8882 5837 1859 9975 4767 5770 275 5340 8544 8470 4125 7552 733 2024 9969 2282 5164 2965 3132 7780 4375 5940 5118 204 4731 4315 5508 1547 3589 8301
29 1867 6745 208 2578 3669 4147 8186 4685 3135 7046 2563 4804 8763 3336 2279 7385 1780 167 3707 7358 3771 2252 4896 4434 51 6968 8943 7943 4725
8 7965 3655 7927 9349 174 2583 4530 722
35 6822 1512 2681 9487 9512 2551 6132 8800 6746 7680 1123 8307 5999 8814 1217 6612 4878 7063 3473 7160 9323 2789 6528 1858 6690 5338 8145 7983 6673 8666 1312 9555 5476 6271 6096
16 2432 4877 6164 9586 7883 5428 5766 8094 8996 8815 714 3231 4272 4082 558 2620
20 7070 2424 7428 3462 6550 9341 708 9539 1101 2866 1836 9204 664 5749 3040 3273 5455 980 8949 2597
16 1178 1977 5170 5100 4397 6056 3007 3854 3967 5444 6384 6789 3860 8098 8582 626
16 3055 7398 4833 7574 497 9497 6062 1872 6582 4329 5883 2289 9918 811 3994 5150
31 4742 6529 9401 8382 6413 6739 2937 5866 1152 1862 459 1415 9074 1679 9474 8067 4805 1783 2016 305 9119 7240 3505 1793 1021 8619 5342 3238 4197 9004 2902
6 8890 8345 50 5966 8738 2528
10 6002 3708 7926 5532 4092 3796 6436 5722 5993 5573
4 8773 7940 692 4471
3 8292 5991 7678
11 672 7810 8967 932 7202 7154 9782 9309 5978 3880 9792
32 7475 9820 7585 4153 830 5650 2771 6422 5803 3867 4853 2248 9724 5569 4266 7077 614 7860 3078 8415 3438 2403 4341 2701 8569 4169 5935 1153 6624 6051 8797 4005
18 8477 2297 6910 2057 7062 7743 4165 3777 9029 5950 2255 7124 1483 9443 858 3106 3252 1722
27 5235 8149 6155 3105 3191 2060 3435 5695 3451 6237 7176 1831 6452 4533 9442 1818 9848 4961 2342 8565 2764 6057 2046 299 3637 6242 6258
15 6277 6139 1530 3017 7444 8108 9399 340 6028 9794 1726 6311 7436 1230 6721
18 2720 4873 3572 4863 3615 1845 1537 1942 3946 163 6680 5364 1308 800 3331 7353 4754 978
14 9409 9166 1251 7446 4115 8530 3082 7816 3746 8288 5302 777 3341 9600
33 2920 7711 965 3717 1272 3502 6089 8695 8164 1220 9701 9823 7726 4539 5519 9225 3489 9877 7886 5420 4176 7908 2367 9310 5119 4574 2047 9279 1089 3175 7836 2677 8862
29 4094 3049 6068 9631 1777 832 8191 2673 3785 3429 5608 4426 7488 7237 8169 357 6167 1302 8264 2269 7966 738 2443 4231 6958 2421 1488 3984 8374
17 3629 2166 7379 8973 4441 3305 4211 5526 8952 9230 5958 3 1296 4567 7871 8553 4778
16 677 9733 1100 212 1491 9477 6009 3729 3926 4926 954 7597 3733 3633 8808 3618
30 3607 3409 2626 9144 9757 8796 4585 4643 6618 425 5099 5201 6059 9157 6774 9079 1690 5271 386 7721 5412 9404 2070 1594 8802 9793 9622 8611 8279 7601
22 9679 7864 8978 7557 8682 2059 1565 3623 3829 2907 1695 5103 9932 4030 4614 3260 3343 3440 8311 3698 3571 2773
35 1097 1407 9412 7255 656 4659 292 9165 2377 1620 715 5074 5256 463 8620 9784 5600 8725 4440 1854 2844 1730 1205 2891 1675 9502 4422 3526 3715 8443 56 2610 5395 9296 3588
24 5497 7186 1778 3292 7106 5880 4517 9667 8584 8498 9032 9009 574 6419 1099 6477 5011 1903 3522 960 3644 3033 59 7700
30 9752 1384 4194 7580 6474 2409 6580 7746 4792 3648 3798 516 4642 9141 5305 2345 1236 7999 3689 7003 8248 1577 1964 8805 6621 7969 8371 5652 1652 2169
21 6670 7156 2957 1260 2825 2171 8038 724 8140 5708 8550 2213 8920 3484 5068 6027 9049 4339 8839 9172 5055
28 1757 8484 9495 6922 9450 3789 9678 1613 9075 8827 9089 6134 1907 5556 9917 5357 3982 2851 9099 7100 1881 6074 7238 8861 3407 8278 1377 6533
24 5440 3918 8892 2440 9345 4139 8742 9159 8560 7274 8895 5481 7363 4915 941 2582 2155 4589 8240 5581 4401 7487 805 4538
13 9514 5218 2230 1518 507 5830 553 6243 1067 5138 5545 2276 8775
19 2571 8630 4170 3381 3536 5687 9245 5078 1575 429 3800 6390 4680 9746 2830 1091 7450 9915 7459
23 563 3338 8220 7498 8051 2229 8291 5097 9221 6047 8844 7520 2672 1648 1361 1694 454 5894 421 778 3069 1962 3402
10 6381 9347 1363 3614 2486 6725 5037 4133 8123 1951
29 9003 8932 2335 7086 7323 3116 4990 5622 1644 523 4206 8103 215 2086 2713 9778 9498 6722 771 5810 6679 2365 1083 9966 8913 6606 9 8538 8722
16 3549 6404 7768 1843 7698 7211 660 4709 9044 7947 7669 8282 9294 392 1825 7539
20 4601 8029 5890 5699 3840 6985 9033 91 8970 967 7493 2557 6463 2131 7625 7772 5854 6073 1136 2100
26 7657 4387 7546 5347 6729 646 2817 8378 7988 2122 8857 6982 7949 6171 26 3130 3241 4936 4603 7199 5863 9423 4577 1404 1427 7182
20 2015 211 5426 6178 1748 8150 3174 3269 693 7620 654 2416 3822 8781 9257 9648 8082 2926 7011 7093
17 8708 696 3601 4720 6498 1557 169 2473 5553 4361 9885 4861 8384 8232 8923 3656 5125
30 5860 2589 4164 4807 2982 6024 8412 5260 8229 5070 5317 7635 4188 8621 4155 7107 1434 9616 3706 2685 5843 2002 706 746 3978 7611 6151 9454 4799 1006
15 8758 3430 1797 7284 1706 3996 2101 2723 4463 8183 4077 1333 2165 5538 6870
35 9847 8290 8784 2497 2686 1245 3102 6587 3465 2374 9694 3285 3992 9919 8916 7531 4621 4454 6267 6773 1505 5528 4178 2616 5423 7279 6841 7509 8639 7469 5460 7906 265 2940 4292
20 2883 8557 368 1325 5052 7582 1493 471 205 1036 7302 6759 6448 5634 1080 269 8372 3780 8488 7899
19 9913 5954 4704 704 5374 8809 9687 819 793 4730 5851 264 8215 1334 5467 7035 2998 4127 8594
20 5445 5615 5369 655 6352 3047 6652 7684 589 2069 4991 6055 9343 8818 2985 667 2905 4697 7731 181
23 9976 7028 5006 4686 5158 9100 7941 4664 6067 6674 9015 1037 3516 5327 5673 9007 349 1408 6334 1927 5661 6997 2848
35 4078 2942 8574 7876 3666 1667 8504 5088 8300 254 2972 1638 3963 4096 6488 8646 6820 434 4360 1885 7449 6219 2029 2427 4737 44 7667 323 6661 4927 4393 9290 4683 4865 9430
31 8310 3527 5189 3073 8856 9182 6480 2543 4989 1790 4734 3924 6622 7130 4486 4086 3832 3684 4612 5438 468 9269 5575 8036 5030 7233 6010 7042 3110 795 2840
9 6916 6189 2293 428 5719 6538 2776 4027 6285
18 4008 19 8774 533 3398 8403 8804 7118 1768 3624 7817 7967 3314 338 5083 8025 8074 6517
20 9888 9046 2711 1527 4088 7464 7291 9955 5638 8971 5987 5521 4193 8451 2010 8255 5923 1514 2410 6494
32 6263 1637 7224 3200 6742 3414 8188 5576 6081 3909 987 9000 9553 2850 9879 1953 5396 983 4280 5098 8305 1156 4928 7241 4841 7955 2287 1290 1958 3514 4145 573
20 1305 567 8548 9926 2992 1634 7386 4966 1246 7071 9126 2435 1957 1380 9061 8607 925 4909 1137 5265
28 6815 4984 530 2783 5054 2781 921 382 5941 7749 6726 8903 6137 9863 5032 2873 3545 8709 2761 1187 1632 9173 8202 4412 6993 5588 1813 1020
21 3307 789 9030 9634 7494 4986 772 6283 3247 584 852 2341 1747 385 3413 1058 503 5742 1093 9638 2508
15 303 3358 4773 9856 450 3019 6828 7978 5753 9387 7244 4277 6872 7257 3975
30 4071 7198 697 1655 9464 1281 3759 649 9228 2760 4221 5670 9403 3389 9148 5414 2650 3884 123 1760 4444 2195 2170 5162 7183 756 7950 3987 4013 2818
22 2316 7108 6630 285 3570 1471 6262 3748 5183 9653 6351 1894 5788 8626 139 3171 3002 2353 1699 6782 9766 901
24 1335 1784 873 412 238 4316 7454 4144 3299 220 1615 6760 6640 1049 8358 602 3427 7039 8859 8265 7783 20 8185 1410
19 2917 7287 3865 3833 5593 2343 3432 8511 7006 405 1882 4632 9665 6988 9663 7023 3971 5331 1015
33 8731 3579 9267 8816 3842 8034 7209 8273 6484 4449 9789 4263 2959 594 7250 9605 7273 4974 4254 2728 651 9063 4556 8386 8012 2253 7281 9773 8980 7824 1731 7527 2273
18 8878 8274 7434 6048 896 5838 1143 8478 9034 7304 3598 9664 1356 4054 8898 1261 8269 4392
20 1138 8302 245 9815 2916 3057 7548 8597 5579 1595 8644 6268 8111 7519 4837 8919 3766 6335 8888 1562
18 9619 1113 4630 1233 7380 225 1745 9962 7301 9496 4714 1531 2901 6443 7909 1327 8091 1336
19 7013 9231 1629 6854 2360 8010 7815 33 6144 2098 9145 6693 9486 635 2623 3107 8770 8527 2691
30 2061 7889 1142 5957 506 3054 4021 6247 2291 2164 7145 2645 458 8366 6692 67 851 8927 158 3806 3810 345 3464 1484 5676 9747 8166 796 6559 4846
31 5086 1170 1697 7000 4656 5642 1294 177 9900 886 2842 4776 408 9366 1266 3973 8081 5349 2294 6497 9730 8315 1950 8880 1358 6933 1144 1645 6433 3928 6479
10 4058 699 1869 306 4811 2073 4057 108 5857 8022
18 4618 6502 2143 502 98 4101 6647 1480 8645 3851 2234 3225 6687 7151 7985 1115 8106 7166
14 7929 726 364 7153 5677 6315 7388 4061 7833 9771 443 1202 3797 6365
30 5300 7114 9320 9830 2934 4940 1355 4063 5914 4074 774 9193 8336 7272 7608 1853 3472 4110 9727 9745 4859 6976 8096 5688 1043 1865 2862 9558 3302 8217
6 1315 817 4910 1904 1 7110
25 9707 5727 513 4048 3750 2052 1905 3234 5550 8907 5220 1124 2389 7185 1351 8983 1059 5752 9129 5446 7215 818 5944 4047 1084
30 7429 2233 8370 3083 5240 5917 942 7730 1846 8869 6374 9729 461 1104 890 5033 3672 1394 3216 6431 1011 2283 1092 1028 2050 2806 3923 5439 6917 9329
29 7861 9090 9965 4064 4782 8831 6512 8761 969 7764 7830 1199 7132 5472 8126 8817 9170 8513 8354 2617 2895 4814 404 4488 4022 8606 472 9339 8740
14 4059 7687 7804 8819 6395 5707 1216 8452 5434 7481 4918 7289 2441 5003
35 5192 3197 4935 6473 2442 5135 6346 9481 5160 5465 4924 6821 9407 1767 9155 9355 7461 6838 2447 5149 2295 6126 2666 2555 2493 2334 5924 270 8685 1801 7537 4676 2347 616 3500
18 5299 3005 6206 419 1628 761 7245 1631 775 189 5394 7809 8891 4751 430 7739 653 5504
15 6783 3147 8493 4111 5040 1861 8976 4190 8571 2376 5399 406 8178 86 8429
31 7401 9402 6669 5212 3565 8768 633 1436 4858 7903 3173 4073 279 2956 2299 545 7521 4674 2222 3935 4102 466 7776 7452 73 4162 7204 9922 3727 3934 5631
15 4855 8489 6741 7102 2577 8615 4344 6359 1297 5709 2359 6363 9181 5979 6152
18 7463 7435 6786 6265 8868 9681 1902 6213 97 7122 5141 7863 8216 7834 8865 6573 6257 9906
25 3167 3596 277 1240 2570 4035 1676 4163 9849 6181 6581 7510 7536 3587 8117 8241 8045 6447 7317 3683 9243 7722 4563 3688 4432
21 273 6485 1489 5535 9252 3330 5019 358 866 8900 5246 4721 8483 2878 2858 2608 8519 4553 5629 9196 8069
20 3444 3249 9503 802 6903 9527 1349 8190 8485 5009 8801 4072 6085 9758 4518 3416 8361 3395 9740 5471
29 769 5227 1674 6836 5712 8059 241 1487 3393 7812 352 6103 4282 7920 4711 4851 1834 1753 1682 723 8623 5493 8663 1495 3388 6595 2130 144 3264
11 3696 9109 5835 1891 5155 350 2931 1463 7542 7362 8147
33 9305 1492 5089 718 7934 6537 1509 3770 4195 40 934 3710 3425 9328 754 4843 6920 8099 8969 2433 8764 3736 2454 888 705 4598 3287 5461 3641 3042 5817 8333 1139
23 9563 9852 3068 6012 164 92 9737 8667 1568 4470 6306 4000 2678 9674 5587 2801 1788 1662 6986 9448 7784 2516 9677
31 2247 6123 200 8536 1685 9127 64 8909 8687 7573 3765 6223 2370 6423 3137 2700 8669 2215 9583 717 3504 8762 2908 926 7261 9577 9776 8690 4531 8674 5275
22 4377 666 7534 202 3597 134 9490 7627 4746 8050 6229 6995 7332 2863 1935 4310 75 9953 2853 900 6191 8321
33 6412 4208 8573 989 8791 354 8151 9833 8780 5907 255 6908 6861 4457 2062 8270 4388 8649 8250 4740 1976 4572 7838 1608 4726 3322 9069 7639 182 3741 8552 295 2117
5 713 9864 8088 5653 4241
16 2135 6150 9869 6818 7152 9158 7697 9950 7370 7727 7689 9361 2444 4138 8319 398
18 2949 1609 3291 3227 6102 4608 3503 6632 2481 2491 783 9168 8613 7751 6354 8308 4987 9796
8 700 7948 712 6464 8280 7577 9736 7049
31 8703 1323 4624 6645 8529 7171 3099 8956 5700 387 8064 7560 4789 2837 6444 1053 5882 3628 8392 5106 765 781 132 6592 373 861 9051 899 5811 3887 1343
22 117 8711 867 7793 1012 5464 4235 1519 3979 3074 1707 631 5823 410 5800 6086 9668 3080 4364 7766 2659 1646
26 3442 5491 8902 4016 2333 4854 6698 1937 8500 9438 9441 670 1840 9884 6235 3145 9471 7706 7168 9873 1025 9184 2683 9198 7112 3850
16 7913 3475 2181 1146 884 2202 8734 8985 9057 3460 3184 2157 7044 3679 8499 690
10 6695 190 3773 1326 4493 494 7971 9272 1061 3207
32 1543 1605 1421 511 5656 9923 6719 9195 9357 636 938 490 2694 9821 9233 7549 7917 6075 4460 2692 8256 1507 6193 1462 7052 4795 7163 797 234 4305 7393 142
11 6831 5808 9556 135 3554 849 8306 6521 5855 7115 8789
19 6901 3640 3362 5417 7750 1031 5122 6387 973 4262 6180 9124 1678 5831 5322 3113 6978 4641 7733
28 6403 1949 7477 629 7081 9632 9611 897 9077 3498 2063 3501 889 5482 2205 9268 7723 226 3852 743 1131 8825 5814 5111 7996 4741 6288 9417
14 3156 9935 457 2382 7246 8951 2304 2288 101 5936 662 6676 5334 3380
11 2384 1411 6801 8704 5450 4500 7228 6569 4311 1293 1456
12 8518 9405 6304 975 3445 8035 2802 4327 9641 3228 8662 9377
7 5769 3276 9274 2904 6021 1430 2591
17 9393 3236 8203 2399 3795 6340 9617 1453 4617 6098 5451 3673 9859 6114 8749 4890 4646
24 7040 8458 6200 9657 9457 3215 2386 1098 81 9379 8540 936 1132 1371 1603 4727 3548 9984 4390 9764 759 5720 1288 7714
30 3855 3651 6410 9104 7884 2207 7256 9858 8617 4045 485 4800 5879 1096 5247 2938 947 7195 7262 7538 7800 45 7354 7421 9094 4458 5048 2689 4823 437
24 1515 8425 4184 1986 5511 2952 4171 6380 3839 7907 8506 6120 6696 8705 4121 5000 1622 1821 4303 4998 5202 6158 6717 8195
23 3371 9473 1121 7602 2167 6305 4913 6593 6248 2246 3163 2144 7099 243 5518 5965 6653 995 5889 2914 3945 2152 1009
7 1992 6849 2118 1997 6293 1817 2049
15 9325 4583 6756 4826 3936 3911 6136 2704 885 6500 5596 9120 6087 5449 7467
16 9675 8158 9845 8653 8546 3905 6179 1980 7178 8933 2561 7788 7651 3506 7767 6834
25 6198 2641 9316 284 8681 3879 7203 7010 1968 4249 9644 3323 5249 5577 9683 7331 5288 2226 2860 798 5669 8080 3559 8723 4695
27 7928 6135 9627 3739 7882 9062 883 5062 5133 9023 1914 7009 1806 8197 647 9762 3525 5974 8942 4950 1536 2961 5536 5874 5939 6613 939
19 8670 6793 2109 5605 5639 745 570 6328 848 834 246 4769 7590 9390 6212 3863 7002 2223 8131
8 6807 5387 7347 6904 5862 1163 5513 3286
26 4435 7512 5554 6029 8348 7916 9263 9133 8028 9160 8446 122 4060 4620 841 4234 1769 8931 8356 9076 1172 4474 7673 6481 1718 8947
5 8640 8262 5480 8598 6018
32 3869 3257 5636 8285 5620 9064 751 4541 1494 9505 6121 8109 2568 15 1283 1345 2506 3359 6996 5910 4513 9386 5873 1157 736 9525 7053 8124 9956 5773 7725 4140
18 9449 2031 9419 66 7278 2406 5514 2612 3075 7222 7645 6437 2580 3776 6282 2485 4771 9515
31 4307 2738 6053 4830 9751 3124 2076 4497 659 4879 8638 8159 9810 4942 4430 3154 556 8004 8017 2120 4298 8092 2763 8964 9676 3378 9241 9971 5046 9970 5937
32 3253 4693 493 290 9819 6196 6270 7642 4724 9288 3466 7857 4515 6406 2740 3968 8325 3599 7260 7998 2387 4342 38 8491 3998 2450 8849 8454 1161 5312 8490 8874
17 375 1013 3317 4228 2999 2585 6893 7068 3469 9299 3282 4701 6891 806 4464 7142 8402
24 8329 3575 6804 7236 4705 1835 871 7275 5994 7266 5692 2861 2191 3198 7923 8393 7084 6797 6666 8561 6348 3838 5977 976
33 474 4414 1524 6710 9018 671 3190 2745 9156 2220 1197 4802 7259 9643 8748 8750 4597 3960 8974 5930 5319 1388 6516 2624 8222 5459 2671 8765 7617 9875 5718 9146 9916
24 5868 5358 7638 9485 9743 8194 3117 106 8798 8830 4358 7497 576 3801 5997 6394 7242 7050 8777 3134 6458 2821 9545 6011
19 1105 1111 422 8806 1168 1458 2875 2121 4884 3182 1681 6292 5704 3455 6264 9933 8340 2005 1022
31 1040 2788 5425 9562 2731 3721 3345 6082 1943 5567 2898 1292 1774 2808 2438 683 242 6604 3511 3391 8473 8162 7775 3889 2490 6731 3280 6664 1242 1808 8054
34 222 7993 7314 35 7438 9604 1081 2395 1309 1117 5105 7305 2498 5031 6540 6006 4289 7076 3927 9582 1249 3920 3153 4650 7268 341 7814 729 9307 1141 1082 4348 5697 8535
34 1005 7129 5996 9633 8991 7034 6026 9262 2706 6657 4866 5878 1282 4777 5211 9460 6174 4097 632 6776 5524 6091 186 9016 6878 8577 9756 2349 1618 1234 8461 504 7390 7146
26 9550 3325 7762 6367 2948 8312 4832 3213 3714 1933 5136 5496 9697 6867 7022 2194 7158 3162 9427 5065 5836 1060 8137 6919 4545 1134
16 3555 5858 3541 780 9314 7759 767 872 5081 8456 2827 2816 6289 2487 4069 4716
11 1135 3767 2918 9115 5918 6509 8251 9895 424 4332 8453
30 3578 7113 4353 1820 3606 4055 7389 6240 7626 2903 5904 9946 7550 3217 6050 5832 1719 1811 4917 5397 4719 6950 221 259 623 6723 2929 7307 9937 6434
9 5424 8024 3779 1399 5813 8683 2864 3533 4186
18 5693 3608 9072 6556 4578 9958 9327 8930 4425 787 124 6936 8986 6019 9878 7348 2203 7825
19 84 3311 2495 8219 3583 6216 4593 4744 5021 4209 2479 4279 4549 1714 1597 9163 1382 2325 8727
33 9140 9463 4665 1994 1580 4297 7232 5422 1232 2661 1109 2884 4699 5792 9741 6253 1981 7341 4591 3277 9894 4004 903 8060 8322 5197 1526 6700 7603 4192 8641 7201 8414
28 4894 7891 7373 7686 6078 4371 7761 7829 716 7822 1389 6683 1979 5233 1116 2414 149 2739 1763 2524 1851 7 2725 750 2182 7524 2814 7742
25 920 1803 2184 5725 6839 5073 4062 6888 9783 6116 9239 4912 6754 7155 9456 5739 470 7054 9786 4922 3385 1586 8226 4042 9326
18 6706 7020 2198 5566 1873 753 2653 2753 2924 993 4528 2302 5432 8467 2564 401 6911 1213
34 9799 9649 2401 7572 6749 3220 9202 4605 8101 9232 4939 2534 5172 3141 4499 7024 6042 2859 6860 3412 735 1373 2707 9618 9854 333 7290 5927 3871 7489 188 8044 994 7649
20 7956 7329 8198 9705 8772 1529 9732 2567 4026 7288 8680 9689 7596 1077 2038 3836 9123 3064 5264 1929
12 2559 8736 1030 168 9289 3760 5463 4886 1983 5735 1939 7688
31 5717 2123 9385 8079 6034 7162 7344 6902 2921 843 6885 6775 3699 3763 8049 3448 8234 5807 1486 7670 3011 1360 4534 3189 5595 4785 535 8636 9552 3097 3569
27 2695 9452 7372 935 9180 2930 3326 5847 6416 3646 1448 6963 689 4044 1317 4881 5140 6560 9295 9957 5266 2392 9893 5618 9601 962 910
17 961 5213 7779 6319 1322 2644 7653 5416 7932 6145 4462 5960 8061 5551 3791 9834 5404
23 372 1406 9602 9628 6634 8795 1733 7342 5861 7770 5684 6921 1810 5143 3470 1235 6505 8335 3481 6660 829 9468 3824
27 7952 3208 3947 6475 7174 9068 4798 7066 1912 8339 2373 8289 4899 1772 9548 577 500 7855 3497 1440 4972 8139 251 1701 6853 5415 8921
18 3654 5284 6539 4237 1999 727 5925 4631 5066 4380 4702 9802 4261 4554 3518 5876 3218 9673
21 768 8073 1206 5679 6378 4343 2762 2068 9212 8841 8872 5733 1401 4389 5506 5784 5454 5286 2593 5895 8154
28 24 739 4112 199 9871 9738 6222 5452 5001 9998 8692 9444 1761 4902 7397 7330 5490 2204 8914 1366 2746 3876 3151 6991 3762 828 737 1306
21 4090 6329 2511 5120 846 7922 9576 2355 7513 2174 9226 5372 3799 5534 8661 9152 8437 42 451 8771 9693
18 9084 7210 4815 5892 9190 572 2434 5082 7558 2290 7931 1598 3127 2034 3847 453 5210 3560
32 2869 5743 5295 4869 1647 5433 3784 9731 8631 7361 1348 9208 4628 3772 8807 2596 7189 1989 4212 7652 7897 2097 2655 8201 2579 8724 3303 4203 2815 5179 9354 1569
35 8962 5237 4421 8146 6425 5012 6261 9972 4119 7503 2867 1692 3862 8871 3846 538 2532 1921 5258 3399 3361 4816 4715 2475 7845 6992 6508 2136 562 3109 6035 7391 207 4296 9829
23 2356 1773 3396 7567 4602 313 7282 6476 821 3499 3874 6699 8492 8218 7125 1265 5590 2733 94 7306 9356 1174 3367
19 4637 109 3989 6338 5621 9538 8037 8652 2108 9516 7629 9324 1934 6743 7972 8332 8152 8089 3032
31 4150 1024 8309 5663 3036 5263 4607 7425 3622 4828 4278 7474 130 6848 2722 740 6816 9774 3161 1107 7105 6564 4142 3275 6496 6411 2730 68 5714 8870 4662
32 6115 1438 7792 4673 6563 7092 2696 9684 9234 8263 3843 4117 1429 6930 2909 3308 5176 2854 5171 262 6937 9085 5259 160 1517 4032 8893 4570 2604 1479 6994 8618
29 3988 1630 4255 4666 9118 4123 9177 3974 833 6751 8659 8926 9709 816 2526 9704 7072 8668 752 784 441 4747 8602 8053 455 7350 906 4338 3562
31 5885 2536 8328 3411 6316 9620 6648 46 990 9822 9896 2417 3454 2400 1946 2084 7192 4874 6728 3634 1611 5392 162 5609 8714 9271 289 3630 4817 913 1705
4 311 3539 6644 8507
20 4379 7471 8832 4482 895 9537 9035 4384 1412 7197 8486 9073 6301 194 5470 4739 6459 5793 359 8596
22 7399 4706 9255 7196 6762 8266 365 3731 728 1516 8961 678 2308 7280 4931 140 1398 5683 8726 2322 170 5723
33 541 1372 1588 2605 4020 922 2105 9647 4328 1710 9370 1179 1960 8547 4357 4009 4075 2765 8294 1621 334 6555 3355 7491 7526 2249 4808 1847 9614 9993 2227 9131 9472
9 7561 8586 2718 9921 6322 7946 1805 2055 465
5 4143 4781 1002 3685 1339
28 568 6457 3368 7085 1684 5601 4880 1256 7769 2173 4561 9421 515 9718 4964 2003 2676 6945 8716 5820 60 3140 9781 5659 5563 9097 263 3279
19 4494 6493 9813 4246 9625 2997 141 560 8981 2702 2541 8235 1848 8866 6614 7568 1602 9770 8377
16 8950 2512 482 4202 4587 6705 8671 2665 374 5899 8014 1391 5386 4496 1624 1000
25 6228 2357 8462 2717 2110 9303 7763 6953 2990 4217 9428 999 7720 5139 5195 1574 9041 2759 3745 4484 3180 9494 3158 4160 3229
19 622 8376 5540 640 611 3366 7276 403 674 6672 7075 7992 1549 185 1127 9067 411 590 1923
28 1833 7230 1959 7787 1046 8595 4552 2260 1051 2835 9785 9987 4698 9337 8532 528 2699 2872 7181 6599 2363 5787 944 1244 3819 5224 6895 7789
19 6541 864 2973 2338 6402 5043 709 1110 7715 4031 5076 9980 310 7359 7995 9787 2502 3965 4929
22 6961 4260 481 6128 4520 5597 6079 836 8570 3023 7696 5871 5051 3415 7074 5435 3035 197 4416 5988 9334 2163
22 29 9052 9806 2216 7628 529 7019 3261 7515 3895 3584 6909 5901 252 8400 9026 1320 731 195 6609 6038 5985
23 1664 6658 4794 1908 8940 8379 9948 7169 9027 2035 9238 9038 6211 7935 5715 1027 644 4216 2210 6702 3712 6507 5144
21 55 3990 1208 1416 1832 8471 9788 9122 4765 7426 7336 6770 4760 2030 9606 2993 7311 2090 9850 4923 2509
31 9523 1860 1177 7337 7840 1369 4888 2388 230 4907 8450 1420 2631 3351 8129 125 8873 534 7179 7378 2452 6577 5643 764 7571 6065 301 790 5035 9700 749
18 9216 8459 1267 3058 1175 4372 3169 4089 5915 544 6905 6515 1129 1158 6401 3941 4729 3620
29 9283 2538 6296 9640 9795 8575 8609 5952 2072 7873 2192 4892 4085 1639 5268 7352 5326 4810 4548 4367 8528 763 5542 5142 7138 479 12 9753 9573
8 4842 4885 6208 4029 5690 2652 3930 5903
9 2576 7325 362 3954 721 3327 2096 5293 5665
14 4948 6159 9944 448 9179 7732 1738 5603 8075 1643 2893 8481 6542 2939
18 4346 7180 7406 6942 6764 8995 1239 5951 7837 8062 3086 1274 9840 9147 3265 327 7001 6221
13 1888 6199 209 9251 6397 6432 4218 4148 486 3957 7968 9977 6170
27 734 1984 9469 3050 8989 3663 4786 1422 5123 2630 1071 4856 5908 1541 3908 9826 2462 6949 9807 4183 4041 8313 869 8717 8908 8120 3204
33 3149 9920 5516 1729 4481 9546 9394 2790 9837 3146 3450 8105 7587 3449 5104 859 5681 2218 4565 9318 9201 6928 3301 8702 5754 2145 5839 8043 9560 2113 2158 840 5248
14 7119 7575 1670 7728 9580 9005 6525 2257 2521 4752 2326 1972 6177 247
7 4214 5034 332 5156 9209 2385 1880
29 7862 9636 7901 3530 5782 2037 6926 3121 3079 1982 5877 5339 551 5945 192 4271 1798 4391 8295 6941 8076 5731 9942 6045 6084 5666 6715 6685 2208
28 157 4428 9282 3816 6503 4544 348 5557 7516 9882 9298 9270 2796 6772 3237 1945 1119 7258 9491 1435 4864 5740 5203 4501 927 7219 6518 3120
12 2986 6884 4761 3114 9171 3802 6805 8968 5272 6889 6 4622
23 297 1874 2209 7654 7872 2137 7440 9302 5675 5419 8524 5607 5448 344 8068 1298 1703 2522 4510 8441 4968 522 4599
17 1978 3196 8786 6220 3270 9065 3949 8272 2107 1799 6345 395 3474 7453 3028 8230 2658
17 3103 2079 2455 5955 5779 5371 6980 8822 6720 8894 6701 1812 8174 5316 6881 1619 5819
32 5341 2714 7648 5686 6141 8112 4862 5400 9652 1271 5995 4840 6833 5529 8136 6366 5552 4710 154 4903 6667 4626 8469 7623 7518 9280 911 4079 3012 6750 6323 5672
21 2912 8055 2657 4107 6173 8116 826 7679 2977 9358 9542 9867 9348 7292 6471 5570 8845 3890 2007 5953 8211
26 3281 5113 206 1830 4613 1465 6584 8876 2240 524 9322 8767 1310 3674 3913 7543 972 5016 8732 1554 9519 7476 4504 4962 2786 3347
7 5716 5948 3910 615 856 2660 3848
16 957 8435 3188 5711 1474 3418 9561 6297 5301 8534 5694 4569 8755 600 7910 5067
28 6724 6735 6360 7683 5783 4007 5050 5169 2407 8533 1368 7755 3070 5092 9880 6829 8810 1533 8003 8097 5151 2855 8468 5750 3405 7881 6227 5108
20 445 1593 6307 6718 8419 6438 6969 7191 2797 8585 1787 9790 3753 7506 6099 5485 3724 2114 5848 2813
24 3693 8566 5920 3906 8854 6336 2527 7048 1330 2054 2125 7599 8576 8476 4748 3223 1571 5774 6281 9522 2615 8046 4189 807
27 2020 9985 2881 5539 5036 7041 444 5764 2766 3509 8721 7004 9541 3256 3342 517 5257 7038 2953 868 7485 1362 8863 5431 2300 5225 9536
28 8395 902 4836 881 8542 8953 8193 1255 3645 4330 402 5502 2237 2911 3306 3642 9841 747 3379 8100 8090 4424 4418 794 2554 8939 4750 4243
15 2008 3951 4109 9105 5303 9949 4930 6013 5116 8237 8562 561 4845 9136 5071
29 8406 4546 3334 9702 2482 6871 4326 3203 2415 6041 4453 4625 527 256 2607 8475 5984 1814 5401 4678 3240 5365 3626 3681 7851 9014 1497 948 6470
7 5598 9996 6202 3585 8085 5091 9569
28 3030 6924 8440 4003 4065 2693 2621 6231 83 4251 3262 1572 9422 4669 4252 571 4427 7976 1552 143 6032 2457 2224 757 9332 6931 383 6534
26 3471 8848 5541 7172 3453 1215 9466 1523 8984 8214 1364 3761 4456 6642 5314 9110 5313 512 9431 5117 184 3956 3577 8349 9211 7522
11 7141 3758 6255 1503 7382 8937 1686 7387 2095 6344 1855
20 8102 5487 41 2305 6392 3433 9897 6333 2272 1428 3392 9278 3266 1446 1906 2028 4827 9791 5509 1545
12 8840 2899 1955 956 4629 2984 9478 6104 4651 7529 9911 9868
14 585 6110 3354 57 2754 4070 1623 6046 7970 6890 148 9461 6302 9860
28 268 5572 1221 9654 378 2919 6597 379 6808 6462 4543 9142 7790 9447 8347 875 6675 3244 8944 2496 748 4633 8515 2301 5204 5705 1823 2586
23 4495 9137 5771 2056 1913 5241 930 3609 8510 7234 6800 7045 93 3494 9224 7782 9489 5531 1149 2193 2499 3687 5821
21 1353 8209 442 3199 2000 5724 2602 6331 2048 6898 4768 916 1328 7217 3650 5614 7820 1450 8360 426 835
33 5406 5875 9012 3875 5602 6526 1352 3205 3904 8864 2402 5864 5023 7351 5640 5421 7326 2871 2688 9855 7852 4609 7200 6230 8677 7606 7517 5407 296 9669 322 8210 9990
9 8342 1192 5475 2317 1740 3048 6934 2879 89
4 5649 3468 7693 2053
32 7640 4959 3092 8554 7710 5584 9889 5238 8851 6106 8918 912 5730 2396 3406 7708 7832 7914 1988 4619 2371 6617 3000 9603 2066 1708 630 6545 2747 8701 3671 2822
19 1528 9128 5214 2518 6454 5187 2217 9742 8243 2966 6610 3837 9266 879 7069 9499 9517 1966 1247
12 583 7704 6951 3602 3594 6101 7811 2115 1504 2315 1844 7713
16 2941 3138 6125 1201 7492 3232 9836 8505 9167 6684 4106 6974 5625 3660 2894 3088
12 8204 5112 3129 3108 3680 1496 6399 1660 6757 4213 4566 9287
17 3025 6558 5748 6186 7579 6967 3439 7569 3230 446 7803 2196 7496 4446 3858 4354 1150
30 1735 8021 3603 7690 2140 657 115 6163 6932 3811 5163 624 2546 6897 8258 1485 261 5826 4187 6017 9414 7644 9931 6343 9891 648 8275 6339 6603 5174
24 5304 1651 5887 5756 5453 7448 2675 5809 8239 8431 686 8153 420 414 5333 3769 8751 191 4983 7343 8455 1698 5147 7937
8 4829 5815 8743 7205 5804 8917 8284 7061
17 741 627 2074 2212 7139 6835 7545 5916 3192 7283 4671 3248 7752 6368 5884 1570 2225
20 5381 8739 1804 9769 1386 9492 6638 7912 5701 2667 2525 1193 6218 6806 3757 2614 3031 1876 2175 7773
27 9979 6747 3510 2896 7208 552 1181 9070 5014 4638 3271 6064 4634 5389 612 9706 7462 985 9661 5261 5418 5561 6217 5842 8959 6300 3259
20 8559 6740 5562 2769 7502 399 3948 8881 4560 1026 1736 8389 5207 4611 3914 7184 5443 7133 4273 3723
11 6321 7194 5568 7566 6400 6370 7674 1822 6117 4600 9910
31 3743 2006 2539 9549 152 102 6989 6716 9612 7080 3845 9264 8212 518 6036 3045 9237 9470 8439 3738 6225 416 9588 7973 2318 2361 2976 9178 3792 7758 7017
19 9581 8699 1054 5732 3701 9375 7595 9019 5190 3010 4579 1542 5024 1641 6779 4383 5973 4281 6111
24 1269 6004 3632 3026 1106 617 9475 2044 7315 3981 5619 6562 3534 857 8616 6203 6769 3955 9059 2943 3087 2369 5281 5825
20 6039 4965 680 8344 7798 7939 9218 4473 5741 3595 2091 3235 8442 2643 5148 5644 3922 2606 1837 9831
5 8520 3029 7430 3022 4887
30 3457 5359 2690 6000 6398 1079 9242 5713 5962 2292 1166 6883 9607 6682 8883 9092 4351 4960 6588 1616 6852 3034 6796 5095 9391 7087 9521 8838 1478 1300
31 8728 5818 6192 9297 782 5107 3993 1886 9381 3155 9388 1944 235 3574 5992 9533 8199 1990 1035 1375 7473 2562 4222 4402 1185 5363 4180 2372 3335 2922 2544
13 4687 7451 7975 7867 9164 8110 6280 4256 74 4857 2346 6441 3478
26 3564 7553 5307 2787 6272 7745 8245 2439 3625 5986 5039 914 909 6522 5274 9363 5594 3214 681 1567 1076 4684 2251 6015 831 8122
23 580 9685 9559 2425 7662 39 1716 9192 7296 3339 4378 9480 6513 2892 5738 8006 2619 4465 4691 955 2337 2609 5244
28 6649 4537 9078 7870 3972 4652 85 159 9458 1521 1896 7794 1476 1264 7866 6824 8745 5320 3888 1253 6709 3658 8276 6594 7297 5361 9635 6060
25 61 2436 4154 665 7190 5267 7665 1443 9408 6094 3986 5094 5801 3428 6813 4340 9518 8633 7056 3563 5926 5177 8522 4900 3883
29 4788 3160 720 8823 1963 7994 7096 7633 4491 2043 7078 1897 9420 3894 11 7842 2978 3977 4997 1342 904 7157 4640 5410 1658 1683 1663 8365 3284
29 5161 9974 9011 6856 2470 127 5457 1259 8257 3085 582 2923 8299 3841 213 6490 7982 7299 5736 5084 6766 5867 8142 6209 762 447 2794 231 8897
27 6456 8104 3830 5888 6575 3778 5298 542 7422 8182 4675 4906 2768 2004 9017 7294 4210 9312 1007 5283 5657 2637 488 2408 6358 6246 4649
26 8179 400 435 4028 8445 5660 369 8413 2065 8326 9479 173 2398 887 7371 7327 4870 1243 8946 9338 4757 5599 3856 8138 6241 5931
11 6952 7116 5983 9798 8132 5897 7831 4901 2243 2750 7953
28 7877 2026 47 5627 9610 8642 300 2075 6850 6391 9139 7672 4135 4745 5530 9261 1656 3815 6732 1712 7170 7705 5022 5989 3716 9215 2411 6063
17 7799 4648 1276 9680 4938 7847 7777 8719 8753 5200 3820 7431 5354 3143 5533 2697 1359
26 489 4437 4848 951 8042 5799 9273 7555 9639 9229 613 5157 6777 1696 7848 6299 6568 603 3558 4419 1680 9336 2019 8163 3664 8497
31 9207 2838 8224 3921 2250 7663 380 175 4623 9054 9659 5353 5635 1947 9597 1782 1405 2500 5786 971 5641 9961 1829 7251 3670 9365 2638 1120 9711 4568 6260
11 8184 9763 4492 2517 2968 3576 4108 6093 7980 2772 8847
17 8420 6877 4080 9557 6825 7933 6962 6566 8125 1922 7031 8508 4010 966 9396 9227 5501
18 8675 2748 1970 2261 2799 2751 8992 9699 1291 9086 5277 5346 5321 2344 495 9451 5230 2172
23 6424 2426 4980 4050 8093 982 4595 2954 6197 10 2710 4647 8627 3844 5761 3293 5828 9642 2594 1301 3703 8002 2724
28 5245 6239 439 5477 2041 2981 4532 1203 5559 2501 4489 7007 4487 5411 3013 4038 2085 2785 3582 3001 8206 3423 6183 2836 9024 1347 3929 1948
19 6160 7082 8346 8133 5234 823 1263 6744 2749 801 8041 7835 548 7427 8879 8156 7356 4156 4803
10 7468 8394 6586 1925 9465 2843 7303 6295 2880 6817
30 1866 8449 825 3783 4914 4555 2404 7456 9440 193 4293 281 7754 4821 8293 9384 8958 2242 964 3353 3730 6487 3383 7059 1379 2886 770 1318 4374 3346
12 3692 1734 3426 9483 7854 4181 1599 2312 3128 1909 3172 8057
22 8578 2480 3754 8746 21 1819 7819 6083 1781 7853 5729 3344 1383 5946 5912 7514 3886 9154 5812 7079 2618 7252
13 9121 5384 6532 2994 1919 6355 1713 5348 1254 9938 391 7175 2770
17 1993 945 2782 483 3112 415 578 5221 8901 2 3039 9508 7990 1087 5398 557 3386
31 3239 4511 6536 266 2180 5375 6956 3952 7187 1198 3157 5486 1424 510 2611 2494 8362 2757 9591 9001 7018 6906 5010 1540 1285 5505 1467 1573 8337 1019 8700
31 9901 5654 565 9735 4403 4636 9624 8603 5462 4654 6713 2955 809 6565 1538 8778 520 3485 7447 2820 3309 804 2823 2307 1133 58 2625 598 4506 3611 9281
8 7911 2928 6327 4658 6814 5366 6544 1452
27 9411 1090 8040 950 6703 908 8160 65 1591 7403 8115 7419 8776 3523 78 6278 4812 4095 8712 5775 8925 9432 7676 5474 1614 1052 7058
9 1563 2132 6426 8843 320 7164 5956 6234 8824
33 4882 5990 1010 6069 4137 3038 9710 7636 120 3657 2547 3496 5373 9333 77 6204 6469 6948 3136 5852 8558 9531 2890 3980 1600 9373 4129 5591 1147 1204 7405 9719 2897
15 5902 2791 7248 4973 8421 8523 5193 1779 3997 7339 8904 3077 894 3962 2430
7 7229 328 4507 9954 788 2824 2669
10 4066 315 7465 9254 7668 4450 7778 5632 3044 8563
30 6965 8426 8915 3566 4764 1553 9928 8058 7843 6596 5101 4921 4159 6707 6915 6130 5186 363 2469 5229 7963 7878 6990 6761 4308 9876 758 4790 343 7986
22 610 9246 5205 4285 596 5662 1331 4400 3165 9566 121 6379 8760 5768 6238 4700 1095 1419 8363 8503 9025 3076
16 7318 7346 5250 7065 6830 4971 4963 8427 1167 2800 2849 4480 7478 257 8070 1088
22 2429 6752 3991 9804 5674 4503 6832 6925 3751 4898 974 5166 4732 9899 496 2779 5776 8114 7951 3020 6016 7235
16 6633 4352 8998 9992 3211 9240 6165 1668 361 4442 2189 1321 6668 6646 7439 9803
3 2278 2736 7376
31 2774 8792 5626 9712 4639 8324 6946 4113 8928 862 9968 4564 7796 9592 958 6552 3101 1171 1650 4025 2646 6691 5938 3764 9088 3711 9760 5604 1892 4540 6453
17 9020 842 2147 6842 1863 4615 8118 9846 1062 388 4301 1085 3369 5791 5198 1931 2627
8 2418 7671 351 4516 4242 4977 432 3825
18 9291 7846 9874 3938 3420 8955 1324 1023 2533 9398 2795 1659 8267 8589 8580 5362 5758 8260
5 9626 7104 730 2573 5891
26 9187 5744 3821 2537 2245 6446 4318 5287 5045 7604 377 4824 991 9767 7781 7646 8829 4012 3312 6109 8999 4735 3612 6524 3063 2529
7 8509 3202 7813 7719 7335 7533 3289
15 4586 5721 933 2663 7682 9186 1289 8144 5555 755 9814 8541 9507 2964 3619
22 4644 2654 2270 7014 4406 5042 3593 9780 1827 3178 1657 4461 7942 1258 5781 1506 6445 9749 4451 1758 669 9532
26 2327 5332 2330 1470 5026 4992 9748 8317 6999 917 53 3419 4131 7225 5175 5178 4996 4522 3950 3781 7395 9203 1653 4018 3812 4955
18 4098 1973 4366 7414 543 1029 9941 6600 3864 7089 3084 5726 236 5544 4363 8648 2032 4268
8 7227 3246 4994 9467 176 9775 7756 2134
32 6694 9306 5285 8614 2464 4749 2160 1583 4274 5564 5824 5289 9881 8551 3661 8027 9988 9554 732 1566 5168 6935 2149 6100 8409 1673 8526 1225 7136 9311 5029 5063
9 219 9544 4717 6066 9967 5002 4259 9688 8047
12 2176 3774 6791 5834 652 7869 5311 7300 5494 7702 3480 6405
15 1815 1635 3403 7874 1755 161 4958 6971 5844 1589 2393 959 8253 3749 7404
27 3008 892 3866 6430 1365 1250 9964 4433 355 2319 3186 3356 3300 2552 6077 6175 356 2719 4946 7095 1442 3488 3718 5745 3417 638 3617
25 5222 5500 9286 1508 4205 2979 546 7103 509 4224 1875 384 9509 4023 4448 4524 7127 6236 1938 6955 431 9717 5696 1454 4542
16 8271 5856 7637 9947 8192 3809 2721 2488 110 7437 4813 5047 5499 5592 2865 6467
36 9670 166 150 7226 6966 1346 9809 4105 6659 3782 6389 8741 5061 6105 9378 8141 1125 4512 8381 668 8318 2489 4708 4783 9857 7480 3804 8537 1397 8707 107 2094 7565 9615 6148 2221
19 2944 4661 5777 172 5503 3477 8785 9151 6907 6864 2383 6375 4718 7298 6583 7264 82 1510 4120
10 6361 5393 3786 8803 7193 3194 3181 2558 2156 4796
12 3321 9021 1548 8496 9529 6899 4753 1400 6124 3857 9637 8957
16 3647 6274 7921 4849 1704 8689 7981 5053 4146 4766 7989 579 7214 7374 4319 5841
14 8564 6377 6154 80 1188 1691 5961 525 4269 9650 5760 2540 1210 8480
10 7716 8231 1765 7328 1337 5165 3094 3456 3041 7600
29 113 3104 7243 1252 5291 8665 1985 1700 118 4677 7267 7368 3893 4312 3873 2190 7797 2093 6790 3142 2027 6388 8423 6954 9898 6250 70 298 3631
16 6913 3461 3490 4657 1693 6643 3482 9284 3694 8605 1064 6959 6840 1001 1207 8171
16 6607 7117 9744 6523 1587 3290 3062 23 3071 165 8369 6330 6631 1764 1195 6185
23 3168 3459 128 95 6771 9130 4017 7808 3901 8407 4787 865 7624 6619 1720 5134 8432 5778 2303 6157 9501 7694 3861
18 2313 8323 8351 3605 7442 6119 6133 8860 3258 1930 7712 8063 9376 4232 7583 5589 8875 7482
9 1724 5746 2780 3193 9843 2793 171 3704 8330
9 5402 9459 6349 7839 3627 9259 336 845 7795
14 6900 4223 9543 4404 6076 1721 9623 4019 2477 698 8031 4265 7015 6080
23 2507 3329 4502 7737 32 6927 6639 7134 8018 2565 2397 4667 3592 5630 1073 2431 6543 1457 72 7890 2868 1063 1956
13 5343 3976 3512 9042 7785 8030 7643 1459 7659 8502 6591 229 9476
13 3667 1689 326 9951 5351 6357 5628 8303 8572 4324 5044 9013 1003
35 554 3384 7249 4733 5678 8367 4713 178 6579 7805 6882 4775 6681 9574 8460 2715 1850 7802 4067 6561 8592 8465 6510 5328 87 1044 2080 49 642 7826 3787 8735 2200 9176 316
8 7088 4467 7483 7147 5616 8941 7681 2888
35 8587 9087 9805 8521 2856 2635 1222 3732 3958 2126 353 2314 799 2468 9844 4443 366 3902 2231 7974 5827 3959 8977 968 7589 2575 4670 7349 8790 3529 609 9811 6273 8463 707
17 6418 9595 6003 1186 5751 853 3524 2969 4594 7614 4317 4052 4728 8612 5390 1887 1212
17 9698 2106 7631 4703 9071 9199 3532 4270 7271 8026 8788 5127 6964 1751 8087 4723 3021
13 8698 3170 248 5816 2352 2178 8228 2362 4838 3297 3705 7641 8850
10 6780 7357 8207 1723 8071 2767 8948 2847 7375 8375
24 6767 5060 2566 9353 381 8236 3636 9645 2556 9482 4559 129 2104 6314 4362 7295 7027 8457 6022 5549 1878 9714 5896 6342
23 6044 1625 8434 2036 330 7479 5279 8990 5310 5933 7898 695 4219 5929 2535 5872 8887 6938 6869 4238 8837 2262 766
28 4056 5510 6450 601 3537 2852 4756 4819 7691 5909 8343 7944 2960 5747 4692 3059 4322 6918 4943 9308 276 9301 1795 587 1809 8001 325 8350
29 2531 1852 9890 8766 4957 3493 7135 2128 4347 2011 4550 1396 484 2478 1286 4333 3917 201 4313 4993 4755 7396 3492 1952 2211 8083 1677 321 5543
26 3410 6851 8588 6984 6023 6251 6172 4236 30 2958 8793 5763 6847 9594 6320 5072 4908 2628 7959 7977 3422 302 8654 7938 5408 1558
16 5881 9768 5025 854 233 7630 3521 7047 4438 7892 1877 54 8684 3899 1390 2463
29 1879 4455 7666 4410 7685 100 9429 907 4477 6460 342 8373 17 4978 7340 9902 1926 2834 4468 4191 8625 9887 7997 7310 6981 3734 4951 6417 9304
20 8086 3024 1313 267 9037 1441 1182 4588 2186 8972 4168 7744 5056 7083 1425 9960 3185 6492 2329 8543
21 8189 6455 4875 4405 7364 7411 1169 949 8316 280 2513 2601 8416 6605 2595 6866 3115 3152 5785 1262 6960
19 2828 9691 8835 2112 7692 6896 2320 9952 147 3476 3556 9983 4248 1688 5919 3187 7844 3283 1284
29 1794 5698 1640 5668 3370 645 4099 2505 6737 7316 1008 6140 3210 282 6778 1786 877 1017 5633 3517 1974 291 1183 4215 4122 5325 702 7057 5606
15 7849 2784 6765 9925 9708 855 198 1915 8905 8411 7559 5637 1226 5682 5586
11 394 9191 2649 9579 4944 7221 2241 5041 1461 8693 1555
10 6269 3849 5829 4411 9750 3720 5845 9608 2550 9567
27 6843 2963 409 210 1910 5344 6491 5356 1752 8148 1612 2042 776 1468 6478 8997 2358 5456 6626 7703 1426 9986 3931 5850 7008 5865 5173
26 5027 9851 8157 417 1102 7535 2453 4584 586 7918 5005 153 8545 5527 6802 814 2380 6256 6049 4239 5840 6514 5790 2321 8744 4124
26 7709 3891 3557 4953 9842 3513 4696 9812 2680 5959 1069 2935 7865 2437 7507 2950 5080 1277 8966 7247 9096 7786 4672 8196 2974 641
6 7188 8629 4867 4011 1744 4321
6 1332 2520 5282 3966 2323 5982
17 4475 6875 4225 9613 8298 5382 7334 249 9571 4660 1743 2996 3483 3551 7121 3725 9360
14 7064 2422 1223 1500 6615 2033 9134 6784 3793 7613 4337 3713 9389 438
19 8213 271 3263 7312 1460 8173 2368 979 1561 2933 3139 7718 6733 4368 227 1606 331 1385 5478
6 6912 5008 2989 4690 2151 6527
16 8787 7677 6245 4245 1319 25 5703 9772 5096 6291 5515 5130 5613 4911 4490 526
24 3697 3067 5507 119 3740 5069 7239 8244 1590 1741 5391 997 7753 8975 6792 9439 6194 6768 2133 3349 9568 480 3543 7441
24 4536 8715 9045 6567 7253 5409 4872 7532 397 2885 2841 7383 5492 5772 6781 6489 2987 8501 593 1581 2876 7586 8221 1304
11 6656 7319 3066 4141 1381 2088 8287 1370 7144 7771 1190
