7 3549 9757 7203 2535 2744 6449 390
11 445 7318 190 945 9267 3966 7900 4365 1796 4578 2208
8 4687 3616 7692 7118 9346 7963 8451 3755
6 519 5751 2160 9310 2372 1722
6 1815 9473 7793 4289 878 2953
11 1664 4885 4833 7249 6340 5201 6712 8011 3814 308 9467
8 3457 2106 2782 5548 8347 5922 2833 9146
9 4214 8351 3375 169 7636 9335 1033 9059 7133
7 1993 902 2141 7077 812 5525 3412
9 768 8236 1079 2108 9724 9907 5624 5131 9123
10 961 5668 376 156 2164 250 6054 7233 7772 4158
8 8271 842 1912 463 6820 5079 5773 4156
7 9216 6296 2916 8161 9204 8404 6603
6 117 2999 1523 1357 2619 6032
8 6780 9926 4714 43 5194 1742 5676 4243
10 5387 4171 2320 5097 4431 4519 1669 4611 6266 5415
5 9325 5576 4247 130 2951
8 2774 1491 7712 5180 6071 4616 8145 3310
8 2296 9852 4665 1997 8826 8755 1318 9380
11 1438 530 3557 4689 3251 9774 6738 2476 1241 5683 8147
9 7088 9846 3203 4653 2366 3267 2159 6790 1594
7 7471 225 8737 1979 269 8517 4622
10 489 1189 7576 9992 6987 9022 2978 3677 679 8453
10 7293 9851 8382 3739 775 2110 5163 3244 136 8054
5 4307 7668 3360 4822 4783
4 9523 3200 5054 5979
7 5406 1169 2803 2146 345 7268 2169
4 2941 7387 228 2307
5 9020 1984 1331 5337 5544
7 7320 3572 482 9395 6324 7295 8535
7 8787 8112 6172 76 692 2800 3189
16 157 4349 32 7759 8378 6188 5514 4423 7272 3164 9098 5932 8602 4522 9827 2530
8 6135 5744 5205 7434 1774 9139 4075 7467
4 2828 553 1338 2038
9 4056 9561 9370 8225 4330 5200 2743 1158 1948
10 7229 1200 8989 6698 8229 7120 1897 6625 1342 2488
9 222 5090 8747 1271 2935 6122 4265 3535 1343
11 4894 3017 3220 6799 8009 5367 824 8287 4596 6287 1403
7 6160 2675 4767 893 2844 4904 406
5 8376 9015 8563 5318 7460
8 9685 5619 3467 1608 1303 6968 6819 2276
8 9544 8157 9264 964 4257 8043 6748 8131
6 8509 3972 7438 5310 3348 2836
5 9137 7134 9652 9663 144
3 6694 7236 3503
9 9581 975 6438 6272 8135 838 237 6508 8195
7 666 3636 2244 8855 1011 9638 7223
8 7198 2261 5473 618 4173 2303 9308 3812
8 3692 1565 4969 2907 5133 7332 5876 181
5 8965 7414 5742 327 5538
5 3758 1352 1498 9662 8802
5 9974 3537 305 8643 1577
6 8277 5689 6977 9327 3497 557
6 2641 8428 373 3488 5253 5859
5 6912 8801 4734 904 6278
6 5517 5719 2368 3937 7485 4120
6 8736 4656 1695 3794 3273 3478
10 6831 8188 9886 6030 6736 9728 4037 932 675 3097
5 2436 3435 6094 3803 8913
6 8484 8854 7062 4672 8690 3346
6 610 9314 9576 1814 1899 9484
6 734 1349 2314 9629 1449 6869
8 6189 8128 7693 9687 9107 8759 7885 1350
9 109 8167 3675 9526 8901 7701 916 539 1479
5 4693 7162 1389 3002 7713
4 3245 3970 6117 5248
7 3540 896 64 5211 6232 5129 4363
9 8149 2982 9421 8993 996 7212 7244 4553 5173
5 8489 2304 728 7321 3525
9 8086 629 523 2082 2859 3219 4061 6973 1652
9 2357 8243 5465 4167 3753 1850 2266 5252 667
7 1090 4713 4989 2149 9014 5900 4538
4 3281 5433 1383 3984
7 1228 8694 7145 6284 4574 4516 1452
6 5902 2439 1854 8663 3408 2597
5 9191 3052 7354 1698 6494
5 3564 7816 4159 9389 3204
8 4536 7555 3905 3342 3089 4151 8552 4186
6 4511 4328 387 5912 5280 2163
7 5881 5094 9236 1571 4743 3287 8850
8 8447 5308 3233 4452 2331 8482 4911 3032
6 8073 3686 1750 8930 5081 5578
7 5235 8191 2115 1340 7958 1828 3897
8 7877 6393 7987 5165 1802 9169 6664 3975
6 5381 2453 8550 1457 7518 7527
4 7117 6880 4294 6096
6 2963 3531 7493 5306 5139 6153
8 6649 9038 3316 5520 8297 6957 5447 1645
5 9402 9141 8591 1727 6487
7 3654 2060 8412 6868 8579 6573 7049
8 3024 9549 4724 1429 9425 114 2058 3302
5 4437 656 8968 8752 1662
7 9733 9202 9952 8244 62 2249 7173
5 9121 4819 8068 1482 58
8 6654 6615 405 104 3704 9991 891 2448
5 6110 2639 1368 7827 6193
6 6457 933 9039 7703 4303 8019
6 375 9809 5956 5436 2227 1134
6 8104 2979 9870 2891 7324 8825
8 5189 2275 8075 4282 9230 6421 9371 1677
10 9768 9254 9743 4642 1771 1047 8628 8283 7616 3087
6 5402 7685 1902 7741 3198 6919
6 2147 3112 3770 1541 6369 8333
6 6724 8059 1537 2552 773 4241
4 1794 3373 9082 3545
8 1512 3513 8617 545 723 2481 447 2134
6 4071 1647 27 8422 4160 1150
9 6807 2937 8343 6332 1711 574 8580 2864 391
10 6765 9164 6026 8631 2402 5417 6542 2608 8527 8957
8 8342 849 65 8025 7365 9616 6453 1929
7 6706 6024 9186 3177 6383 1849 8375
5 3555 6132 1872 1974 1510
6 6418 3958 5803 3979 4313 2491
6 2603 8671 6476 215 5297 5461
8 6913 4485 3463 3377 970 6027 3265 142
4 6399 2948 192 8490
7 4659 4958 2107 2078 134 6481 1887
6 2928 4279 5093 9688 4083 2521
4 4170 6574 8141 3749
8 8133 7579 9510 7656 337 5013 6343 89
5 9207 6098 9074 6627 4476
9 3371 378 7445 3673 5680 8408 2574 2970 9198
8 9412 3325 196 8261 1387 2016 9699 9196
7 6269 6069 4914 5045 4276 4847 3125
6 7104 5783 8799 2599 3455 8069
6 4537 6201 1073 1148 1614 224
6 7188 1101 7361 5827 3956 2658
8 7512 9362 5794 467 8983 3460 3113 4292
5 7687 8134 7352 1928 3289
7 6607 4034 3133 550 5278 2472 4474
8 4184 1527 4163 7254 1520 7902 4994 3825
10 6695 7628 3925 473 4144 99 6986 2656 9700 5244
7 2278 8546 851 3668 2716 2094 5631
6 7862 1324 4912 5673 8087 6063
6 2166 7092 7837 6416 3835 8163
6 1113 2829 8616 6620 162 1356
8 3329 9620 527 2299 4816 9904 8635 1552
6 2507 208 1475 6677 3079 2888
6 3311 4981 8212 2190 6637 6997
7 6139 6048 1441 458 370 6758 1732
6 9128 9433 9542 6881 6210 3880
7 4428 4017 1257 7207 3225 8577 6534
9 9864 39 7130 3037 3260 4408 9494 6257 2627
10 3527 7975 9182 779 1123 6833 4369 9188 1917 6330
5 8557 2235 1328 4385 7053
6 1866 1509 5427 5028 7947 8384
10 8728 9505 9319 9205 3982 8205 6998 898 759 2813
6 9166 1725 2601 4518 4350 1410
4 4260 4221 520 3153
9 1269 2578 8560 1806 8849 5413 3400 6789 5646
8 1528 2426 8444 912 9797 9717 5666 1038
6 1492 8978 1994 7763 3447 4725
7 1609 5601 3364 9249 3495 1289 2806
7 5727 823 6971 8956 8721 9036 4530
5 4984 1046 7972 59 5672
5 8406 4297 1672 6362 1360
5 3168 3051 5082 2268 9599
4 3855 9742 5935 976
5 3384 7422 946 2306 7059
6 3148 9466 2330 3483 6812 176
4 5213 4772 4809 7283
7 2986 2323 760 2232 9352 6731 231
7 8262 5766 4888 4002 9583 411 5504
6 4546 6519 9292 449 6341 7343
5 2512 1494 1589 412 1704
6 9698 5710 183 8439 132 5723
9 3257 2140 9219 7645 9072 9740 3405 7131 3589
6 3005 7190 4099 293 1502 5840
7 7116 4119 7939 2435 2161 7409 7123
5 1192 7266 1075 2562 7349
5 5359 7149 5103 8514 4509
5 2520 7344 7504 2111 1691
8 2869 2072 7075 5765 981 8858 4820 4338
4 5716 3439 5119 3313
8 4948 7171 5899 7654 1534 589 38 1726
4 6884 3163 1274 3064
6 8290 501 338 9113 8132 2225
9 268 9691 1845 3648 6803 7661 8886 7955 5629
6 9452 3597 7563 4897 778 7766
7 3546 8615 1834 7871 1039 9217 3021
9 8021 3846 9777 1184 1617 2598 7748 4606 1020
8 5808 9303 3772 3009 214 628 9 4568
7 9888 5113 7804 575 7195 9145 4091
6 6456 6200 1078 2913 451 4268
6 8703 7230 6969 5143 9943 7290
9 7640 5654 8642 3785 3939 7786 1728 8735 4133
6 6228 986 4944 9194 2500 8222
7 2838 853 1220 7525 4845 8418 4556
6 8102 5967 8111 6143 472 3380
6 7346 7014 2351 9437 6585 7783
5 6752 7672 9793 1290 3969
5 3471 1121 2950 1127 7986
9 311 4021 5861 342 852 3053 771 429 4354
5 4346 7534 7550 2795 8217
5 2316 2209 1895 5458 4348
5 1372 8768 9403 4751 6260
6 8840 9778 3150 6147 5923 3043
12 6794 4848 483 9712 6920 6061 6370 6887 4434 2456 7533 3617
7 563 2745 7333 5403 8056 9432 5841
4 3697 3622 7122 6285
4 7846 2874 5802 6355
8 5856 2900 3201 7740 5251 8647 3690 7036
7 6381 6579 1800 8074 2182 8556 939
6 3138 2910 3877 1034 5797 8847
7 3294 6196 5482 4934 1847 1909 6439
7 4648 1232 9397 5349 6914 9635 1212
4 9347 5952 4361 9545
6 4855 1620 3394 2051 9413 3631
4 7329 4020 7745 4545
7 3236 565 4366 9801 903 6929 4542
9 7141 1557 6630 3592 1600 1234 9818 7161 2273
5 7553 9795 7418 9855 4563
8 7993 1465 9832 9102 8660 4253 6275 7376
4 8675 6570 7113 6300
6 4143 2292 5289 3436 742 6960
6 3951 8146 9341 8289 1483 7252
7 7499 671 9722 2793 5038 2379 8251
11 8024 4225 4024 5870 2590 9982 7694 9223 1585 4844 4047
5 7040 5702 6811 5611 9756
7 6123 9134 7103 9513 3907 213 4383
5 8204 3066 6178 5580 4197
7 1874 1864 8072 4440 6835 9953 8480
4 1637 3340 2486 7601
5 8158 5713 9440 4391 6291
4 8848 754 7634 8866
3 1804 9431 4319
6 4414 4686 7622 681 3718 6721
6 7911 2934 2653 6347 2905 5586
5 8435 9044 2778 9750 5857
5 5717 7915 6114 6445 1558
6 4781 5154 1556 6440 8487 4641
7 3208 91 310 4765 7026 1312 6350
5 9401 3411 9889 339 9606
5 8711 3082 6395 2014 6302
4 3693 4384 5681 6311
6 1635 1240 159 462 7830 3560
7 4706 1160 6157 540 1826 2286 2130
4 726 121 7744 4955
5 7430 7066 6442 1890 3586
4 6125 8693 9863 7348
5 2788 8219 1886 2761 8942
6 5598 1311 8214 1749 7087 8870
8 9140 3735 4104 683 8314 6169 8322 7375
6 6199 7187 5641 650 8411 8377
7 2079 5172 3489 1224 7420 8794 7307
3 4154 5421 1549
5 7180 3088 9241 1001 3569
5 2649 528 1544 4320 2117
6 5491 2390 8961 5691 2349 1547
4 5890 9927 9017 4315
4 6735 3663 9023 7206
5 9626 7808 7935 7033 1367
7 9291 1297 4801 9807 2423 7436 3528
5 9409 6746 9934 6083 7338
4 1803 4825 6733 3464
6 9935 2783 7253 369 8208 7539
6 3989 3747 1151 6826 1366 3883
5 5227 1503 5087 1790 7105
5 2536 1862 2796 2136 2770
5 2912 2184 3121 1706 4592
3 5649 7613 6371
6 6039 7769 8246 2236 2428 5776
5 9306 1182 8756 3518 2983
7 8055 8970 7646 5209 9936 2449 8543
8 2538 1346 5021 1057 9866 2081 4304 8949
8 3025 9625 2696 8782 6253 6878 3892 9172
6 3067 8609 9112 1163 827 2579
6 5358 6710 5815 8881 6335 4865
5 8559 6729 918 9152 7723
6 2123 6402 9817 4317 6895 9677
7 9996 3721 4038 3649 7279 4337 2508
9 9627 4733 2105 1592 1132 3136 4952 8327 626
7 4455 8118 8686 8664 9229 3908 7
6 3743 4761 5799 5556 6097 7458
4 8302 3685 9269 4127
7 2313 4347 5411 621 9081 2798 6631
5 1773 4195 6281 3335 4891
7 9274 2217 9496 6149 9093 2929 3120
4 5721 646 5780 6448
5 2559 1511 6248 9418 44
6 6424 2119 4835 3209 7452 1813
5 9820 4105 8583 2239 1987
6 9670 8555 4895 8446 7578 6419
4 7889 8413 5722 8275
7 6404 2031 1451 5518 602 3687 3402
7 6656 6547 9068 6067 5042 5677 9918
9 3333 1830 354 1041 7265 8834 6943 9937 8921
6 9550 2291 6025 4395 9342 1636
3 6361 120 2257
6 3197 8035 1402 186 1172 4750
7 5510 5182 126 2668 8751 6016 5501
6 7255 9671 663 7735 2858 6111
2 5698 7405
6 297 6012 4128 4549 983 1646
3 7319 2753 1825
4 4873 7805 8899 746
6 8203 8367 2156 2387 1161 7641
7 8708 7629 8889 1214 7991 8396 2322
4 739 3443 2197 8874
4 7451 4776 1650 54
6 6150 4705 6617 6546 796 4846
7 1978 9744 1922 8568 8867 5737 4683
4 6843 9031 5804 7157
5 5500 3123 806 9861 4203
5 5304 5901 6146 360 840
5 4223 5208 2341 5231 8964
6 7314 3802 2634 500 6408 5669
5 8784 617 9701 1032 2188
4 7768 3326 8516 1744
6 3030 3790 7231 358 6214 2840
5 8425 396 7417 505 2650
8 6849 1613 4879 5220 4306 2726 1536 7751
6 8758 599 5532 3243 8701 7937
4 6662 4138 145 3533
6 2008 8366 4589 3983 4069 1300
3 1838 639 5850
3 5535 819 6417
4 19 2216 238 4649
7 6206 867 7598 5418 9560 5720 4662
3 4959 7564 2620
8 1447 8823 6888 1253 2446 2877 4731 805
6 5218 7569 2040 4956 4 295
8 8448 2651 4497 7775 5489 5455 9558 7441
6 5237 1967 8539 8829 8 818
4 400 7380 592 5125
6 9046 239 1286 2127 9589 9281
3 873 4876 3223
5 2074 4136 4345 2688 1713
6 3821 4749 153 5667 6576 3386
8 585 7876 5444 4179 8696 6088 6931 9326
7 9246 4663 3628 1278 329 1019 8154
7 1593 415 3573 4762 5752 1522 5682
6 2118 6983 2892 2988 3642 638
4 200 8042 1339 263
5 394 7208 5243 5157 6870
6 6952 533 6023 9133 1464 1801
8 9087 4699 42 791 8313 7151 1418 9796
5 271 6805 6674 2662 3662
6 5086 751 9480 7159 246 247
5 8578 5712 1911 7029 3110
7 9901 2056 6580 2805 5360 7591 4803
7 8699 7041 8296 2682 4573 430 6221
6 6265 3493 2274 3151 5494 2544
4 5089 921 3155 204
6 1407 8534 5943 1940 1287 5819
5 5818 6495 4927 9214 4145
5 1995 2751 4590 2588 218
6 1054 7682 2254 2416 5974 3737
5 554 8645 9578 389 3857
5 9411 6062 2567 3744 4399
7 6003 175 3757 4548 5058 1701 9476
6 6804 1521 3077 8931 3719 5370
4 3409 8312 1661 5029
7 3239 4907 6138 7999 4082 9383 2271
10 6485 2260 2089 456 9060 3382 8466 3166 5867 4042
6 3991 9213 223 4946 3390 170
7 6410 3054 1914 8821 7854 5591 4432
5 3830 4130 216 7978 5697
7 1869 5400 282 8873 2419 7596 6917
7 4829 8085 4792 2534 8452 566 9472
5 5615 1968 1067 7308 4392
8 1530 7457 7004 4407 6100 4508 371 8414
8 8586 9035 3314 8976 1811 8385 4506 3985
5 6304 8795 6056 7300 8171
8 627 6237 7366 8108 8924 1059 5604 3069
4 8227 2151 149 4716
6 6875 5679 8438 7852 6035 9097
4 7186 4070 3301 3286
5 3276 4206 8741 8320 2540
6 6004 2543 3174 943 5521 1699
7 1332 6165 6565 735 2157 5057 3588
6 9052 3130 8720 5115 6052 2243
3 6044 7867 3158
5 9869 374 93 9331 2659
6 2566 4031 5134 1996 5936 9334
5 8979 4638 8095 4451 3259
4 3651 8935 4149 6853
5 9813 1026 9646 7424 2926
8 2061 8291 1237 765 4413 2767 7818 1226
8 7357 1693 8958 8456 2703 5342 1210 8022
6 8213 8644 543 9839 9615 3619
4 8962 9077 625 6364
6 1630 4677 1980 4351 3254 7093
6 4233 7278 3352 4172 8083 5543
8 2293 3157 5442 3487 8060 7413 298 3664
4 3976 5622 8966 9227
6 1784 6904 1675 844 3046 7356
4 3176 1455 1933 4189
4 8020 5921 9016 6136
6 9830 5635 6427 9340 5533 7335
3 6455 5464 6612
7 6922 2665 682 5614 6254 8455 8044
4 1227 7498 3911 4124
3 3826 5262 3613
7 8462 147 5040 9091 4226 9095 6840
4 7446 9111 2895 5848
7 1605 1799 2737 5919 6108 2592 998
7 9965 6584 3159 6777 9453 5145 2251
4 9090 1934 7427 8120
4 4630 7370 1990 325
