5 5 100 368 274 192
5 10 46 154 399 97
5 16 43 407 260 155
5 22 42 86 61 77
5 25 24 54 35 227
4 27 132 36 40
5 32 109 282 265 195
5 41 8 75 226 318
5 45 17 457 458 15
5 50 179 352 156 339
5 55 123 161 436 264
5 59 53 44 349 216
5 60 242 87 350 223
5 62 235 204 201 232
5 76 243 159 347 480
5 79 136 47 58 323
5 80 144 89 348 454
5 85 162 270 30 273
5 90 20 263 437 103
5 102 88 342 261 213
5 106 63 252 143 220
5 115 23 222 241 287
5 117 121 253 177 70
4 120 176 219 211
4 124 336 217 255
5 135 337 297 207 329
5 140 198 271 6 56
5 141 400 84 188 308
5 146 183 82 312 164
5 148 91 175 96 364
5 152 343 234 214 119
5 157 112 489 38 118
5 158 377 417 104 19
5 160 398 49 98 429
5 163 244 259 206 134
5 166 203 494 11 440
5 170 224 39 31 113
5 174 169 122 356 257
5 178 130 344 228 48
5 180 296 313 298 328
5 190 145 412 171 181
5 205 165 354 464 459
5 208 110 408 416 320
4 212 281 367 306
5 215 319 299 434 374
5 225 277 196 366 432
5 229 194 149 68 465
5 238 187 72 351 173
5 239 390 327 403 392
5 249 376 99 1 74
5 251 381 269 218 439
4 258 496 127 128
5 266 221 210 256 425
4 275 402 199 278
5 276 395 268 478 307
5 280 461 233 338 150
5 289 431 248 448 482
5 292 92 73 26 286
5 293 330 231 424 304
5 295 396 267 138 139
5 300 151 428 21 107
4 301 236 427 33
5 311 279 57 101 185
3 314 4 14
5 332 254 51 302 316
5 335 321 322 291 386
4 341 334 67 466
5 360 116 359 358 83
4 365 168 284 111
4 369 450 357 401
5 380 310 94 373 262
4 383 189 363 3
5 387 246 375 108 426
5 394 382 481 186 197
5 404 411 66 488 413
5 409 414 125 193 391
5 410 361 133 419 137
5 422 462 283 294 355
4 435 326 340 18
5 444 389 247 237 28
5 445 397 370 325 114
5 446 420 126 153 393
5 449 483 491 433 423
5 451 441 182 385 184
4 460 447 71 29
4 467 415 93 13
4 471 469 202 52
4 472 7 353 324
5 475 474 142 105 309
5 485 492 476 418 473
5 490 477 498 333 484
5 0 346 486 69 345
4 129 12 371 172
4 230 388 2 288
4 250 34 245 240
5 315 200 209 305 499
4 421 9 95 64
5 430 438 442 405 378
5 463 379 384 290 37
5 487 443 167 497 78
