6 38 12 192 55 269 117
8 232 5 286 227 134 3 130 263
6 44 43 57 229 114 110
4 183 205 236 259
5 195 199 107 26 112
4 172 249 143 212
5 18 167 82 64 231
4 116 211 47 106
4 56 210 66 238
3 242 91 264
2 142 152
2 189 260
3 45 140 146
2 262 40
2 204 111
3 7 84 287
3 49 90 233
2 19 59
2 261 288
2 0 168
3 175 240 174
2 213 20
4 25 85 160 101
2 96 185
3 105 72 16
2 60 297
3 176 162 15
2 248 61
2 219 37
2 139 4
2 237 193
2 254 201
2 203 150
3 88 48 266
2 209 118
2 163 161
2 277 74
2 148 23
2 173 218
2 68 280
2 298 95
2 58 258
2 159 276
2 113 137
2 180 214
2 171 267
2 295 31
1 29
1 41
2 230 274
1 115
1 239
1 294
2 138 202
2 241 245
2 30 182
2 53 78
1 8
2 279 187
2 52 223
1 17
2 119 188
1 208
1 108
2 24 198
1 156
2 289 278
2 281 290
1 13
1 147
1 157
1 135
2 275 270
1 207
1 109
1 296
1 273
1 251
1 34
1 220
1 120
1 121
1 127
1 184
1 243
1 21
1 124
1 169
1 224
1 186
1 123
1 87
1 122
1 234
1 246
1 215
1 9
1 225
1 22
1 104
