93 3464 31 4108 6256 2412 4741 4462 1473 4944 6271 6380 5886 2007 4981 4024 1944 1304 2097 6236 6668 267 5603 3393 3177 4637 1207 1953 4868 5924 1722 6701 5849 4293 2117 4347 5869 4379 2994 5099 3995 317 853 4144 5743 5253 1830 3348 2014 5795 2511 4716 4928 1873 3028 4888 6443 5139 5521 3602 3375 5087 5059 2038 1157 131 5870 2143 21 4556 3121 3343 3921 5266 3652 1819 5278 220 3758 3610 2370 2905 132 899 5963 374 1256 3425 4964 2773 795 2609 5901 1933
56 3772 2881 3581 5063 93 1257 3984 3752 2603 701 3523 5265 410 364 1524 6058 5200 1607 5474 1272 2025 4303 1895 3811 578 1199 2856 5854 2116 6200 5118 1943 6422 3216 3742 903 3953 1778 5475 4950 955 6698 6203 3519 3487 5725 2542 2640 5393 3529 309 2330 593 6638 4971 4537
45 3813 2934 1986 824 4829 1491 3620 819 5389 5223 4782 6160 5165 3968 5357 4490 4569 388 1916 3209 4320 1955 1327 5756 335 1433 3481 5196 1797 4790 3203 5771 1077 4004 862 3912 4688 3358 5533 6430 4167 6328 5991 1990 331
41 454 857 2975 5755 1211 6375 2541 721 961 414 1113 2172 3970 6197 1781 4869 6714 5172 5072 5432 4138 5403 265 5126 1723 3965 1838 6540 4120 5893 5793 4986 6659 2158 4112 3247 6288 1841 5848 4750 839
32 1116 5862 3465 6045 2991 6537 3621 644 3577 5940 3831 3485 6135 836 2 2895 3324 3975 4629 5874 1788 2079 4545 1780 976 5209 4934 3872 2325 676 3822 395
31 4982 4649 554 1776 6030 649 3069 756 6633 5688 5972 3016 4316 5731 1117 4955 3448 1836 2084 2759 909 691 3269 4687 1720 4732 4099 3188 1395 5486 1086
28 623 6264 211 1147 5312 63 5823 2113 4447 1534 6193 4063 2833 6719 3019 5638 4999 1440 4616 2568 636 1044 3983 3223 5539 5476 6616 1416
27 1861 4199 5624 4113 5022 5008 5113 6493 5478 2476 6406 597 2422 6364 6309 594 4456 2012 2098 246 4309 1743 1035 5563 936 2877 1367
25 4758 6230 1681 5798 5359 3919 782 5407 2972 4146 5354 2208 5861 2071 2858 5584 27 6354 4018 6310 1845 136 5111 2339 2313
23 4279 1498 2706 5341 6421 3894 3659 1744 2426 6173 1131 1984 1099 3800 2302 2987 1373 4826 1709 51 3371 5575 228
22 6040 5064 3452 2500 3112 4439 1956 4300 6552 5692 2130 1622 6535 4163 4959 4058 2246 1671 4597 1959 3319 4914
22 5294 5664 128 2219 4165 4033 1264 5653 5079 3253 3943 4581 6532 2682 5146 3830 5288 530 3239 2226 2832 6690
22 3929 366 1754 5274 2120 1325 1452 2754 4774 1158 3159 1753 5060 5506 5186 4025 945 5964 6676 1349 6623 4035
20 1394 4622 6075 5296 4419 3826 1235 5289 4713 2713 6386 4181 1238 2810 2890 4407 3387 112 1443 4718
20 1713 2818 2338 2515 82 798 3987 6499 766 6229 348 30 1765 1632 19 4579 1705 6545 4747 1364
19 5301 2574 5786 2989 5594 1654 1307 3776 2416 3347 4859 1261 465 5932 1377 5325 881 4332 4291
18 382 3225 4979 2817 3518 3808 4674 5735 3383 2023 2813 196 36 1926 6098 5308 664 1098
17 967 153 1822 5148 2851 5775 297 5788 5019 6394 1949 3960 726 641 1811 4425 2235
17 3660 4974 100 1036 1651 71 2604 3460 1554 6653 4591 2043 2688 376 4019 2616 5108
16 5681 1198 1460 6276 729 3089 5350 6013 2189 1735 3788 1603 1987 6533 815 4878
16 129 773 1189 37 4518 3167 912 6284 2580 168 3497 2764 1619 493 3545 1952
15 3153 3777 2593 96 1233 5500 4544 5579 1602 6095 1976 2966 604 3932 4612
15 1771 4203 1112 4201 3403 6465 4956 3391 3491 4485 3044 2525 855 4900 3210
15 1543 195 2915 1378 2685 3637 4391 856 3705 5379 619 2689 2009 4832 116
14 1878 5484 959 4484 5466 3499 494 642 121 5896 2230 5610 1584 3979
14 2965 3092 6149 5984 3334 4308 3388 6106 3489 902 2618 1339 2004 2310
15 2742 5695 3151 3507 6419 5957 378 661 3398 3694 6316 5483 1294 3895 689
14 1197 3131 4931 6311 3952 2411 1670 2494 3809 4815 4483 145 2779 278
14 5947 4910 5423 5605 3057 3128 5241 2509 4683 2427 4994 3082 3445 6320
13 1028 5684 3332 2885 3287 906 2301 1213 3665 4953 6450 1126 760
13 1255 5611 109 3455 2400 767 94 325 429 599 3699 6583 1370
13 1809 1033 5094 5107 672 409 444 2714 2788 3265 3180 323 6233
13 6043 1499 5652 3625 4110 1120 1853 2163 932 3641 2413 2653 6390
13 345 2452 2026 3759 2964 849 5470 3025 2206 1931 11 3923 3832
13 563 1915 2871 525 4705 627 4698 1350 914 3755 1223 5255 5339
13 3379 3275 4812 5814 5143 1245 108 55 46 1178 1748 3314 3936
12 2433 2894 1150 2234 4292 5120 3394 5027 5409 1407 144 5593
12 4813 5946 761 6120 3940 6267 6002 6426 4183 6473 1494 4053
12 3197 512 822 442 5549 2010 453 4117 2699 321 3132 1525
11 5588 6648 3703 4100 2985 2214 5690 3258 6664 3333 3806
12 6566 3565 1401 2588 4684 1795 5353 3437 5766 6383 4337 1876
12 3255 6494 3511 2799 940 1024 5070 6634 4838 3001 1865 3084
11 4395 3766 1971 2478 5522 4137 1359 746 307 977 4007
11 1262 293 6315 5235 6440 1194 5343 1505 1909 2564 2040
11 115 6411 4233 5700 4788 3606 1746 1102 2801 4850 1982
11 1202 6333 4077 3212 4125 918 491 4261 3085 6172 5136
11 915 1731 304 1303 4380 1559 4116 3064 2843 1565 2238
11 5267 6185 3240 603 6694 452 283 6697 5842 3099 1169
11 4392 969 980 1815 3548 2876 2423 4104 432 2953 2696
11 5012 3663 1614 397 23 1219 3757 1479 2755 457 1234
11 1866 2031 5315 4803 6464 3924 5680 1805 1056 5703 2463
11 6521 2029 2761 3608 5352 467 4527 4511 2517 476 4891
10 4807 5975 749 6358 3803 1171 877 2805 3897 5985
10 1902 3472 6485 1206 4184 4835 1942 4827 6522 1801
10 4546 3127 4628 223 2552 4479 5877 3966 6468 692
11 6340 2937 6026 5832 3438 1427 2335 1869 3339 5193 3841
10 279 869 5817 2132 3728 6451 4367 6345 5764 257
10 1910 2585 4361 765 3873 2351 4132 1884 1406 5930
10 6169 2148 2382 3576 1166 5544 2003 6110 770 2834
10 1209 4216 5457 837 292 4520 5744 5459 2928 6083
10 4586 303 5173 1847 6502 5313 3590 5135 6544 6051
10 4111 3890 975 1806 3530 1335 703 3238 1545 1835
10 5009 1531 2679 3000 6382 5480 790 2533 3973 5763
9 5013 5367 4905 4373 3903 1580 697 6658 5373
10 5036 6581 6063 1947 2501 957 5250 2538 6070 1802
9 6643 2019 6326 1251 4388 1289 583 5074 4134
9 1204 163 2528 3558 916 5071 1655 5538 6279
9 1594 923 1023 6407 5415 6059 2597 313 2997
9 5030 1591 2215 3309 262 1192 333 2523 979
8 5272 1782 1175 5000 5912 5164 1939 3029
8 346 4067 2647 3642 1656 3047 921 1601
9 152 4703 5875 5254 4161 3320 1804 2649 1231
9 3259 5277 3908 2898 1983 6691 6163 233 2375
9 5424 5297 6102 4147 3805 762 3061 4372 2447
9 1645 3272 3992 6673 1110 1770 4686 5024 884
9 6424 4227 5383 416 4517 5990 4404 6191 6592
9 6157 1492 6171 6508 6019 5145 2841 4922 1704
8 1703 6588 4445 4349 2474 1434 1139 6670
8 256 344 7 2842 4916 2204 992 2800
8 3671 4096 1281 4064 0 1043 3835 1557
8 3920 4893 2166 5473 5745 1054 5716 3160
8 3317 5174 6398 5657 2835 3193 4463 41
8 6471 4512 4610 4272 5718 1864 1353 3172
8 54 2274 4917 5916 4334 6713 214 2683
8 1295 5892 2287 3097 5201 1634 645 6466
8 4724 3815 2546 557 3373 4942 4031 5583
7 6222 1945 3534 209 6208 2484 3361
7 3901 6563 5782 1749 3528 2756 1266
7 2766 532 3578 2961 3784 742 2567
7 6261 1188 2927 2232 5626 3988 2838
7 472 3473 889 4164 186 5463 6290
7 5578 4296 6232 3101 6302 3145 3691
7 2658 2820 5411 2286 5619 1228 4836
7 3022 1577 3589 3673 2341 1929 2535
7 1138 1122 6584 2036 6084 6593 1544
7 3566 6033 4450 5689 1508 3600 1380
7 5247 1330 3810 513 251 4502 6239
7 1877 135 6483 5868 946 4963 2233
7 488 2349 4539 393 3783 6322 1564
7 6118 4155 6299 2092 5177 5654 3469
7 1710 6204 5058 5007 1729 3053 1674
7 4730 6355 3068 391 4841 3734 2241
7 4791 5083 647 2485 866 2493 4957
7 5050 733 4961 3900 2455 3828 6136
7 6604 2050 6586 1001 2560 14 2059
7 3724 3613 6079 3058 6720 1215 2100
6 4681 4222 4274 4921 4438 470
6 2060 982 2540 4094 2016 3958
6 5141 5056 3574 1721 1582 3616
6 4792 5493 3575 4864 3893 653
6 1755 3329 5852 4760 3311 1706
6 669 3955 1803 2620 6470 3312
6 3250 2587 33 1637 6667 4257
6 4897 6671 1985 2392 2569 2520
6 2919 3863 6429 2939 2161 4226
6 420 5191 3594 3516 3384 2030
6 2776 2260 1981 130 4943 1621
6 3286 735 2811 4412 1818 6372
6 3754 154 2724 4247 3612 3015
6 463 4421 2510 1934 2734 5971
6 3164 6325 5949 2374 222 1313
6 2323 2424 5499 5488 4626 4748
6 1336 705 4387 534 1104 1718
6 3937 6655 383 3677 3401 6159
6 2070 3676 6158 2650 2013 4861
6 5545 99 4356 319 3740 4414
6 243 5645 1072 6250 1882 2750
6 1466 2524 2518 2236 5824 2669
6 4015 1570 6619 1832 707 6313
6 3254 221 174 4478 2626 743
6 4659 6642 3764 4070 6722 4286
6 776 5249 5818 5630 2381 4174
6 4076 792 81 4191 4469 960
6 4295 4327 4802 2481 1886 2955
6 3277 3234 1676 4474 3404 1730
6 4054 6385 2751 2182 2202 1831
6 2368 3746 5119 2979 5873 13
6 5335 1777 2419 4609 4141 3632
6 4433 3204 3018 4020 3875 6481
6 2135 1345 2167 5504 6126 5859
6 1005 269 5192 4010 5121 4770
6 2091 5907 1004 1747 3569 3006
6 1130 3706 5908 4873 5337 5197
6 1856 6187 4796 5205 3748 5452
6 5742 964 2827 2294 2687 4920
6 448 611 1338 5378 5923 4260
6 3583 6269 3406 3039 3935 86
6 5871 4403 2357 4709 6514 5349
6 5552 2654 876 1940 2718 5934
6 2793 5426 1714 4598 1790 266
6 1417 763 6444 2912 5045 4061
6 3538 1247 4839 2479 20 206
6 1411 6558 4588 423 656 2342
6 835 3858 5772 5843 5751 2225
6 5333 4085 1127 6363 5980 4492
6 3731 2207 3218 3513 4348 5299
6 1699 5116 4847 111 1787 5168
6 2017 5049 1344 3881 6574 3615
5 2314 2859 1692 1523 3140
5 1546 9 2506 2384 1267
5 2307 6554 2772 1181 4736
5 6078 5604 6561 4872 6442
5 5305 1500 4298 3847 3878
5 1599 2711 3227 3931 4182
5 3870 3714 6660 2497 1323
5 3261 5002 4712 6523 4068
5 4662 1415 1988 2600 5580
5 1063 4301 4046 176 3631
5 4491 3362 389 2101 2414
5 5726 2184 4700 3120 2719
5 4468 2379 2388 5207 3435
5 5904 3739 5883 2192 2816
5 4780 4845 3741 3653 134
5 551 4315 4694 4783 4153
5 236 3790 6247 1456 6147
5 2119 402 5902 6304 3042
5 4338 6071 4761 5440 2421
5 2001 117 4540 962 1568
5 785 515 3658 466 3733
5 2218 2795 4797 1482 264
5 4128 3717 1598 4218 5430
5 2674 6035 526 6301 3313
5 5326 714 2002 3520 4105
5 329 2110 5256 6129 4357
5 2372 1894 4614 2941 5279
5 1398 4908 3155 1552 4541
5 4497 3546 3751 4871 589
5 3033 1070 125 4574 1319
5 4409 2872 6500 5097 2460
5 2277 2652 5845 1236 5956
5 2594 52 5783 3555 1695
5 5900 1562 1107 3760 5084
5 6166 4026 5667 2998 352
5 6395 6343 4936 5974 6477
5 3214 4171 5491 4383 753
5 1820 3592 995 3635 4166
5 3704 1114 605 2011 587
5 4504 4840 3541 4219 3843
5 5543 3185 811 5523 2914
5 4487 1097 4464 535 1078
5 1851 3941 56 1354 6303
5 1796 3187 6357 419 6620
5 5931 4028 4322 2899 4606
5 751 6344 504 6644 1311
4 326 487 1347 5891
5 2197 5682 3200 5114 5073
5 4989 2726 1089 5216 519
4 336 3707 3405 5639
4 3466 813 1191 5983
4 3095 1388 6576 2923
4 6065 5169 284 4890
4 4244 169 3899 3294
4 6100 3114 6520 188
4 3230 6148 6405 124
4 310 2503 2660 2458
4 6591 1751 5555 1510
4 4972 5402 2547 3774
4 3178 1840 3408 6568
4 1927 6348 6165 523
4 3963 6441 146 3149
4 371 183 5081 5903
4 970 1039 2491 1162
4 556 6595 4488 2138
4 2115 2573 3795 1826
4 6602 5047 5591 3718
4 4811 2429 275 2798
4 6274 5668 1301 3486
4 3148 6224 2451 1680
4 4457 238 719 120
4 481 4266 3636 6298
4 5554 814 6610 4047
4 2376 2080 24 2269
4 5724 1538 1593 4290
4 2428 1010 2430 3396
4 6412 2765 171 4857
4 3804 280 6663 377
4 1464 458 2971 5740
4 4145 4794 5471 4633
4 4043 1913 6628 101
4 3836 1732 2735 3561
4 150 2770 3295 3750
4 5835 2224 234 2521
4 5467 4777 490 2129
4 3668 2270 5202 4443
4 1124 3504 5268 88
4 5360 2074 3192 6248
4 1371 6108 5920 1292
4 156 1404 1123 2146
4 2199 3648 1968 2782
4 5567 1919 5895 3279
4 5068 3906 2065 1736
4 2918 772 4560 3626
4 2297 5413 4855 1759
4 5970 2645 6319 5179
4 942 258 3417 5404
4 5857 867 1823 5456
4 5138 97 6374 2168
4 73 1925 832 4937
4 794 6541 796 2978
4 2662 2880 3179 750
4 5840 5592 5650 401
4 5586 5616 2121 5509
4 5096 5696 4312 1625
4 3860 3687 6092 896
4 3181 1892 2123 235
4 5710 3664 5501 1698
4 6417 5346 690 2402
4 3609 3301 6392 1903
4 6003 2496 1409 1442
4 6529 4548 569 6178
4 1092 6447 4627 2762
4 2210 6458 2318 5961
4 654 3647 6342 745
4 4554 2675 4763 1431
4 660 6289 2578 4480
4 5599 91 4358 4561
4 5180 5291 663 1458
4 6570 5919 2929 1448
4 3133 2438 4508 34
4 5497 2165 5813 3547
4 3138 6047 6457 3982
4 5952 6549 5390 4034
4 4663 4240 2459 5260
4 1382 4570 1143 6096
4 1061 3034 2804 1149
4 6612 4731 833 3328
4 2276 5517 6636 601
4 1220 89 4313 2160
4 1921 6218 5962 4708
4 4318 2725 4422 3914
4 6016 4831 6651 863
4 2544 1226 1487 3515
4 851 5530 3567 2935
4 6277 1667 3442 1535
4 3902 5428 2292 5433
4 3367 1140 1389 3994
4 687 5551 4228 6202
4 191 189 3944 5833
4 6548 4364 537 3959
4 2579 74 5066 6702
4 4215 5778 3357 2963
4 4086 779 1071 732
4 3852 2888 1439 4516
4 2532 1026 170 2267
4 350 1623 4075 4027
4 2201 6555 5658 5208
4 5510 5691 3539 1305
4 4722 907 4671 2378
4 2057 1244 239 952
4 6162 5643 119 4234
4 2666 449 1808 3701
4 6117 2930 5799 3986
4 1810 6054 5369 140
4 6637 809 469 826
4 4565 4436 4242 1438
4 5417 4476 5057 5502
4 6338 3421 3922 5887
4 4725 6347 4877 5574
4 6413 3956 2044 5163
4 4186 4472 4899 3854
4 6525 2644 5503 4759
4 2632 483 277 5363
4 1871 1449 1901 49
4 4706 1930 4697 5914
4 4505 1432 579 4909
3 6455 5631 5727
3 3229 1074 2435
3 1567 1080 668
3 104 754 2150
3 5387 538 5761
3 2753 1467 807
3 5450 6280 4947
3 4006 3527 6331
3 4930 1833 3217
3 5401 3521 4558
3 4083 1241 3244
3 2655 4966 4103
3 6103 4775 2461
3 4767 4013 2519
3 4051 53 6321
3 5187 4993 3745
3 6460 3604 904
3 1511 4253 823
3 5880 4119 5780
3 806 479 2127
3 1424 2290 3510
3 3043 3867 4667
3 4954 3474 2664
3 2387 6699 1375
3 6534 1372 5968
3 1837 6243 5454
3 2186 4190 3865
3 3446 6077 394
3 1037 935 5828
3 2492 2432 68
3 2728 3506 1684
3 3441 3786 4496
3 6718 985 1512
3 755 4011 6327
3 564 1506 1334
3 1794 5225 5535
3 6216 5122 4243
3 5853 6498 6300
3 3325 4264 3356
3 2983 6004 3672
3 474 355 4129
3 2922 1993 2932
3 1180 353 4519
3 4962 2627 2107
3 1827 5194 1842
3 3812 3110 4968
3 1444 930 2469
3 2298 5112 314
3 2240 5620 4459
3 3221 5648 2697
3 202 4494 4913
3 637 3113 6182
3 4188 1758 5115
3 5822 5537 2837
3 5159 4350 3700
3 6318 316 2527
3 2812 4620 3821
3 2306 3709 4353
3 885 4038 5856
3 6625 4509 5557
3 3355 682 882
3 5950 133 5021
3 552 3622 2122
3 2543 4453 638
3 1237 3517 5061
3 6366 84 665
3 205 5106 2612
3 208 1636 60
3 4169 2464 6339
3 922 4072 5637
3 4744 2405 4023
3 768 4157 6151
3 1164 2280 5155
3 1768 2223 5821
3 5635 6396 3689
3 6349 5240 2265
3 5270 4280 6168
3 686 4200 5029
3 1413 1465 560
3 624 3032 1553
3 6716 1227 3088
3 5759 139 2617
3 1763 4081 1870
3 1196 3999 5006
3 4331 6089 6007
3 4742 1328 1253
3 2345 4052 2231
3 2032 4911 3898
3 6551 4611 4246
3 3909 2584 547
3 2875 6589 5548
3 3834 1541 5252
3 1053 6704 6370
3 1609 3829 6469
3 3289 2992 3802
3 3756 1693 5597
3 72 2401 2356
3 305 2340 5528
3 3462 4442 4879
3 2892 573 1896
3 6152 5144 3492
3 4521 2175 4277
3 6029 3557 406
3 6377 1561 2760
3 6587 3206 5479
3 3038 450 769
3 2289 3337 1497
3 6371 2418 5992
3 6528 6009 1425
3 6687 4676 1299
3 2715 2748 3055
3 1430 5633 2621
3 6227 2471 3917
3 4645 4196 5229
3 6614 6622 6618
3 986 3424 1616
3 5004 4551 2763
3 4434 3874 4396
3 370 2821 1463
3 2747 327 6530
3 4310 3021 2195
3 2498 4214 3344
3 771 2973 1814
3 6005 1027 351
3 3134 3340 6251
3 443 5966 6037
3 683 1980 192
3 2179 3773 6027
3 1358 5453 1248
3 5844 4248 3397
3 431 6237 3946
3 3522 3226 2337
3 5899 3107 4675
3 5149 5669 6531
3 2537 4268 1965
3 4368 1229 843
3 16 4001 4437
3 1707 4526 2006
3 1109 702 1454
3 744 5647 4510
3 1 1002 3470
3 3046 6113 5322
3 2786 4617 5536
3 5936 2642 5810
3 3073 1170 2738
3 1536 2864 678
3 5431 1994 6205
3 2783 1608 4866
3 4711 6154 1922
3 6064 5585 4065
3 5973 674 2582
3 5048 6361 1057
3 6599 870 5520
3 3331 6510 2607
3 4482 4441 920
3 728 1366 3201
3 5481 4880 3570
3 4210 6049 4800
3 511 522 424
3 4799 4823 5850
3 3845 608 50
3 59 549 1583
3 42 3326 6650
3 2943 285 898
3 2198 694 5754
3 1176 5789 4208
3 3228 1365 5232
3 2508 4765 3868
3 3684 3065 6042
3 2259 1816 1683
3 6446 983 1161
3 1363 3109 5730
3 3436 2570 6213
3 2193 5582 4842
3 1529 5738 3882
3 2035 2639 4221
3 6609 5644 928
3 2648 4834 4424
3 2958 5410 2678
3 3081 2757 1633
3 759 3135 5152
3 1065 4632 1062
3 4665 1279 3712
3 4078 5608 2128
3 4267 1457 5298
3 2507 1520 4523
3 3389 2308 2624
3 6086 4884 114
3 1712 4410 4818
3 2705 791 4696
3 6397 588 5128
3 4363 1146 3505
3 385 5809 3263
3 1029 937 3961
3 3368 2174 648
3 2200 306 3916
3 2371 2775 6228
3 3262 4692 1774
3 356 6449 2453
3 4975 1898 1471
3 1310 1094 3962
3 254 4288 5181
3 5091 4098 1383
3 5195 45 5468
3 2486 2390 2522
3 2974 5614 5127
3 5395 3027 1643
3 1258 2398 2641
3 2069 2708 363
2 4486 1527
3 6028 3814 3643
2 5773 924
2 4976 4351
2 5697 858
2 6681 1222
2 2367 3096
2 5233 2488
2 3989 3322
2 3556 5885
2 3885 1627
2 5577 5025
2 5321 3126
2 3137 2749
2 240 2942
2 3670 5065
2 438 6190
2 5606 2089
2 5803 3440
2 5183 3782
2 699 122
2 5967 4209
2 4635 2051
2 2211 5729
2 4079 892
2 592 3720
2 2824 244
2 516 4553
2 6293 4049
2 5237 5052
2 6140 6491
2 4547 5334
2 6607 3305
2 736 4173
2 4529 1069
2 5220 495
2 5213 5785
2 1340 440
2 2443 5976
2 1890 5796
2 4088 4398
2 3291 1351
2 5366 1076
2 3386 6085
2 2700 2363
2 803 2599
2 4753 3697
2 2790 1691
2 6572 1742
2 5434 1177
2 3056 2643
2 4566 3070
2 6032 5026
2 69 1668
2 4978 1184
2 565 48
2 3459 2968
2 249 4858
2 868 1111
2 6014 4314
2 1405 1728
2 5937 718
2 5532 1613
2 2087 5405
2 821 2028
2 447 3990
2 6688 4593
2 2020 2637
2 2054 5212
2 4506 6217
2 79 6685
2 2623 143
2 5955 4360
2 127 2354
2 3106 586
2 230 6573
2 4 6496
2 4630 5558
2 6060 5524
2 6577 1773
2 2249 4562
2 4749 3416
2 4045 5258
2 6008 3381
2 3267 1550
2 1496 6119
2 4929 6476
2 6123 219
2 1904 2164
2 5572 6170
2 5420 1528
2 1085 2005
2 1455 2870
2 6456 3395
2 6245 300
2 4536 2960
2 4185 3246
2 1031 5996
2 5827 4416
2 6661 6286
2 5879 6686
2 6253 434
2 6099 65
2 3579 5160
2 618 459
2 3243 3175
2 1978 3447
2 1716 1008
2 1786 5218
2 5418 5565
2 5913 199
2 3904 2633
2 1657 4695
2 1018 32
2 2774 4789
2 2190 5044
2 715 3628
2 4648 4224
2 3892 5323
2 4677 963
2 358 2326
2 6109 657
2 1208 3245
2 5925 1685
2 6410 1312
2 5839 2534
2 3195 5999
2 5566 1575
2 2897 4660
2 6053 544
2 4661 2809
2 5489 6141
2 5161 1530
2 3087 3002
2 2592 6167
2 651 1049
2 2125 616
2 6000 295
2 4323 4082
2 231 5711
2 4002 1948
2 4370 2072
2 478 3300
2 179 5042
2 4259 166
2 6181 1173
2 720 3014
2 6626 5988
2 3382 2589
2 3475 1470
2 3213 4902
2 5701 3856
2 2865 2839
2 5185 1887
2 4755 1453
2 919 4600
2 670 1950
2 3017 2467
2 2332 2162
2 5568 4402
2 2670 2490
2 6615 1128
2 5234 25
2 4127 2746
2 1513 874
2 6435 4359
2 113 854
2 354 4003
2 2651 462
2 6381 5838
2 5386 3947
2 5246 4549
2 3335 2526
2 6076 4751
2 968 1974
2 5562 1967
2 2572 1665
2 298 5589
2 4401 4037
2 3154 911
2 417 4374
2 562 3252
2 5227 6409
2 6082 4475
2 273 5003
2 5717 3837
2 2377 1064
2 4432 3849
2 2350 1186
2 6067 4745
2 5829 5046
2 581 5600
2 757 1914
2 6116 848
2 2608 3692
2 4333 6598
2 5573 1414
2 6379 5439
2 5340 4515
2 1586 4040
2 6186 5546
2 561 2052
2 5977 5542
2 155 486
2 3129 3816
2 4946 3933
2 5649 774
2 3330 6696
2 5137 2369
2 634 2145
2 6565 3747
2 3257 4563
2 5231 4743
2 4036 5525
2 6562 1025
2 1798 990
2 3315 3067
2 1084 6401
2 3925 6708
2 500 5316
2 2391 1445
2 5438 3051
2 4336 4069
2 610 4039
2 659 2794
2 2033 5273
2 4870 1277
2 6497 4245
2 216 3420
2 4236 1478
2 6439 3117
2 4739 5251
2 1483 1329
2 540 3008
2 1260 4596
2 3139 3385
2 3232 5665
2 1193 2473
2 1515 783
2 1242 2095
2 3310 194
2 3399 6219
2 5461 4773
2 582 5951
2 4685 6263
2 3274 6569
2 3321 3457
2 1551 6133
2 6234 6632
2 3020 2667
2 3976 360
2 852 4008
2 4270 2046
2 1817 396
2 2555 5086
2 1859 6666
2 1230 4195
2 1970 1677
2 5332 3696
2 4590 330
2 613 1585
2 4798 1928
2 4535 3601
2 3146 3817
2 1646 5306
2 5376 6677
2 1011 5398
2 2319 5495
2 64 38
2 5100 2317
2 953 2822
2 5960 6433
2 3543 2986
2 2883 3041
2 3003 6434
2 4133 5954
2 3414 6265
2 5982 6674
2 425 3248
2 1605 602
2 3597 3271
2 3338 4489
2 859 5397
2 1850 3102
2 3351 3467
2 6297 6682
2 5508 5651
2 4624 5602
2 430 3211
2 1393 652
2 2853 3571
2 1595 1142
2 1309 4114
2 5694 2109
2 1013 3418
2 5708 4106
2 1772 347
2 737 126
2 337 3996
2 6624 5737
2 272 3503
2 4768 6131
2 2364 4810
2 956 5224
2 2139 76
2 3524 2000
2 4735 6629
2 2926 3093
2 2969 802
2 1426 1212
2 6062 5331
2 210 4250
2 5175 5005
2 4846 1058
2 2271 3419
