3 100 0 23
3 285 183 114
4 35 17 157 110
4 2 159 27 287
4 268 294 284 266
3 144 197 47
3 62 41 99
3 291 164 40
3 153 237 84
3 63 246 186
3 79 196 26
3 129 13 55
3 257 149 137
3 181 176 260
3 80 68 147
3 271 206 122
4 154 5 120 112
4 94 204 67 258
3 102 171 20
3 93 19 170
3 70 295 82
3 71 209 225
3 54 12 264
3 125 98 220
3 36 200 187
3 177 139 223
3 179 180 274
3 191 172 108
3 293 286 244
4 131 126 107 238
3 49 89 193
3 275 85 278
3 230 43 64
3 175 18 133
3 221 299 236
3 32 8 250
3 141 208 201
3 76 142 74
3 97 207 202
3 289 262 77
3 52 140 69
3 25 162 66
3 194 21 111
3 217 234 3
3 65 87 143
3 119 7 233
3 279 254 280
3 103 240 267
3 38 228 78
3 281 243 252
3 178 135 145
3 105 247 188
3 136 14 297
3 138 211 273
3 256 72 33
3 24 127 151
3 53 104 51
3 241 91 15
3 283 227 161
3 83 192 255
3 232 57 269
3 30 50 251
3 81 190 86
3 88 245 4
3 148 6 182
3 261 155 146
3 239 109 292
3 203 121 214
3 242 184 168
3 173 128 152
3 226 132 75
3 60 167 276
3 11 199 95
3 115 73 1
3 113 169 235
3 213 160 270
3 282 229 37
3 298 9 130
3 44 156 118
3 45 224 212
3 272 205 174
3 277 222 106
3 56 218 259
2 215 34
2 189 46
3 166 134 28
3 165 296 59
3 219 249 290
3 116 48 150
3 22 288 198
3 90 92 231
3 248 158 31
2 163 16
3 123 185 117
2 96 10
2 265 216
2 39 124
3 58 253 61
3 195 42 101
3 29 210 263
