9 2735 8227 1582 6623 9434 8724 4759 5647 3620
12 6689 1227 8713 6879 3635 2447 2674 6697 8469 7144 7771 1190
7 3090 6654 661 2904 6021 1430 2591
13 1209 477 4233 4299 4250 9116 3818 952 9028 7207 1417 6190 3224
18 6466 7455 2523 4920 3915 8155 8259 2119 3675 2412 9699 9266 6489 5812 7079 2922 7133 2029
31 5018 3245 4635 9382 7277 5267 7665 1443 9408 6094 3986 3428 953 5519 5259 3137 2700 3967 4674 801 5195 9506 5767 8944 2965 3132 7780 7283 7600 2134 6111
26 9313 7028 5006 4686 5158 1215 9466 3434 1004 7830 1199 7132 5216 2990 7179 1750 8004 8017 1821 4998 7051 4308 5331 757 8797 4005
33 2519 6794 5049 318 9872 9761 6407 4130 4398 3133 8296 3621 9106 1709 6495 4430 5420 9268 7723 226 3852 743 3034 6599 2363 3884 5051 7964 7888 5159 8488 2032 7252
29 549 7320 1995 9575 4409 531 2831 2187 9101 8984 8214 5709 2359 7904 7016 9009 9957 4524 7839 4051 1659 5555 755 3733 4945 906 2914 7001 2273
23 4525 1194 5377 3807 9410 2857 9222 8610 7037 3645 4330 402 5502 2237 3516 2524 9502 5459 7059 2656 3922 2606 2172
17 5934 658 5517 3632 3026 1106 617 9242 5713 7555 2192 30 2958 7006 8027 3341 7641
15 4679 3119 3970 4356 9963 6865 5610 3691 6211 7935 5715 1027 7295 2864 6170
18 88 5971 8447 4207 1601 8187 6244 5437 7493 6515 1129 1158 1507 6193 1663 6242 6258 2813
14 7109 8254 4024 7263 7216 7150 2264 8864 754 7220 3470 1235 6505 7061
20 2465 3546 4200 4349 2967 9130 4017 5553 1836 2707 9618 9854 5800 8095 2310 1258 4553 6507 3858 2221
32 7957 9406 4575 8338 3375 1627 2741 5853 3098 3099 8956 3874 6699 2086 2713 4266 2501 732 9946 6667 5448 9302 5053 4146 4766 7989 2145 6631 1764 3064 6487 8350
7 519 7293 2915 9927 4476 2224 3528
29 4309 1838 5466 8410 2235 2077 9832 2613 1511 9132 1455 7984 7415 2191 6363 6290 5600 3374 6086 9050 2728 651 5207 6791 5834 7437 9396 6417 2609
17 5970 8783 499 9754 4985 2148 1727 1606 9093 7056 5392 8837 5949 2593 9097 2824 1425
34 5324 1414 6168 5090 1792 2600 986 595 643 8945 9859 6114 8749 1217 6612 4878 7063 3473 4454 4360 1885 9352 1068 4118 1795 5524 5493 6015 3040 8211 1701 840 2410 9476
30 4839 7140 8277 5757 7554 9511 146 9981 8938 4415 2025 9324 4340 434 6146 5950 1615 6760 6640 1049 8358 602 3427 7039 6685 234 4790 343 1293 1636
15 719 5352 4034 105 6161 1393 3561 5527 6920 8099 8969 2433 8764 3736 8047
27 606 1447 2742 6409 4291 5751 853 7315 3981 5619 6562 3534 3963 2478 1286 4333 3917 4961 4401 7487 7669 8455 8365 302 6210 7714 9380
20 423 1883 8979 1218 6058 3542 992 9276 3122 7562 5323 8987 9908 575 8906 3508 7930 3599 1130 2951
35 1776 8020 1564 8637 4376 8128 376 8176 4300 244 2810 388 698 8344 7798 4902 612 9706 7462 3171 5938 4783 4740 2267 6318 165 4633 7617 9875 5718 1575 2880 9178 9834 5504
26 6031 7097 559 3315 4244 2206 9896 2417 4582 4217 9428 999 7720 8936 8845 4193 2475 8100 8090 185 1127 1677 1141 1082 7035 465
25 187 1228 608 4807 2982 6024 8412 5260 8229 5356 1639 5268 4043 819 7328 5270 5789 4708 6592 7480 2223 3558 4419 8606 7539
36 6663 2603 3424 9890 8766 4957 3493 6618 425 5099 1389 6683 4564 1914 2535 5872 4518 3416 8920 8136 4155 4370 9531 3706 3183 4755 7396 1157 3322 4864 8305 8216 7834 8636 5896 5819
14 1066 2324 3176 839 5511 8368 9138 2288 101 7863 5806 4752 5293 4716
33 5335 2296 5710 8448 3616 6119 6133 8860 8164 1220 3895 3584 280 8148 1612 2042 4746 9739 4067 5565 2420 2295 2365 1083 62 995 2182 7251 9069 6934 5121 1118 8543
7 8175 8965 9392 9080 6810 3650 8330
22 1560 3826 2642 5182 7434 6048 896 5838 1143 8478 9034 3634 5126 9115 6136 2704 885 5826 3238 5011 298 3644
32 4758 3540 4196 69 3885 3051 8353 2640 7729 8820 3722 8911 9462 1743 2996 6332 2733 4452 471 205 1036 7302 5037 8467 2564 5673 9608 2550 845 7533 8874 8377
18 3817 3333 1489 5535 9252 3330 5019 358 5823 201 2427 2369 4210 3633 6943 6365 5953 2208
21 3580 3148 7355 7149 4407 7101 9250 6733 8498 8417 5585 9059 3517 1974 9088 1056 630 6545 2747 1652 9329
13 6252 984 1864 286 6727 2141 8533 4014 1048 9321 9221 6047 9824
26 1273 7612 874 439 5477 2041 2981 4532 1203 5559 7077 1275 4549 8993 2398 887 7371 7327 4870 3505 9534 647 2943 3087 7826 218
18 7499 6662 2975 6420 9002 475 8882 4664 189 5394 5211 9460 2084 7192 4874 5985 3286 5571
11 1867 6745 208 1745 9962 7805 3843 4117 1429 4566 9287
10 7965 3655 7927 9349 174 6099 5485 3724 9860 406
32 6822 1512 2681 9487 9512 2551 6132 8800 6746 2898 1292 1774 2808 2438 683 242 7886 3154 3000 6429 5233 5558 2801 2744 4298 8092 2763 8964 9676 3627 6311 1300
18 2432 4877 6164 9586 7883 5601 4880 1256 7769 2173 4561 9421 515 7599 1622 2894 7910 5067
21 7070 2424 7428 3462 6550 9341 708 9539 1101 2866 3926 4178 2616 9568 6177 8482 5264 3218 8941 7681 5312
22 1178 1977 5170 5100 4397 1944 235 4892 4263 4647 8627 1781 7853 1321 6947 1153 8707 2877 899 4530 8430 939
14 8890 8345 1541 7590 4440 426 6759 8907 2812 9764 1312 9555 5682 2280
16 3055 7398 4833 7574 497 9497 6062 1872 6582 4329 5883 2289 2490 1437 792 3723
30 4742 6529 9401 8382 6413 6739 2937 5866 1152 1862 459 1415 7794 4221 5909 1322 2068 9212 8852 7121 3725 4215 2889 8451 4769 9184 2819 4445 4803 2845
15 6002 3708 7926 5532 4092 1921 2871 2688 9855 7852 5333 6499 9600 6817 1359
11 8773 7940 7266 5692 8334 581 4768 7247 9096 7786 6018
3 8292 5991 7678
10 672 7810 8967 932 7202 6019 2730 4545 1261 5232
20 7475 9820 7585 4153 830 5650 2771 6422 5803 3867 4853 2541 5965 6653 4757 5599 3856 2094 410 2902
21 8477 2297 6910 8540 936 8616 2268 686 5614 7820 5258 5078 139 1385 9891 9066 3931 5850 5791 7586 9765
28 5235 8149 6155 7243 1252 5291 8665 1985 886 2842 1197 4802 5340 2861 7392 2358 5456 4198 8172 8068 8234 7421 9094 4458 5048 2689 4823 437
18 6277 6139 1530 3017 7444 8108 8392 6427 9760 7181 182 9365 2638 3712 818 7739 136 9796
30 2720 4873 3572 4863 3615 1845 1537 1942 3946 138 7490 4062 6888 9884 2580 1320 731 195 9688 1538 8778 1574 6351 6330 7954 5685 911 828 5318 4286
12 9409 9166 1251 7446 4115 7232 5584 1686 7387 2095 6344 1855
28 2920 7711 965 3544 9524 607 3940 1211 1299 8830 4358 2636 8545 9091 3379 9244 2868 6117 9413 2354 2752 9599 8275 6723 2929 770 1318 8921
32 4094 3049 6068 5017 8747 1884 4485 7043 6359 1297 9482 2248 7339 1420 8460 2715 1850 2341 1747 8039 4012 3074 3927 5788 4671 9391 7244 5047 6918 7011 8870 4124
32 3629 2166 2147 6842 1863 4615 5043 709 1110 9516 7629 3845 9264 8212 7615 8593 4947 8361 5383 3076 8354 2617 5015 1788 3998 2450 6993 5588 2785 6051 9906 9536
24 3607 3409 2626 9144 9757 8796 4585 4643 9475 3290 3062 23 3071 2625 2672 5926 5177 2623 7896 1136 7772 5854 2300 9573
21 677 9733 1100 212 1491 9477 6009 3729 2088 1405 5144 5290 5346 8046 4189 8751 9936 3033 4416 5538 2658
16 9679 6485 4084 8464 2651 2900 5124 9346 389 7951 3522 9792 3107 8770 8527 2691
26 1097 7864 8978 7557 8682 2059 1565 1725 711 7516 9882 3421 6806 5670 592 8599 3187 3889 705 1812 8174 2013 4785 7673 5776 4891
21 5497 7186 1778 3292 7106 5880 4517 9667 8584 3662 2575 3582 8476 4738 7821 9540 9203 2211 4554 5652 5020
17 9752 1384 4194 7580 6474 2409 6580 7746 4792 3648 7613 4337 4332 811 6890 2770 8957
18 6670 7156 9267 8816 3842 8034 7209 8273 4119 7503 2867 1692 1598 4125 3077 894 3962 2430
32 1757 8484 9495 6922 9450 3789 1762 1746 6283 6367 2948 8312 4832 8150 8524 6940 7743 4165 3777 9029 654 1244 9529 6899 4753 1400 9719 7950 3987 4013 8210 2508
19 5440 3918 8892 2440 9345 8236 8367 8030 7643 396 4247 6677 7924 8502 6591 8726 759 4490 8453
12 9514 5218 2230 1518 507 5830 553 6243 1067 5138 5545 5173
16 2571 8630 4170 3381 3536 5687 9245 3118 5111 4466 7030 6770 6986 51 9048 7182
8 563 3338 8220 7498 7793 8293 6444 4471
9 6381 9347 1363 3614 2486 4339 1473 4883 2597
26 9003 8932 2335 7086 7323 3116 4990 5622 1644 523 4206 8103 215 6680 8661 5000 1011 2283 1092 7426 8456 2827 2816 3388 6595 2724
20 3549 6404 7768 1843 7698 7211 660 4709 2290 3230 446 5846 2569 6524 3440 9243 1909 3626 1718 8947
33 4601 8029 5890 5699 3840 2952 4171 6380 3839 9889 7445 5700 6898 1448 614 7860 3078 8415 67 186 1017 5706 9955 9582 5319 5936 8633 7427 6950 4310 75 6 6650
19 7657 4387 7546 5347 6729 646 9035 7010 1968 4249 2373 8289 4899 8544 8470 3234 3088 8641 2163
18 2015 211 5426 509 4224 1875 384 9509 4023 6516 148 6166 1074 6731 7126 5449 2865 6227
13 8708 696 3601 4720 6498 1557 6216 4593 4744 6850 6391 5039 8563
30 5860 2589 4164 2605 4020 9419 66 7278 2406 5514 2612 3075 7222 2383 8475 694 7944 6282 1432 7623 7518 8114 4427 8398 2046 948 1823 4277 9887 8301
13 8758 3430 1797 7284 1706 8946 4363 9323 6872 7257 1699 5179 7057
12 9847 3197 4935 6473 2442 5135 6346 9481 9641 3228 8662 9377
24 2883 8557 368 1325 5052 7582 1463 9086 8491 6510 3385 4572 7838 1608 4726 7054 9786 4922 8369 1894 7303 4305 7393 3643
26 9913 5954 4704 704 5374 8809 9687 6386 8261 4893 9911 9403 7960 4262 6180 6936 8623 8639 4780 1848 13 1377 925 9918 5273 8113
28 5445 5615 5369 655 6352 3047 6652 2473 115 8062 6932 3811 5163 624 2546 6897 4597 3689 5997 6394 7242 8734 296 1927 5894 3543 8582 1150
9 9976 3294 9666 1200 4558 476 8397 1191 4158
35 4078 2942 8574 7876 3666 1667 8504 5088 8300 7715 4031 5076 3859 7659 8428 1603 3999 319 7566 1964 7917 703 7313 5805 2890 1270 5505 8626 1329 6992 341 9865 2814 5230 8374
17 8310 3527 5189 3073 8856 9182 6480 2543 230 4907 8450 2309 4033 5444 1087 8898 7938
9 6916 6189 2293 428 5719 6538 2776 4027 6285
25 4008 19 8774 533 2825 2171 8038 3031 1876 304 9237 1566 5168 2646 7408 6520 3954 7008 176 9032 3571 472 2312 8185 4955
20 9888 9046 2711 1527 4088 7464 7291 7591 393 7974 7258 8409 5269 6074 7238 8861 2993 7311 9334 4540
7 6263 1637 7224 3200 6742 3414 7110
18 1305 567 8548 9926 2992 1634 7386 4966 1246 4361 9885 4861 8384 8232 8685 1801 6603 5174
28 6815 4984 530 2783 5054 2781 921 382 5941 7749 6726 8903 6137 9863 5032 2873 7753 8975 9986 7268 1576 2457 2253 5592 9776 8690 8884 7795
28 3307 789 9030 9634 7494 4986 772 7941 7143 6181 5864 9709 3496 547 851 8927 2038 9755 3206 7593 7027 5787 944 2962 3945 2152 6241 2755
7 303 3358 4773 9856 9356 1174 3367
26 4071 7198 697 1655 9464 1281 3759 649 9228 2760 1748 8767 1310 4730 5851 264 784 441 5024 1641 2113 2158 6853 1805 231 1951
21 2316 7108 6630 285 3570 1471 6262 7046 7486 2139 2995 727 8570 8913 8589 6448 5634 1488 3819 5547 4592
22 1335 1784 873 412 238 4316 7454 4144 2443 6314 4362 5197 1526 6700 3002 7803 4741 1935 9993 5398 557 910
26 2917 7287 3865 3833 5593 2343 9038 9994 8140 6036 232 863 5910 6339 3412 735 3467 1822 3484 3890 4303 8452 4735 4446 5280 7115
17 8731 3579 2957 1260 3398 8403 2044 3524 2969 2565 2397 9734 8253 8332 3274 86 8429
27 8878 8274 1 1079 4713 2075 516 8494 8373 17 670 7782 8048 1654 2494 3423 6183 7261 5277 2976 4795 7163 797 70 6789 9635 6060
29 1138 8302 245 9815 2916 3057 1587 8804 7118 1768 3624 7267 1123 8431 3101 4359 9548 9583 717 3504 2517 8712 5775 2098 2697 4911 5720 3514 6148
17 9619 1113 4630 1233 2639 9135 8555 9570 1311 4871 4937 6548 2504 214 5484 1140 3755
19 7013 9231 9718 2190 6061 9584 4513 9386 4991 3337 9794 1726 9808 4424 3250 5508 1547 3589 2897
12 2061 7889 1142 5957 506 3054 4021 6270 4006 3297 3705 8019
16 5086 1170 1697 7000 4656 5642 1294 177 9900 4838 9519 8893 4570 7985 1115 2983
8 4058 699 1869 306 4811 2073 4057 4177
32 4618 6502 2143 9631 1777 832 8191 2673 546 1943 193 4293 3765 6223 2370 5172 1668 361 4442 9877 6628 1025 8914 4715 1333 452 5753 4747 758 6569 1966 9850
18 7929 726 364 7153 5677 6315 8931 6701 4598 2631 8036 5030 3898 7603 9309 1001 5697 4186
29 5300 7114 9320 9830 2934 4940 1355 9645 2556 5879 2057 5486 1424 510 2611 7918 5288 2226 2860 798 3179 8166 7469 5460 8008 8454 8255 4338 5723
23 1315 817 4910 1904 1201 7492 3232 9836 8505 9167 6684 4106 6974 171 3399 6033 676 1618 6555 5633 9762 4771 9515
21 9707 5727 513 4048 3750 9136 4060 4620 4000 2678 184 3956 3577 8349 8142 6209 6194 8781 9257 8622 2530
33 7429 2233 8370 3105 3191 2060 3435 5695 3451 6237 7176 1831 4651 7529 4912 4970 7583 5589 8875 9591 9016 6878 8577 2705 4721 5786 971 9898 9336 7154 9782 7783 9677
30 7861 9090 9965 9485 9743 8194 380 175 4623 9054 9379 1638 5992 9533 8199 2563 3820 5490 2499 8393 7084 4926 9200 5439 9454 3275 6496 6768 6016 7953
16 4059 7687 7804 8819 6395 7667 323 9674 1517 4978 1120 4203 7289 3612 5225 4662
20 5192 8290 8784 2497 2686 1245 3102 6587 6374 118 1589 2393 959 3592 5630 1073 8076 5975 5334 3380
34 5299 3005 6206 419 1628 761 7245 1631 5238 8851 6106 8918 912 5730 2396 3406 7708 7832 7914 1988 4619 2371 4526 5149 2195 2066 1373 664 4375 3324 3134 8178 8002 5865
25 6783 3147 8493 4111 5040 1861 8976 2153 5904 9470 1435 1982 5877 9310 5119 4574 8515 2301 1404 7845 4269 6112 7943 59 7467
29 7401 9402 6669 5212 3565 8768 633 1436 4858 7903 3173 8307 5999 8871 6116 9929 4817 7728 3769 1253 6214 1462 7052 3336 8503 9025 322 3097 7441
32 4855 8489 6741 7102 2577 8615 4344 5193 1947 2023 5329 2601 9724 6728 6436 6459 9748 8317 8986 72 7890 5509 7105 7290 648 6958 2421 749 8327 5077 8877 142
18 7463 7435 6786 6265 8868 9681 1902 6213 97 7122 5141 5596 6045 5494 9811 2329 5606 3969
18 3167 3596 277 3411 6316 9620 6648 46 990 7301 9496 4714 1531 2901 6443 7909 3749 181
29 273 1407 9412 7255 656 4659 292 9165 2377 1620 3798 3790 2846 7949 4121 3776 3135 9933 5680 8828 2201 1712 7170 5322 983 9878 4160 3929 5937
29 3444 3249 9503 802 6903 9527 1349 8190 8485 5009 8801 4072 6085 4378 9480 7352 5326 4810 4548 9063 4422 6535 3941 4729 7281 6715 1230 1137 5265
32 769 5227 1674 6836 5712 8059 241 1487 3393 7812 352 6103 4282 7920 4711 4851 3574 2024 8416 278 7505 6590 8495 8632 229 1238 2908 926 8226 5629 9196 8069
11 3696 9109 5835 1891 5155 350 6583 7264 8137 7758 9990
31 9305 1492 5089 718 7934 8529 7642 4724 9288 3466 7857 8551 3661 8177 9185 8958 2242 4845 570 6328 5061 4919 7589 466 4261 8196 3923 5831 1204 685 1134
34 9563 9852 3068 6012 164 3082 7816 3746 4347 2011 4550 1396 1979 4903 256 5389 7397 5313 4831 5165 3730 8769 4447 1021 1234 8461 3369 9669 3378 9241 6364 2238 8123 1350
30 2247 6123 200 8536 1685 9127 64 8909 8687 7609 8031 4265 4535 6469 6948 3136 528 2699 2872 5151 9051 3287 7559 7973 526 9622 8611 7565 998 976
18 4377 666 7534 202 3597 134 9490 7627 6509 6564 7500 7022 2194 1793 4174 6212 3863 5376
27 6412 4208 8573 989 8791 354 8151 9833 8780 5907 255 6908 6861 4457 2062 8270 4388 8841 905 8561 5098 5429 6035 7391 8592 3347 224
5 713 9864 8088 5653 3825
32 2135 6150 9869 6818 7152 9158 2072 7873 9980 2921 843 6885 7645 6437 1516 929 4512 8381 9092 4351 2222 8015 985 6371 4287 1161 9383 4392 8744 7625 1619 3533
20 2949 1609 3291 3227 6102 909 6522 5274 9363 363 2469 5229 3001 8206 937 4760 3671 2822 737 9430
16 700 1406 9602 9628 6634 8795 1733 7342 5861 7770 5684 6921 1810 7009 1592 4941
25 8703 1323 4624 6645 8035 8243 5899 8014 1391 5386 10 2710 5763 8844 5217 5355 2002 5784 5454 79 1086 9439 6991 2516 7700
10 117 8711 867 4784 8097 9444 1761 3130 1395 1626
20 3442 5491 8902 4016 2333 4854 6698 4328 1710 9370 1179 1960 8547 4357 4009 4499 7024 7802 2960 7773
14 7913 3475 2181 1146 884 2202 8197 5142 5022 7696 7606 7517 5147 4987
10 6695 190 3773 1326 4493 494 7971 9272 1061 3207
16 6831 5808 9556 3717 7380 225 1553 9928 8058 987 9000 6238 2131 1772 4580 6994
27 1543 1605 1421 511 5656 9923 6719 9195 9357 636 938 490 2694 9821 9233 7549 4176 6617 5707 1216 2491 783 9168 9589 1128 590 4243
21 6901 3640 3362 5417 7750 9881 274 806 4464 9835 748 8922 4500 6792 6388 8423 7269 879 7069 1510 4120
31 6403 1949 7477 629 7081 9632 9611 897 9077 3498 8904 4675 4906 1624 8689 3545 9170 2826 6906 5010 7878 6990 7185 7577 9922 131 9369 4348 6271 5587 1247
32 3156 9935 457 2382 7246 8951 2304 2652 3930 7234 2040 4470 6306 8961 678 5956 6204 1053 6174 4097 632 4425 787 124 2496 6037 3834 522 2010 324 3687 5821
11 2384 1411 6801 6668 6646 5561 6614 9189 4079 9827 2353
32 8518 9405 6304 975 3445 6023 6251 6172 4236 4677 1934 6743 4625 5810 2561 7461 4505 5594 3214 681 1567 1076 4684 5266 1044 2946 7136 7814 3665 9703 7881 6470
19 5769 3276 9274 6711 977 6886 9564 5405 2809 7532 397 7809 1085 2334 3035 5973 5395 480 8480
27 9393 3236 8203 2399 3795 6340 9617 1453 4617 6098 5451 3673 5256 5201 6059 9103 1383 7939 9218 1853 8872 5733 1401 4946 7095 2005 1022
30 7040 8458 6200 9657 9457 3117 8695 2260 8644 6757 4213 76 454 8284 8335 6827 1596 2403 4341 2701 8569 9312 1007 5283 7160 7184 3020 3559 8723 4695
38 3855 3651 6410 9104 7884 2207 7256 9858 8617 4045 485 4800 8798 7931 8814 8974 6779 6722 771 3142 6014 4187 3873 2471 9991 1928 4229 3563 1694 2349 479 3983 4393 7138 7219 2227 9131 3618
21 1515 8425 4184 1986 8989 3663 4786 1422 5123 2630 5481 7363 4915 4219 4280 3752 7855 2083 4380 4702 1284
18 3371 9473 1121 7602 2167 6985 9033 91 8970 967 3211 9240 6165 282 6778 800 3331 8824
7 1992 6849 2118 1997 6293 1817 2049
8 9325 4583 6756 4826 3936 3911 5918 8994
17 9675 8158 9845 8653 8546 3905 3308 5176 2854 689 4044 9998 2768 3382 3151 7439 9803
24 6198 2641 9316 284 8681 3879 7203 9846 674 6672 7075 5127 4577 5560 4399 1698 5407 7300 6084 3576 8152 8163 5760 626
25 7928 6135 9627 3739 7882 9062 883 5062 5133 9023 916 5102 8565 6543 3815 6528 7835 5325 2257 2521 2259 7996 1254 7459 107
14 8670 6793 2109 3352 3195 5882 4581 9756 486 3957 5203 831 2276 6870
16 6807 5387 7347 6904 5862 1163 5827 2911 5412 8663 6401 5754 6616 2540 7335 6405
16 4435 7512 5554 6029 8348 7916 9263 4699 3247 2648 4689 7806 7453 3028 8490 2169
13 8640 8262 5480 8598 8457 6022 5549 4820 9614 2862 9558 3302 3617
30 3869 3257 5636 8285 5620 9064 751 4541 1494 9505 6121 7542 21 1819 7819 6083 8933 6431 3908 3881 5893 367 5206 7189 3703 9499 7166 7304 5857 5631
24 9449 2031 8955 5690 2802 4327 659 1364 2052 8741 6423 5005 153 3763 5411 1265 5590 8362 2757 7858 9551 5671 4600 9910
24 4307 2738 6053 4830 9751 3124 2076 4497 6579 5792 9741 6253 1981 7341 2762 2644 7653 8680 3828 9047 7844 3283 3355 8000
19 3253 3990 1208 1416 1832 8471 9788 9173 8202 4412 2974 4134 5434 7481 9759 7416 1892 4315 8131
24 375 1013 3317 4228 2999 2585 3530 5782 2037 6926 9155 9844 7497 576 3801 1666 351 4691 955 4563 4886 3656 2586 3313
29 8329 3575 6804 7236 4705 1835 871 2108 254 9639 5208 6447 1387 90 693 7620 5908 50 4192 1442 3488 1408 6334 5311 3520 9938 8098 325 5408
12 474 4414 1524 6710 9018 671 3190 8118 6744 2749 5993 5573
29 5868 5358 7638 2518 6454 5187 2217 9742 6491 3646 8645 6925 6751 8659 5472 8126 8817 8141 3805 2155 9662 6661 6508 2136 1536 2961 790 4140 8147
16 1105 1111 3993 1886 9381 3155 542 7422 5219 3127 2034 793 744 2431 5513 1226
31 1040 2788 5425 9562 2731 3721 2578 3669 4147 6800 7045 93 3186 3356 1999 1125 9348 9704 7072 878 7908 2820 3309 5774 745 236 5544 1878 9714 9146 7049
36 1005 7129 5996 9633 8991 7034 6026 9262 2706 6657 4866 5878 8366 5664 9225 6552 6859 333 7945 3018 1916 1360 2555 2493 3642 8223 5884 371 3853 9637 1288 9545 6011 20 3417 3664
27 222 7993 7314 35 7438 9604 7808 6460 342 6868 7610 2340 3912 5921 866 5139 5741 8668 653 2895 9883 8387 9726 438 4197 9004 3402
15 9550 3325 9044 7992 1549 7841 2067 4474 5224 5644 5874 5735 8674 4311 8862
18 3555 5858 3541 780 9314 7759 767 872 8235 3010 1059 5752 9129 5446 3928 7348 6919 6221
11 1135 3767 8885 1317 8716 416 6207 7568 8463 3781 9711
9 3578 7113 4353 1820 5373 1905 991 9293 7433
18 5693 3608 9072 6556 4578 9958 9327 8930 6790 2666 8658 1858 5506 756 9552 4962 3812 3994
8 5424 8024 3779 1399 5813 6621 7405 2411
8 84 3311 2495 8219 3583 9209 2385 1880
26 9140 9463 4665 1994 1580 4297 4652 85 159 9458 6163 4879 949 1271 5995 4840 6833 5529 3997 3241 5249 5577 9510 4950 6230 4325
29 4894 7891 7373 7686 6078 4371 7761 7829 716 1348 9208 4628 2151 7560 6692 3269 3503 3526 6995 7332 2863 8145 7983 2219 8888 8607 421 5978 307
22 920 1803 2184 5725 6839 5073 7650 5625 3660 4276 7897 2097 2655 8201 2579 7338 5175 9465 1808 8701 8507 8850
23 6706 7020 2198 5566 1873 753 2653 2753 2924 993 4528 2302 1361 1648 6057 2252 4896 5242 6368 8612 2618 3857 2818
25 9799 9649 9255 7196 6762 8266 365 3731 2740 6975 5675 5419 3796 2506 3359 3771 2168 1673 78 5115 5202 9290 4683 9354 9771
10 7956 7329 8198 9705 8772 1529 9732 2567 9358 641
13 2559 8736 1030 168 9289 3760 5463 7 2843 3718 5676 144 8260
19 5717 2123 9385 8079 6034 7162 7344 6902 3499 130 6848 2722 740 4591 3277 4168 6675 3244 7581
27 2695 9452 7372 935 9180 2930 3326 5847 6416 4114 4498 2945 8650 8299 3841 213 6490 4122 4175 3407 6049 6690 1662 4808 3041 1868 0
22 961 5213 7779 6319 6855 3659 9122 4765 237 5989 3716 7514 6796 2779 73 4162 207 4296 2322 170 4319 3032
10 372 7948 712 6464 8280 1290 1958 8541 7112 2271
27 7952 3208 3947 6475 7174 9068 4384 4552 6882 5933 7898 8182 776 8863 1918 8704 3525 2485 2750 2165 8677 2628 1156 3652 8078 82 6434
6 3654 5284 6539 7800 9188 6686
24 768 8073 1206 5679 6378 4343 4237 3300 2552 6077 6175 356 603 7378 3189 5595 746 3978 7611 2127 1898 6840 3063 2529
30 24 739 4112 199 9871 9738 6222 5452 4776 408 9366 8129 6734 1154 2451 8443 6632 1730 1205 573 5822 1080 9660 7310 8613 7751 7390 204 6533 2848
28 4090 6329 2511 5120 846 7922 9576 2355 7513 2174 9226 7654 7872 2137 7440 151 1911 1714 1597 9774 3161 9099 7100 1881 6153 6999 443 1015
32 9084 7210 4815 5892 9190 572 2434 5082 7558 4989 1790 4734 3924 4073 279 2956 2299 6006 4289 8669 291 5966 8738 7545 3768 1144 1379 5657 9961 5637 722 1052
22 2869 5743 5295 4869 1647 5433 3784 9731 8631 7361 544 4642 9141 5305 4394 4264 4312 3824 2376 8091 9296 7223
28 8962 5237 4421 8146 6425 5012 6261 9972 4636 9624 8603 5462 4654 7842 2978 6326 3013 9966 2454 888 7470 6828 191 4983 5342 4641 7733 8054
31 2356 1773 3396 7567 4602 313 7282 6476 821 9729 461 1104 890 3925 3293 1277 9727 7292 6996 9547 1165 4631 9204 8388 1091 858 4737 1936 31 2007 6453
27 4637 109 3989 1240 2570 4035 1676 4163 9849 5658 1075 7286 5981 7879 6347 4166 5128 3567 2199 9351 5 5469 8866 3113 6978 9567 7472
18 4150 1024 8309 5663 3036 5263 4607 7425 8018 4594 7614 4317 4052 4180 2372 3335 5390 4292
30 6115 1438 7792 4673 6563 7092 2696 3345 1521 5915 8288 5302 9644 7368 3893 1690 6234 9113 2615 3864 8364 1824 9206 9169 6973 679 8939 6931 383 4750
32 3988 1630 4255 4666 9118 4123 6082 3465 2374 9694 3285 9143 2400 1946 4805 7735 1050 8528 9235 1976 1691 5961 3048 8836 927 6354 4723 4418 794 1202 3797 6439
20 5885 2536 8328 3083 5240 5917 942 2745 9156 6197 1785 1274 8222 2196 4484 9507 1147 1454 1195 1212
4 311 3539 6644 7183
20 4379 7471 8832 4482 895 9537 7730 930 3609 8510 1799 9300 7724 3121 3079 7288 6773 7331 2590 6753
19 7399 4706 2401 7572 6749 3220 9202 4605 8101 9232 4939 816 6820 3115 2129 5969 5471 4531 1558
31 541 1372 1588 9696 1550 6356 5228 7856 4331 3531 9248 6156 1051 5247 5180 4290 4660 9112 5002 4259 4710 154 5430 5638 8971 5836 9338 4149 8265 220 1722
17 7561 8376 5540 640 611 3366 7276 403 1081 2395 1309 5070 4301 8891 1542 2772 1633
5 4143 4781 1002 3685 1339
26 568 6457 3368 7085 1684 1046 8595 8542 8953 3851 4787 865 7624 3672 3372 9894 3438 4925 8162 8709 1749 6249 3681 143 5551 2463
16 4494 6493 9813 4246 9625 2997 141 560 8981 2702 6056 3007 3070 5092 129 5071
16 8950 2512 482 4202 4587 6182 1319 7071 9126 6233 4488 4022 8070 430 3562 9215
13 6228 2357 8462 2717 2110 9303 7763 6953 1394 2197 9163 449 7015
9 622 8586 2718 9921 6322 7725 295 4268 7173
17 1833 7230 1959 7787 7208 348 5557 3469 9322 7205 4443 3977 4997 1342 733 1262 6960
16 6541 864 2973 2338 6402 7135 2128 9553 2548 6375 4718 7298 7094 5793 359 8596
24 6961 4260 481 6128 4520 5597 6079 591 8531 4086 4110 2342 619 7718 2723 4463 8925 9432 5814 9977 3679 8499 2610 1929
21 29 9052 9806 2216 7628 529 7019 2045 3896 4834 1532 2179 4856 6696 8705 5122 6387 9783 1382 2325 8727
28 1664 6658 4794 1908 8940 8379 9948 7169 9027 2035 9238 9810 3213 3714 1933 7285 4650 6385 2149 5832 1719 1811 4917 848 834 246 9467 2669
13 55 7325 362 4814 7540 60 3140 9781 6944 8321 5057 669 4432
25 9523 1860 1177 7337 7840 1369 4888 2388 5021 4209 2479 4279 6513 9978 8161 8006 2619 4952 4509 6355 7995 2337 7228 4145 1378
19 9216 8459 1267 3058 1175 4372 3169 4089 7271 8026 9790 3753 7506 2583 6981 3734 6433 6113 7404
18 9283 2538 6296 9640 9795 8575 8609 5952 106 3086 628 6732 9597 6302 7836 7784 7235 8535
27 4842 8055 2657 4107 6173 8116 826 7679 2977 538 3748 5183 6763 2685 3598 3361 9261 1656 4188 5927 2562 4222 4402 5643 764 4275 7899
22 2576 4693 493 290 9819 552 1181 9070 5014 4638 8193 1255 9330 2931 1682 9489 5531 1149 8251 579 3586 4091
22 4948 6159 9944 448 9179 7732 1738 5603 1016 5317 7635 6802 814 2380 3312 2255 8999 2806 8083 263 2659 1646
30 4346 7180 7406 6942 6764 8995 1239 3785 3429 5608 4426 7488 7237 8169 357 6167 1302 2936 8567 5468 695 2994 3810 345 3464 1484 5974 9058 1295 1562
10 1888 6199 209 9251 6397 6432 4218 4148 9713 6834
23 734 1984 9469 3050 4938 7847 7777 8719 8753 5200 8041 6964 4504 7544 2080 3950 6390 1552 5130 5613 8552 8122 5543
35 3149 9920 5516 1729 4481 9546 9394 2790 9837 3146 3450 8105 7587 3449 5104 859 5681 2218 4565 9318 9201 6928 3301 7168 9873 966 5275 5431 6310 3126 3914 8648 3069 1962 2627
13 7119 7575 1670 4632 8012 941 2188 7850 7705 9024 1347 6795 1006
15 4214 5034 332 5156 7785 6247 2291 2164 7145 2645 458 8553 6384 1573 3588
29 7862 9636 7901 2817 8378 7988 2122 8857 6982 8646 2526 77 6970 1337 2311 7333 8287 1370 5947 5488 9423 1426 8411 4859 4041 8279 8238 1055 6494
24 157 4428 9282 3816 6503 8937 3775 1846 8869 5033 6930 7573 536 2804 8007 2882 4942 7354 1715 8496 1229 7050 9664 7458
12 2986 6884 4761 3114 9171 3802 6805 8968 5272 6889 3887 8700
8 297 1874 2209 9987 7796 9592 958 1000
33 1978 3196 8786 6220 3270 9065 3949 8272 2107 9388 3432 8511 9758 5023 7351 5640 5421 7326 4732 9899 496 3413 1058 3059 4928 7241 4841 7955 2287 869 8717 8654 9172
17 3103 2079 2455 5955 5779 5371 6980 8822 6720 8894 6954 2604 1479 6717 6585 8532 6479
27 5341 2714 7648 5686 6141 8112 4862 5400 9652 8316 5306 6452 4533 9442 1818 9848 917 53 3419 4131 7225 4116 2746 9971 8082 3111 9326
19 2912 4885 6208 4029 8671 2665 374 3203 7048 1330 2054 7167 3992 9919 8916 7531 7142 8402 2055
27 3281 5113 206 1830 4613 1465 6584 8876 2240 524 9229 928 433 2793 8525 1171 4748 7788 9197 5928 5467 1825 662 5435 4649 8057 4846
27 5716 5948 3910 615 856 4450 7778 2229 6674 1501 3222 9902 1926 2834 5470 5980 3431 6673 2637 5575 58 5839 8043 1809 8001 5749 8022
17 6724 6735 6360 7683 5783 4007 5050 5169 2407 2234 3225 6687 7151 6573 6257 8847 5108
15 957 8435 3188 5711 1474 3418 9561 6297 7754 9328 9139 7672 4135 9867 9360
30 445 1593 6307 6718 8419 6438 6969 7191 2797 8585 1787 2938 947 4212 6604 3511 3391 8473 6184 3897 2545 3600 5246 140 1398 5683 4778 3713 9389 1088
23 3693 8566 5920 3906 8854 6336 2527 2415 6041 4453 3610 5262 4688 9043 3011 1045 1094 7966 539 340 9399 1366 1956
24 2020 9985 2881 5539 5036 7041 444 5764 2766 3509 8721 7004 9541 3256 3342 4238 7767 605 221 259 623 5563 8156 5731
28 8395 902 4836 881 7697 9950 7370 7727 7689 9361 2444 3201 1753 1291 4621 1446 1906 2028 4827 9791 6506 6278 4812 6250 1837 9831 3688 7825
30 2008 3951 4109 9105 5303 9949 4930 6013 5116 8237 8963 133 3494 2955 809 6565 8297 8643 5085 276 87 2392 9145 4444 9443 7395 2318 2998 5895 8154
13 8406 4546 3334 9702 2482 6871 4326 9075 8827 9089 6134 9479 6527
7 5598 9996 6202 3585 8085 5091 9569
12 3030 6924 8440 4003 4065 2693 2621 6231 4777 5292 6129 3491
22 3471 8848 5541 7172 3453 9678 1613 3623 3829 2907 1695 3955 6577 9697 6867 9294 7087 9521 8838 1952 9061 9374
20 7141 3758 6255 1503 7382 4544 7684 589 2069 5873 5075 8295 6941 7175 5797 587 4383 6294 5798 7756
26 8102 5487 41 2305 6392 3433 9897 6333 2272 252 8400 9026 5550 2285 7942 8215 2549 6846 8684 3899 3762 1585 1173 3284 5476 2509
30 8840 2899 1955 956 4629 2984 9478 6104 3710 9671 517 9239 3813 2584 1450 2232 2047 9279 468 9269 5912 3240 9746 2830 5423 5348 1653 4018 391 9673
12 585 6110 3354 57 2754 4070 1623 6046 1374 8934 9999 1003
28 268 5572 1221 9654 378 2919 6597 379 6808 6462 4543 9142 7790 9447 8347 875 5512 5109 6852 8005 2726 4061 7833 5150 5536 690 3880 5586
34 4495 9137 5771 2056 1913 5241 4696 9812 2680 5959 1069 2935 7865 1834 5364 1308 4963 8427 1167 1548 4381 8732 2692 404 6976 8096 5688 1043 1497 6546 2185 6676 7356 6260
24 1353 8209 442 3199 2000 5724 2602 6331 2048 4559 4898 974 973 7195 5807 2379 6065 5867 1014 6837 9615 4918 4799 1038
12 8342 1192 5475 2317 6666 6287 8859 8756 316 1586 9736 3569
24 5406 5875 9012 3875 5602 6526 1352 3205 3904 5567 8159 6681 9574 8291 5097 594 8304 3472 4745 8389 9787 2502 3975 3264
4 5649 3468 7693 2053
20 7640 4959 3092 8554 7710 169 7548 8597 5579 1595 2906 7592 6905 2557 6463 3837 8311 3698 7997 5370
26 1528 9128 5214 4064 4782 8831 6512 8761 969 7764 163 1907 7178 9270 5134 8432 5778 2303 3485 968 7218 9601 6514 5790 2321 3021
12 583 7704 6951 3602 3594 6101 7811 2115 1504 2315 1844 7713
31 2941 3138 6125 6771 4914 4555 2404 7456 9440 4828 52 9441 3454 5314 9110 1786 877 4809 815 3242 9415 8084 1661 4284 7204 3158 3836 68 5714 3043 5659
29 8204 5112 3129 3108 3680 1496 6399 1660 6218 9659 5353 5635 2144 7099 556 3595 2582 7279 6841 5726 7981 810 1095 1419 2794 7042 3110 795 2544
31 3025 6558 5748 6186 7579 6967 3439 8028 9160 8446 122 2104 3973 8081 5349 2294 6497 9730 8315 1950 8880 1358 6933 1938 3248 5935 7702 8519 431 2103 8879
30 1735 8021 3603 7690 2140 657 7762 3974 833 1466 7680 7403 8115 7419 8776 3523 577 500 5863 1708 6651 534 3744 9007 1540 1285 5044 9013 8808 2117
34 5304 1651 5887 5756 5453 3215 2386 1098 81 777 6775 3699 9378 9643 1740 283 6777 1696 7848 6299 6568 6267 44 804 2823 2307 1133 3460 3184 2157 7044 2326 1972 4042
12 4829 5815 8743 7817 5143 5651 2308 3198 7447 2367 5339 4321
16 741 627 2074 2212 7139 6835 7199 7473 1990 1035 3792 1658 9123 5361 5125 1213
28 5381 8739 1804 9769 1272 3502 6089 369 508 137 9006 2175 742 8813 8325 6531 3548 5609 8714 9271 2629 2786 1514 6246 6492 5499 3279 6721
31 9979 6747 3510 2896 4139 8742 9159 8560 7274 8895 4884 5117 5929 5360 1493 7155 5722 7449 1434 9616 192 4271 1798 4576 4434 9448 9895 598 4506 6087 9304
22 8559 6740 5562 2769 7502 399 3948 8881 4335 3004 5257 7038 2953 868 7485 1362 504 8943 6664 1242 7906 4542
15 6321 7194 5568 9001 1720 9295 574 8942 1849 562 3109 3456 1579 2677 9417
28 3743 2006 2539 9549 152 102 6989 6716 9612 7080 6120 584 2796 2189 2452 7797 2093 6707 8170 8839 9580 9005 9840 6782 7215 1731 1456 5848
23 9581 8699 1054 5732 3701 9375 7595 9019 5190 5438 1851 3707 7358 1440 8183 8558 3971 9876 4904 5817 8333 1139 8789
32 1269 6004 6338 5621 9538 8037 8652 7275 5994 6179 3182 1681 6292 5704 3455 4322 7107 8186 1187 1632 160 3823 2968 3243 3486 4670 7349 3441 1336 455 9770 6288
15 6039 4965 680 9337 1854 3959 7646 1925 5178 9663 108 6158 8908 616 4538
5 8520 3029 7430 3022 4887
32 3457 5359 2690 6000 6398 5422 1232 2661 1109 2884 2966 1716 6838 893 8926 4096 6488 2345 1814 8258 1485 261 7076 1249 3920 503 7053 8124 3670 6624 6766 8722
19 8728 5818 6192 9297 782 5107 3636 1441 1182 4588 2186 8972 8900 3492 8666 535 7375 8375 5841
17 4687 7451 7975 7867 9164 8110 6280 4256 1062 1779 7843 6596 5101 4921 857 3299 4646
30 3564 7553 5307 2787 7448 2362 1412 7197 8486 9073 6301 4515 6406 728 2281 7538 4712 7250 9605 7032 8600 6145 4462 5960 8061 6032 1185 9198 7527 5244
24 580 9685 9559 2425 7662 39 8413 2065 8326 7125 1116 2414 149 2739 1763 3996 5110 2870 8441 4968 5946 3611 9281 8897
16 6649 4537 9078 7870 3972 5428 5766 8094 8996 8815 714 3231 4272 4082 558 2620
24 61 2436 4154 665 7190 92 9737 8667 1568 1428 5004 3447 946 3387 3081 2258 9488 5871 5703 9772 762 4220 7676 9916
34 4788 3160 720 8823 1963 7994 7096 7633 4491 2043 7078 1897 9420 3894 11 6713 9224 7321 8621 6858 4694 8833 7871 8997 1131 5492 5772 5131 7744 3715 4501 1478 8120 1569
24 5161 9974 9011 6856 2470 127 5457 1259 8257 3085 582 2923 7384 26 243 5518 5081 4626 1919 1126 9909 3422 5666 805
8 6456 8104 3830 5888 6575 3778 5298 5903
27 8179 400 435 4028 2927 6809 9364 8782 9817 7691 83 2765 2850 9879 1953 4053 8050 6229 9124 3658 8276 2836 9371 9650 2487 4865 9317
11 6952 7116 5983 9798 8132 5897 7831 4901 2243 1084 2888
28 7877 2026 47 5627 9610 8642 300 178 5160 5465 4924 6821 9407 1767 9368 4368 9083 6055 9456 5739 1375 228 6586 5645 7450 4390 8087 2840
18 7799 4648 1276 9680 3319 5495 6313 3532 4270 4775 387 8788 4700 673 7524 2408 6358 8119
13 489 4437 4848 951 8042 5799 9273 5962 2292 1166 6883 9607 1555
28 9207 2838 8224 3921 2250 7663 5837 1523 3258 1930 7712 8063 9376 4232 8691 5785 6860 7734 6949 9807 4183 5781 4510 532 6080 8138 4751 8618
5 8184 9763 4492 8066 923
16 8420 6877 4080 9557 6825 7933 6962 6566 8125 1922 7031 8508 1645 5029 2090 5063
18 8675 2748 1970 2261 2799 2751 8992 5498 2405 9715 3613 7969 2437 2643 5148 7530 3014 2096
27 6424 2426 4980 4050 8093 982 4595 2954 2220 1392 1368 7755 7822 9056 4988 8127 836 4004 903 8060 8322 3056 4095 2114 1987 6010 5296
10 5245 6239 135 3554 849 8306 6521 3128 4909 2773
25 6160 7082 8346 8133 5234 823 1263 6484 4449 9192 5556 9917 9278 2016 305 9119 7240 7775 2987 8501 593 4813 2815 8278 5745
9 7468 8394 3383 8356 6348 3838 5977 3458 3125
27 1866 8449 825 3783 922 2105 9647 9133 9912 294 8072 4916 880 684 1525 5191 5728 8771 3217 6050 373 2125 9861 9668 763 7017 3631
11 3692 1734 3426 9483 7854 4181 1599 635 3860 1813 1020
29 8578 2480 3754 8746 6345 395 3474 7967 7998 1283 3674 3913 3266 2595 2719 3446 4936 9501 7694 7644 9931 4161 8053 8905 2879 4185 6534 7766 6761
12 9121 9021 2800 6075 8762 488 4142 2671 3500 2554 638 2225
17 1993 945 2782 483 3112 415 578 5221 8901 2 3039 9508 7990 1961 7123 710 8594
27 3239 4511 6536 266 2180 5375 6956 3952 7187 1198 3157 5094 5801 3282 4701 5852 2500 8513 5828 9525 418 3728 3787 8735 2200 8777 3120
20 9901 5654 565 9735 4403 8737 1859 9975 4767 5564 1012 724 4821 37 1402 1702 5479 347 4719 2528
14 7911 2928 502 4973 8421 8523 2675 5809 8239 6622 7130 1328 3437 3827
26 9411 1090 8040 950 6703 908 8160 65 1591 1236 453 512 9431 5035 8052 2876 850 3344 1895 1969 2170 5162 7002 7307 2130 2019
24 1563 2132 6426 5074 9157 2513 3295 2874 2154 6785 6774 9384 6483 7982 7299 5736 5084 8056 6124 4728 5623 4697 7731 913
33 4882 5990 1010 6069 4137 3038 9710 7636 120 3657 2875 5372 3799 2607 6619 736 6873 112 3351 1266 9593 7721 914 1704 2091 1390 9642 2594 1301 7496 2441 6613 9472
28 5902 2791 7248 98 4101 6647 1480 1282 4314 5708 8550 7507 2950 5080 4560 1026 3878 7851 7526 2249 5432 6396 571 7828 5443 2698 5931 3289
8 7229 328 4507 9954 788 7722 6665 3737
21 4066 315 7465 9254 7668 9100 6893 7068 8051 2402 1071 3854 3907 173 5068 6027 9049 6725 6323 3591 4241
21 6965 8426 8915 3566 4764 9684 9234 8263 3909 281 3751 613 8954 6847 6600 4996 3094 4479 5939 6191 954
22 610 9246 5205 4285 596 5662 1331 4400 3165 9566 121 6379 3271 6064 4634 8268 366 3902 2231 3395 9740 3791
20 7318 7346 5250 7065 6830 4971 1611 3235 4960 6588 1616 9008 2855 8468 3581 6635 1060 9700 5855 8269
24 2429 6752 3991 9804 5674 4503 6832 1117 5105 7305 2498 5031 7757 103 1736 451 2859 5365 5461 4226 2251 8959 6458 9829
23 6633 4352 8998 9992 7894 7508 8562 561 9880 6829 6891 9725 7137 4573 9076 1172 525 7776 3886 9154 5825 5362 5758
3 2278 2736 7376
32 2774 8792 5626 9712 4639 8324 6946 4113 8928 862 9968 2909 3606 4055 7389 6240 7626 2903 2892 8221 6504 9053 3711 548 8526 1225 667 2905 3012 6750 8308 1705
17 9020 842 7379 8973 4441 1338 7474 1679 9474 8067 4489 5770 6366 5552 8314 6225 5478
11 2418 7671 8810 7736 5924 270 8923 5661 8424 9766 9716
17 9291 7846 9874 3938 3420 8530 6705 1324 1023 2533 9398 2795 8230 2133 3349 6691 807
5 9626 7104 730 2573 5891
28 9187 5744 3821 2537 2245 6446 4318 5287 5045 7604 377 4824 8064 3323 2841 5525 4473 8233 6281 9522 6894 8608 2703 2683 5363 6955 4133 1343
7 8509 3202 7813 7719 4951 2100 6467
16 4586 5721 933 2663 7682 9186 1289 8144 8267 6606 9773 1495 6289 5055 4077 247
24 4644 2654 2270 7014 4406 5042 3593 9780 1827 3178 1657 4461 2858 3481 2886 3254 9217 6317 8013 729 6300 5988 3727 3934
20 2327 5332 2330 1470 5026 4992 4982 28 6224 5618 4448 5940 2030 9606 2853 289 2298 2608 2878 6342
19 4098 1973 4366 7414 543 1029 8549 2204 5984 4468 4191 631 7959 7977 9960 9461 3172 9753 6093
7 7227 3246 4994 9301 5294 4599 5665
29 6694 9306 5285 8614 2464 4749 2160 1583 4274 1700 5534 4278 8134 1980 518 6578 964 3353 855 198 4386 785 3835 460 5248 4240 6518 900 8371
11 219 9544 4717 6066 9967 4890 7273 4974 2099 1093 8171
8 2176 3774 5570 5669 8080 6911 3310 1410
29 1815 1635 3403 7874 1755 161 4958 6971 5844 7907 8506 2835 9785 1783 4075 4251 3262 1572 9422 4669 4252 8340 6217 5842 6881 401 9915 901 3386
8 3008 892 6327 4658 6814 5366 6544 1452
14 5222 5500 9286 1508 4205 2979 1937 8500 9438 3278 5083 8025 8074 6517
14 8271 5856 7637 9947 8192 3809 2721 2488 110 7023 9484 2926 1304 5501
19 9670 166 150 7226 6966 1346 9809 4105 6659 3782 6389 9333 8571 644 4216 2210 6702 4273 3903
29 2944 4661 5777 172 5503 8188 5576 6081 3305 9074 8109 2568 8225 6880 6682 8883 4881 5140 2027 3223 3943 312 63 4627 6107 1356 4054 3719 3619
10 6361 5393 3786 8803 7193 3194 3181 2558 2156 4796
18 3321 5384 6532 2708 781 132 1103 9253 9437 8352 3415 3745 9953 960 4324 8683 1923 3883
17 3647 6274 7921 4849 8887 7400 6500 6295 2282 3960 2647 7869 3350 9747 3042 9211 2839
16 8564 6377 6154 80 1188 8625 8256 1600 9373 4129 5591 9749 4451 1758 5046 3204
13 7716 8231 1765 9661 9040 8825 9690 8168 1732 7742 5942 1418 962
19 113 3104 498 4396 6601 2732 2394 691 9655 847 3507 6581 7510 7536 8318 2489 2022 4253 7522
16 6913 3461 3490 4657 1693 6643 3482 9284 3694 8605 1064 6959 392 1207 8363 321
25 6607 7117 9744 6523 6196 6272 7745 8245 2439 3625 5986 2596 3389 9148 5414 2650 1703 2522 1506 6445 8130 702 3984 7976 5415
30 3168 3459 128 95 1386 9492 6638 7912 5701 2667 2525 1193 808 1464 6203 6769 8821 1650 4025 6935 5916 123 1760 1089 5286 7978 8865 1939 4923 8910
22 2313 8323 8351 3605 7442 4806 4645 5913 7466 6279 7407 4456 6642 7900 5804 8917 9826 2462 3006 6187 9331 835
18 1724 5746 2780 3193 9843 6866 5705 7280 4931 7158 3162 9427 5065 3019 2492 411 432 3346
8 5402 9459 6349 7214 2847 3080 8497 1559
16 6900 4223 9543 4404 6076 1721 9623 4019 2477 2959 8492 8218 9350 5747 829 7482
6 2507 3329 5282 3966 2323 5982
12 5343 3976 3512 9042 422 8806 1168 1458 4857 2346 6441 7146
15 3667 1689 326 9951 5351 6357 5628 8303 8572 706 5876 5399 8980 7537 12
30 554 3384 7249 4733 5678 6537 1509 3770 4195 3901 8407 8760 5768 6451 9767 7781 8725 4235 1533 8003 4964 3392 9332 6626 33 6144 5811 7476 980 8949
6 7088 4467 7483 7147 5616 2964
33 8587 9087 9805 8521 2856 2635 1222 3732 3958 2126 353 2314 799 5632 4159 9988 9554 6176 6105 3935 972 2851 5321 2344 747 9775 9446 6461 9390 9717 5696 2203 4622
6 6418 9595 6003 1186 2660 3848
28 9698 2106 7631 4703 9071 9199 5951 7837 7103 9701 9823 7726 4539 9299 8755 2213 6171 3844 9594 6320 5072 4908 5096 6291 1287 4354 1642 5672
24 8698 3170 248 5816 2352 2178 8228 4798 7066 1912 8339 2534 6824 8745 5320 7521 6938 6869 7639 1028 2050 9451 8319 5003
10 6780 7357 8207 1723 8071 2767 8948 8106 796 6559
25 6767 5060 2566 9353 381 8445 5660 3261 7515 6178 1476 1264 2614 6235 3145 9471 7706 9017 7688 6226 1380 7083 9014 4040 5646
30 6044 1625 8434 2036 330 7479 5279 8990 5310 4211 5526 8952 9230 5958 3 1296 4567 5166 8242 7893 5118 1554 4367 9339 495 1680 188 8044 994 7649
19 4056 5510 6450 601 3537 2852 4756 4819 6610 7359 652 1483 299 3637 2138 2286 5542 1887 9577
31 2531 1852 3866 6430 1365 1250 9964 4433 355 3761 275 8383 9941 1513 7402 3404 331 3506 3237 5236 7089 3084 7509 5095 2764 6273 9387 5474 3965 4374 9532
25 3410 6851 8588 6984 6305 4913 6593 6248 2246 3163 7259 841 4234 1769 9683 1782 3678 5925 2725 750 265 1829 5198 1931 707
18 5881 9768 5025 854 233 7630 3521 7047 4438 7892 4108 7157 4640 9120 1602 7350 3480 9227
26 1879 4455 7666 4410 7685 100 9429 907 4477 40 8638 2885 7383 5103 9932 5987 1099 6477 4242 7968 6007 1403 1472 2821 7111 8740
15 8086 3024 1313 267 9037 4063 5914 4074 774 9193 8336 7272 2063 3023 9693
27 8189 6455 4875 4405 7364 7411 1169 514 715 5824 463 8620 9784 3846 2837 9079 5738 738 1183 7388 6797 1877 54 2361 2070 251 7601
28 2828 9691 8835 2112 7692 6896 2320 9952 147 3476 3556 9983 4248 1688 5919 7003 8248 1577 9174 4707 7752 5410 4672 6968 8372 3780 6465 7093
25 1794 5698 1640 5668 3370 645 4099 2505 6737 7316 1008 6140 3210 3141 484 4608 5157 3832 3684 4612 4972 8139 9648 6917 4929
16 7849 2784 6765 9925 9708 1124 2389 9343 8818 6468 4797 8522 4900 9214 7980 3259
25 394 9191 2649 9579 4944 7221 2241 5041 1461 8693 3501 889 5482 2205 9416 2003 2676 6945 9404 3143 5416 9277 2277 3229 6419
10 6269 3849 5829 4411 9750 3720 5845 9210 3298 7460
25 6843 2963 409 210 1910 5344 1459 1431 7091 8516 9498 6157 2844 6400 6370 9893 4465 5762 5617 4556 8386 9259 336 8195 4047
19 5027 9851 8157 417 1102 7535 2453 4584 586 5301 8534 5694 4569 7062 5401 4678 5328 7774 1545
14 7709 3891 3557 4953 9842 3513 9177 4227 8075 1643 2893 8481 6542 2939
15 7188 8629 4867 4011 1744 3695 1351 5930 5515 9956 5773 7946 7597 7374 7201
27 1332 2520 4502 7737 32 6927 6639 7134 74 2972 1096 7296 3339 1468 5171 262 8829 4239 5840 1594 8802 8602 2940 4049 6073 4156 7058
13 4475 6875 4225 9613 8298 5382 7334 249 9571 8153 9181 5979 6152
27 7064 2422 1223 1500 6615 2033 9134 6784 3793 5702 6268 8843 320 7164 8807 6264 2532 8241 8045 6038 4030 4614 3260 1713 4844 9970 1948
29 8213 271 3263 7312 1460 8173 2368 979 1561 2933 3139 8692 4460 3980 8360 2256 4681 420 414 3497 5607 7336 7385 6988 3630 4779 9311 5944 9176
11 6912 5008 2989 4690 2319 7972 1327 3153 8337 1306 6185
29 8787 7677 6245 4245 3477 8785 9151 6907 6864 7987 3847 8591 5385 1519 3979 8779 125 5911 9578 8676 2980 2807 8619 7343 8282 3871 7489 257 7937
24 3697 3067 5507 119 3740 5069 7239 8244 1590 405 1882 2269 1107 2918 4943 9308 49 642 4172 5889 9067 390 1210 8217
21 4536 8715 9045 6567 7253 5409 4872 9822 2547 8111 7519 4837 8919 3766 3180 9494 3185 327 6997 7824 8775
13 6656 7319 3066 4141 1381 25 2481 3265 6693 9486 9721 4568 4725
