10 133 1356 6148 7202 2294 1135 1136 7288 1780 9185
10 150 1474 5484 3657 6005 321 5911 1245 1867 5839
9 177 8564 3441 3640 1389 4676 6395 5957 8491
10 242 2079 5432 5433 6035 7895 6777 2206 8218 3119
10 345 3327 3834 3674 8208 4745 3856 3857 7732 4633
10 371 2847 1387 1171 4082 1150 2385 5187 4271 5449
10 422 1397 7662 377 1122 5713 7086 9110 938 2407
9 613 2291 182 2736 3324 3995 200 861 877
10 647 470 622 9362 5295 8383 9255 9475 4567 4517
10 677 3581 3536 4346 7999 1965 539 5078 417 9146
10 850 8962 6404 7237 9962 591 8121 7781 897 9690
9 896 2562 7325 2279 4522 8803 5800 1700 3873
10 1036 654 2172 6880 7614 6611 3556 4067 4068 3233
10 1038 3491 214 9761 8151 4916 1918 7098 7568 5948
10 1205 3978 1692 942 519 5079 651 4511 9488 2929
10 1255 300 9695 2377 4874 6428 6712 6354 7903 8655
10 1280 2361 2021 1871 6042 3647 1087 6738 9433 2809
10 1373 9041 1533 3380 8474 166 867 1262 2170 8509
10 1462 1801 9598 4160 4506 9117 5065 8616 4611 8679
9 1489 1661 8842 2538 3114 7155 419 6237 86
10 1507 3080 5205 2548 4261 6405 6166 4636 9384 2213
10 1542 1983 3868 3933 561 6228 4661 4835 4912 1366
10 1746 1899 3976 5506 6589 8756 2256 2022 4138 198
10 2159 2921 1163 8393 4447 5978 3498 4403 8588 6730
9 2265 1056 8126 5723 2754 7 2423 788 9970
10 2346 2829 4838 7511 3494 7467 6230 6665 41 4736
9 2461 2720 8981 1088 6300 2532 400 3612 8436
10 2493 1473 2738 9264 843 275 8517 246 4857 8232
10 2530 1081 1512 7349 4923 1515 3081 2966 6999 9179
10 2791 3786 9421 1657 718 9979 5088 2271 4478 6276
10 2933 3132 1304 8145 1434 4161 5788 1931 3070 4071
10 3181 2710 75 82 8210 5961 9172 40 9010 5014
10 3343 4849 6842 6312 1045 1399 7879 6249 3793 5988
9 3353 4373 7232 543 7408 9080 4352 7430 405
10 3382 3033 6596 1716 3724 6071 2051 4877 511 4263
10 3405 6054 8246 1196 544 4920 6199 9350 4932 549
10 3476 2278 1962 3924 416 5582 4245 4025 771 1761
10 3609 2473 8742 7246 5760 4986 7583 1382 5604 3548
9 3615 4965 409 2113 2964 6946 8525 68 374
9 3632 3388 1678 9968 2953 6370 3580 8 7704
9 3779 630 3228 6673 575 8172 9169 9797 3596
10 3821 5373 2722 1513 16 336 355 6763 9599 3509
9 3843 3983 5579 3002 4650 2187 7030 3096 8049
10 3874 5781 4406 9387 9504 4405 7282 7399 5055 6080
9 3917 7037 4898 5253 6615 8077 7802 8180 748
10 4085 6196 8758 1176 8156 5385 5501 9588 7535 5772
10 4241 3895 4429 679 3471 5455 1371 6151 4678 9940
10 4253 8911 3273 6383 49 6385 6029 4370 6323 5822
9 4257 3378 2527 8434 9055 6599 8318 333 6418
10 4294 4829 4562 8020 5802 5184 2106 2123 9929 3185
10 4295 23 7230 6059 7073 7565 9852 4229 5346 8955
9 4380 3446 8230 5037 8604 1877 9542 6799 257
9 4417 6472 434 7212 2040 6260 344 3072 8987
9 4848 3903 2222 4474 9848 9774 3490 4149 6516
10 4908 4131 3149 2718 9196 1115 2916 2962 1749 8234
10 5071 4591 7615 5204 3845 2575 6464 2524 3453 1798
10 5106 2321 4492 7452 5643 408 8120 9827 9394 8541
10 5142 5633 3202 2143 7205 9066 8717 8747 1425 3305
10 5259 6209 9740 8040 3624 4078 9476 5581 5491 3454
9 5654 7251 1677 5754 2122 9472 1254 114 8802
10 5783 7954 1369 5201 9624 2466 7357 2894 1486 7229
10 6024 7444 8028 1839 2270 2677 6532 193 7858 2572
10 6090 7194 4007 6423 4514 3138 3117 6895 7965 6643
10 6091 6636 9129 4053 7522 7715 8147 9120 6798 7201
10 6116 9402 1416 5026 6843 3294 3886 105 9680 3430
10 6171 3827 5490 1153 6899 2760 4278 1557 6741 9766
8 6321 5793 2189 429 664 855 1252 3384
10 6335 1377 8459 3523 2663 2723 5712 8567 4608 3458
9 6341 588 9092 8902 3049 2399 7239 6159 134
10 6380 6694 5419 6983 934 6825 5190 5329 6234 3799
10 6425 4057 1837 6288 6883 8586 159 6222 7660 90
9 6462 7730 1233 9353 9285 525 5899 4389 5070
10 6523 6552 8857 7464 6789 7231 8980 3680 8698 617
10 6853 1374 3962 7913 5851 5281 6705 3816 9161 7040
10 6864 5549 2784 3719 7652 4276 6942 6625 1015 7709
10 7021 7463 7927 6453 5790 3937 1536 1907 9567 4364
10 7028 1300 569 4228 3506 5006 5085 9937 3113 9910
9 7280 8305 9811 2509 97 4336 1050 8005 9894
9 7339 6926 4092 9959 7856 1281 5457 3697 3485
9 7718 9851 9471 9021 473 3230 9888 2158 844
10 7898 3361 832 6011 7988 5425 1131 8647 5758 5532
10 7907 6484 6050 6003 7944 9441 7176 7177 8922 2179
9 8163 1686 1060 7519 3842 4325 3031 9257 9258
10 8348 3360 4961 8881 8630 2902 782 2365 847 7187
10 8389 9593 5812 1109 2652 6021 945 8603 596 3432
9 8515 7842 6874 3807 565 4215 2983 6259 7322
10 8695 3092 2116 8379 9614 5613 3196 4620 9162 3791
9 8790 4416 9757 433 3451 7901 407 4254 1726
9 8875 3481 4882 794 9008 9638 872 8397 4839
10 8910 370 4665 4013 7104 119 4593 5077 854 8989
10 9115 1250 9308 1164 5322 9854 6106 657 7833 8319
10 9138 2664 3007 8545 6570 5042 1577 3992 5478 8000
10 9464 2719 8268 4173 3391 6749 4176 9604 2411 5669
10 9543 1191 6131 628 983 324 8136 47 4528 3078
9 9672 3431 3899 2186 7644 218 9338 8065 354
9 9838 4656 6179 5818 7641 3797 9574 5797 8789
10 9864 9601 1445 4091 8187 2435 8532 4927 4744 9293
10 9961 4850 3178 1314 5875 5887 3173 8917 3673 5278
9 30 3914 4572 7083 3527 8652 950 4123 1145
10 45 8176 5702 5381 175 8118 7173 6652 7360 6780
9 162 4771 7617 5048 791 304 1775 1596 7011
10 236 3433 1253 3124 4603 6025 4455 5022 7367 2459
10 254 6610 6317 2161 1323 7392 2986 8735 1275 3700
10 307 6147 4743 2188 3260 4186 3586 2828 5525 6409
9 395 5607 9902 8124 2094 69 2176 8398 2526
10 423 1926 9287 6556 6827 6177 2994 1186 9648 4529
10 478 9139 7849 2599 2611 7146 8277 1357 1932 1359
10 529 1365 9611 4042 4041 2795 818 7543 7241 410
10 570 4267 2228 8443 6822 1875 2004 8855 852 3122
10 860 2725 8894 6758 1723 8133 1085 4697 5132 9952
10 930 6244 8478 5973 5721 4655 8068 4900 9506 6571
9 1013 77 2642 8678 7047 2930 3625 6170 1172
10 1263 9906 1812 1813 1838 6734 6986 9017 8435 1986
10 1333 5090 2938 9453 5005 3863 2697 299 7383 6421
8 1460 4995 8938 714 996 573 8507 3090
10 1470 259 2865 2029 1049 4287 6626 4293 9969 3429
10 1490 9011 1733 619 5411 5199 4787 3558 3758 1330
10 1493 3290 2889 7894 7600 7109 1973 2667 287 9720
10 1541 3818 7277 3243 893 9653 5942 1978 6468 1704
9 1572 7480 6963 7626 2341 9365 26 751 6950
10 1910 8220 1272 7127 1123 2250 9007 3154 728 3014
10 2005 566 6533 8968 1604 5771 5177 4002 312 3678
10 2083 7200 2358 2496 6240 6953 2497 5682 9322 4017
10 2088 3707 662 9629 5450 5930 5476 8950 5842 8055
10 2178 924 7329 995 8046 4435 2425 5141 7204 9103
10 2195 81 5701 8585 1736 4694 7841 7787 8206 2454
10 2220 8799 3097 2951 9738 8200 7259 1545 6688 7283
10 2267 6835 7544 6 9426 9726 2366 6044 8930 137
10 2274 8706 959 593 817 7748 3151 2627 4652 6219
10 2449 5189 5101 2403 1836 2559 6350 2805 6017 4615
10 2460 8152 2057 4539 6372 2581 2671 4114 3188 5671
10 2465 6873 6576 4468 3349 4217 6761 1789 8171 4963
10 2549 5354 2762 4802 554 7029 4045 4830 9265 6722
10 2790 9132 3340 7462 3414 2402 1651 2424 3329 3419
10 2950 5521 7262 9693 8344 9278 9376 9578 1626 3020
10 3075 8593 3636 2193 4737 2486 3457 3967 2573 6333
10 3189 5407 4610 5487 6664 604 8850 8312 9928 7942
10 3276 8238 1331 9881 4584 1350 1668 3664 3028 2630
9 3407 4616 7242 6620 6658 640 5638 6226 5279
9 3428 464 7892 7911 8284 1558 7788 9887 2591
10 3470 1148 4343 913 4979 4729 916 917 1202 7531
9 3483 6981 7385 9658 6298 5533 6661 9561 9383
10 3668 6261 4781 5437 6838 1232 7022 9388 4535 5814
10 3677 1482 5099 1228 203 3035 2342 7211 923 1744
10 3681 758 6911 8006 9538 4907 5866 4926 721 4487
9 3957 4727 8249 795 3394 1685 708 1728 939
10 3974 2430 7904 7435 8453 4568 3606 8269 9795 9219
10 4174 4286 3146 4721 9240 493 9524 5267 8067 6318
10 4210 1227 4382 3071 947 7683 2975 744 739 5601
10 4250 5155 3854 9521 8716 3452 6469 2457 2464 8064
9 4330 2032 9915 9234 8844 8845 270 6223 949
10 4587 520 7824 558 3386 8419 1380 2015 5075 3554
10 4741 2243 7654 3297 5918 5927 8253 9077 3467 4925
9 4935 2042 7564 9507 3365 4034 9671 9589 1602
9 4945 245 7162 7734 9772 477 2807 2808 3915
10 5057 375 5203 3729 6197 3082 2076 8650 8568 2345
10 5128 563 4541 5340 5711 9160 143 3246 8730 2276
9 5159 2624 2707 8609 7803 2729 8141 6334 98
10 5349 9193 7332 6444 3695 1520 3133 1103 8524 1647
10 5360 8108 7670 1593 6136 7133 5069 1864 8328 6857
10 5397 6805 5398 8106 8904 5309 8896 8897 1565 3946
10 5610 5102 5143 4992 6455 4189 5197 2047 4888 3029
10 5652 2912 9631 8967 2041 4722 6564 4147 2422 59
9 5739 711 532 80 6566 3611 7166 6695 4179
10 5786 9153 2209 9590 4906 7678 1485 3942 9628 777
10 5873 9886 9212 7754 736 7731 8773 3701 4314 4549
10 5950 3970 691 311 2312 1405 8117 6828 4777 725
10 6037 2711 5504 1199 7387 1002 4216 6150 7609 6949
9 6208 3333 6972 9530 7016 216 1305 488 7486
10 6216 8908 6654 4828 5597 2111 406 3547 2018 8170
10 6290 1339 2163 3813 3038 8632 2350 4931 6448 1944
9 6494 7152 8919 4773 1320 7253 6850 9460 4508
9 6498 9494 2144 8869 1166 6914 3238 186 9582
10 6515 2452 7225 6775 5945 4755 3910 1632 7700 7380
9 6560 7469 4711 2363 6598 5135 6790 235 9127
10 6725 5541 4578 2520 8204 1882 8468 5588 1588 3355
10 6729 1384 5755 6783 1629 3057 7018 4061 115 504
10 6806 4471 7768 7257 3726 1590 7446 2955 7684 9296
9 6811 6096 8350 3696 8749 1077 1779 2704 2507
10 6907 1840 3670 5456 431 3121 3306 9074 5566 9683
10 6995 144 3205 9608 8685 4585 6578 2510 4533 2330
10 7027 3307 5707 2600 6594 9223 8105 9457 3364 9503
9 7068 6057 4388 1044 2357 4820 2167 8618 3825
9 7145 9081 1182 5584 6247 2488 5123 9637 5915
8 7218 337 5914 8486 7530 668 5229 2212
10 7296 1271 1562 2868 3773 7215 7216 3408 5198 442
9 7330 7331 7180 3400 5431 5089 5699 902 4175
10 7415 4488 592 7026 3837 425 5616 6224 6684 8890
10 7570 5288 8042 6115 8778 1220 8149 7579 1743 6457
10 7720 2287 6012 6703 3125 4159 1408 6707 3269 6009
10 7725 698 72 1827 1288 2997 7792 4677 880 1995
10 7797 4291 4292 8095 1823 3024 1066 2398 9806 7398
10 7811 4668 2502 7770 3047 6388 671 3026 560 4947
10 7968 3201 7782 8359 4039 9000 3770 8351 4472 1011
9 8100 695 2316 5590 7034 6074 432 1146 459
10 8119 7014 1480 1658 9626 6687 4816 3127 3128 6056
10 8213 551 9627 3613 6218 1705 8445 3667 8853 5764
10 8400 5510 7012 3073 906 4305 1739 5761 1526 2714
10 8412 2788 8526 7075 5733 5368 3875 5675 6287 9242
9 8656 7265 1888 2283 2662 13 2651 534 1453
10 8860 5893 6791 6837 1168 5815 3496 1552 3131 3066
10 8920 7450 4064 9983 3464 3538 6888 4332 3484 1046
10 8997 5196 7950 9681 4410 9862 9639 7158 1648 9508
9 9062 7647 6689 793 9517 2300 3406 6819 2307
10 9299 5580 6475 7273 71 4153 2726 6095 3222 9108
9 9345 2078 9492 1423 1769 1124 5838 1003 9133
10 9552 1079 3495 276 3286 8166 4605 2589 8051 6337
8 9711 6507 427 8953 660 1876 623 9478
10 9845 5619 5392 4808 7813 5693 5903 285 4637 6236
10 9899 5151 2240 5516 2445 1595 56 1756 634 5072
10 9932 7042 9885 4258 7542 3767 364 2400 7961 5321
10 9935 5529 2386 5284 402 2952 8840 9333 5578 4268
10 9 5498 8835 3053 3404 1106 5336 8514 927 1269
10 359 8444 2676 5762 8323 4038 5225 6985 6129 9372
10 378 7268 6810 2947 951 5785 700 4641 7931 9975
10 390 6616 7735 2673 6512 388 7488 1497 8684 6479
10 440 9519 1630 600 6937 3853 7206 4735 9674 2251
9 512 4171 7368 4333 3858 4560 1348 6848 2319
9 618 4704 3921 755 8469 786 6577 1021 4411
9 882 1639 7948 9809 1950 1195 4501 8832 483
10 1100 8951 2120 1669 7505 2982 1815 6617 8888 8889
9 1121 5033 3139 4163 1796 3956 9033 4227 4958
10 1192 9203 196 4856 6548 5870 8708 6308 6165 1634
10 1210 805 8623 7532 800 1591 5742 5976 5959 6016
9 1297 8489 6771 6263 6264 6265 6266 4076 6745
10 1855 7559 1994 3660 8654 7741 3319 3733 9528 5119
10 1886 8164 648 1731 7082 9340 6602 6019 7249 9649
9 2181 3645 2922 2017 3927 557 8197 7672 7831
9 2208 1307 3722 8553 9273 454 1198 8549 4500
10 2223 918 9111 7557 7090 1093 8755 4883 3541 962
10 2242 2972 2480 4300 8311 4385 9334 5497 28 7581
9 2353 5415 2563 9676 1906 500 1730 8109 3342
10 2404 4484 5154 1850 4234 8466 7364 11 5454 3413
8 2511 6061 2477 1338 6793 5441 9016 1053
10 2525 9171 7292 7195 5743 5748 7447 9707 3889 3310
9 2645 7307 2861 3590 9934 7966 2348 1058 9668
9 2670 8470 436 9166 4624 3882 6120 1308 1309
10 2740 3989 1935 6513 581 365 6768 5749 9237 2171
10 2846 2775 2097 7193 5830 7025 4499 6727 4718 3412
9 2954 3298 9425 9875 272 8376 8377 8378 2494
8 3252 5738 4580 412 9960 8128 7576 8159
10 3275 6122 3777 6400 1487 582 7324 5648 5237 1959
8 3368 7084 9537 3543 112 2679 2099 1503
10 3550 2931 5052 8934 6595 3091 3662 8767 1327 2827
10 3709 8724 5897 2329 7343 8373 9445 207 8418 4800
10 3712 8225 7121 5 4104 3623 3943 9997 3287 9559
9 3812 6368 3006 4134 8450 4449 1223 7847 5015
8 3871 8090 8281 4077 4424 4425 385 1908
9 3925 3884 7458 3655 5531 4865 5853 789 4494
10 3953 4178 3345 2981 7667 1042 1898 4753 3938 2141
8 4140 6108 1719 643 32 5910 2830 5705
8 4150 1004 348 3064 7776 164 7753 39
9 4871 9167 481 2149 3984 3985 9669 5668 6408
10 4893 6522 7525 6203 9145 4259 3939 727 8186 7592
10 5134 9407 5947 6706 4989 6434 2706 9342 2708 4776
10 5173 2011 2012 7974 1454 1455 5166 3095 1411 7625
10 5233 6882 4304 4408 3156 6121 9428 8697 3551 2996
10 5245 5017 9944 2317 605 6015 366 5710 3732 590
9 5370 9765 576 9359 4169 136 4320 7279 6134
8 5386 5874 6375 7128 1535 3258 5757 3439
10 5389 9458 4951 7384 9550 9802 7269 2977 7235 132
9 5460 8154 490 5343 4594 8671 1156 988 3390
10 5509 6174 964 3936 3074 8712 3468 8886 5833 8820
9 5871 3025 369 3475 9917 189 6951 7829 888
9 6010 352 8539 1001 5113 5909 4397 4219 4997
10 6014 1770 1025 7793 3347 2715 7294 4797 1771 3219
10 6189 335 2244 5401 5859 6841 542 428 7548 8158
10 6220 3568 6746 8783 1284 5725 756 6928 94 710
9 6254 5492 9082 9873 6814 4327 1200 3403 8750
7 6303 6231 5777 2490 1903 2323 9271
8 6320 7434 1319 5499 6574 6575 1999 6815
10 6390 474 7496 4248 5752 9694 5208 5384 5114 6546
9 6690 4950 1878 9131 7575 188 2546 298 2814
10 6733 8438 4691 5852 1105 5303 4015 8973 8282 4982
10 6785 9075 3860 663 9980 5348 2891 7712 4688 5826
9 6812 9687 6982 2675 2585 4999 4767 2961 4383
9 7063 3768 5981 6563 8914 10 3043 4218 437
9 7175 530 9277 1400 1866 7161 1583 7010 8252
10 7208 7659 4480 363 1874 5067 9324 9600 3208 8880
10 7400 5672 2455 8643 2576 6976 4434 1917 4987 9664
9 7514 1977 5963 5773 1561 4090 5985 5418 83
10 7524 3521 4868 6067 3930 5150 106 9363 2487 8542
10 7620 2133 3769 463 6032 8103 3651 8580 978 2379
9 7630 9459 5402 4523 1969 4917 3794 865 5207
10 7635 1344 430 241 4538 4778 5084 7313 1104 4940
10 7705 8611 9874 7363 3897 5740 2824 3588 8380 8634
9 8009 2241 8062 7312 1395 7629 268 1398 85
10 8233 2661 6357 4109 9551 1711 3288 1709 6818 7149
9 8274 9093 8895 7150 1268 126 2277 1067 9659
10 8331 7887 8360 4251 6752 4290 7773 8219 7885 9801
10 8368 8188 3009 6031 8127 6065 8038 4696 2979 7278
10 8420 5243 2184 1128 7627 1745 1688 1201 998 351
10 8480 4596 8223 4891 1664 4157 8079 2263 7428 7002
10 8546 992 8102 5400 3688 4363 7338 3237 4659 4553
10 8626 3172 8582 3420 3565 350 2609 9419 7474 1792
9 8675 1213 7834 9317 5066 1005 1006 6294 6417
10 8692 6893 1112 5358 9991 4942 9043 5299 3488 5168
9 8779 6381 8439 8370 2534 1785 8885 8231 7747
10 8839 9662 4817 3907 4905 5667 6476 5030 6478 9483
9 9038 9963 9072 2792 233 2815 2298 3108 6145
10 9180 2668 5792 29 9635 8168 7982 5409 9747 3153
8 9190 9616 9775 2597 3583 9581 2237 899
9 9444 7547 3005 9663 1014 9254 6686 1696 3180
10 9527 3272 8924 2313 2974 5405 9371 190 4647 399
9 9642 2023 6103 5946 4401 3587 1069 3135 1108
9 9736 1660 610 8092 9065 6886 373 8140 1529
10 9771 2191 5032 2369 2893 7679 8142 2024 8018 7036
9 9804 8245 6142 7553 2892 703 3016 3017 1584
10 9892 1683 6851 8075 8565 4047 9181 5856 2753 3106
10 9900 7701 318 1161 284 9205 6379 9947 9965 2003
10 280 5823 4709 5810 3427 7061 266 267 6366 3549
9 362 8342 2314 2481 2878 8494 5726 6927 1960
9 545 3840 7120 480 3445 3920 3231 1500 9170
9 555 5753 3032 6903 6904 6988 2607 2180 17
9 587 4043 8547 6967 165 3848 3535 7223 733
9 750 9068 1610 9511 1444 1854 1267 3718 7182
10 753 8944 531 6164 2693 5925 7032 7254 7445 4794
10 822 5010 4297 2837 6362 3197 7106 8392 301 2234
9 849 5092 1652 263 1925 1808 9057 4450 1929
10 871 9358 1312 1167 3225 3351 6742 9187 4618 5313
10 981 3434 2162 8181 2072 2138 7495 7316 7828 5059
10 1509 2092 6716 8296 9724 6130 7835 2367 2068 7402
9 1569 665 2887 764 9051 8579 2746 3289 7059
9 1575 3652 9049 4141 6307 7342 7346 497 1437
8 1598 7116 225 1710 684 2157 4348 1342
10 1617 7742 9634 8856 5626 7993 4774 4027 5905 4400
10 1641 4742 1392 8892 9314 5646 3396 3397 8937 139
7 1843 7985 7809 1863 1047 911 910
10 1900 7381 2075 9259 6630 4460 7686 387 247 2537
9 1992 2621 8998 9012 5345 7622 674 6163 1961
9 2739 4329 173 117 1615 7873 7123 2927 7995
9 2783 3171 9477 453 7276 341 2077 3986 1631
10 2810 3371 8345 8115 9276 901 4095 2142 6550 4679
9 2908 3302 1383 7191 7984 5413 1887 1742 3107
10 3195 6699 1143 5473 8877 6305 6306 7960 5926 7661
10 3259 361 74 7934 8732 234 2822 6162 4733 5126
10 3279 6351 6352 1016 8691 3720 979 9727 2432 4713
9 3354 6048 2747 824 730 8167 9404 7214 8540
9 3357 9988 2332 4119 8638 798 1974 3050 9239
10 3450 3839 9422 6830 5962 8262 6180 8899 4433 2816
10 3544 131 4602 7643 3780 1991 5863 8674 694 8817
10 3754 7298 1211 9380 9434 7762 2026 3479 494 9904
10 3800 1019 738 8041 6456 1913 7118 4133 5214 2742
10 3830 5053 469 7739 5064 515 145 5666 7436 4168
10 3865 5993 5562 499 8963 1165 2262 6653 1554 7533
9 4000 5217 9405 636 8752 6580 1859 3524 1431
9 4030 7556 7406 9067 6884 5379 4692 6143 7321
8 4080 9523 8458 3328 8957 2513 2786 1130
10 4108 8635 2793 8417 2463 9249 7085 6289 920 4936
9 4146 8544 2560 754 485 6989 2716 5820 2415
10 4230 4782 2446 2281 2685 3975 8355 1578 2205 7093
10 4296 8357 5049 4552 5394 8493 9863 5971 6934 9876
9 4407 8641 5302 228 1378 1773 9029 3478 1786
10 4413 7573 9044 3823 1934 2325 6913 9777 404 7263
9 4760 4306 8259 3359 9756 9436 9142 2118 2119
10 5100 4991 5593 2168 4994 7823 4941 5305 8513 2564
10 5171 5524 1230 921 9251 9019 172 597 6875 599
10 5218 3683 1041 451 2305 644 2391 444 6278 4048
10 5427 7099 7411 9526 2054 1492 961 3416 7905 3792
9 5548 8411 2371 9486 9328 1619 1188 8084 4198
9 5647 6480 6565 1090 7033 7255 9098 8663 6356
9 5776 8658 2376 8283 9938 2027 6538 4341 2658
10 6100 9489 1185 1820 4444 1905 4452 4663 3965 2165
10 6500 6587 3751 685 1483 7798 8631 7007 7624 4565
10 6524 8901 3885 9481 6488 5534 3142 2701 3600 3635
9 6892 9799 8942 5331 3855 1241 6256 4904 9052
9 7139 7351 4801 5252 574 4323 827 828 5684
8 7144 8575 9155 3747 922 9247 1697 1824
10 7348 1681 1173 5318 495 4557 3766 8131 7492 7094
9 7386 1447 2915 153 2941 9865 2579 6628 9702
10 7424 9951 9716 1589 4617 2542 602 2610 9497 7429
10 7457 9085 527 342 5117 6416 1246 42 1248 5801
10 7490 9730 6258 9909 7983 9313 4955 7665 1860 9933
9 7554 1923 9415 3218 5594 3748 2173 838 3876
9 7597 1438 3846 7613 8907 282 316 102 715
10 7750 7650 4252 2593 8723 5640 5634 9368 3308 4442
9 7850 2755 8457 1767 6183 1532 7502 8918 5894
10 7852 226 458 4188 9533 4681 1026 1027 8725 6363
9 8011 9741 1472 7520 8925 9525 6766 3795 445
10 8150 5091 7710 1337 1023 7606 9042 6086 5451 4132
9 8369 125 8781 763 5453 1034 5907 5763 5528
10 8533 8740 8689 9943 4060 6123 2553 2006 1294 2067
7 8657 687 635 8819 7656 4623 688
10 8744 2080 7487 4703 3968 7795 2140 9480 1890 6514
10 8771 7724 1637 8399 7070 4858 3203 1948 7323 4106
10 8935 4851 5474 6649 3303 1570 1119 3862 2056 271
9 9078 1251 8209 2354 6243 2058 6175 9789 1979
9 9307 8769 4902 4903 2016 2383 1057 9808 3398
10 9420 9104 1605 7433 7419 7611 9846 2007 7097 8713
9 9739 2061 8404 891 7558 8267 2858 8203 9592
9 9922 9106 3555 7516 6206 3598 2838 3928 8070
9 9925 1290 5442 742 382 9931 3350 3395 7420
9 20 2917 1553 4922 1939 2940 7634 3746 3044
9 96 9717 8651 9534 7909 5990 7260 9957 5489
9 224 277 2906 7896 666 6432 2924 2233 1880
10 310 3891 1215 53 1883 8707 9813 3866 8936 9794
8 452 7728 5817 7603 2192 5188 4100 384
10 471 2340 6081 7693 9640 9297 9206 9207 2128 7870
10 603 7714 7538 7503 1914 7619 1417 7067 7359 6339
9 606 1285 6732 1370 9744 3763 9269 2686 339
9 621 931 5673 9691 5001 2215 5273 2713 8841
10 726 3949 3947 8409 6781 9816 1896 7675 8926 2129
9 889 4581 9462 3316 3944 2306 5391 3118 7053
9 990 5161 548 8289 3831 6127 8023 5007 1321
9 1318 7074 6966 418 6105 305 3 8080 3244
9 1334 5158 6077 8363 9678 5615 7658 5819 3909
10 1354 9411 3262 6326 598 4728 6215 7997 2450 9780
9 1484 8676 1068 1062 7774 5824 3826 9798 2154
8 1501 6619 8874 252 142 2217 8762 439
9 1560 4972 4921 1951 2691 6467 9989 8406 9412
8 1653 1870 2633 9109 4375 8703 1193 8941
10 1790 3367 1291 9872 745 874 8816 2700 5722 6073
9 1800 2439 2566 9183 3054 8300 2949 3267 4684
9 1920 2900 7590 3293 48 420 8315 8130 213
9 1942 1061 4714 5163 8598 6823 5463 8091 2748
10 2134 2751 1784 963 1052 7318 3094 1622 1343 8460
9 2343 7789 6008 6553 9977 5920 5046 2257 7883
9 2381 2772 9292 4094 2135 2136 5434 7746 3169
9 2470 5371 215 379 2628 8531 7198 7817 7571
10 2687 5021 6590 9346 4135 1132 5565 4657 9218 4142
9 2767 9454 5795 9913 4563 5835 7816 6802 876
10 2990 4437 2052 5637 2528 6156 6155 70 4967 681
9 3001 4172 2389 6993 884 1028 3630 8074 8386
9 3036 4854 3321 4371 941 9034 3304 3216 3501
10 3165 7081 8322 9079 4978 7632 9661 7956 1514 4457
9 3383 3851 9064 9620 4607 7884 5503 4126 8891
10 3643 1679 9280 1033 8264 1035 1329 9544 6839 5375
10 3653 4899 5192 8266 248 8948 3000 2372 9924 8401
9 3950 9781 4193 4144 9644 1237 2101 4956 1249
10 3977 5831 7962 5107 5481 9878 6862 7038 4588 4589
8 4016 7771 5520 5732 632 4805 2909 330
9 4197 3614 8352 8387 9786 8335 3079 3473 2105
10 4202 2993 7708 2247 1834 4818 4377 4321 5955 8705
9 4266 1646 5724 637 1522 6856 5901 9858 6348
9 4520 1114 9088 5129 4490 6535 3847 8667 3859
10 4974 3520 2992 9377 9364 8757 4335 4822 243 804
8 5018 3402 9540 9558 4944 1158 8696 2226
9 5036 6618 518 722 6429 4855 2275 8668 7062
9 5080 8761 87 6739 3981 1238 7163 7328 4531
9 5169 5312 9184 6449 5000 4583 696 3352 3835
9 5170 3817 2948 9231 3163 6558 8966 9857 1721
10 5191 3676 291 6693 6708 1511 4362 1209 3772 6041
10 5231 7541 2132 3622 6295 7088 943 2013 4628 6585
10 5240 5175 6891 7623 2672 6924 670 5056 140 4516
9 5260 8101 7608 4374 2800 4675 4913 4260 3083
10 5316 5744 7224 4543 4544 5219 6555 9763 7593 4334
10 5372 9942 8423 6064 9175 1638 5968 8760 4112 7550
9 5526 9706 4244 5152 6680 4105 594 928 2587
8 5546 3143 6717 1229 1636 6112 4793 7549
9 5555 3661 1982 2115 1270 4952 2462 8608 6297
10 5575 289 4892 6540 7135 7153 4842 7631 2095 3346
9 5603 4530 9452 577 6055 7698 2896 2897 3046
8 5855 9392 327 9967 3462 5145 1993 3466
9 5862 5179 6583 1672 7165 421 3315 2485 2197
8 5879 7317 9432 9853 5649 1774 1078 2869
9 5888 8256 3735 9684 820 8215 7126 5193 3436
10 5908 6877 6252 6063 6013 9936 5086 6667 3666 6960
10 5940 5569 9688 4627 4121 5025 4143 6786 946 929
8 6006 541 3255 522 1352 3437 2717 7058
10 6051 8341 4700 1621 1491 3089 5519 2848 8645 9456
10 6110 8216 2692 3801 886 2866 1936 2447 7336 8599
9 6117 1811 1247 2643 2125 2126 2127 535 3134
9 6192 9731 8198 1420 4954 5165 8627 1738 9725
8 6239 4724 9330 1429 2074 4785 5567 4032
9 6386 1139 2582 6440 2438 6167 5865 8619 6411
10 6399 7130 6001 8338 4814 5995 5996 4326 3141 2109
10 6569 3058 6374 9762 8473 4754 7860 9173 6795 8617
10 6597 3489 4299 3069 1261 7891 5493 775 686 3284
9 6600 2750 1650 7778 462 204 8017 3155 7314
9 6603 7375 1523 2554 5186 5436 360 50 3918
10 6639 9221 103 4486 5009 4415 240 9547 7300 1760
9 6740 8371 2592 491 9796 9134 8726 5858 7050
8 6803 2544 2802 2864 9374 1676 5938 9112
10 7009 5974 9643 8385 368 5735 1020 1698 6087 3802
9 7039 638 3685 9670 4010 1010 260 8927 4843
9 7154 2911 6521 9723 2327 611 3775 8426 2069
9 7196 8482 2038 7437 2185 8770 4026 7733 8906
9 7252 4840 894 853 9031 9233 856 2517 4878
9 7745 9737 5650 1714 273 1809 5041 288 3602
10 7759 846 2603 5324 9654 2506 8954 9697 8122 6280
8 7825 7308 2498 5485 9267 325 982 7465
10 7945 8587 1586 4546 2059 4984 4223 513 1335 999
9 8008 2695 9748 9447 6282 3162 2818 5570 7921
9 8050 3102 2110 5339 4303 1841 2935 4338 7192
10 8082 392 9286 4441 7882 994 8063 4473 2182 6788
9 8165 5265 1894 6394 3798 5111 3870 2780 2039
9 8257 3240 7902 5031 2073 1075 349 4645 1424
10 8375 1527 4937 4396 8354 3706 7673 4757 4758 306
9 8485 479 7952 1043 5446 8320 4233 1257 3808
10 8559 8483 2712 8793 7992 9448 8878 5238 7917 5677
9 8737 4834 9665 4973 7521 7769 4347 6458 1531
10 8807 8629 862 9378 9535 7607 7353 3608 5319 4556
9 9050 1498 6135 63 7125 2103 38 7886 5969
10 9126 9871 6715 1063 194 5479 7840 1580 3776 278
9 9135 5544 5982 6964 7937 4513 8287 1283 7815
9 9199 8566 1422 9204 2114 8304 313 4574 1226
9 9245 8960 6198 8834 4873 9817 4384 1764 9985
9 9563 2690 952 7477 839 8893 5756 4443 4981
8 9615 195 8602 7315 2315 3576 4548 1989
10 9651 646 3739 8407 5592 5542 787 7407 7023 5300
10 9657 5051 4115 3438 9984 2268 9986 783 5848 3952
10 9753 1802 1310 3019 6049 170 2216 6931 8988 9803
9 9831 2002 7980 3115 4350 8558 8662 7868 7869
10 9869 6168 357 1803 8429 6040 3013 608 6518 9406
10 27 2895 702 7872 8432 3988 3211 2442 5651 6060
9 155 2758 7302 5426 9898 9375 6338 4672 2043
10 258 5944 8949 813 814 3159 4062 331 187 9200
9 292 4093 9784 7069 2405 1084 1107 1427 9288
9 443 5439 2147 7432 4853 4165 1985 2959 25
9 489 2601 8862 2903 2479 4066 7936 5388 790
9 506 1099 6277 7814 6160 1778 3833 2934 8851
8 589 7929 779 2245 4469 8774 7209 7248
10 760 3540 3257 9274 4359 147 484 8556 2875 9884
10 768 5589 3341 9950 7264 5488 892 609 1940 6621
10 875 9351 1732 8087 5825 5696 7669 3500 8271 8511
8 967 8313 2666 1353 1753 441 403 3585
10 1017 2318 7855 7024 3804 2210 6099 9999 8597 2606
8 1072 6659 2820 9953 9243 8222 8607 3144
10 1089 5028 802 4949 578 6501 8721 6495 7101 2433
10 1273 6109 503 5271 6622 9417 8295 4863 4022 1459
9 1303 655 7666 3605 2218 3715 8098 2594 1440
9 1360 1680 8162 2308 2351 1426 5256 5678 1889
9 1364 2604 5798 5297 2117 2137 5269 3659 8828
9 1464 1024 8621 7838 5236 667 6251 6601 8276
10 1530 772 971 4968 9413 4075 3646 5337 1421 8847
10 1616 424 4497 1795 4074 5378 6140 2877 8589 3529
7 1640 6889 1302 5864 2519 4116 8854
9 1729 2898 7092 1488 5003 6947 9666 5029 1644
9 2090 2980 1922 1737 5561 79 5326 6808 5882
10 2183 1074 5352 4357 3423 9930 8982 5125 7181 2260
8 2235 3460 8985 7791 2196 6027 487 3658
9 2290 6821 5098 7633 6863 8250 4653 7416 6666
8 2310 5630 552 4432 3104 9621 5234 5939
8 2456 7267 6642 398 3245 4270 9320 1258
9 2489 5921 7648 2547 4590 4418 8290 4081 1197
8 2825 3220 2857 4454 5383 2796 5016 4238
10 2904 5096 8576 2660 1287 3665 8298 2224 8858 1625
9 2946 2812 9630 7664 5304 3223 5728 5020 4579
8 3067 3011 6902 834 1355 3318 1799 4214
10 3084 7112 8584 5073 540 100 6794 5353 6984 9619
9 3100 9712 6562 8157 8339 4381 8826 4376 9870
9 3232 5149 3110 2867 7694 9553 7167 5396 8096
10 3312 6272 5563 6391 1502 9536 8226 5736 9572 4226
10 3787 4791 7827 7240 1613 4911 9123 4575 9819 6343
10 3820 1386 6609 5404 1142 2655 3669 8239 4289 9191
10 4283 4023 5310 5216 6102 6669 9916 1674 4088 1915
9 4313 1376 6502 5517 9144 1295 5664 6908 4298
9 4351 8561 5393 8583 2440 1152 6747 8727 2471
9 4664 1065 2925 514 2705 6039 8729 211 5958
8 4699 4598 9004 1083 3369 6336 5829 6389
9 4730 5784 7113 8503 4024 6125 4246 3736 5596
9 4804 2584 601 1234 7291 8332 4309 8574 2648
9 5146 1845 6509 1945 553 4990 4625 4872 6047
10 5364 3004 567 1347 4493 3545 3381 7717 8516 8135
10 5573 7442 8326 1904 4194 3728 4231 6384 5246 9281
8 5774 4821 283 1592 181 2763 7990 6631
10 5813 1984 9843 9667 2304 4946 4440 3331 2998 457
9 5902 5539 2731 3603 3604 2001 9896 9698 9699
9 6033 3631 8601 801 6638 107 1635 9518 2451
10 6114 4284 7677 4597 2104 8731 7498 2107 5522 6415
10 6118 4021 842 4502 2901 8179 1326 5109 3764 340
9 6172 4310 332 6132 2344 6257 4789 9830 7599
9 6181 8883 3904 4686 3639 6542 2797 7636 4145
9 6485 7780 4564 809 9555 3864 6541 7928 8970
8 6531 6355 5272 9096 1277 6069 4831 317
10 6545 8221 5583 8704 9439 6724 697 4247 8947 4614
9 6579 4182 24 6503 4844 6938 4866 4507 1817
8 6773 8821 4527 8324 3401 5223 8059 2634
10 6844 7518 8254 1869 1955 9835 8537 799 6182 4459
9 6898 6870 4063 3692 2939 890 1243 9844 6970
8 6945 8913 5621 969 4409 2531 4748 6657
9 6978 6971 9752 6497 4031 3634 5356 1656 4414
9 7080 4052 5122 1504 4751 6520 3461 5040 5591
10 7186 5387 8261 3477 7461 3901 8504 3274 3929 1442
9 7350 8030 5338 9156 2025 3836 1110 3251 3753
10 7574 2623 3192 6283 8214 128 269 4221 3811 1543
10 7580 3931 8114 5708 7941 2420 4086 4087 3971 5276
9 7744 6743 4183 1758 1361 1825 5523 7378 9998
10 7800 5767 6412 4151 919 9495 6439 7266 9283 6860
9 7859 7784 2392 659 5081 8333 5139 5362 9510
10 7906 1477 3204 9182 8763 6675 9946 1177 5540 4324
8 7987 314 5164 1724 5731 6188 4398 4399
10 7989 7812 8396 1608 3335 6787 6076 1547 3295 5444
9 7994 4505 8129 2733 9955 2843 3997 1568 3459
9 8004 4716 9429 1954 3796 1040 9556 4302 8765
10 8071 7472 4811 1212 3206 6936 3591 2978 841 4886
10 8189 4212 1842 2883 1781 4515 6656 7914 5986 3157
9 8390 5697 3559 5660 7174 3577 4139 8479 4089
8 8551 4393 6052 1154 3465 5327 4339 656
10 8563 9158 202 5904 2872 9569 3530 773 2987 4807
10 8741 5778 3887 3179 8138 8125 4746 52 4889 8644
10 8768 6921 8169 6410 9982 5653 3537 386 3061 3594
9 9013 9349 8812 5881 6255 2656 5367 3148 5470
9 9059 7448 8660 8265 5043 1469 3900 701 5656
7 9128 4312 2823 1029 356 5307 6528
10 9262 8061 7529 7156 7569 6322 4264 1214 8766 6286
9 9331 8490 8796 2574 7794 7743 8036 2434 6438
10 9396 8578 5837 2130 2264 2833 6933 8872 1975 8664
9 9397 4225 3517 6593 3474 2175 184 1725 262
9 9403 4265 2653 7369 3358 9177 5960 3582 7777
8 9490 9217 54 2169 878 2495 57 6346
7 9606 7476 1614 3607 2785 5045 6769
9 9610 8174 807 1768 4079 9656 5937 8808 8196
10 9650 4673 720 1881 4510 9192 6358 2773 1943 2232
10 9701 4909 2512 5210 2557 3805 1821 1521 2221 8879
10 9815 111 1082 7438 3194 4120 4536 6840 5315 7729
9 9895 8824 5891 811 7031 1754 8776 9343 1849
8 9956 5916 8347 9746 5194 1436 7178 2995
9 135 1141 7867 986 9839 1367 4813 6002 3442
9 179 5840 8428 5572 251 9918 4723 7157 7366
9 206 8430 109 830 2766 3686 6471 8711 5849
9 642 9291 6036 8013 2765 3207 2368 3282 5847
10 765 65 6992 3716 7418 1755 8794 3994 4799 9189
9 810 2761 5635 3819 1402 9914 9037 2569 3176
9 836 8263 5576 7337 4998 3186 1432 5448 5559
8 989 7199 1231 2108 4345 2253 4355 6436
8 1059 8523 3322 3323 5951 1091 2595 1832
9 1140 5004 9263 9531 8037 2612 3256 5440 7226
9 1244 7473 2280 6923 4164 3872 7397 8278 8279
7 1260 9150 9027 936 3955 6238 6201
9 1441 2201 2331 7443 7969 4600 6000 1844 1699
7 1481 6329 5816 2064 3838 4550 6367
9 1706 256 6324 3519 6360 3628 230 6187 3126
8 1740 3311 3296 3922 4366 2514 6692 6505
10 1741 6066 319 3263 4181 9009 937 1097 1098 7358
10 1765 8837 6345 1556 4654 9948 6313 8555 2229 7414
9 1897 926 7958 6900 7991 6101 3130 8665 3313
10 1996 8488 2202 2203 347 5662 9195 2778 9048 2096
9 2010 232 6279 5156 7594 2311 2397 3409 1328
9 2060 9822 8413 3824 4551 7396 6427 5919 2063
9 2089 641 5222 6302 113 740 6940 1757 6483
9 2619 2743 6092 8052 6344 7115 7052 6859 7340
10 2879 6735 7132 413 3516 7035 7806 7807 7808 2482
9 2890 653 5997 9700 3534 9089 9586 7637 9214
9 2960 5953 9002 7537 3522 6832 178 4599 9607
9 2984 4689 8666 1947 9430 9069 7843 4960 7539
9 3003 5212 6315 9783 2881 4102 3085 9449 9312
8 3088 5351 3042 7526 1804 8986 9810 7164
10 3254 8994 1712 4192 746 8610 1208 8978 5508 9107
8 3334 2914 1341 9919 89 9484 5688 1970
10 3510 8427 3691 1546 1037 9545 6990 984 3785 8299
10 3553 909 4166 6519 8500 9685 9686 706 3235 8719
10 3654 8424 2339 6833 6834 7489 6836 7642 7706 7168
9 3844 121 2596 9323 8465 8637 6369 3426 6979
8 3890 1851 8681 7864 414 5984 6070 6919
9 3960 1134 5898 5061 9868 2598 8528 7578 4462
10 4070 9759 3210 767 3300 9165 9163 1221 9168 6128
10 4394 2334 5120 9213 0 9215 837 6267 6935 1
8 4534 536 6878 9742 4526 7888 7129 4073
9 4924 5611 3618 2258 8134 5376 4006 2580 658
10 4930 22 6776 1550 8814 6245 5906 8293 1274 4894
9 5050 2841 5410 7912 2259 4953 5174 5289 6932
7 5116 8971 1971 3280 3224 914 6961
7 5137 823 338 3183 4764 7096 9557
9 5293 6085 1963 2590 2261 502 966 6517 4601
10 5325 5655 7799 8014 8195 3241 806 3597 5690 8710
9 5642 2826 5249 5977 9391 8015 7561 9728 7410
8 5821 4612 8012 1463 8648 645 2236 8498
8 5880 2523 4122 3226 1435 6403 528 3158
8 5924 4752 9022 7645 9877 3410 2239 3973
9 6173 6235 8521 9118 4256 3266 1701 9612 2578
10 6275 6901 6682 1885 8072 1133 9026 8144 9028 3037
9 6506 6511 108 723 5554 7479 8362 4918 2468
9 6529 4823 7482 1788 5062 5844 3344 9891 8039
9 6697 9860 9260 4438 9773 8078 6591 3725 1351
8 6737 1096 516 4203 5283 4826 9424 7676
10 6915 7289 8081 1363 6872 5012 9880 6782 5698 935
8 6975 3229 5347 8143 8562 3542 244 7412
9 7003 8775 1826 3672 5515 6149 958 3417 4769
8 7089 3301 7567 5876 6755 6683 5518 9764
8 7304 9235 456 1008 9520 6443 1848 2745
8 7499 8939 1102 1822 4806 7566 7362 9418
9 7604 255 1981 6392 1340 7900 2421 6662 4725
6 7871 4975 9409 1938 3814 7455
9 8194 6398 9282 5966 3815 3472 4421 7711 6969
9 8212 3330 320 5994 4914 9321 7131 3850 819
9 8297 2362 5422 7513 3018 1964 7372 1555 8183
9 8307 3913 64 286 8437 812 5136 8229 620
8 8340 2412 5641 586 3337 2035 9463 7064
9 8416 6161 1217 6153 6154 3743 4004 4670 8471
10 8669 8272 8433 6608 7454 7117 7456 1475 3687 191
9 8780 5676 6813 6268 7301 2071 2957 2958 5560
7 8946 7341 9474 2533 4959 5461 2764
8 9087 9823 2870 1980 1413 7001 3027 8496
9 9114 1151 5220 6433 864 7981 401 1508 8991
9 9140 8317 6452 4812 6584 5127 8365 5551 5791
10 9266 8782 1901 6650 6158 9591 8110 5967 3898 972
9 9290 6397 2151 3093 1510 1264 7274 6393 6943
10 9310 8273 1997 4445 8884 6202 1070 7680 2441 7722
9 9348 7057 6402 8999 1892 4929 5598 8027 8111
8 9369 5941 3638 3996 3711 9954 7284 8739
10 9414 295 7540 1007 6765 1242 1393 7587 9025 829
8 9465 6754 9197 9149 7356 7657 2862 1358
9 9562 6291 6292 6510 7756 8683 468 9341 9834
10 9564 9855 4155 6925 84 1118 2418 2504 5595 9431
9 9580 7697 5912 3372 8182 8653 8207 8058 9974
10 9713 4775 9754 7947 7354 879 5257 7876 2839 6241
8 9778 7222 1086 2145 9148 6246 735 5586
9 9800 7897 712 7844 1579 717 774 7638 8628
10 9821 3392 9847 1618 4734 1116 1433 2583 274 4919
8 9908 8620 438 9633 6406 4976 4977 3526
9 129 9889 3648 2787 1160 6098 1856 5998 4559
8 176 898 5209 2408 2413 7681 8001 1949
8 265 8021 9122 2272 6474 1415 8472 501
10 568 1301 2296 734 9856 2709 3546 944 7188 7189
8 585 9901 1713 208 9793 7695 167 6082
8 815 6881 7151 3579 3339 8825 6270 4349
9 857 2801 1159 3177 3592 2131 8694 562 7589
9 976 5390 7582 3905 7915 4365 3584 8843 2417
10 1030 5720 7404 122 2055 5181 9828 5282 7470 5320
9 1101 1671 4489 2374 6604 2932 9416 6829 3771
8 1368 5054 2659 6437 1537 7920 8337 8003
8 1375 6301 6034 3617 3627 4674 1218 1919
10 1396 2155 8242 8810 5008 7048 3911 6561 4518 8255
10 1448 7951 9382 4191 6072 8859 2284 7095 3242 3713
9 1450 8029 7142 8408 7245 4761 7137 7481 6229
8 1528 3741 5787 3778 8933 3961 626 308
10 1564 9832 1722 9966 3247 6207 4846 1170 6078 8192
8 1670 3531 3532 8236 6817 9675 4897 9360
8 1816 8384 1289 8045 6089 1895 5452 8456
8 2087 6353 2551 1893 6185 6728 4008 1479
10 2198 2552 6133 8613 845 8714 5928 6897 5884 4269
8 2204 7691 5076 3759 8467 3896 1349 157
8 2299 3022 1909 3774 4819 8244 6866 1449
9 2373 8715 4547 1946 7497 8066 9767 6623 9529
9 2429 7761 7140 4933 4934 1239 2370 8829 5612
8 2536 3239 168 1190 6711 5420 1406 3593
9 2613 1747 7866 4825 6319 2416 4036 7345 9596
9 2644 4129 2853 7605 3077 8431 8709 692 8462
9 2696 3644 7247 101 7953 5547 329 3698 9105
9 2737 4542 9652 3505 8831 4759 5317 6624 5430
9 2779 3447 44 5714 3270 7926 673 5629 219
10 2781 9994 5095 6232 761 1776 1612 1702 7588 4708
9 2789 6481 9560 7738 3941 3170 4586 6342 9119
9 2882 3140 2615 9370 6845 5247 6980 7388 2124
6 3065 5382 9812 4720 5270 8923
8 3099 7281 8822 2356 6774 8481 9250 3849
10 3362 8646 9622 8228 3199 8190 1169 9710 9329 9151
8 3440 5841 1506 2976 7848 3214 92 5350
9 3455 322 2028 9466 5661 9840 7055 8912 509
7 3504 5262 2174 7851 5328 163 9541
10 3699 8800 3964 2436 9743 7610 4356 3877 3878 1600
8 3727 8461 1031 3892 5779 9356 974 3935
9 3945 9719 2860 8177 2684 5294 1759 6537 3309
10 3990 5395 4545 4859 7270 3626 9704 3570 91 4046
8 4211 9470 4519 5935 3168 1345 8388 180
8 4237 1204 7523 724 5180 4130 5535 7326
9 4570 9451 3112 4368 9194 3209 4354 5964 5617
9 4634 381 7019 3147 7826 2910 7439 6869 9749
9 4770 2467 346 6314 4170 5421 2112 1818 8442
7 4792 8969 1184 4167 4249 146 4592
10 5215 2923 6018 4880 7311 5094 6330 223 5115 7819
9 5332 9491 8754 564 9319 2727 579 3633 118
8 5447 2 3881 7752 2254 5255 2565 7286
8 5495 3051 3187 6613 7485 2337 825 8241
9 5512 8425 6058 5932 2859 5011 8361 1927 5104
9 5530 9911 4412 9603 4177 9605 5843 1179 9866
8 5624 762 1609 9791 9216 5827 9733 1180
7 5768 625 6028 1587 4887 8764 8996
9 5860 482 151 4049 3277 2139 7560 1748 220
8 5861 6250 1846 1891 4111 5176 5264 7755
8 5956 2501 572 4860 2289 1216 9143 124
10 6111 7000 6217 7483 6994 9159 1594 2605 19 9921
8 6124 808 475 2529 4101 5507 8605 9228
9 6281 7506 3762 8248 7122 4467 8805 1968 9272
8 6299 4 8292 5266 8294 6186 2937 8688
8 6311 3621 3314 4195 1292 4966 5047 261
8 6490 3861 2614 4201 5807 7504 713 5828
8 6651 3056 8984 3744 4273 6668 4512 148
10 6710 4033 8702 9939 9174 3705 9842 1127 8303 1054
8 7013 796 8849 521 3755 6573 9379 183
9 7114 3184 5361 3482 9570 5845 4448 6328 4206
9 7250 8827 2152 6213 5614 925 7967 3278 7079
10 7475 682 7275 8173 4638 3265 7946 8193 8178 2302
8 7517 212 9814 5274 7585 2757 9327 4308
9 7562 4464 9440 6377 3456 9352 7236 614 954
9 7639 5178 160 2483 4555 7169 7977 8958 8959
9 7877 3116 8972 426 6852 6896 8325 991 4875
7 7893 201 3213 2390 2885 7172 1051
9 8044 5060 6046 8394 3578 6714 1286 9548 769
8 8116 5131 3008 7493 7394 8677 1884 523
10 8520 4242 222 7510 1810 615 616 6581 8956 1691
8 8538 7685 7382 154 4788 2255 9949 9393
9 8590 6646 8367 5766 1155 5632 7922 4642 5868
9 8615 3742 4993 5553 3637 5465 3756 2588 4461
9 8633 1092 123 3348 2703 4680 6414 7785 7508
8 8699 8191 8868 3573 3574 6022 8788 4762
8 8722 4532 5110 4096 7875 8506 533 8751
9 9056 5341 6233 4996 7555 2338 210 4643 4938
8 9076 5794 7297 5502 8026 8543 6210 4809
8 9443 6473 6459 2945 7964 8786 4307 6770
9 9496 5027 5770 1524 9084 435 3620 3867 2850
7 9512 1009 2545 5157 7203 73 5608
8 9790 7441 2543 2382 9210 7919 8374 5692
8 9859 2031 1751 5931 7810 6760 6797 1311
8 9907 8591 2834 1783 7972 8870 309 881
10 51 9244 5704 3393 6551 323 1412 2065 9493 1549
9 174 9325 5538 4113 8035 2214 3399 1717 4012
8 933 5244 5182 4369 4125 4852 546 3880
10 1055 781 993 4582 6304 4810 8477 3175 7147 7233
8 1080 9020 7409 5933 8073 9246 7862 9469
9 1452 7818 5118 683 2674 110 973 6296 584
9 1476 770 2608 6952 5804 2637 8240 3425 9729
8 1519 538 6419 4318 5922 904 2286 2819
9 1540 8720 2657 2044 6194 6211 6627 5232 1126
9 1607 3449 5140 6696 7361 396 5806 6973 8160
9 1750 4980 4632 4869 3663 9355 2888 9450 8673
9 1872 7228 1022 6325 6144 7421 690 2333 303
7 1957 8570 33 8366 7646 36 353
9 2000 4693 4521 2030 4701 4795 5035 8132 1439
8 2008 1039 3234 8285 8364 4404 31 5486
9 2014 8622 7390 9513 1967 9515 9516 848 1401
8 2070 6450 2919 5423 4213 955 649 1409
9 2082 9389 4540 7427 2556 6371 3317 3021 6062
10 2190 7217 2406 8522 2681 3902 4626 5680 7874 2989
8 2410 8403 8557 6461 4790 7591 1018 6846
8 2419 5890 9211 7309 8395 1828 8316 948
9 2426 2555 1129 7006 6107 835 7227 4207 5239
9 2541 7051 5805 4726 2036 9201 116 8801 1181
9 2638 1782 6909 9294 9047 6536 7687 1538 2571
9 2741 7726 7244 9618 5854 8235 9164 7008 3499
7 2842 6253 2033 2034 6499 4561 1362
9 3048 7943 1675 749 5872 9576 253 8943 4824
8 3105 3059 5943 4717 5587 3164 517 9361
9 3379 2431 6885 4884 8661 4631 498 1673 5019
9 3682 6701 6991 6139 2086 5727 1162 3948 5130
8 3740 8321 960 7930 6365 8356 9498 5700
8 3828 2037 2944 2694 7373 3012 8448 8449
8 3958 4011 1551 6557 2840 3191 7159 8815
8 3980 8792 2769 4915 6349 2631 2453 372
8 3993 343 9125 6204 6205 4739 4285 3166
7 4014 2160 9718 9721 8094 127 1259
9 4028 3221 61 9023 9024 4103 447 448 449
7 4209 9539 2328 8536 6723 1465 1666
10 4274 3694 4240 4353 5706 2355 8381 4658 3486 9509
9 4280 2409 4750 784 9248 2855 9018 1381 2759
8 4316 3338 8175 9594 2985 3518 1833 719
9 4340 9268 7501 5808 4148 9124 5679 5443 7111
8 4430 7431 302 6801 8571 5121 9623 7197
10 4495 1390 5226 3193 9097 1603 5716 9152 803 8687
9 4635 3566 672 6709 6424 2567 9923 7466 8161
8 4644 624 699 1814 4969 367 9825 4629
7 4667 3572 8382 6912 9995 4315 2854
9 4690 7371 2535 5290 2522 1574 2360 7707 6285
9 4832 9147 1987 8251 7005 4331 6958 120 2965
9 4862 2771 197 5556 4687 4387 5747 1924 6959
8 4870 1125 6629 5399 2401 2813 6887 2375
9 4890 4059 9400 1662 7379 9787 4311 3212 7072
8 4896 7552 7417 7758 6539 7716 8007 2211
9 5083 9202 7839 5013 9099 2863 6998 1517 1933
9 5227 8940 6530 7586 6824 6193 9071 8086 6271
10 5438 1585 7041 7854 1499 5417 8089 5954 3492 6527
8 5500 4136 2836 1317 9577 776 8682 1461
7 5550 1921 5657 2886 5024 6890 2336
8 5627 5068 1316 8527 4069 6736 9945 1544
9 5729 4491 5471 8153 6214 8787 6178 3250 7910
8 5775 4571 7376 8415 3332 3167 6534 3068
9 5972 9824 1645 7584 4187 1976 1633 7963 6948
7 6635 4040 9121 6463 9836 868 7293
7 6698 7170 2734 9829 7449 6227 1391
9 6792 3034 8686 831 5445 4275 907 5298 9229
8 6807 3052 3060 9760 5044 4962 6487 2273
8 6929 7108 2920 5609 1256 3356 3723 1225
9 7076 6930 4841 8463 7804 8965 5718 8535 8882
8 7220 5719 4732 5687 6633 8552 2561 1858
10 7393 3689 5023 1407 7403 3912 2085 8454 1458 4669
8 7653 8993 7365 5605 1659 858 192 4319
8 7655 4372 9505 6119 908 1566 1829 3015
9 7671 8813 3299 4630 4220 4475 185 9284 869
9 7674 2942 7649 3852 1157 1966 9073 1336 9692
9 7764 8288 729 4196 1379 2045 5799 6088 8060
6 7775 7423 3136 8976 9597 2508
9 7805 7822 9030 693 3684 968 9587 5403 4503
7 7935 6152 5552 5989 3182 9905 556
8 7940 9549 9976 1466 171 8636 5377 980
8 7970 4901 2326 816 2295 9709 9482 2629
9 8002 6939 7071 9186 5291 9301 3966 5248 2702
8 8022 6559 957 6567 5435 6435 9636 3480
10 8054 8759 5867 4939 3249 7285 1847 7287 1137 2698
8 8076 2153 4780 680 7924 1240 9357 900
9 8184 4128 5631 6753 358 5832 5952 6645 5162
7 8270 4391 2156 2794 985 2359 3200
8 8330 7460 5895 6316 3916 7765 2646 9054
10 8353 9130 3982 6592 9625 3087 1178 6504 2046 1385
9 8464 5469 3422 7536 4765 7426 6647 6648 466
8 8484 7760 1831 2458 7616 6637 7306 3528
9 8499 6756 8112 5301 7703 7299 7352 2282 1956
7 8560 141 707 6804 5416 238 1322
9 8659 7078 7572 8034 6445 6446 2148 4756 2414
8 8718 4803 6190 4648 3934 9972 389 2475
9 8728 1684 9788 8237 8916 7640 5730 9769 9501
8 8784 4970 9252 9689 8865 8612 7077 3062
9 9230 9344 7998 7736 7327 1766 8772 6672 7837
9 9386 3888 156 1777 5923 6816 1494 7618 8809
8 9522 6671 3525 8753 1117 5896 2053 7389
9 9613 8614 956 4554 2626 821 7628 3923 2230
8 9850 5750 3671 6744 9770 294 8595 9157
8 9883 7751 6492 9113 8700 4427 6996 2988
7 9920 689 7295 7959 4640 296 6868
10 35 8310 5622 8146 2469 4009 4731 6262 5628 3227
9 60 650 8422 4712 2393 3271 4496 2640 6544
8 227 450 4988 1928 6962 9261 2669 785
9 391 2620 3160 8640 9295 3610 1471 7528 21
7 652 826 3217 8734 9086 476 5644
8 1000 2347 8455 7066 3375 3376 3932 4255
7 1113 4379 3693 397 492 3325 9289
9 1187 1581 1582 2683 5334 8830 99 5230 6879
8 1194 8791 4222 5857 3281 8581 2378 5308
7 1235 8876 2852 8487 5195 1073 3571
7 1278 883 3951 7238 1149 8334 2166
7 1299 6965 2622 7772 7853 9224 3123
8 1404 1451 4243 3045 2625 9696 8306 2649
7 1446 2782 6094 6726 9841 4719 6431
9 1495 9005 3539 5929 5620 5482 4083 6916 6678
9 1606 3041 1911 5782 661 4463 3567 3575 6685
9 1643 2688 6420 6447 3979 2963 7102 5038 6800
8 1694 5258 7213 46 9996 394 2680 2844
8 1708 6075 6702 2200 7975 1183 3810 5765
8 1720 5323 8905 3040 3954 932 1324 1624
7 1861 1791 3161 704 7171 1687 4419
8 1937 4609 3511 4747 7355 1567 2777 4772
8 2102 9354 4205 5869 7766 7767 5286 6470
10 2177 5600 1394 6376 9300 2570 9003 747 2728 3129
7 2248 2856 7832 2811 3595 2540 3076
9 2320 239 7190 9275 4702 612 9758 7425 870
9 2364 5892 2732 8909 5975 6113 3030 4504 383
8 2394 9101 5965 6977 8085 7546 3515 2285
9 2395 6273 4525 3745 6644 2689 737 4137 6486
8 2396 4020 4367 4479 6327 8247 8512 460
10 2428 7459 5369 1298 6242 229 5505 9226 5658 5659
8 2516 6361 3656 8505 5206 1293 4420 8343
6 2770 895 4328 8995 1830 3761
7 3145 5536 4378 5039 7790 6023 2798
8 3174 8033 5889 5900 675 676 5063 3513
8 3190 7668 7682 9381 6104 7949 3086 290
8 3320 9971 4154 6974 5991 486 6466 3562
8 3336 4566 8932 2913 7865 1313 3679 8123
8 3703 1611 4569 6225 5695 8492 863 8508
7 3781 6141 9617 797 6876 9046 6331
7 4001 5366 4639 9045 1207 4485 1174
9 4005 1094 4466 8031 249 8043 5097 4864 3879
7 4018 6221 5172 8983 1388 4798 4763
9 4019 2500 8019 915 9154 9927 8227 2297 4317
8 4058 2880 5467 9820 3999 8867 7527 4390
7 4180 5694 5543 571 1695 9750 5251
7 4235 8928 6387 8104 716 5513 5414
9 4262 2971 3507 9116 7107 4422 1076 5108 3784
8 4288 3502 5333 9632 12 5715 6858 2227
7 4451 7821 4056 9792 792 1203 2970
8 4470 3708 5342 4740 4783 8093 8510 4232
8 4477 8573 2093 9091 1266 631 2568 5983
7 4524 4867 9188 7786 55 3714 3424
8 4558 9318 1941 2491 526 9573 3557 4619
8 4660 393 4465 2388 1315 7830 6460 5428
10 4768 851 2632 7119 9303 2635 2503 2721 7344 4184
9 4983 8137 9006 1222 5936 7651 7221 5571 8501
8 5133 6020 5211 2616 731 741 3098 2293
8 5344 2803 5574 95 7696 7401 580 1012
8 5380 37 7334 903 9100 4361 4099 4084
8 5429 4651 5406 2225 2091 1516 5796 1518
9 5480 4662 508 6750 1496 2752 4158 4784 5472
8 5496 1095 1752 2874 5734 7136 953 5674
7 5585 3283 1690 4208 1772 4706 4876
7 5717 5357 5558 6347 1236 5459 1689
8 5809 5769 8148 9595 9645 1873 6340 8554
7 5980 3991 5645 5144 4682 1958 4766
7 6157 7141 5681 1296 9090 2774 3443
8 6212 8201 9423 9546 1665 3063 5987 1048
8 6309 6660 4402 152 705 1734 8977 4985
10 6477 5412 2387 2749 4577 6491 3822 3649 34 6045
9 6588 6944 6634 5618 9468 4948 9926 9442 7124
8 6663 6731 752 415 5885 766 7310 4127
9 6681 7103 5999 9427 5746 6871 537 8736 4881
9 6809 6612 6310 237 5686 7749 9337 9734 7017
8 6917 8199 461 7271 4964 4044 334 6248
7 7049 6364 5330 8846 4779 9220 2768
9 7148 6861 6820 43 2730 1953 7065 4051 5105
8 7290 6759 3642 8280 2066 5883 5751 4277
9 7303 6751 7690 6547 5979 9499 8502 9305 4509
8 7595 9102 6053 1430 4358 987 3806 8047
9 7721 18 5314 4836 3765 5606 4199 965 1793
8 7820 8048 7923 8405 3435 8069 3469 2799
10 7861 6718 5112 2349 2266 67 6854 5285 6918 9036
8 8010 7783 6762 411 8990 505 8833 4705
9 8088 9053 4050 3710 7918 4272 3137 743 217
8 8097 8056 7801 6582 496 840 5803 4156
7 8301 6956 9964 7391 2150 62 7138
6 8518 8441 6465 5992 885 6670
7 8577 8864 6191 2849 1206 6269 9001
7 8639 8372 6083 2804 9585 2146 7515
7 8670 76 5850 3894 1654 1224 7160
9 8746 6169 7234 6778 7889 3411 8083 6607 4152
8 8823 9768 6482 4200 2484 7319 5468 3790
9 8836 9818 6691 5224 8961 1410 7261 4239 3103
9 9070 8391 9435 4837 2636 8600 2231 88 3599
8 9298 293 977 1930 9646 4190 2478 3552
8 9366 8733 6126 6084 633 4279 1534 7598
7 9479 297 158 2586 6026 1862 8139
6 9833 7256 6525 2252 2967 4649
8 9990 8964 5254 5917 5263 1403 7370 2871
