8 2279 3143 4512 6490 6114 4802 4191 823
8 2212 1374 6333 5387 2964 842 3398 4065
8 1436 5219 6142 6026 5200 2283 1587 3875
8 2781 3256 5661 6311 813 677 1355 5128
8 1604 1927 4024 4935 3027 2635 1575 2043
8 4641 2277 6648 6551 5772 5079 1389 3935
8 4987 5009 4995 231 1268 3209 2392 3569
8 6192 2962 2803 3579 117 2724 1470 5229
8 4932 4087 247 5758 158 912 3539 2597
8 6373 2561 6689 2940 6156 5499 762 333
8 6480 5960 4795 5556 3287 6699 4247 2738
8 1964 481 5416 6067 6232 6510 3477 802
8 4206 2258 1393 2581 1073 627 4402 6182
8 2055 6029 5815 3409 4568 26 239 434
8 3412 4005 1537 515 4533 2751 5323 3672
8 499 1662 4853 3260 2268 5735 2745 2987
8 1019 3756 5858 562 4590 1368 491 4675
8 4032 6264 2345 5446 2132 674 710 3396
8 1321 5162 1249 1563 3818 4551 2075 4950
8 6210 4681 4532 646 5464 5560 171 5087
8 1775 4529 2454 763 4045 2819 1171 2621
8 799 2309 6014 698 506 5413 2116 3782
8 2861 2483 4555 3005 4828 6173 3922 406
8 6672 6006 5776 3177 2131 5345 1554 1774
8 4573 3586 6152 3892 3334 2401 1592 5146
8 1119 3023 1617 5683 5604 4391 2282 1482
8 2967 324 512 4817 3578 4289 275 5127
8 1032 984 869 159 4951 4936 4760 909
8 5625 3317 3443 1890 2970 3066 6496 2699
8 142 3780 4346 5823 3270 1290 5046 6151
8 5615 4980 6411 2207 1159 3218 5885 2678
8 2153 1658 6204 2710 809 6436 5369 1553
8 301 5140 3479 2592 5428 3764 5273 656
8 1422 4881 4376 4592 3531 5491 1832 1582
8 3896 1989 4654 6557 4749 3728 55 4183
8 1589 5836 3971 5246 268 5053 5623 3988
8 3796 6637 2991 5953 3500 4869 1770 5727
8 502 2954 5156 520 2879 5485 0 6667
8 1346 2952 2157 975 5447 1636 957 3041
8 6015 4975 1095 2608 4617 4620 1275 928
8 70 4819 6062 57 6188 4923 3342 2522
8 4945 2729 5167 2173 1806 3886 1867 3934
8 1558 3834 1464 4603 4939 1372 4228 2484
8 2878 2574 2312 5371 5462 5005 1213 4141
8 4212 2848 6234 2806 4149 1693 1478 2734
8 1969 5900 5975 1260 5357 6552 1058 1698
8 6506 5035 296 5400 1317 6406 3450 4626
8 2995 5431 6413 4666 5106 3776 1042 2079
8 6145 474 4307 1012 1744 3090 6131 5059
8 201 441 675 6102 5375 3097 2740 4866
8 1793 1796 6078 6055 4848 608 1527 6574
8 6130 4655 5798 4782 155 4354 2189 1886
8 2769 254 3073 5056 5696 4969 5626 1804
8 2403 270 3076 3003 1907 4150 3231 807
8 2216 5285 1944 4498 5085 5929 4627 3238
8 2245 2190 571 4230 1115 529 5488 750
8 1941 1630 3237 822 3000 6022 319 5479
8 5302 6166 3526 2499 752 1170 1624 4953
8 4602 5154 5103 705 2695 1300 4415 1931
8 5598 6378 3215 1875 1722 2994 3705 2618
8 1652 2436 948 2260 4567 2887 3933 3641
8 6139 1906 3877 5803 3839 3873 2971 4234
8 185 5270 5705 4135 9 5648 5699 6491
8 558 2152 3605 357 5362 4847 4138 4616
8 5104 4972 3860 2211 5715 4678 277 34
8 1960 4565 2836 2255 2931 4272 1920 114
8 2346 5841 6657 6068 6257 5898 5855 6492
8 3063 5805 2047 2332 6578 1999 4835 2687
8 2996 3251 567 5927 5286 4214 6364 2230
8 3723 4741 3127 3087 4335 4148 5838 648
8 92 5664 4742 3241 4845 5171 5962 5045
8 5890 4467 2514 2528 216 4262 347 1458
8 1846 4188 272 1084 738 4583 219 1814
8 1342 83 1540 102 629 5350 1312 2582
8 4762 356 1017 5547 6584 3849 76 6514
8 1190 2187 2937 1825 1936 6511 6632 5061
8 5918 4433 4703 4326 5002 5241 1940 920
8 1314 905 4449 5515 3851 5802 1572 2805
8 4355 205 3761 4370 332 5455 4955 5821
8 6710 3581 3380 4434 3891 5657 2481 5856
8 2924 4604 2457 5493 8 6004 5565 6163
8 3532 3573 4837 4585 223 238 4242 6251
8 1629 5578 1150 4055 4436 4011 5392 4496
8 4282 654 4996 3629 5921 2573 5988 2870
8 3729 260 3235 5505 17 5558 5542 1965
8 2077 2366 3668 4178 1757 4283 2423 6650
8 1571 2259 2619 6063 1031 4776 1896 4890
8 3374 639 439 1978 5919 6502 3126 363
8 1912 5933 4152 3335 6071 2074 3067 2718
8 255 1498 4738 2396 5517 1338 5042 6345
8 3842 5327 2673 5884 6358 3658 4683 3996
8 5269 859 2610 4714 2110 4494 4245 5528
8 666 5518 2668 22 6701 4756 2912 6568
8 3738 3267 293 964 1913 4052 1753 5754
8 847 2907 1595 2050 3283 4676 65 5730
8 598 3022 443 5460 2831 1252 2123 2127
8 4778 346 1522 445 2651 1676 908 4489
8 2671 1202 5149 179 5235 1477 5650 1228
8 85 6512 3221 3103 6493 6704 1400 4353
8 1068 4693 5124 3654 2257 3406 5115 4516
8 2778 5038 6041 464 4664 4157 6200 560
8 2601 4787 5309 3992 1481 2552 5680 4502
8 4715 2321 934 4552 2897 5736 2394 4842
8 789 734 2376 735 4147 2229 537 1178
8 6124 2958 2032 1013 6144 6305 6686 2641
8 2099 463 6012 7 3810 5120 4599 583
8 3508 5724 4096 792 3661 6712 5503 4558
8 4636 4843 286 1962 1686 4501 2071 2664
8 4702 574 3613 1954 3552 6382 6663 3750
8 1291 1029 1200 5839 1264 3478 35 5771
8 2630 2723 1135 6463 3421 3014 4549 955
8 1402 5020 6412 276 468 3110 5690 6540
8 711 6393 1237 4270 1904 2419 3117 3265
8 998 3754 6221 5880 6189 450 3039 6042
8 3242 4062 2148 4000 3987 1714 1409 2381
8 5989 708 6375 6553 6047 930 4527 3821
8 5244 4331 4113 5109 1963 2410 1637 1884
8 1179 226 1437 5211 1226 1833 4581 4348
8 4074 366 4406 5817 189 5620 690 3401
8 178 3225 1287 3588 1072 5524 6339 2624
8 6091 4786 2045 5265 4550 605 5630 4459
8 5739 263 5198 852 647 1895 2620 4857
8 253 4468 5617 2913 2408 4320 2109 3865
8 1644 4295 1958 6194 1635 334 422 4058
8 6036 2428 5358 3945 4001 3428 4398 4047
8 5662 6377 609 1034 3354 2948 199 2038
8 184 5532 1082 3646 6289 2005 335 1062
8 555 1755 3429 425 1026 5818 5261 6110
8 6226 5577 4269 5418 3059 4280 3381 3643
8 3910 4811 109 6187 227 6714 4609 753
8 1899 3551 993 1673 2464 5007 2578 2763
8 338 6100 2744 172 3808 5809 6132 101
8 693 6643 6567 4874 5872 5687 1142 1139
8 2656 5239 1924 2888 1847 2627 5895 921
8 4970 3791 2889 4297 5376 1120 1729 4483
8 318 5068 4043 570 4867 4713 2335 4469
8 4142 3563 3220 2347 2405 3530 4921 214
8 379 4659 6287 954 4509 4263 291 5828
8 5364 4495 3585 2159 1758 297 4358 1248
8 2242 3993 361 4472 4315 679 1715 2269
8 3911 3465 1591 4026 1549 2232 5795 432
8 66 5153 5707 6607 6630 494 833 3966
8 4329 1921 2456 6700 6673 6437 4313 2493
8 3846 3131 2896 2796 1469 6023 24 2138
8 3580 4482 415 6692 4248 3200 4422 3384
8 6283 4639 6564 6225 2237 4211 5990 3570
8 1224 591 5367 1118 3077 1701 657 1161
8 731 2919 411 1791 28 3805 3483 5433
8 894 805 1435 3863 1607 1110 1111 3828
8 3743 4462 4690 118 2893 2205 4672 5842
8 2133 5326 2387 3950 3685 5292 3503 1535
8 3607 1046 4095 3909 2249 4442 3019 1162
8 4057 6252 5882 5187 5541 4081 2326 1157
8 3341 824 1578 2305 2429 4774 6573 1431
8 3792 5748 1263 2037 1386 1160 4195 4947
8 4493 2975 1326 75 397 5099 6405 6168
8 4691 1908 187 1821 5082 526 4475 3960
8 2550 2957 3649 1975 5700 3032 6640 1939
8 4887 2911 6391 5310 5819 1795 3417 5135
8 3787 4642 4382 3894 5143 5677 143 2569
8 1860 5335 371 4093 566 5667 1948 2890
8 6438 5686 733 5826 6416 3292 4710 1463
8 1866 2281 349 5438 167 6396 1383 5121
8 5395 5063 550 5913 416 4544 495 5761
8 931 4076 426 269 5531 5347 2920 235
8 1910 5030 1112 3139 573 5749 4351 6593
8 2433 5601 100 298 3786 4902 3306 2517
8 835 4622 5384 2333 2591 6001 3630 3626
8 4706 4781 6581 5206 5698 421 695 5502
8 4586 2818 670 2530 1039 3012 5268 5923
8 6654 2894 2902 4628 1022 3737 5147 4120
8 5511 6332 3156 3257 5402 6247 2266 3263
8 4575 448 5994 4201 5940 1974 539 3600
8 1854 3100 5765 1114 1840 4880 490 4246
8 6566 342 5567 561 1296 5576 3614 1616
8 5023 1172 6711 6655 4156 836 1099 742
8 2017 5105 3918 3490 3769 4063 3489 5914
8 1861 488 6107 6053 5876 2501 1487 5637
8 5062 3264 3823 3525 5618 5368 1359 3916
8 1411 2171 4734 1930 3504 4064 2714 4827
8 3929 5540 303 6334 1935 2000 4116 691
8 6138 6448 2595 2872 4588 6505 4510 1683
8 5851 1138 4816 3169 362 3236 5118 1299
8 6560 3304 4385 2737 1235 6500 3246 3745
8 6184 5319 5526 1538 1859 6440 2451 2461
8 2108 6606 5671 4101 6633 4316 5799 1603
8 6516 794 1304 1023 696 4256 2511 131
8 5424 3430 6462 6294 1500 2900 6350 863
8 5570 2179 5767 1923 4197 53 1221 1922
8 6721 5102 556 6562 5969 4517 251 50
8 243 944 2828 1449 2172 306 966 3946
8 6335 3285 5399 4419 588 2286 4699 1373
8 4186 6488 2875 2726 5407 4513 1862 745
8 5417 4451 1129 3353 1947 2936 3324 3404
8 4392 564 5330 1345 5466 553 2527 6664
8 4805 4324 1828 581 5112 2549 4808 1929
8 2504 4997 1156 3964 3004 5825 5316 2521
8 482 3031 5296 542 4906 1598 2105 2756
8 1569 1196 6112 5130 3318 2758 3516 843
8 1360 2706 3603 2068 5606 531 3564 124
8 2440 5190 5607 3955 1140 5482 3049 1215
8 6424 612 6524 5018 4259 378 6165 6327
8 5807 6475 4988 2886 672 5031 1433 5833
8 2808 3092 6291 149 3861 6660 4040 3755
8 5301 2285 1687 3674 5849 5248 1602 4025
8 3845 5629 5562 2024 6526 3060 719 3830
8 1258 6352 582 5249 6582 2606 3513 2764
8 1997 385 6707 2155 302 311 5378 6722
8 4726 369 5946 3919 4364 1967 2840 601
8 2183 4418 747 5609 2821 6085 4485 2146
8 5333 4311 2812 5490 5340 5966 1453 3088
8 1871 3928 3472 5830 2406 1996 5651 732
8 4179 1849 1546 6563 4293 1955 6002 2538
8 2035 4015 43 6519 45 387 168 2356
8 4668 2766 4050 6688 4895 1166 5331 5654
8 6282 165 5312 3329 3303 5783 2078 5891
8 4460 4949 2752 99 4925 4037 2162 6383
8 4897 6118 1413 4016 6361 3227 325 3145
8 1881 2783 2336 2614 4490 299 4383 5232
8 5909 2316 2149 4233 442 939 3245 4031
8 2063 6064 3148 764 6348 1670 1746 1976
8 3655 6262 4338 2344 584 2221 4716 5870
8 3254 2938 6161 2859 828 5354 200 992
8 4546 4707 5423 6035 2842 3803 6401 2006
8 4791 403 4056 1193 533 513 6665 5932
8 6261 600 2019 6456 1246 2290 6374 2837
8 6695 3441 1772 3686 1002 4278 2163 4545
8 2360 841 5277 3471 2389 1420 5403 3914
8 669 2743 6212 1010 4447 56 652 2519
8 1752 4151 3836 6656 3799 6021 6653 3854
8 5443 3413 4109 1343 2513 1167 6376 3339
8 4615 3710 2391 972 1282 3506 2046 2098
8 986 1856 1461 1378 294 2073 1123 49
8 4302 4504 5627 5643 3135 3995 339 6354
8 405 1288 372 6211 1694 353 3677 3994
8 6274 6324 1003 4445 4705 3058 3628 2160
8 793 1041 4393 5237 1452 3683 2425 5404
8 3997 427 3752 6276 4092 3050 5656 3802
8 497 1548 4017 4131 2757 2746 4258 4937
8 2720 503 5033 3639 3010 2036 2612 5463
8 5660 6478 4486 5356 6429 5902 2293 2533
8 5012 1217 613 6482 4430 1785 1943 4103
8 287 536 6033 2625 4784 5212 3856 2129
8 1820 2776 4812 5148 3576 451 4106 3085
8 2532 2874 865 37 6423 4416 6309 1512
8 4491 2537 5936 1036 1981 4632 390 1787
8 5444 2368 4014 2652 2184 1000 4474 3982
8 382 1466 3163 510 3647 209 4218 5029
8 622 2605 5093 221 4973 32 5935 638
8 6649 5812 3620 6269 6518 616 5555 1253
8 4009 1153 2054 1612 4375 391 283 6698
8 3098 4525 5377 2300 437 4822 6720 2801
8 4711 518 5721 123 4450 4916 5495 3734
8 890 1418 6240 2571 4669 4013 6205 547
8 5043 1423 3698 6579 3224 4012 2986 4963
8 722 6525 4413 4284 2136 985 1530 1077
8 279 5117 5571 4249 2634 1243 6682 1056
8 1938 3183 3308 3158 3186 4611 5976 6477
8 5497 4318 354 6554 6299 3182 2960 599
8 2512 2295 6417 3455 160 4184 6394 2688
8 3540 2575 3315 6613 6605 4168 3448 6202
8 2925 5259 2949 820 2717 2487 2121 4708
8 454 2908 1641 927 3876 2470 5581 19
8 6227 4073 1792 4656 183 2010 2813 3917
8 3422 6718 3762 875 5317 5044 2011 2568
8 633 1827 2350 1623 4292 2471 3405 1759
8 345 3572 2577 1639 5688 1900 586 2231
8 3617 1005 2026 4333 4794 4264 6696 5459
8 4904 1408 5967 3346 6669 5692 2659 2460
8 6703 2784 1053 4389 6365 2863 5065 952
8 6115 943 4235 1369 2827 3853 6329 188
8 2909 554 1441 4917 5917 3480 4928 1149
8 5067 4238 1800 3778 775 317 1025 2402
8 3174 5091 3170 3362 258 3562 121 3701
8 6517 3033 6421 4165 5474 6241 5343 2246
8 1394 6086 4931 3427 5784 1983 5027 6702
8 3184 5822 5284 615 174 538 6691 2963
8 5180 4543 959 5351 846 4466 3192 2689
8 2263 3501 6678 6559 40 3161 1192 945
8 901 6415 2918 3310 290 4453 2534 2843
8 1594 3432 6617 2015 618 2214 774 3774
8 4644 2715 6018 3746 6031 4154 6196 5740
8 1734 2732 6558 5701 6125 3972 3437 6322
8 2420 4860 3072 6116 4121 5938 5132 2143
8 4237 688 5307 5568 1404 614 2858 14
8 4317 3178 1945 1067 5011 1329 170 88
8 1937 1573 2865 2586 5478 1024 4667 1903
8 1858 3495 5970 5640 182 1692 2557 4396
8 2531 1514 1451 713 1421 4084 5160 645
8 3118 5986 3330 2553 3208 4190 3650 5483
8 5866 471 3355 96 1542 6050 4695 1625
8 3 6105 147 956 6137 3900 2787 5893
8 2999 4717 6306 5271 2156 4775 4671 1407
8 4730 3598 6432 5037 6356 2576 6422 3835
8 2922 4572 3151 651 4569 1128 4859 4034
8 1154 2638 1822 662 5338 4865 3102 4372
8 6489 5257 2151 5907 2802 5388 2150 4018
8 5911 5204 4739 2657 5095 2485 186 1448
8 5599 3538 310 3069 1259 5421 2633 3001
8 1088 3713 5287 4301 3574 1631 5097 1780
8 2700 4589 1007 154 6586 926 3795 3700
8 6599 3583 5110 5678 3651 4187 314 401
8 350 6061 4030 4273 937 5157 3757 6203
8 4204 981 5512 4 2080 3811 6080 4480
8 1703 776 5360 3350 3956 6576 5638 4463
8 4473 5827 4143 2361 2383 6229 6007 896
8 3675 3205 5083 3423 870 983 6213 6191
8 551 628 5752 3281 4907 6284 1887 5163
8 4111 621 1205 6410 2407 4993 4070 307
8 5243 3116 3323 3013 3056 4137 4181 1909
8 5672 5959 6249 2120 2117 2713 2304 246
8 5092 93 137 52 6140 2324 2667 5509
8 4139 2736 2500 4476 2733 3383 6331 5155
8 873 2486 2177 62 681 2092 3320 4561
8 6601 5973 2097 5513 501 6610 2749 1680
8 1137 4022 106 431 4306 322 6084 377
8 2539 18 5174 5332 1021 3673 2028 6450
8 2041 1096 2780 2215 5746 6019 1580 4004
8 585 1473 6379 4506 3867 6504 2942 6248
8 152 3980 249 1696 6465 3736 1998 2762
8 1133 4618 5231 4421 280 4862 1742 3733
8 6222 6539 4535 6346 3167 4119 2072 2755
8 3967 1018 6149 1562 6238 2681 2722 140
8 1109 3939 1868 5984 6595 5230 1334 5716
8 2482 6609 3732 4998 6483 3978 1642 3269
8 2049 6427 4319 2039 458 777 6535 1305
8 5922 2480 5245 6585 3461 360 5619 1926
8 312 4127 572 974 549 4821 38 3279
8 1255 4193 5016 6325 3779 5673 4752 4407
8 4725 5170 2915 5594 3687 597 3975 21
8 5947 4180 5022 778 1474 389 5145 1748
8 54 1424 5559 237 4455 2709 6286 3486
8 1358 6472 5978 6171 3444 1040 668 5288
8 3753 2830 4133 4327 4110 1428 5757 3718
8 6038 3382 5481 1777 487 4164 4553 4633
8 3214 2452 3038 5779 1711 6341 1350 2782
8 5487 1609 2288 435 3065 892 3418 1353
8 2328 1618 2790 3682 4239 3101 4023 6473
8 6246 157 4893 1286 3829 5172 3002 3082
8 5742 5712 12 565 5592 5017 1823 3561
8 5981 5545 1586 1570 3970 4833 30 1292
8 2563 2701 4251 1447 2855 373 6300 636
8 1653 1015 3307 414 5427 3206 4059 1438
8 4505 5977 2655 3925 6180 5365 4448 3515
8 6615 3727 3293 1163 1462 5039 2998 5887
8 281 6278 460 6160 3644 2430 2473 6178
8 5441 1430 1977 2631 1366 6077 2204 3986
8 485 2311 3302 4976 803 3460 1497 1736
8 4630 4083 514 5173 3326 2615 2065 3180
8 6604 2666 1242 1175 1520 3888 3248 6658
8 951 1310 1581 1970 4274 6337 858 5024
8 2662 4793 2515 635 6292 6170 6208 5073
8 4124 5853 715 2926 3089 4253 6547 4579
8 5151 6045 3228 1415 6177 1761 2932 862
8 3724 2680 4901 3514 6218 2301 2018 5456
8 3464 5587 1092 6642 1047 5714 2341 4909
8 5572 5394 4804 82 5283 1465 265 2935
8 684 2579 4631 3559 2252 3521 5591 5793
8 3772 1810 3880 2352 3222 3751 4277 726
8 5305 3407 1401 2444 5374 2448 1508 3878
8 151 4719 2222 1610 2165 3070 544 4556
8 2507 5777 3807 2524 5275 5867 2455 321
8 6460 1151 3722 3507 6508 5706 4855 1987
8 5040 1486 2141 6485 3536 5293 3809 2414
8 4534 5176 2319 716 1506 6351 6302 2966
8 2289 3349 4236 3431 1732 1988 3595 4027
8 887 3274 3037 3670 5582 1030 6532 4922
8 6403 3316 3484 5778 1210 2589 3555 313
8 1645 3623 3544 3204 2642 2348 5071 6096
8 1285 2728 712 4325 2181 479 4841 5639
8 207 2672 5773 4637 3018 4614 2317 3699
8 181 6020 1189 4889 6596 3388 4680 5574
8 4409 2727 1412 3759 3128 924 3481 5363
8 5915 1499 3855 3679 3831 3078 6175 145
8 1606 4974 5274 358 5675 1439 5081 5260
8 3277 5950 3123 3941 3125 916 5597 1323
8 2933 5188 2199 3706 5425 2904 3601 2458
8 623 2786 5928 5055 1648 989 2697 5430
8 5897 104 6293 5385 4824 2703 6059 1442
8 968 6258 3781 6122 5878 94 4008 826
8 3261 6474 6387 4403 4674 5507 5813 2798
8 4982 1863 5944 5769 5585 1089 1873 5538
8 804 4254 2377 4870 4387 1550 5177 4826
8 6254 4903 3232 2824 1270 6353 6634 3435
8 110 6527 6030 1388 3850 2876 5060 2523
8 2196 3108 5649 886 3337 4464 1643 3519
8 420 5905 6717 5794 5183 3391 4114 2267
8 359 1679 2693 2770 4275 5954 5336 2413
8 3716 991 6216 3364 3678 5845 946 352
8 2492 4160 1738 2546 2296 918 5003 5983
8 6400 1384 3719 4771 4684 4863 375 3328
8 5931 3370 4735 1979 6449 4038 3817 3121
8 844 153 2219 3189 78 3926 5471 587
8 1713 6072 2291 6150 5010 5514 2860 2378
8 2944 2397 417 644 1994 2208 5202 233
8 2602 1398 2747 3451 5957 5470 2164 4309
8 1710 3142 1690 5435 1265 1427 6469 5610
8 2536 5611 1798 2654 5775 935 6674 4759
8 256 4215 2200 5709 6367 504 6133 376
8 3852 5889 1460 2382 5608 1227 5704 3959
8 1209 1681 1664 410 702 2772 4773 5179
8 3870 3976 4580 2885 2570 2950 6319 4153
8 6534 4458 2593 3714 4701 5951 4039 5208
8 3164 3624 5359 3518 2299 2694 3694 1223
8 4189 2466 6537 3146 4884 4046 769 5580
8 751 5670 1399 1526 4194 2450 5557 476
8 5294 315 1037 611 2175 5561 440 4861
8 517 4645 4294 6312 3378 3947 5052 1545
8 2062 3359 5496 1657 2426 4322 6399 4850
8 4446 1426 5679 4905 4454 5770 848 855
8 5210 3275 1195 5875 2270 1390 1008 2978
8 3813 5437 1532 1946 3104 853 5126 4357
8 1702 208 73 5321 3309 5689 5379 3343
8 5141 4883 1480 4919 5881 5088 2735 5956
8 1724 6336 428 4276 1872 2598 3028 653
8 759 2365 1917 3717 3726 2558 259 3313
8 5080 5837 5652 5634 4441 3541 4367 4986
8 3794 4079 3106 1387 3637 1186 3697 5964
8 2119 3618 2126 2883 1316 1484 5258 3921
8 2847 1620 755 4028 1925 995 5894 6522
8 5621 546 6577 5713 6360 5868 5888 1510
8 2823 3147 6186 245 791 1669 351 11
8 1155 6223 4958 6555 3942 1588 1076 3042
8 3951 4651 2306 6109 274 1107 3055 5961
8 2566 4607 5792 1700 81 3924 6434 3912
8 3566 685 3827 3289 4347 4694 4261 5859
8 5904 4411 3402 4405 1756 5057 3800 4257
8 6016 2275 1065 5107 1993 2833 3416 2168
8 1779 289 4647 2048 5448 895 5974 5266
8 1204 830 1122 1789 4356 4540 3244 6372
8 4989 5328 6236 4439 2930 2027 3783 1044
8 6043 3367 1628 1972 3957 3340 4563 4166
8 31 4169 2541 525 6206 108 1836 3487
8 1116 3963 2543 2768 71 4526 1434 6310
8 4766 4944 6455 241 1048 3357 4933 2649
8 3660 4054 5098 6381 1534 1302 3271 1377
8 1085 5015 2178 1011 1640 811 3216 6620
8 6548 3476 5094 673 1315 5676 2206 3973
8 1503 4915 2820 6414 4896 578 5665 589
8 1504 6056 2969 5420 3715 2094 3047 1826
8 4689 1134 4051 2795 6113 631 1523 4105
8 2278 6199 885 3908 404 1767 2497 5452
8 477 6420 1707 2443 4823 5863 1735 3140
8 4323 6117 6134 3071 4428 2611 1634 5197
8 2082 6631 2989 4033 1127 3253 6684 743
8 5054 16 845 1647 6148 5883 5405 5074
8 1262 5906 527 749 548 3633 111 5193
8 5628 198 4624 5220 5348 4144 4250 1267
8 827 640 4507 3801 5653 973 5196 1319
8 5844 1 5412 821 6407 5788 1456 1671
8 1659 3596 3543 1105 1918 4948 3784 6313
8 2111 4613 3219 2224 3634 2280 6683 4492
8 1660 3414 4481 2613 4159 2363 6304 6298
8 6081 4203 3550 6484 1410 5979 1238 976
8 5659 6087 3332 2251 4342 139 6217 1339
8 1297 2112 4985 3625 1885 393 3305 1568
8 1813 2217 343 5165 1080 3394 6603 6544
8 2064 5189 3111 5320 4834 1001 4562 2914
8 4395 4946 6431 5797 1307 5256 4132 1619
8 5129 3366 3537 5142 5254 2374 3322 6147
8 4232 781 6242 1183 5500 1218 4117 770
8 5 4829 368 5494 2174 3657 5536 4687
8 4876 2705 2424 2234 5522 125 877 3294
8 994 1363 3797 3152 4625 5743 196 3099
8 4213 2943 3144 3321 5101 2636 5152 641
8 1844 4128 1852 1254 2518 4161 5796 4606
8 4758 6185 6495 606 5644 4789 1857 2009
8 4304 1333 6513 6260 5949 2095 3419 2719
8 1699 6285 3325 5089 4839 1131 5602 5903
8 1566 4176 5442 3826 3109 5501 5006 3897
8 202 5137 559 4241 1344 3369 3528 3652
8 3255 5987 496 3453 6499 1749 300 523
8 2137 671 67 3234 5477 262 6598 6659
8 3731 392 630 3040 6057 6357 6119 134
8 2629 4086 5408 1741 849 6509 2459 3547
8 6169 4652 3473 4408 5782 1685 4129 4688
8 2990 2033 2115 5958 3744 5843 703 5084
8 72 5510 5892 6580 2775 590 1677 4068
8 5076 3119 6497 6326 6259 5439 3397 6533
8 232 6271 6025 737 1649 1108 5454 4443
8 1052 42 1308 2588 3558 5131 3665 5279
8 4643 1567 3767 3057 2061 2815 3492 120
8 3587 4768 6680 6344 831 6013 5164 1709
8 758 5708 5161 2596 4539 786 1576 519
8 3130 5467 1330 4755 1829 1376 2427 6468
8 5864 2862 1799 2170 2873 4339 2469 960
8 3907 1014 3446 5426 5410 4743 4942 1621
8 150 3272 4723 4564 3026 5415 5711 1311
8 680 965 3954 840 1165 4499 2660 2816
8 6046 6270 5264 240 3940 4350 4660 530
8 6198 3949 6123 6317 1708 6433 1949 3843
8 1459 5768 3230 3659 864 4764 1173 1406
8 1475 2417 6297 4801 2409 1069 790 144
8 851 3452 748 1271 3062 1158 2560 2800
8 2373 3171 4085 2124 6594 4252 5999 6098
8 6040 3593 2946 1495 2545 1547 5114 4736
8 6521 1678 6668 3403 5184 4173 594 1831
8 6097 2505 148 2849 6049 2 2826 4226
8 2983 282 455 2066 5550 661 1102 4836
8 700 4078 4130 5697 2083 5685 3590 6442
8 4704 5624 4036 1152 6197 5406 5968 4182
8 3638 1257 922 2438 2765 5240 6708 2421
8 915 4227 2871 2670 3708 2704 1528 1819
8 4305 5297 6515 4754 6408 146 1191 2838
8 4279 3266 1911 1055 15 1766 3052 2750
8 2646 1688 326 5702 3999 1103 1236 4957
8 6340 4444 4685 5804 1332 5280 1049 3983
8 5282 740 336 1894 4670 1219 5992 1743
8 177 3434 2472 6536 1272 1560 3636 6303
8 709 4417 2349 2665 4427 467 866 1706
8 1050 211 725 2622 6461 6141 6027 206
8 3207 5077 492 2628 650 3155 6713 3615
8 4792 2334 6295 4908 3730 2416 6301 5725
8 2916 1961 5458 4856 2446 3345 4437 2225
8 929 191 2850 5234 6010 1691 213 1294
8 6388 2441 224 6550 5133 5072 1051 4337
8 785 3937 2917 3884 2106 4899 5877 2233
8 6065 4371 436 3426 6694 3297 396 4414
8 5910 6359 2603 5465 3527 4894 6426 5278
8 2169 6380 5461 4557 285 5747 1289 266
8 2209 5663 4340 4720 6235 505 5546 1720
8 808 3138 2551 5519 4300 452 1351 3387
8 370 3565 5436 1405 5972 2227 5026 4920
8 4514 3262 4192 3187 2273 3702 904 3015
8 6471 5635 2817 516 4080 5731 4591 1078
8 4394 5217 5759 2880 4727 2130 466 2683
8 4271 4640 113 6074 3622 4500 1187 3631
8 4108 4220 3948 4605 907 663 4593 4748
8 3775 1371 4962 2113 1812 3741 5733 6172
8 3549 5899 1348 413 388 4334 6190 2953
8 5774 329 4067 3459 682 6543 3193 1674
8 2565 4662 6368 2797 248 4412 5414 264
8 5941 2437 6183 1083 4377 3606 1375 13
8 3091 5596 4097 798 1206 4797 1728 2158
8 4799 4477 5645 6245 5214 667 1928 4541
8 5952 1493 5090 1324 225 2388 3440 2928
8 472 3194 4886 757 2884 6561 4871 5325
8 5166 620 819 2799 6244 856 3497 3006
8 2086 4587 1783 212 6639 6267 6618 4597
8 3095 2147 1188 2154 6538 1199 665 6290
8 2393 6111 5227 3195 5125 1559 1942 1695
8 880 4665 398 4777 6362 3903 4818 2542
8 4851 2244 3511 2380 772 2509 3798 604
8 2867 878 80 4929 1201 4298 4104 5764
8 5564 1101 3824 1615 3594 2506 5737 5349
8 2465 2852 1106 1097 6447 3179 3720 6239
8 2355 3141 2271 2951 1891 3838 3899 3358
8 1295 4423 768 6104 141 1593 6219 6676
8 2070 3372 6652 2857 2308 1327 3008 220
8 5382 861 6435 3879 288 4508 1627 3312
8 3213 1379 1164 5646 838 1585 462 3632
8 4202 6090 4728 4673 1276 4712 1057 1865
8 4733 2556 6452 4772 3906 1306 1212 1845
8 6318 938 6355 2477 3377 5920 459 5209
8 2881 2774 5801 2434 5000 444 4751 1705
8 3627 3502 5075 2367 1279 1733 197 2955
8 2104 4528 528 5636 1509 534 5945 3758
8 5588 4432 204 850 133 2294 1668 1718
8 4576 6005 5381 1207 2921 4020 6629 1313
8 2965 2891 2385 4378 2418 1539 2318 5703
8 5267 5489 5276 717 1094 5253 3696 6670
8 4006 2445 2845 3157 2220 1087 2490 4286
8 5013 1033 2176 2910 2411 3273 3695 2520
8 1075 1646 3086 1233 2134 3030 962 977
8 5450 1762 6214 380 3749 4369 222 6070
8 4538 3466 699 4123 4410 1060 5584 3469
8 1689 1834 5175 79 2898 2386 5224 1565
8 2298 47 1880 999 800 5419 6677 2567
8 3259 5732 242 4830 4938 4021 3816 2030
8 624 3122 2320 801 2814 6174 4435 4770
8 5178 5886 1577 1144 1717 4224 4872 3239
8 5681 1889 156 4661 2496 3268 3742 1035
8 2648 6207 3512 3785 2864 1071 902 3333
8 3278 250 2777 3475 4885 6255 46 2640
8 2594 6494 3468 3291 4177 3433 4629 6159
8 1220 6275 4044 4803 5194 2329 1054 3958
8 5995 3054 2976 6661 1132 996 6129 3314
8 5734 3352 1232 1113 2972 6675 5850 4934
8 5543 341 6716 2358 1985 1229 5824 493
8 3250 5811 883 6220 2223 569 5600 2779
8 1273 5755 2139 364 6176 854 2643 323
8 1771 210 919 5787 1145 2236 5744 1730
8 3173 4991 3376 947 5225 4858 1869 1126
8 4321 1239 4145 5422 2684 2292 5865 2653
8 2069 2974 4648 3166 316 2961 3760 112
8 1596 1529 4002 91 3074 5353 4888 3610
8 3199 6428 4361 4967 6280 3295 3748 4061
8 1028 461 1905 2725 5631 2439 4999 3132
8 1666 2029 267 1953 4796 2856 424 2342
8 4638 5032 2284 2166 2959 796 3447 457
8 6256 1357 3168 4635 327 5472 4515 3445
8 4892 5329 320 5169 6034 1830 5535 4260
8 724 1198 5434 2947 5916 4478 5021 3029
8 3684 6272 637 603 2516 643 3211 51
8 5816 2442 3181 3905 5738 6651 3258 86
8 2247 2854 5791 6541 5516 4479 5218 1811
8 1403 4852 658 5722 3485 2822 1805 470
8 879 2240 1016 2829 5469 2088 6330 1584
8 1536 6467 4740 3645 6464 6363 5506 6466
8 1843 5096 532 4471 3770 4984 5207 3923
8 1726 1794 4930 4048 1392 5205 1765 4174
8 6028 6454 135 756 5869 2023 5874 1601
8 910 6487 3681 988 4806 6237 3051 4732
8 917 2201 2359 6120 1739 4700 5409 5533
8 180 4440 218 5926 3438 4082 2003 1266
8 1951 4746 980 4231 5346 3491 1261 3223
8 3667 3859 1079 5221 2188 1901 1723 1494
8 3901 6418 4400 2020 3499 2067 5216 1380
8 4521 773 127 3399 3107 4359 244 4112
8 4721 3229 1897 5238 1331 5361 2941 5934
8 5726 4910 5566 5113 5820 340 6370 4019
8 2702 1176 2103 3363 816 6073 2101 1564
8 5199 3454 1485 5291 1245 3871 166 2535
8 2792 1293 4524 1817 1781 1747 3961 2564
8 4559 626 4330 4185 788 3474 384 3361
8 2892 1579 987 2203 6498 119 5729 41
8 1712 5750 3017 6011 1541 718 3044 1959
8 5069 1754 4608 6572 383 5025 1864 6583
8 950 2007 2993 3640 3365 2002 2788 5393
8 6060 3887 6402 6093 1507 4388 6443 5168
8 4571 1768 2587 6024 4399 1853 1797 136
8 1599 5569 304 1225 1919 1143 4968 3691
8 3985 728 4927 3546 4349 4577 4163 3247
8 4352 736 509 782 872 2351 3635 5255
8 4267 4285 230 714 5789 1665 4090 2669
8 1396 1824 3462 1432 5342 6706 194 6592
8 6101 5835 1496 2287 3535 3083 3520 4099
8 3379 2274 4088 6549 2390 2322 4523 4832
8 2093 6570 77 4548 4692 888 2122 1349
8 1878 6647 5641 5366 2476 2467 5666 5563
8 997 6338 5834 2590 727 2090 535 2241
8 3410 660 2303 6398 3599 4697 5250 5583
8 3609 1492 4244 4868 103 3930 2051 6430
8 2118 797 3913 2866 2707 1362 4600 6136
8 3011 3298 6099 6268 2985 3024 4879 5299
8 1517 4287 1208 500 2748 4126 882 2370
8 2135 5215 1278 2462 925 6250 486 5971
8 6162 4977 2761 1786 6542 5525 746 5308
8 5613 1322 4530 1280 6128 1764 6095 1544
8 5552 344 4452 2691 876 4200 5810 4891
8 687 3290 3240 3991 217 1365 2202 884
8 2042 6445 2882 1309 1241 5201 6685 1557
8 3998 4503 5586 328 1121 4601 1356 2004
8 95 4542 4954 2468 5289 6453 6523 979
8 2142 6571 4594 610 107 5589 5595 3616
8 860 3815 1650 6441 2661 4763 4049 1801
8 4299 2021 1879 1682 1009 2584 3120 881
8 4118 1391 3904 1638 3554 5861 1633 2100
8 6395 5997 4386 273 3669 1950 4208 6481
8 3162 1851 5982 1250 5908 203 5086 4900
8 4566 3984 1597 5879 4380 3175 4219 5373
8 4634 2632 4461 6347 2167 164 2084 815
8 4722 3105 701 5551 2754 5790 5337 3160
8 6048 2585 308 3608 6009 1177 903 5763
8 771 4362 1483 2685 3075 5860 4596 2905
8 1991 4344 6501 1455 2503 5313 4511 5539
8 507 4420 6008 402 6069 911 2161 6545
8 3389 3663 6459 1070 4066 642 5252 4134
8 2475 5942 5034 400 2239 3159 367 3172
8 1848 5871 1837 3020 409 4314 3201 3529
8 6273 3094 3771 2711 1561 4761 5001 3895
8 2412 4757 5383 3840 33 5745 3217 3872
8 2001 5554 6602 3577 767 5912 2302 3371
8 6179 2276 721 4610 2811 2085 958 2059
8 115 4875 2980 2647 543 3571 122 1704
8 1600 195 63 1815 3848 1194 1354 4167
8 1727 4198 5762 5058 1663 2716 4686 6288
8 4136 1782 5781 1352 5311 3711 6666 3932
8 1661 1501 3494 933 6635 1216 4456 132
8 1675 1038 6671 6032 5144 295 1479 2997
8 2185 978 3112 829 6458 834 419 2226
8 3725 1450 1490 1654 4911 4209 1181 2447
8 5445 923 5694 6314 4308 4343 2682 5930
8 4724 5048 5508 449 4115 3874 3847 6279
8 129 6366 3703 484 2056 2479 932 6328
8 5840 1874 5191 814 5473 2690 5139 5593
8 1992 3436 1511 3664 1916 6486 914 1835
8 2742 1093 5049 1524 6621 5303 4943 5136
8 1063 5674 2753 5719 2510 2422 5398 5111
8 1543 3280 2186 4029 1468 5066 3198 1802
8 3415 2058 4222 2262 4381 4060 5520 2375
8 5281 942 6591 5573 1898 3943 5996 3841
8 3360 6296 6127 1513 3977 1839 2192 1841
8 1902 418 4296 3790 175 3252 126 4425
8 730 5590 4536 2495 3548 2404 4404 1231
8 1877 4217 6687 3844 4779 6705 3093 309
8 3671 3812 3134 3968 3789 6092 6126 899
8 29 2114 686 1281 4125 1888 2810 3188
8 5195 2248 1551 3282 3115 5756 1870 2325
8 607 1716 577 1611 2025 3348 2107 936
8 1784 229 871 3114 6645 2369 2968 1876
8 2057 2371 4457 5226 867 3096 3788 5985
8 2544 2395 2906 1667 1467 2895 6037 5963
8 4807 1148 3190 1325 3233 6392 2599 1443
8 3081 6266 1081 483 557 3567 3064 4747
8 1489 4210 3449 1893 508 3881 3653 2463
8 1760 5925 2846 6181 1574 6590 2052 5991
8 1124 2193 4366 1488 3124 4698 1613 2238
8 5831 1136 3857 3989 5549 5397 4783 6083
8 4531 2307 2210 5808 5182 2494 3470 374
8 1269 3045 5370 5233 475 4520 898 2834
8 511 3533 337 89 2053 3299 2488 4332
8 2228 720 6626 98 2327 1429 2453 2616
8 6017 5993 2623 524 5669 4560 4360 3545
8 4229 1125 1066 4737 6231 6308 2526 2330
8 3386 3765 5937 489 6556 1750 5468 3084
8 6625 6075 2102 433 2432 4810 68 6051
8 480 580 1850 1651 3296 4341 1043 664
8 6614 3400 4753 2771 2398 1984 6307 257
8 5710 6612 2256 2261 906 4864 4745 3832
8 3150 2372 761 3592 3498 1117 3893 2339
8 6157 4650 3191 5832 4072 4431 4243 692
8 105 3568 6315 1318 2331 5344 5523 1982
8 3043 3825 3288 2692 6243 3373 1818 6390
8 138 2498 5728 780 2973 2580 1914 5575
8 4940 634 2901 4100 5614 3482 5896 593
8 4663 1382 5389 3137 5078 2804 3061 6623
8 1130 3456 3007 4961 2639 1516 4790 3806
8 2982 3524 5123 1725 6444 5480 3990 760
8 5939 1444 2679 1303 3883 2992 6697 1525
8 4363 4158 2243 69 1973 5943 6644 6233
8 4089 4223 6600 5998 4196 1808 60 2832
8 5862 1915 6349 4840 6693 2474 2600 1256
8 3584 399 456 3034 1751 4205 6531 3319
8 6528 1090 4077 5723 3336 5632 4815 5848
8 1059 3368 2076 2739 4288 6457 6228 1169
8 3249 4825 3488 6079 3648 4312 2923 5476
8 4578 1397 649 4918 2264 1745 3965 6320
8 545 5655 5800 576 5041 5134 6321 676
8 2096 446 5857 897 3165 5718 429 2040
8 4554 3493 4484 6253 704 4873 2899 4612
8 3704 2984 617 97 6039 4877 394 5339
8 5492 1521 3597 2379 2708 3693 697 1395
8 1809 4497 2315 6058 1457 5579 4328 4053
8 1197 5806 2789 2272 4765 284 3981 278
8 4470 1590 5391 3185 4849 1277 3898 3425
8 6371 1211 1518 4162 1381 348 1440 2877
8 3509 386 5603 3739 4965 6520 20 116
8 4846 5318 5100 2489 1341 473 5521 1370
8 2934 6588 2721 2431 1027 5390 3692 3936
8 2977 59 893 6089 1892 381 5873 4964
8 2793 1185 941 5314 1337 6106 2663 2310
8 3688 3662 5159 6425 6224 6636 5766 4007
8 2674 4981 2853 6108 1004 1301 3953 4878
8 3392 5695 2253 5449 4268 3442 5298 3210
8 1061 1141 1995 498 408 4003 3510 3979
8 563 741 5605 2548 193 3747 3344 6616
8 970 1283 2712 1502 1476 5854 3612 1234
8 4814 5786 5534 6597 4960 818 3931 689
8 3553 683 3048 5451 3113 3837 3689 2696
8 3036 2194 4155 2555 3424 190 2337 1098
8 1336 744 1533 4658 5122 2979 6530 6638
8 305 5484 5717 5668 5119 2839 1505 4718
8 3009 5014 3496 4621 3642 810 2384 4291
8 3582 4547 4978 765 1980 1347 2607 1990
8 5036 173 2297 2502 1182 1335 1414 4750
8 568 5380 4798 2851 4379 6719 2617 228
8 3611 236 1515 754 5852 3944 2626 2235
8 4619 6397 64 3068 6135 4595 4959 1952
8 4199 3974 6565 4175 4107 541 874 4914
8 1168 3768 4767 5741 2554 4488 3395 6690
8 5272 6546 659 729 215 1934 1454 1364
8 2399 969 4898 3866 4266 1656 3457 5108
8 3591 3890 961 5955 3517 130 465 5486
8 3969 2508 1971 3763 4303 2650 4424 2773
8 3920 5263 3560 5498 1074 2939 4519 3822
8 4744 4582 6715 3885 2686 5070 6153 2313
8 857 4281 5008 3819 3814 2145 1882 1367
8 4809 3458 1855 4941 766 5432 5440 1416
8 2658 3766 5315 3176 412 1737 3356 4035
8 3153 2731 4646 1361 292 2547 1425 331
8 6627 2031 1614 3862 1807 5262 3882 795
8 2314 2698 2087 6389 1274 3276 2759 4971
8 4926 128 4265 4041 84 3439 1838 839
8 4102 3522 5300 900 2254 1184 6316 395
8 2343 44 4170 949 90 3408 2016 1086
8 1740 4401 655 6076 5352 1721 707 2609
8 4780 1605 4336 5760 5192 602 3962 5901
8 4813 3889 4365 1240 4397 423 6323 4537
8 3804 4820 3621 4682 4956 2182 678 1933
7 5396 5753 1247 430 2869 48 2760
7 3864 4584 6608 6281 6164 2929 1842
7 6662 6709 1020 1883 940 4010 3300
7 6503 3927 1957 2034 6622 963 6470
7 3680 575 3690 2844 5228 4374 1583
7 5247 6195 1298 3301 2645 6384 1104
7 4255 5203 3556 4098 4146 4653 6476
7 6277 3351 5429 478 6154 6265 1778
7 4992 6088 5213 2144 3575 4075 3203
7 5064 1531 3154 4071 3226 6569 2265
7 3197 5829 1180 6121 913 5334 1471
7 5965 552 4677 6419 1146 6451 3385
7 5693 2198 5401 540 4769 3820 5548
7 2060 1626 447 779 2825 5658 1632
7 271 4983 723 2927 6619 1064 4574
7 3035 2125 2364 5647 3021 4094 3868
7 1214 1731 161 5691 4788 2044 1684
7 3196 595 891 2478 5537 469 4800
7 5236 6209 4522 632 5047 4844 4838
7 3079 3777 4729 1956 5720 1445 27
7 407 2022 2903 6054 2357 1773 4696
7 2323 1147 3938 1203 5242 1622 5186
7 4679 4216 4171 3534 3016 2741 1552
7 5324 1100 3411 3212 3619 579 4290
7 2988 5341 806 6624 4140 2491 4069
7 162 1776 4207 5530 2956 5785 36
7 3902 365 5290 4623 6589 4465 3420
7 706 971 2572 592 5453 2809 5751
7 5138 4042 2562 6479 3707 5251 4913
7 261 2213 3080 2559 3327 1222 6575
7 2353 2415 5457 4731 4966 6628 3602
7 4122 2449 3793 4657 6158 1320 619
7 6529 3666 6201 1340 5616 3347 2794
7 1719 5355 3676 5924 4854 2785 2013
7 2197 3243 6343 5411 1608 817 5475
7 2091 3046 2583 3542 596 6641 2012
7 1006 6681 5622 2400 1769 5948 5322
7 2767 3136 2529 5185 4785 4598 2841
7 2008 6 2250 4570 2540 1284 2128
7 521 5158 6587 3589 4240 3025 4221
7 2140 4225 6082 3202 625 58 5780
7 61 6003 4091 4924 4882 3467 4438
7 5051 163 6679 5553 87 4390 2435
7 4487 4429 953 252 522 5544 2677
7 1417 3721 2081 2675 5222 6409 990
7 2218 4952 982 2945 23 5306 2676
7 5386 2338 6646 3773 1419 5028 192
7 5004 5612 1091 3338 1966 5529 3375
7 967 6143 825 3656 3833 6263 2354
7 3286 739 2791 2981 1328 1555 2637
7 6052 812 5116 3869 6193 4709 5980
7 4649 1174 5814 3284 3709 6386 2089
7 4384 3735 4172 889 3557 6044 783
7 3331 2730 5682 438 2604 453 1655
7 6094 6155 5223 1672 1803 10 2195
7 4912 4310 4345 3952 787 2014 6167
7 5295 3858 868 6215 1251 5504 3740
7 1986 5684 6369 5150 5633 1045 3311
7 1385 1932 6000 4831 169 5372 4994
7 3463 2191 1556 3129 2340 5019 1788
7 6404 6146 6103 74 5527 784 3149
7 6066 4990 3523 2868 355 832 3053
7 5050 4979 2180 1244 3604 234 3505
7 3915 1491 4368 4518 5304 6611 2525
7 3133 5847 2807 4426 2362 25 3712
7 1446 1230 3393 837 1816 5642 5181
7 5846 6446 6385 2644 694 2835 1790
7 1763 1472 6439 1697 4373 6342 330
7 6230 39 3390 6507 1519 1968 176
